<?xml version="1.0" encoding="UTF-8"?>
<testsuite name="net.corda.samples.tokenizedhouse.FlowTests" tests="2" skipped="0" failures="0" errors="0" timestamp="2022-12-19T21:17:49" hostname="Diogo-PC" time="25.342">
  <properties/>
  <testcase name="houseTokenStateCreation" classname="net.corda.samples.tokenizedhouse.FlowTests" time="21.739"/>
  <testcase name="houseTokenStateIssuance" classname="net.corda.samples.tokenizedhouse.FlowTests" time="3.603"/>
  <system-out><![CDATA[?[37m[INFO] 18:17:52,264 [Test worker] internal.TestCordappImpl. - Generating CorDapp jar from local project in F:\diogo\Documents\Diogo_Programação\2-FungibleToken-Issue-and-Swap\workflows ...
?[m?[37m[INFO] 18:17:52,464 [Connection worker] internal.TestCordappImpl. - Build
?[m?[37m[INFO] 18:17:53,657 [Connection worker] internal.TestCordappImpl. - Connecting to Gradle Daemon
?[m?[37m[INFO] 18:17:53,670 [Connection worker] internal.TestCordappImpl. - Build
?[m?[37m[INFO] 18:17:53,711 [Connection worker] internal.TestCordappImpl. - Run build
?[m?[37m[INFO] 18:17:53,711 [Connection worker] internal.TestCordappImpl. - Evaluate settings
?[m?[37m[INFO] 18:17:53,711 [Connection worker] internal.TestCordappImpl. - Run build
?[m?[37m[INFO] 18:17:53,711 [Connection worker] internal.TestCordappImpl. - Configure build
?[m?[37m[INFO] 18:17:53,711 [Connection worker] internal.TestCordappImpl. - Load projects
?[m?[37m[INFO] 18:17:53,711 [Connection worker] internal.TestCordappImpl. - Configure build
?[m?[37m[INFO] 18:17:53,711 [Connection worker] internal.TestCordappImpl. - Configure project :
?[m?[37m[INFO] 18:17:53,726 [Connection worker] internal.TestCordappImpl. - Resolve dependencies of :classpath
?[m?[37m[INFO] 18:17:53,774 [Connection worker] internal.TestCordappImpl. - Configure project :
?[m?[37m[INFO] 18:17:53,774 [Connection worker] internal.TestCordappImpl. - Resolve files of :classpath
?[m?[37m[INFO] 18:17:53,790 [Connection worker] internal.TestCordappImpl. - Configure project :
?[m?[37m[INFO] 18:17:53,791 [Connection worker] internal.TestCordappImpl. - Resolve files of :classpath
?[m?[37m[INFO] 18:17:53,791 [Connection worker] internal.TestCordappImpl. - Configure project :
?[m?[37m[INFO] 18:17:53,838 [Connection worker] internal.TestCordappImpl. - Configure build
?[m?[37m[INFO] 18:17:53,838 [Connection worker] internal.TestCordappImpl. - Configure project :clients
?[m?[37m[INFO] 18:17:53,838 [Connection worker] internal.TestCordappImpl. - Configure build
?[m?[37m[INFO] 18:17:53,838 [Connection worker] internal.TestCordappImpl. - Configure project :contracts
?[m?[37m[INFO] 18:17:53,854 [Connection worker] internal.TestCordappImpl. - Configure build
?[m?[37m[INFO] 18:17:53,854 [Connection worker] internal.TestCordappImpl. - Configure project :workflows
?[m?[37m[INFO] 18:17:53,854 [Connection worker] internal.TestCordappImpl. - Configure build
?[m?[37m[INFO] 18:17:53,854 [Connection worker] internal.TestCordappImpl. - Run build
?[m?[37m[INFO] 18:17:53,869 [Connection worker] internal.TestCordappImpl. - Run tasks
?[m?[37m[INFO] 18:17:53,884 [Connection worker] internal.TestCordappImpl. - Task :contracts:compileJava
?[m?[37m[INFO] 18:17:53,884 [Connection worker] internal.TestCordappImpl. - Resolve dependencies of :contracts:compileClasspath
?[m?[37m[INFO] 18:17:53,933 [Connection worker] internal.TestCordappImpl. - Task :contracts:compileJava
?[m?[37m[INFO] 18:17:53,933 [Connection worker] internal.TestCordappImpl. - Resolve files of :contracts:compileClasspath
?[m?[37m[INFO] 18:17:53,933 [Connection worker] internal.TestCordappImpl. - Task :contracts:compileJava
?[m?[37m[INFO] 18:17:53,948 [Connection worker] internal.TestCordappImpl. - Resolve dependencies of :contracts:annotationProcessor
?[m?[37m[INFO] 18:17:53,948 [Connection worker] internal.TestCordappImpl. - Task :contracts:compileJava
?[m?[37m[INFO] 18:17:53,948 [Connection worker] internal.TestCordappImpl. - Run tasks
?[m?[37m[INFO] 18:17:53,948 [Connection worker] internal.TestCordappImpl. - Task :contracts:processResources
?[m?[37m[INFO] 18:17:53,948 [Connection worker] internal.TestCordappImpl. - Run tasks
?[m?[37m[INFO] 18:17:53,948 [Connection worker] internal.TestCordappImpl. - Task :contracts:classes
?[m?[37m[INFO] 18:17:53,948 [Connection worker] internal.TestCordappImpl. - Run tasks
?[m?[37m[INFO] 18:17:53,948 [Connection worker] internal.TestCordappImpl. - Task :contracts:configureCordappFatJar
?[m?[37m[INFO] 18:17:53,948 [Connection worker] internal.TestCordappImpl. - Resolve dependencies of :contracts:runtime
?[m?[37m[INFO] 18:17:53,964 [Connection worker] internal.TestCordappImpl. - Task :contracts:configureCordappFatJar
?[m?[37m[INFO] 18:17:53,964 [Connection worker] internal.TestCordappImpl. - Resolve files of :contracts:runtime
?[m?[37m[INFO] 18:17:53,964 [Connection worker] internal.TestCordappImpl. - Task :contracts:configureCordappFatJar
?[m?[37m[INFO] 18:17:53,980 [Connection worker] internal.TestCordappImpl. - Resolve files of :contracts:runtime
?[m?[37m[INFO] 18:17:53,980 [Connection worker] internal.TestCordappImpl. - Task :contracts:configureCordappFatJar
?[m?[37m[INFO] 18:17:53,980 [Connection worker] internal.TestCordappImpl. - Resolve files of :contracts:runtime
?[m?[37m[INFO] 18:17:53,980 [Connection worker] internal.TestCordappImpl. - Task :contracts:configureCordappFatJar
?[m?[37m[INFO] 18:17:53,980 [Connection worker] internal.TestCordappImpl. - Resolve files of :contracts:runtime
?[m?[37m[INFO] 18:17:53,980 [Connection worker] internal.TestCordappImpl. - Task :contracts:configureCordappFatJar
?[m?[37m[INFO] 18:17:53,980 [Connection worker] internal.TestCordappImpl. - Resolve files of :contracts:runtime
?[m?[37m[INFO] 18:17:53,980 [Connection worker] internal.TestCordappImpl. - Task :contracts:configureCordappFatJar
?[m?[37m[INFO] 18:17:53,980 [Connection worker] internal.TestCordappImpl. - Resolve files of :contracts:runtime
?[m?[37m[INFO] 18:17:53,980 [Connection worker] internal.TestCordappImpl. - Task :contracts:configureCordappFatJar
?[m?[37m[INFO] 18:17:53,980 [Connection worker] internal.TestCordappImpl. - Run tasks
?[m?[37m[INFO] 18:17:53,980 [Connection worker] internal.TestCordappImpl. - Task :contracts:jar
?[m?[37m[INFO] 18:17:53,980 [Connection worker] internal.TestCordappImpl. - Run tasks
?[m?[37m[INFO] 18:17:53,980 [Connection worker] internal.TestCordappImpl. - Task :workflows:compileJava
?[m?[37m[INFO] 18:17:53,996 [Connection worker] internal.TestCordappImpl. - Resolve dependencies of :workflows:compileClasspath
?[m?[37m[INFO] 18:17:54,013 [Connection worker] internal.TestCordappImpl. - Task :workflows:compileJava
?[m?[37m[INFO] 18:17:54,013 [Connection worker] internal.TestCordappImpl. - Resolve files of :workflows:compileClasspath
?[m?[37m[INFO] 18:17:54,013 [Connection worker] internal.TestCordappImpl. - Task :workflows:compileJava
?[m?[37m[INFO] 18:17:54,013 [Connection worker] internal.TestCordappImpl. - Resolve dependencies of :workflows:annotationProcessor
?[m?[37m[INFO] 18:17:54,013 [Connection worker] internal.TestCordappImpl. - Task :workflows:compileJava
?[m?[37m[INFO] 18:17:54,028 [Connection worker] internal.TestCordappImpl. - Run tasks
?[m?[37m[INFO] 18:17:54,028 [Connection worker] internal.TestCordappImpl. - Task :workflows:processResources
?[m?[37m[INFO] 18:17:54,028 [Connection worker] internal.TestCordappImpl. - Run tasks
?[m?[37m[INFO] 18:17:54,028 [Connection worker] internal.TestCordappImpl. - Task :workflows:classes
?[m?[37m[INFO] 18:17:54,028 [Connection worker] internal.TestCordappImpl. - Run tasks
?[m?[37m[INFO] 18:17:54,028 [Connection worker] internal.TestCordappImpl. - Task :workflows:configureCordappFatJar
?[m?[37m[INFO] 18:17:54,028 [Connection worker] internal.TestCordappImpl. - Resolve dependencies of :workflows:runtime
?[m?[37m[INFO] 18:17:54,044 [Connection worker] internal.TestCordappImpl. - Task :workflows:configureCordappFatJar
?[m?[37m[INFO] 18:17:54,044 [Connection worker] internal.TestCordappImpl. - Resolve files of :workflows:runtime
?[m?[37m[INFO] 18:17:54,044 [Connection worker] internal.TestCordappImpl. - Task :workflows:configureCordappFatJar
?[m?[37m[INFO] 18:17:54,044 [Connection worker] internal.TestCordappImpl. - Resolve files of :workflows:runtime
?[m?[37m[INFO] 18:17:54,044 [Connection worker] internal.TestCordappImpl. - Task :workflows:configureCordappFatJar
?[m?[37m[INFO] 18:17:54,044 [Connection worker] internal.TestCordappImpl. - Resolve files of :workflows:runtime
?[m?[37m[INFO] 18:17:54,044 [Connection worker] internal.TestCordappImpl. - Task :workflows:configureCordappFatJar
?[m?[37m[INFO] 18:17:54,044 [Connection worker] internal.TestCordappImpl. - Resolve files of :workflows:runtime
?[m?[37m[INFO] 18:17:54,044 [Connection worker] internal.TestCordappImpl. - Task :workflows:configureCordappFatJar
?[m?[37m[INFO] 18:17:54,044 [Connection worker] internal.TestCordappImpl. - Resolve files of :workflows:runtime
?[m?[37m[INFO] 18:17:54,044 [Connection worker] internal.TestCordappImpl. - Task :workflows:configureCordappFatJar
?[m?[37m[INFO] 18:17:54,044 [Connection worker] internal.TestCordappImpl. - Resolve files of :workflows:runtime
?[m?[37m[INFO] 18:17:54,044 [Connection worker] internal.TestCordappImpl. - Task :workflows:configureCordappFatJar
?[m?[37m[INFO] 18:17:54,044 [Connection worker] internal.TestCordappImpl. - Resolve files of :workflows:runtime
?[m?[37m[INFO] 18:17:54,044 [Connection worker] internal.TestCordappImpl. - Task :workflows:configureCordappFatJar
?[m?[37m[INFO] 18:17:54,044 [Connection worker] internal.TestCordappImpl. - Resolve files of :workflows:runtime
?[m?[37m[INFO] 18:17:54,044 [Connection worker] internal.TestCordappImpl. - Task :workflows:configureCordappFatJar
?[m?[37m[INFO] 18:17:54,045 [Connection worker] internal.TestCordappImpl. - Resolve files of :workflows:runtime
?[m?[37m[INFO] 18:17:54,045 [Connection worker] internal.TestCordappImpl. - Task :workflows:configureCordappFatJar
?[m?[37m[INFO] 18:17:54,045 [Connection worker] internal.TestCordappImpl. - Run tasks
?[m?[37m[INFO] 18:17:54,060 [Connection worker] internal.TestCordappImpl. - Task :workflows:jar
?[m?[37m[INFO] 18:17:54,075 [Connection worker] internal.TestCordappImpl. - Run tasks
?[m?[37m[INFO] 18:17:54,075 [Connection worker] internal.TestCordappImpl. - Run build
?[m?[37m[INFO] 18:17:54,075 [Connection worker] internal.TestCordappImpl. - Build model 'java.lang.Void' for project ':workflows'
?[m?[37m[INFO] 18:17:54,075 [Connection worker] internal.TestCordappImpl. - Run build
?[m?[37m[INFO] 18:17:54,076 [Connection worker] internal.TestCordappImpl. - Build
?[m?[37m[INFO] 18:17:54,091 [Connection worker] internal.TestCordappImpl. - Deleting unused version-specific caches in F:\diogo\Documents\Diogo_Programação\2-FungibleToken-Issue-and-Swap\.gradle
?[m?[37m[INFO] 18:17:54,091 [Connection worker] internal.TestCordappImpl. - Build
?[m?[37m[INFO] 18:17:54,119 [Connection worker] internal.TestCordappImpl. - 
?[m?[37m[INFO] 18:17:58,500 [Test worker] cordapp.JarScanningCordappLoader. - Looking for CorDapps in [build\mock-network\20221219-211751.144-77960ADE5643869C\nodes\0\cordapps]
?[m?[37m[INFO] 18:17:58,508 [Test worker] cordapp.JarScanningCordappLoader. - Loading CorDapps from RestrictedURL(url=file:/F:/diogo/Documents/Diogo_Programação/2-FungibleToken-Issue-and-Swap/workflows/build/mock-network/20221219-211751.144-77960ADE5643869C/nodes/0/cordapps/contracts-1.0.jar, rootPackageName=null), RestrictedURL(url=file:/F:/diogo/Documents/Diogo_Programação/2-FungibleToken-Issue-and-Swap/workflows/build/mock-network/20221219-211751.144-77960ADE5643869C/nodes/0/cordapps/tokens-contracts-1.2.jar, rootPackageName=null), RestrictedURL(url=file:/F:/diogo/Documents/Diogo_Programação/2-FungibleToken-Issue-and-Swap/workflows/build/mock-network/20221219-211751.144-77960ADE5643869C/nodes/0/cordapps/tokens-workflows-1.2.jar, rootPackageName=null), RestrictedURL(url=file:/F:/diogo/Documents/Diogo_Programação/2-FungibleToken-Issue-and-Swap/workflows/build/mock-network/20221219-211751.144-77960ADE5643869C/nodes/0/cordapps/workflows-1.0.jar, rootPackageName=null)
?[m?[37m[INFO] 18:17:58,518 [Test worker] cordapp.JarScanningCordappLoader. - Scanning CorDapp in file:/F:/diogo/Documents/Diogo_Programação/2-FungibleToken-Issue-and-Swap/workflows/build/mock-network/20221219-211751.144-77960ADE5643869C/nodes/0/cordapps/contracts-1.0.jar
?[m?[37m[INFO] 18:17:58,670 [Test worker] cordapp.JarScanningCordappLoader. - Scanning CorDapp in file:/F:/diogo/Documents/Diogo_Programação/2-FungibleToken-Issue-and-Swap/workflows/build/mock-network/20221219-211751.144-77960ADE5643869C/nodes/0/cordapps/tokens-contracts-1.2.jar
?[m?[37m[INFO] 18:17:58,742 [Test worker] cordapp.JarScanningCordappLoader. - Scanning CorDapp in file:/F:/diogo/Documents/Diogo_Programação/2-FungibleToken-Issue-and-Swap/workflows/build/mock-network/20221219-211751.144-77960ADE5643869C/nodes/0/cordapps/tokens-workflows-1.2.jar
?[m?[37m[INFO] 18:17:58,925 [Test worker] cordapp.JarScanningCordappLoader. - Scanning CorDapp in file:/F:/diogo/Documents/Diogo_Programação/2-FungibleToken-Issue-and-Swap/workflows/build/mock-network/20221219-211751.144-77960ADE5643869C/nodes/0/cordapps/workflows-1.0.jar
?[m?[37m[INFO] 18:17:59,925 [Test worker] internal.InternalMockNetwork$MockNode. - MessagingService active change to: false
?[m?[37m[INFO] 18:18:00,120 [Test worker] internal.InternalMockNetwork$MockNode. - Flow external operation executor has a max of 2 threads
?[m?[37m[INFO] 18:18:00,179 [Test worker] internal.InternalMockNetwork$MockNode. - Node starting up ...
?[m?[37m[INFO] 18:18:00,203 [Test worker] internal.KeyStoreHandler. - Loaded trusted root certificate: DL7fwxLm5xbiMD8adUuYTsPZHAict46Ng4w6RNcySt5vAw, alias: cordarootca
?[m?[37m[INFO] 18:18:00,207 [Test worker] internal.KeyStoreHandler. - Loaded node identity key: DL7tvVdTBo72yu2Ag9nUvt6vGTDEckaD1ptq2of1rZ6vCg, alias: identity-private-key
?[m?[37m[INFO] 18:18:00,293 [Test worker] internal.NodeFlowManager. - Registered com.r3.corda.lib.tokens.workflows.flows.rpc.ConfidentialIssueTokens to initiate com.r3.corda.lib.tokens.workflows.flows.rpc.ConfidentialIssueTokensHandler (version 1)
?[m?[37m[INFO] 18:18:00,293 [Test worker] internal.NodeFlowManager. - Registered com.r3.corda.lib.tokens.workflows.flows.rpc.ConfidentialMoveFungibleTokens to initiate com.r3.corda.lib.tokens.workflows.flows.rpc.ConfidentialMoveFungibleTokensHandler (version 1)
?[m?[37m[INFO] 18:18:00,293 [Test worker] internal.NodeFlowManager. - Registered com.r3.corda.lib.tokens.workflows.flows.rpc.ConfidentialMoveNonFungibleTokens to initiate com.r3.corda.lib.tokens.workflows.flows.rpc.ConfidentialMoveNonFungibleTokensHandler (version 1)
?[m?[37m[INFO] 18:18:00,294 [Test worker] internal.NodeFlowManager. - Registered com.r3.corda.lib.tokens.workflows.flows.rpc.ConfidentialRedeemFungibleTokens to initiate com.r3.corda.lib.tokens.workflows.flows.rpc.ConfidentialRedeemFungibleTokensHandler (version 1)
?[m?[37m[INFO] 18:18:00,294 [Test worker] internal.NodeFlowManager. - Registered com.r3.corda.lib.tokens.workflows.flows.rpc.CreateEvolvableTokens to initiate com.r3.corda.lib.tokens.workflows.flows.rpc.CreateEvolvableTokensHandler (version 1)
?[m?[37m[INFO] 18:18:00,294 [Test worker] internal.NodeFlowManager. - Registered com.r3.corda.lib.tokens.workflows.flows.rpc.IssueTokens to initiate com.r3.corda.lib.tokens.workflows.flows.rpc.IssueTokensHandler (version 1)
?[m?[37m[INFO] 18:18:00,295 [Test worker] internal.NodeFlowManager. - Registered com.r3.corda.lib.tokens.workflows.flows.rpc.MoveFungibleTokens to initiate com.r3.corda.lib.tokens.workflows.flows.rpc.MoveFungibleTokensHandler (version 1)
?[m?[37m[INFO] 18:18:00,295 [Test worker] internal.NodeFlowManager. - Registered com.r3.corda.lib.tokens.workflows.flows.rpc.MoveNonFungibleTokens to initiate com.r3.corda.lib.tokens.workflows.flows.rpc.MoveNonFungibleTokensHandler (version 1)
?[m?[37m[INFO] 18:18:00,295 [Test worker] internal.NodeFlowManager. - Registered com.r3.corda.lib.tokens.workflows.flows.rpc.RedeemFungibleTokens to initiate com.r3.corda.lib.tokens.workflows.flows.rpc.RedeemFungibleTokensHandler (version 1)
?[m?[37m[INFO] 18:18:00,295 [Test worker] internal.NodeFlowManager. - Registered com.r3.corda.lib.tokens.workflows.flows.rpc.RedeemNonFungibleTokens to initiate com.r3.corda.lib.tokens.workflows.flows.rpc.RedeemNonFungibleTokensHandler (version 1)
?[m?[37m[INFO] 18:18:00,296 [Test worker] internal.NodeFlowManager. - Registered com.r3.corda.lib.tokens.workflows.flows.rpc.UpdateEvolvableToken to initiate com.r3.corda.lib.tokens.workflows.flows.rpc.UpdateEvolvableTokenHandler (version 1)
?[m?[37m[INFO] 18:18:00,296 [Test worker] internal.NodeFlowManager. - Registered com.r3.corda.lib.tokens.workflows.internal.flows.distribution.RequestAdditionToDistributionList$Initiator to initiate com.r3.corda.lib.tokens.workflows.internal.flows.distribution.RequestAdditionToDistributionList$Responder (version 1)
?[m?[37m[INFO] 18:18:00,296 [Test worker] internal.NodeFlowManager. - Registered com.r3.corda.lib.tokens.workflows.internal.flows.distribution.UpdateDistributionListFlow to initiate com.r3.corda.lib.tokens.workflows.internal.flows.distribution.UpdateDistributionListFlowHandler (version 1)
?[m?[37m[INFO] 18:18:00,316 [Test worker] internal.NodeFlowManager. - Registered com.r3.corda.lib.tokens.workflows.internal.testflows.DvPFlow to initiate com.r3.corda.lib.tokens.workflows.internal.testflows.DvPFlowHandler (version 1)
?[m?[37m[INFO] 18:18:00,316 [Test worker] internal.NodeFlowManager. - Registered net.corda.samples.tokenizedhouse.flows.RealEstateEvolvableFungibleTokenFlow$MoveHouseTokenFlow to initiate net.corda.samples.tokenizedhouse.flows.RealEstateEvolvableFungibleTokenFlow$MoveEvolvableFungibleTokenFlowResponder (version 1)
?[m?[37m[INFO] 18:18:00,380 [Test worker] internal.InternalMockNetwork$MockNode. - Loaded network parameters: NetworkParameters {
      minimumPlatformVersion=4
      notaries=[NotaryInfo(identity=O=Notary, L=London, C=GB, validating=true)]
      maxMessageSize=10485760
      maxTransactionSize=52428800
      whitelistedContractImplementations {
        
      }
      eventHorizon=PT51539607528H
      packageOwnership {
        
      }
      modifiedTime=2022-12-19T21:17:49.107Z
      epoch=1
  }
?[m?[37m[INFO] 18:18:00,429 [Test worker] hikari.HikariDataSource. - HikariPool-1 - Starting...
?[m?[37m[INFO] 18:18:01,060 [Test worker] hikari.HikariDataSource. - HikariPool-1 - Start completed.
?[m?[37m[INFO] 18:18:03,735 [Test worker] jvm.JdbcExecutor. - SELECT MD5SUM FROM PUBLIC.DATABASECHANGELOG WHERE MD5SUM IS NOT NULL
?[m?[37m[INFO] 18:18:03,737 [Test worker] jvm.JdbcExecutor. - SELECT COUNT(*) FROM PUBLIC.DATABASECHANGELOG
?[m?[37m[INFO] 18:18:03,737 [Test worker] changelog.StandardChangeLogHistoryService. - Reading from PUBLIC.DATABASECHANGELOG
?[m?[37m[INFO] 18:18:03,737 [Test worker] jvm.JdbcExecutor. - SELECT * FROM PUBLIC.DATABASECHANGELOG ORDER BY DATEEXECUTED ASC, ORDEREXECUTED ASC
?[m?[37m[INFO] 18:18:03,744 [Test worker] jvm.JdbcExecutor. - SELECT COUNT(*) FROM PUBLIC.DATABASECHANGELOGLOCK
?[m?[37m[INFO] 18:18:03,744 [Test worker] jvm.JdbcExecutor. - SELECT COUNT(*) FROM PUBLIC.DATABASECHANGELOGLOCK
?[m?[37m[INFO] 18:18:03,778 [Test worker] visitor.ValidatingVisitor. - Skipping change set migration/vault-schema.changelog-v13.xml::vault_transaction_id_size_non-clustered_pk-1::R3.Corda due to validation error(s): clustered is not allowed on h2 {changeSet=migration/vault-schema.changelog-v13.xml::vault_transaction_id_size_non-clustered_pk-1::R3.Corda, databaseChangeLog=master.changelog.json}
?[m?[37m[INFO] 18:18:03,778 [Test worker] visitor.ValidatingVisitor. - Skipping change set migration/vault-schema.changelog-v13.xml::vault_transaction_id_size_non-clustered_pk-2::R3.Corda due to validation error(s): clustered is not allowed on h2 {changeSet=migration/vault-schema.changelog-v13.xml::vault_transaction_id_size_non-clustered_pk-2::R3.Corda, databaseChangeLog=master.changelog.json}
?[m?[37m[INFO] 18:18:03,779 [Test worker] visitor.ValidatingVisitor. - Skipping change set migration/vault-schema.changelog-v13.xml::vault_transaction_id_size_non-clustered_pk-3::R3.Corda due to validation error(s): clustered is not allowed on h2 {changeSet=migration/vault-schema.changelog-v13.xml::vault_transaction_id_size_non-clustered_pk-3::R3.Corda, databaseChangeLog=master.changelog.json}
?[m?[37m[INFO] 18:18:03,807 [Test worker] visitor.ValidatingVisitor. - Skipping change set migration/node-core.changelog-v21.xml::node_transaction_id_size_non-clustered_pk::R3.Corda due to validation error(s): clustered is not allowed on h2 {changeSet=migration/node-core.changelog-v21.xml::node_transaction_id_size_non-clustered_pk::R3.Corda, databaseChangeLog=master.changelog.json}
?[m?[37m[INFO] 18:18:03,810 [Test worker] visitor.ValidatingVisitor. - Skipping change set migration/node-notary.changelog-pkey.xml::non-clustered_pk-notary_state::R3.Corda due to validation error(s): clustered is not allowed on h2 {changeSet=migration/node-notary.changelog-pkey.xml::non-clustered_pk-notary_state::R3.Corda, databaseChangeLog=master.changelog.json}
?[m?[37m[INFO] 18:18:03,814 [Test worker] visitor.ValidatingVisitor. - Skipping change set migration/node-notary.changelog-v4.xml::node_notary_transaction_id_size-non-clustered_pk::R3.Corda due to validation error(s): clustered is not allowed on h2 {changeSet=migration/node-notary.changelog-v4.xml::node_notary_transaction_id_size-non-clustered_pk::R3.Corda, databaseChangeLog=master.changelog.json}
?[m?[37m[INFO] 18:18:03,816 [Test worker] jvm.JdbcExecutor. - SELECT LOCKED FROM PUBLIC.DATABASECHANGELOGLOCK WHERE ID=1
?[m?[37m[INFO] 18:18:03,823 [Test worker] lockservice.StandardLockService. - Successfully acquired change log lock
?[m?[37m[INFO] 18:18:03,824 [Test worker] visitor.ValidatingVisitor. - Skipping change set migration/vault-schema.changelog-v13.xml::vault_transaction_id_size_non-clustered_pk-1::R3.Corda due to validation error(s): clustered is not allowed on h2 {changeSet=migration/vault-schema.changelog-v13.xml::vault_transaction_id_size_non-clustered_pk-1::R3.Corda, databaseChangeLog=master.changelog.json}
?[m?[37m[INFO] 18:18:03,824 [Test worker] visitor.ValidatingVisitor. - Skipping change set migration/vault-schema.changelog-v13.xml::vault_transaction_id_size_non-clustered_pk-2::R3.Corda due to validation error(s): clustered is not allowed on h2 {changeSet=migration/vault-schema.changelog-v13.xml::vault_transaction_id_size_non-clustered_pk-2::R3.Corda, databaseChangeLog=master.changelog.json}
?[m?[37m[INFO] 18:18:03,825 [Test worker] visitor.ValidatingVisitor. - Skipping change set migration/vault-schema.changelog-v13.xml::vault_transaction_id_size_non-clustered_pk-3::R3.Corda due to validation error(s): clustered is not allowed on h2 {changeSet=migration/vault-schema.changelog-v13.xml::vault_transaction_id_size_non-clustered_pk-3::R3.Corda, databaseChangeLog=master.changelog.json}
?[m?[37m[INFO] 18:18:03,835 [Test worker] visitor.ValidatingVisitor. - Skipping change set migration/node-core.changelog-v21.xml::node_transaction_id_size_non-clustered_pk::R3.Corda due to validation error(s): clustered is not allowed on h2 {changeSet=migration/node-core.changelog-v21.xml::node_transaction_id_size_non-clustered_pk::R3.Corda, databaseChangeLog=master.changelog.json}
?[m?[37m[INFO] 18:18:03,836 [Test worker] visitor.ValidatingVisitor. - Skipping change set migration/node-notary.changelog-pkey.xml::non-clustered_pk-notary_state::R3.Corda due to validation error(s): clustered is not allowed on h2 {changeSet=migration/node-notary.changelog-pkey.xml::non-clustered_pk-notary_state::R3.Corda, databaseChangeLog=master.changelog.json}
?[m?[37m[INFO] 18:18:03,837 [Test worker] visitor.ValidatingVisitor. - Skipping change set migration/node-notary.changelog-v4.xml::node_notary_transaction_id_size-non-clustered_pk::R3.Corda due to validation error(s): clustered is not allowed on h2 {changeSet=migration/node-notary.changelog-v4.xml::node_notary_transaction_id_size-non-clustered_pk::R3.Corda, databaseChangeLog=master.changelog.json}
?[m?[37m[INFO] 18:18:03,838 [Test worker] jvm.JdbcExecutor. - DROP VIEW PUBLIC.v_pkey_hash_ex_id_map {changeSet=migration/vault-schema.changelog-v13.xml::vault_transaction_id_size::R3.Corda, databaseChangeLog=master.changelog.json}
?[m?[37m[INFO] 18:18:03,842 [Test worker] changelog.ChangeSet. - View v_pkey_hash_ex_id_map dropped {changeSet=migration/vault-schema.changelog-v13.xml::vault_transaction_id_size::R3.Corda, databaseChangeLog=master.changelog.json}
?[m?[37m[INFO] 18:18:03,843 [Test worker] jvm.JdbcExecutor. - ALTER TABLE PUBLIC.vault_fungible_states_parts DROP CONSTRAINT FK__fung_st_parts__fung_st {changeSet=migration/vault-schema.changelog-v13.xml::vault_transaction_id_size::R3.Corda, databaseChangeLog=master.changelog.json}
?[m?[37m[INFO] 18:18:03,844 [Test worker] changelog.ChangeSet. - Foreign key FK__fung_st_parts__fung_st dropped {changeSet=migration/vault-schema.changelog-v13.xml::vault_transaction_id_size::R3.Corda, databaseChangeLog=master.changelog.json}
?[m?[37m[INFO] 18:18:03,844 [Test worker] jvm.JdbcExecutor. - ALTER TABLE PUBLIC.vault_linear_states_parts DROP CONSTRAINT FK__lin_stat_parts__lin_stat {changeSet=migration/vault-schema.changelog-v13.xml::vault_transaction_id_size::R3.Corda, databaseChangeLog=master.changelog.json}
?[m?[37m[INFO] 18:18:03,845 [Test worker] changelog.ChangeSet. - Foreign key FK__lin_stat_parts__lin_stat dropped {changeSet=migration/vault-schema.changelog-v13.xml::vault_transaction_id_size::R3.Corda, databaseChangeLog=master.changelog.json}
?[m?[37m[INFO] 18:18:03,846 [Test worker] jvm.JdbcExecutor. - ALTER TABLE PUBLIC.vault_fungible_states DROP PRIMARY KEY {changeSet=migration/vault-schema.changelog-v13.xml::vault_transaction_id_size::R3.Corda, databaseChangeLog=master.changelog.json}
?[m?[37m[INFO] 18:18:03,849 [Test worker] changelog.ChangeSet. - Primary key dropped from vault_fungible_states {changeSet=migration/vault-schema.changelog-v13.xml::vault_transaction_id_size::R3.Corda, databaseChangeLog=master.changelog.json}
?[m?[37m[INFO] 18:18:03,849 [Test worker] jvm.JdbcExecutor. - ALTER TABLE PUBLIC.vault_linear_states DROP PRIMARY KEY {changeSet=migration/vault-schema.changelog-v13.xml::vault_transaction_id_size::R3.Corda, databaseChangeLog=master.changelog.json}
?[m?[37m[INFO] 18:18:03,850 [Test worker] changelog.ChangeSet. - Primary key dropped from vault_linear_states {changeSet=migration/vault-schema.changelog-v13.xml::vault_transaction_id_size::R3.Corda, databaseChangeLog=master.changelog.json}
?[m?[37m[INFO] 18:18:03,851 [Test worker] jvm.JdbcExecutor. - ALTER TABLE PUBLIC.vault_states DROP PRIMARY KEY {changeSet=migration/vault-schema.changelog-v13.xml::vault_transaction_id_size::R3.Corda, databaseChangeLog=master.changelog.json}
?[m?[37m[INFO] 18:18:03,853 [Test worker] changelog.ChangeSet. - Primary key dropped from vault_states {changeSet=migration/vault-schema.changelog-v13.xml::vault_transaction_id_size::R3.Corda, databaseChangeLog=master.changelog.json}
?[m?[37m[INFO] 18:18:03,853 [Test worker] jvm.JdbcExecutor. - DROP INDEX PUBLIC.transaction_id_index {changeSet=migration/vault-schema.changelog-v13.xml::vault_transaction_id_size::R3.Corda, databaseChangeLog=master.changelog.json}
?[m?[37m[INFO] 18:18:03,855 [Test worker] changelog.ChangeSet. - Index transaction_id_index dropped from table vault_transaction_notes {changeSet=migration/vault-schema.changelog-v13.xml::vault_transaction_id_size::R3.Corda, databaseChangeLog=master.changelog.json}
?[m?[37m[INFO] 18:18:03,855 [Test worker] jvm.JdbcExecutor. - ALTER TABLE PUBLIC.vault_fungible_states ALTER COLUMN transaction_id SET NULL {changeSet=migration/vault-schema.changelog-v13.xml::vault_transaction_id_size::R3.Corda, databaseChangeLog=master.changelog.json}
?[m?[37m[INFO] 18:18:03,856 [Test worker] changelog.ChangeSet. - Null constraint dropped from vault_fungible_states.transaction_id {changeSet=migration/vault-schema.changelog-v13.xml::vault_transaction_id_size::R3.Corda, databaseChangeLog=master.changelog.json}
?[m?[37m[INFO] 18:18:03,856 [Test worker] jvm.JdbcExecutor. - ALTER TABLE PUBLIC.vault_fungible_states_parts ALTER COLUMN transaction_id SET NULL {changeSet=migration/vault-schema.changelog-v13.xml::vault_transaction_id_size::R3.Corda, databaseChangeLog=master.changelog.json}
?[m?[37m[INFO] 18:18:03,857 [Test worker] changelog.ChangeSet. - Null constraint dropped from vault_fungible_states_parts.transaction_id {changeSet=migration/vault-schema.changelog-v13.xml::vault_transaction_id_size::R3.Corda, databaseChangeLog=master.changelog.json}
?[m?[37m[INFO] 18:18:03,857 [Test worker] jvm.JdbcExecutor. - ALTER TABLE PUBLIC.vault_linear_states ALTER COLUMN transaction_id SET NULL {changeSet=migration/vault-schema.changelog-v13.xml::vault_transaction_id_size::R3.Corda, databaseChangeLog=master.changelog.json}
?[m?[37m[INFO] 18:18:03,857 [Test worker] changelog.ChangeSet. - Null constraint dropped from vault_linear_states.transaction_id {changeSet=migration/vault-schema.changelog-v13.xml::vault_transaction_id_size::R3.Corda, databaseChangeLog=master.changelog.json}
?[m?[37m[INFO] 18:18:03,858 [Test worker] jvm.JdbcExecutor. - ALTER TABLE PUBLIC.vault_linear_states_parts ALTER COLUMN transaction_id SET NULL {changeSet=migration/vault-schema.changelog-v13.xml::vault_transaction_id_size::R3.Corda, databaseChangeLog=master.changelog.json}
?[m?[37m[INFO] 18:18:03,858 [Test worker] changelog.ChangeSet. - Null constraint dropped from vault_linear_states_parts.transaction_id {changeSet=migration/vault-schema.changelog-v13.xml::vault_transaction_id_size::R3.Corda, databaseChangeLog=master.changelog.json}
?[m?[37m[INFO] 18:18:03,858 [Test worker] jvm.JdbcExecutor. - ALTER TABLE PUBLIC.vault_states ALTER COLUMN transaction_id SET NULL {changeSet=migration/vault-schema.changelog-v13.xml::vault_transaction_id_size::R3.Corda, databaseChangeLog=master.changelog.json}
?[m?[37m[INFO] 18:18:03,859 [Test worker] changelog.ChangeSet. - Null constraint dropped from vault_states.transaction_id {changeSet=migration/vault-schema.changelog-v13.xml::vault_transaction_id_size::R3.Corda, databaseChangeLog=master.changelog.json}
?[m?[37m[INFO] 18:18:03,859 [Test worker] jvm.JdbcExecutor. - ALTER TABLE PUBLIC.vault_fungible_states ALTER COLUMN transaction_id NVARCHAR(144) {changeSet=migration/vault-schema.changelog-v13.xml::vault_transaction_id_size::R3.Corda, databaseChangeLog=master.changelog.json}
?[m?[37m[INFO] 18:18:03,863 [Test worker] changelog.ChangeSet. - vault_fungible_states.transaction_id datatype was changed to NVARCHAR(144) {changeSet=migration/vault-schema.changelog-v13.xml::vault_transaction_id_size::R3.Corda, databaseChangeLog=master.changelog.json}
?[m?[37m[INFO] 18:18:03,864 [Test worker] jvm.JdbcExecutor. - ALTER TABLE PUBLIC.vault_fungible_states_parts ALTER COLUMN transaction_id NVARCHAR(144) {changeSet=migration/vault-schema.changelog-v13.xml::vault_transaction_id_size::R3.Corda, databaseChangeLog=master.changelog.json}
?[m?[37m[INFO] 18:18:03,867 [Test worker] changelog.ChangeSet. - vault_fungible_states_parts.transaction_id datatype was changed to NVARCHAR(144) {changeSet=migration/vault-schema.changelog-v13.xml::vault_transaction_id_size::R3.Corda, databaseChangeLog=master.changelog.json}
?[m?[37m[INFO] 18:18:03,867 [Test worker] jvm.JdbcExecutor. - ALTER TABLE PUBLIC.vault_linear_states ALTER COLUMN transaction_id NVARCHAR(144) {changeSet=migration/vault-schema.changelog-v13.xml::vault_transaction_id_size::R3.Corda, databaseChangeLog=master.changelog.json}
?[m?[37m[INFO] 18:18:03,875 [Test worker] changelog.ChangeSet. - vault_linear_states.transaction_id datatype was changed to NVARCHAR(144) {changeSet=migration/vault-schema.changelog-v13.xml::vault_transaction_id_size::R3.Corda, databaseChangeLog=master.changelog.json}
?[m?[37m[INFO] 18:18:03,875 [Test worker] jvm.JdbcExecutor. - ALTER TABLE PUBLIC.vault_linear_states_parts ALTER COLUMN transaction_id NVARCHAR(144) {changeSet=migration/vault-schema.changelog-v13.xml::vault_transaction_id_size::R3.Corda, databaseChangeLog=master.changelog.json}
?[m?[37m[INFO] 18:18:03,878 [Test worker] changelog.ChangeSet. - vault_linear_states_parts.transaction_id datatype was changed to NVARCHAR(144) {changeSet=migration/vault-schema.changelog-v13.xml::vault_transaction_id_size::R3.Corda, databaseChangeLog=master.changelog.json}
?[m?[37m[INFO] 18:18:03,878 [Test worker] jvm.JdbcExecutor. - ALTER TABLE PUBLIC.vault_states ALTER COLUMN transaction_id NVARCHAR(144) {changeSet=migration/vault-schema.changelog-v13.xml::vault_transaction_id_size::R3.Corda, databaseChangeLog=master.changelog.json}
?[m?[37m[INFO] 18:18:03,883 [Test worker] changelog.ChangeSet. - vault_states.transaction_id datatype was changed to NVARCHAR(144) {changeSet=migration/vault-schema.changelog-v13.xml::vault_transaction_id_size::R3.Corda, databaseChangeLog=master.changelog.json}
?[m?[37m[INFO] 18:18:03,883 [Test worker] jvm.JdbcExecutor. - ALTER TABLE PUBLIC.vault_transaction_notes ALTER COLUMN transaction_id NVARCHAR(144) {changeSet=migration/vault-schema.changelog-v13.xml::vault_transaction_id_size::R3.Corda, databaseChangeLog=master.changelog.json}
?[m?[37m[INFO] 18:18:03,887 [Test worker] changelog.ChangeSet. - vault_transaction_notes.transaction_id datatype was changed to NVARCHAR(144) {changeSet=migration/vault-schema.changelog-v13.xml::vault_transaction_id_size::R3.Corda, databaseChangeLog=master.changelog.json}
?[m?[37m[INFO] 18:18:03,887 [Test worker] jvm.JdbcExecutor. - ALTER TABLE PUBLIC.state_party ALTER COLUMN transaction_id NVARCHAR(144) {changeSet=migration/vault-schema.changelog-v13.xml::vault_transaction_id_size::R3.Corda, databaseChangeLog=master.changelog.json}
?[m?[37m[INFO] 18:18:03,892 [Test worker] changelog.ChangeSet. - state_party.transaction_id datatype was changed to NVARCHAR(144) {changeSet=migration/vault-schema.changelog-v13.xml::vault_transaction_id_size::R3.Corda, databaseChangeLog=master.changelog.json}
?[m?[37m[INFO] 18:18:03,892 [Test worker] jvm.JdbcExecutor. - ALTER TABLE PUBLIC.vault_fungible_states ALTER COLUMN transaction_id SET NOT NULL {changeSet=migration/vault-schema.changelog-v13.xml::vault_transaction_id_size::R3.Corda, databaseChangeLog=master.changelog.json}
?[m?[37m[INFO] 18:18:03,901 [Test worker] changelog.ChangeSet. - NOT NULL constraint has been added to vault_fungible_states.transaction_id {changeSet=migration/vault-schema.changelog-v13.xml::vault_transaction_id_size::R3.Corda, databaseChangeLog=master.changelog.json}
?[m?[37m[INFO] 18:18:03,901 [Test worker] jvm.JdbcExecutor. - ALTER TABLE PUBLIC.vault_fungible_states_parts ALTER COLUMN transaction_id SET NOT NULL {changeSet=migration/vault-schema.changelog-v13.xml::vault_transaction_id_size::R3.Corda, databaseChangeLog=master.changelog.json}
?[m?[37m[INFO] 18:18:03,902 [Test worker] changelog.ChangeSet. - NOT NULL constraint has been added to vault_fungible_states_parts.transaction_id {changeSet=migration/vault-schema.changelog-v13.xml::vault_transaction_id_size::R3.Corda, databaseChangeLog=master.changelog.json}
?[m?[37m[INFO] 18:18:03,902 [Test worker] jvm.JdbcExecutor. - ALTER TABLE PUBLIC.vault_linear_states ALTER COLUMN transaction_id SET NOT NULL {changeSet=migration/vault-schema.changelog-v13.xml::vault_transaction_id_size::R3.Corda, databaseChangeLog=master.changelog.json}
?[m?[37m[INFO] 18:18:03,903 [Test worker] changelog.ChangeSet. - NOT NULL constraint has been added to vault_linear_states.transaction_id {changeSet=migration/vault-schema.changelog-v13.xml::vault_transaction_id_size::R3.Corda, databaseChangeLog=master.changelog.json}
?[m?[37m[INFO] 18:18:03,903 [Test worker] jvm.JdbcExecutor. - ALTER TABLE PUBLIC.vault_linear_states_parts ALTER COLUMN transaction_id SET NOT NULL {changeSet=migration/vault-schema.changelog-v13.xml::vault_transaction_id_size::R3.Corda, databaseChangeLog=master.changelog.json}
?[m?[37m[INFO] 18:18:03,903 [Test worker] changelog.ChangeSet. - NOT NULL constraint has been added to vault_linear_states_parts.transaction_id {changeSet=migration/vault-schema.changelog-v13.xml::vault_transaction_id_size::R3.Corda, databaseChangeLog=master.changelog.json}
?[m?[37m[INFO] 18:18:03,903 [Test worker] jvm.JdbcExecutor. - ALTER TABLE PUBLIC.vault_states ALTER COLUMN transaction_id SET NOT NULL {changeSet=migration/vault-schema.changelog-v13.xml::vault_transaction_id_size::R3.Corda, databaseChangeLog=master.changelog.json}
?[m?[37m[INFO] 18:18:03,904 [Test worker] changelog.ChangeSet. - NOT NULL constraint has been added to vault_states.transaction_id {changeSet=migration/vault-schema.changelog-v13.xml::vault_transaction_id_size::R3.Corda, databaseChangeLog=master.changelog.json}
?[m?[37m[INFO] 18:18:03,904 [Test worker] jvm.JdbcExecutor. - ALTER TABLE PUBLIC.vault_fungible_states ADD CONSTRAINT vault_fungible_states_pkey PRIMARY KEY (transaction_id, output_index) {changeSet=migration/vault-schema.changelog-v13.xml::vault_transaction_id_size::R3.Corda, databaseChangeLog=master.changelog.json}
?[m?[37m[INFO] 18:18:03,905 [Test worker] changelog.ChangeSet. - Primary key added to vault_fungible_states (transaction_id, output_index) {changeSet=migration/vault-schema.changelog-v13.xml::vault_transaction_id_size::R3.Corda, databaseChangeLog=master.changelog.json}
?[m?[37m[INFO] 18:18:03,905 [Test worker] jvm.JdbcExecutor. - ALTER TABLE PUBLIC.vault_linear_states ADD CONSTRAINT vault_linear_states_pkey PRIMARY KEY (transaction_id, output_index) {changeSet=migration/vault-schema.changelog-v13.xml::vault_transaction_id_size::R3.Corda, databaseChangeLog=master.changelog.json}
?[m?[37m[INFO] 18:18:03,906 [Test worker] changelog.ChangeSet. - Primary key added to vault_linear_states (transaction_id, output_index) {changeSet=migration/vault-schema.changelog-v13.xml::vault_transaction_id_size::R3.Corda, databaseChangeLog=master.changelog.json}
?[m?[37m[INFO] 18:18:03,906 [Test worker] jvm.JdbcExecutor. - ALTER TABLE PUBLIC.vault_states ADD CONSTRAINT vault_states_pkey PRIMARY KEY (transaction_id, output_index) {changeSet=migration/vault-schema.changelog-v13.xml::vault_transaction_id_size::R3.Corda, databaseChangeLog=master.changelog.json}
?[m?[37m[INFO] 18:18:03,906 [Test worker] changelog.ChangeSet. - Primary key added to vault_states (transaction_id, output_index) {changeSet=migration/vault-schema.changelog-v13.xml::vault_transaction_id_size::R3.Corda, databaseChangeLog=master.changelog.json}
?[m?[37m[INFO] 18:18:03,906 [Test worker] jvm.JdbcExecutor. - CREATE INDEX PUBLIC.transaction_id_index ON PUBLIC.vault_transaction_notes(transaction_id) {changeSet=migration/vault-schema.changelog-v13.xml::vault_transaction_id_size::R3.Corda, databaseChangeLog=master.changelog.json}
?[m?[37m[INFO] 18:18:03,917 [Test worker] changelog.ChangeSet. - Index transaction_id_index created {changeSet=migration/vault-schema.changelog-v13.xml::vault_transaction_id_size::R3.Corda, databaseChangeLog=master.changelog.json}
?[m?[37m[INFO] 18:18:03,917 [Test worker] changelog.ChangeSet. - ChangeSet migration/vault-schema.changelog-v13.xml::vault_transaction_id_size::R3.Corda ran successfully in 79ms {changeSet=migration/vault-schema.changelog-v13.xml::vault_transaction_id_size::R3.Corda, databaseChangeLog=master.changelog.json}
?[m?[37m[INFO] 18:18:03,917 [Test worker] jvm.JdbcExecutor. - SELECT MAX(ORDEREXECUTED) FROM PUBLIC.DATABASECHANGELOG {changeSet=migration/vault-schema.changelog-v13.xml::vault_transaction_id_size::R3.Corda, databaseChangeLog=master.changelog.json}
?[m?[37m[INFO] 18:18:03,922 [Test worker] jvm.JdbcExecutor. - INSERT INTO PUBLIC.DATABASECHANGELOG (ID, AUTHOR, FILENAME, DATEEXECUTED, ORDEREXECUTED, MD5SUM, DESCRIPTION, COMMENTS, EXECTYPE, CONTEXTS, LABELS, LIQUIBASE, DEPLOYMENT_ID) VALUES ('vault_transaction_id_size', 'R3.Corda', 'migration/vault-schema.changelog-v13.xml', NOW(), 94, '8:6251c962c4f12e03040c4fceecdc07e0', 'dropView viewName=v_pkey_hash_ex_id_map; dropForeignKeyConstraint baseTableName=vault_fungible_states_parts, constraintName=FK__fung_st_parts__fung_st; dropForeignKeyConstraint baseTableName=vault_linear_states_parts, constraintName=FK__lin_stat_p...', '', 'EXECUTED', NULL, NULL, '3.6.3', '1484683823') {changeSet=migration/vault-schema.changelog-v13.xml::vault_transaction_id_size::R3.Corda, databaseChangeLog=master.changelog.json}
?[m?[37m[INFO] 18:18:03,925 [Test worker] jvm.JdbcExecutor. - INSERT INTO PUBLIC.DATABASECHANGELOG (ID, AUTHOR, FILENAME, DATEEXECUTED, ORDEREXECUTED, MD5SUM, DESCRIPTION, COMMENTS, EXECTYPE, CONTEXTS, LABELS, LIQUIBASE, DEPLOYMENT_ID) VALUES ('vault_transaction_id_size_non-clustered_pk-1', 'R3.Corda', 'migration/vault-schema.changelog-v13.xml', NOW(), 95, '8:d9c822bbaf7c5eea4cd2559f94a17eba', 'dropPrimaryKey constraintName=vault_fungible_states_pkey, tableName=vault_fungible_states; addPrimaryKey constraintName=vault_fungible_states_pkey, tableName=vault_fungible_states', '', 'MARK_RAN', NULL, NULL, '3.6.3', '1484683823') {changeSet=migration/vault-schema.changelog-v13.xml::vault_transaction_id_size_non-clustered_pk-1::R3.Corda, databaseChangeLog=master.changelog.json}
?[m?[37m[INFO] 18:18:03,926 [Test worker] jvm.JdbcExecutor. - INSERT INTO PUBLIC.DATABASECHANGELOG (ID, AUTHOR, FILENAME, DATEEXECUTED, ORDEREXECUTED, MD5SUM, DESCRIPTION, COMMENTS, EXECTYPE, CONTEXTS, LABELS, LIQUIBASE, DEPLOYMENT_ID) VALUES ('vault_transaction_id_size_non-clustered_pk-2', 'R3.Corda', 'migration/vault-schema.changelog-v13.xml', NOW(), 96, '8:fb2cd4970e95f7c7936b9754a6438da5', 'dropPrimaryKey constraintName=vault_linear_states_pkey, tableName=vault_linear_states; addPrimaryKey constraintName=vault_linear_states_pkey, tableName=vault_linear_states', '', 'MARK_RAN', NULL, NULL, '3.6.3', '1484683823') {changeSet=migration/vault-schema.changelog-v13.xml::vault_transaction_id_size_non-clustered_pk-2::R3.Corda, databaseChangeLog=master.changelog.json}
?[m?[37m[INFO] 18:18:03,928 [Test worker] jvm.JdbcExecutor. - INSERT INTO PUBLIC.DATABASECHANGELOG (ID, AUTHOR, FILENAME, DATEEXECUTED, ORDEREXECUTED, MD5SUM, DESCRIPTION, COMMENTS, EXECTYPE, CONTEXTS, LABELS, LIQUIBASE, DEPLOYMENT_ID) VALUES ('vault_transaction_id_size_non-clustered_pk-3', 'R3.Corda', 'migration/vault-schema.changelog-v13.xml', NOW(), 97, '8:54bd9c17ce296bb02c369a5cfbedd866', 'dropPrimaryKey constraintName=vault_states_pkey, tableName=vault_states; addPrimaryKey constraintName=vault_states_pkey, tableName=vault_states', '', 'MARK_RAN', NULL, NULL, '3.6.3', '1484683823') {changeSet=migration/vault-schema.changelog-v13.xml::vault_transaction_id_size_non-clustered_pk-3::R3.Corda, databaseChangeLog=master.changelog.json}
?[m?[37m[INFO] 18:18:03,930 [Test worker] jvm.JdbcExecutor. - ALTER TABLE PUBLIC.vault_fungible_states_parts ADD CONSTRAINT FK__fung_st_parts__fung_st FOREIGN KEY (transaction_id, output_index) REFERENCES PUBLIC.vault_fungible_states (transaction_id, output_index) {changeSet=migration/vault-schema.changelog-v13.xml::vault_transaction_id_size_2::R3.Corda, databaseChangeLog=master.changelog.json}
?[m?[37m[INFO] 18:18:03,933 [Test worker] changelog.ChangeSet. - Foreign key constraint added to vault_fungible_states_parts (transaction_id,output_index) {changeSet=migration/vault-schema.changelog-v13.xml::vault_transaction_id_size_2::R3.Corda, databaseChangeLog=master.changelog.json}
?[m?[37m[INFO] 18:18:03,933 [Test worker] jvm.JdbcExecutor. - ALTER TABLE PUBLIC.vault_linear_states_parts ADD CONSTRAINT FK__lin_stat_parts__lin_stat FOREIGN KEY (transaction_id, output_index) REFERENCES PUBLIC.vault_linear_states (transaction_id, output_index) {changeSet=migration/vault-schema.changelog-v13.xml::vault_transaction_id_size_2::R3.Corda, databaseChangeLog=master.changelog.json}
?[m?[37m[INFO] 18:18:03,935 [Test worker] changelog.ChangeSet. - Foreign key constraint added to vault_linear_states_parts (transaction_id,output_index) {changeSet=migration/vault-schema.changelog-v13.xml::vault_transaction_id_size_2::R3.Corda, databaseChangeLog=master.changelog.json}
?[m?[37m[INFO] 18:18:03,936 [Test worker] jvm.JdbcExecutor. - CREATE VIEW PUBLIC.v_pkey_hash_ex_id_map AS select
            state_party.public_key_hash,
            state_party.transaction_id,
            state_party.output_index,
            pk_hash_to_ext_id_map.external_id
            from state_party
            join pk_hash_to_ext_id_map
            on state_party.public_key_hash = pk_hash_to_ext_id_map.public_key_hash {changeSet=migration/vault-schema.changelog-v13.xml::vault_transaction_id_size_2::R3.Corda, databaseChangeLog=master.changelog.json}
?[m?[37m[INFO] 18:18:03,937 [Test worker] changelog.ChangeSet. - View v_pkey_hash_ex_id_map created {changeSet=migration/vault-schema.changelog-v13.xml::vault_transaction_id_size_2::R3.Corda, databaseChangeLog=master.changelog.json}
?[m?[37m[INFO] 18:18:03,937 [Test worker] changelog.ChangeSet. - ChangeSet migration/vault-schema.changelog-v13.xml::vault_transaction_id_size_2::R3.Corda ran successfully in 8ms {changeSet=migration/vault-schema.changelog-v13.xml::vault_transaction_id_size_2::R3.Corda, databaseChangeLog=master.changelog.json}
?[m?[37m[INFO] 18:18:03,938 [Test worker] jvm.JdbcExecutor. - INSERT INTO PUBLIC.DATABASECHANGELOG (ID, AUTHOR, FILENAME, DATEEXECUTED, ORDEREXECUTED, MD5SUM, DESCRIPTION, COMMENTS, EXECTYPE, CONTEXTS, LABELS, LIQUIBASE, DEPLOYMENT_ID) VALUES ('vault_transaction_id_size_2', 'R3.Corda', 'migration/vault-schema.changelog-v13.xml', NOW(), 98, '8:39d3cb14fba7c771c1fd93a8ec497365', 'addForeignKeyConstraint baseTableName=vault_fungible_states_parts, constraintName=FK__fung_st_parts__fung_st, referencedTableName=vault_fungible_states; addForeignKeyConstraint baseTableName=vault_linear_states_parts, constraintName=FK__lin_stat_p...', '', 'EXECUTED', NULL, NULL, '3.6.3', '1484683823') {changeSet=migration/vault-schema.changelog-v13.xml::vault_transaction_id_size_2::R3.Corda, databaseChangeLog=master.changelog.json}
?[m?[37m[INFO] 18:18:03,940 [Test worker] jvm.JdbcExecutor. - ALTER TABLE PUBLIC.node_identities_no_cert ADD owning_pk_hash NVARCHAR(130) {changeSet=migration/node-services.changelog-init.xml::identity_service_key_rotation::R3.Corda, databaseChangeLog=master.changelog.json}
?[m?[37m[INFO] 18:18:03,943 [Test worker] changelog.ChangeSet. - Columns owning_pk_hash(NVARCHAR(130)) added to node_identities_no_cert {changeSet=migration/node-services.changelog-init.xml::identity_service_key_rotation::R3.Corda, databaseChangeLog=master.changelog.json}
?[m?[37m[INFO] 18:18:03,944 [Test worker] jvm.JdbcExecutor. - UPDATE node_identities_no_cert SET owning_pk_hash =
            (SELECT pk_hash FROM node_named_identities WHERE node_named_identities.name = node_identities_no_cert.name) {changeSet=migration/node-services.changelog-init.xml::identity_service_key_rotation::R3.Corda, databaseChangeLog=master.changelog.json}
?[m?[37m[INFO] 18:18:03,944 [Test worker] changelog.ChangeSet. - Custom SQL executed {changeSet=migration/node-services.changelog-init.xml::identity_service_key_rotation::R3.Corda, databaseChangeLog=master.changelog.json}
?[m?[37m[INFO] 18:18:03,945 [Test worker] jvm.JdbcExecutor. - UPDATE node_identities_no_cert SET owning_pk_hash = 'unresolved' WHERE owning_pk_hash IS NULL {changeSet=migration/node-services.changelog-init.xml::identity_service_key_rotation::R3.Corda, databaseChangeLog=master.changelog.json}
?[m?[37m[INFO] 18:18:03,945 [Test worker] changelog.ChangeSet. - Custom SQL executed {changeSet=migration/node-services.changelog-init.xml::identity_service_key_rotation::R3.Corda, databaseChangeLog=master.changelog.json}
?[m?[37m[INFO] 18:18:03,945 [Test worker] jvm.JdbcExecutor. - ALTER TABLE PUBLIC.node_identities_no_cert ALTER COLUMN owning_pk_hash SET NOT NULL {changeSet=migration/node-services.changelog-init.xml::identity_service_key_rotation::R3.Corda, databaseChangeLog=master.changelog.json}
?[m?[37m[INFO] 18:18:03,946 [Test worker] changelog.ChangeSet. - NOT NULL constraint has been added to node_identities_no_cert.owning_pk_hash {changeSet=migration/node-services.changelog-init.xml::identity_service_key_rotation::R3.Corda, databaseChangeLog=master.changelog.json}
?[m?[37m[INFO] 18:18:03,946 [Test worker] jvm.JdbcExecutor. - DROP TABLE PUBLIC.node_named_identities {changeSet=migration/node-services.changelog-init.xml::identity_service_key_rotation::R3.Corda, databaseChangeLog=master.changelog.json}
?[m?[37m[INFO] 18:18:03,947 [Test worker] changelog.ChangeSet. - Table node_named_identities dropped {changeSet=migration/node-services.changelog-init.xml::identity_service_key_rotation::R3.Corda, databaseChangeLog=master.changelog.json}
?[m?[37m[INFO] 18:18:03,947 [Test worker] changelog.ChangeSet. - ChangeSet migration/node-services.changelog-init.xml::identity_service_key_rotation::R3.Corda ran successfully in 7ms {changeSet=migration/node-services.changelog-init.xml::identity_service_key_rotation::R3.Corda, databaseChangeLog=master.changelog.json}
?[m?[37m[INFO] 18:18:03,948 [Test worker] jvm.JdbcExecutor. - INSERT INTO PUBLIC.DATABASECHANGELOG (ID, AUTHOR, FILENAME, DATEEXECUTED, ORDEREXECUTED, MD5SUM, DESCRIPTION, COMMENTS, EXECTYPE, CONTEXTS, LABELS, LIQUIBASE, DEPLOYMENT_ID) VALUES ('identity_service_key_rotation', 'R3.Corda', 'migration/node-services.changelog-init.xml', NOW(), 99, '8:45514f858c3ac818303f4ef9950eda23', 'addColumn tableName=node_identities_no_cert; sql; sql; addNotNullConstraint columnName=owning_pk_hash, tableName=node_identities_no_cert; dropTable tableName=node_named_identities', '', 'EXECUTED', NULL, NULL, '3.6.3', '1484683823') {changeSet=migration/node-services.changelog-init.xml::identity_service_key_rotation::R3.Corda, databaseChangeLog=master.changelog.json}
?[m?[37m[INFO] 18:18:03,949 [Test worker] jvm.JdbcExecutor. - CREATE TABLE PUBLIC.node_named_identities (name NVARCHAR(128) NOT NULL, pk_hash NVARCHAR(130)) {changeSet=migration/node-core.changelog-v22.xml::add_node_named_identities_table_back_in::R3.Corda, databaseChangeLog=master.changelog.json}
?[m?[37m[INFO] 18:18:03,949 [Test worker] changelog.ChangeSet. - Table node_named_identities created {changeSet=migration/node-core.changelog-v22.xml::add_node_named_identities_table_back_in::R3.Corda, databaseChangeLog=master.changelog.json}
?[m?[37m[INFO] 18:18:03,949 [Test worker] changelog.ChangeSet. - ChangeSet migration/node-core.changelog-v22.xml::add_node_named_identities_table_back_in::R3.Corda ran successfully in 0ms {changeSet=migration/node-core.changelog-v22.xml::add_node_named_identities_table_back_in::R3.Corda, databaseChangeLog=master.changelog.json}
?[m?[37m[INFO] 18:18:03,950 [Test worker] jvm.JdbcExecutor. - INSERT INTO PUBLIC.DATABASECHANGELOG (ID, AUTHOR, FILENAME, DATEEXECUTED, ORDEREXECUTED, MD5SUM, DESCRIPTION, COMMENTS, EXECTYPE, CONTEXTS, LABELS, LIQUIBASE, DEPLOYMENT_ID) VALUES ('add_node_named_identities_table_back_in', 'R3.Corda', 'migration/node-core.changelog-v22.xml', NOW(), 100, '8:bf6ca4e45e140b225f6f934935dd2f34', 'createTable tableName=node_named_identities', '', 'EXECUTED', NULL, NULL, '3.6.3', '1484683823') {changeSet=migration/node-core.changelog-v22.xml::add_node_named_identities_table_back_in::R3.Corda, databaseChangeLog=master.changelog.json}
?[m?[37m[INFO] 18:18:03,951 [Test worker] jvm.JdbcExecutor. - DROP TABLE PUBLIC.node_checkpoints {changeSet=migration/node-services.changelog-init.xml::add_new_checkpoints_table::R3.Corda, databaseChangeLog=master.changelog.json}
?[m?[37m[INFO] 18:18:03,953 [Test worker] changelog.ChangeSet. - Table node_checkpoints dropped {changeSet=migration/node-services.changelog-init.xml::add_new_checkpoints_table::R3.Corda, databaseChangeLog=master.changelog.json}
?[m?[37m[INFO] 18:18:03,954 [Test worker] jvm.JdbcExecutor. - CREATE TABLE PUBLIC.node_checkpoints (flow_id NVARCHAR(64) NOT NULL, status INT NOT NULL, compatible BOOLEAN NOT NULL, progress_step NVARCHAR(256), flow_io_request NVARCHAR(128), timestamp TIMESTAMP NOT NULL) {changeSet=migration/node-services.changelog-init.xml::add_new_checkpoints_table::R3.Corda, databaseChangeLog=master.changelog.json}
?[m?[37m[INFO] 18:18:03,954 [Test worker] changelog.ChangeSet. - Table node_checkpoints created {changeSet=migration/node-services.changelog-init.xml::add_new_checkpoints_table::R3.Corda, databaseChangeLog=master.changelog.json}
?[m?[37m[INFO] 18:18:03,954 [Test worker] changelog.ChangeSet. - ChangeSet migration/node-services.changelog-init.xml::add_new_checkpoints_table::R3.Corda ran successfully in 3ms {changeSet=migration/node-services.changelog-init.xml::add_new_checkpoints_table::R3.Corda, databaseChangeLog=master.changelog.json}
?[m?[37m[INFO] 18:18:03,955 [Test worker] jvm.JdbcExecutor. - INSERT INTO PUBLIC.DATABASECHANGELOG (ID, AUTHOR, FILENAME, DATEEXECUTED, ORDEREXECUTED, MD5SUM, DESCRIPTION, COMMENTS, EXECTYPE, CONTEXTS, LABELS, LIQUIBASE, DEPLOYMENT_ID) VALUES ('add_new_checkpoints_table', 'R3.Corda', 'migration/node-services.changelog-init.xml', NOW(), 101, '8:cc00474f248a40e330cf0f42c5b7e1a6', 'dropTable tableName=node_checkpoints; createTable tableName=node_checkpoints', '', 'EXECUTED', NULL, NULL, '3.6.3', '1484683823') {changeSet=migration/node-services.changelog-init.xml::add_new_checkpoints_table::R3.Corda, databaseChangeLog=master.changelog.json}
?[m?[37m[INFO] 18:18:03,956 [Test worker] jvm.JdbcExecutor. - CREATE TABLE PUBLIC.node_checkpoint_blobs (flow_id NVARCHAR(64) NOT NULL, checkpoint_value BLOB NOT NULL, flow_state BLOB, timestamp TIMESTAMP NOT NULL, hmac VARBINARY(32) NOT NULL) {changeSet=migration/node-services.changelog-init.xml::add_new_checkpoint_blob_table::R3.Corda, databaseChangeLog=master.changelog.json}
?[m?[37m[INFO] 18:18:03,957 [Test worker] changelog.ChangeSet. - Table node_checkpoint_blobs created {changeSet=migration/node-services.changelog-init.xml::add_new_checkpoint_blob_table::R3.Corda, databaseChangeLog=master.changelog.json}
?[m?[37m[INFO] 18:18:03,957 [Test worker] changelog.ChangeSet. - ChangeSet migration/node-services.changelog-init.xml::add_new_checkpoint_blob_table::R3.Corda ran successfully in 1ms {changeSet=migration/node-services.changelog-init.xml::add_new_checkpoint_blob_table::R3.Corda, databaseChangeLog=master.changelog.json}
?[m?[37m[INFO] 18:18:03,958 [Test worker] jvm.JdbcExecutor. - INSERT INTO PUBLIC.DATABASECHANGELOG (ID, AUTHOR, FILENAME, DATEEXECUTED, ORDEREXECUTED, MD5SUM, DESCRIPTION, COMMENTS, EXECTYPE, CONTEXTS, LABELS, LIQUIBASE, DEPLOYMENT_ID) VALUES ('add_new_checkpoint_blob_table', 'R3.Corda', 'migration/node-services.changelog-init.xml', NOW(), 102, '8:e973d6b794fe4753423964b13fe9fbe6', 'createTable tableName=node_checkpoint_blobs', '', 'EXECUTED', NULL, NULL, '3.6.3', '1484683823') {changeSet=migration/node-services.changelog-init.xml::add_new_checkpoint_blob_table::R3.Corda, databaseChangeLog=master.changelog.json}
?[m?[37m[INFO] 18:18:03,959 [Test worker] jvm.JdbcExecutor. - CREATE TABLE PUBLIC.node_flow_results (flow_id NVARCHAR(64) NOT NULL, result_value BLOB, timestamp TIMESTAMP NOT NULL) {changeSet=migration/node-services.changelog-init.xml::add_new_flow_result_table::R3.Corda, databaseChangeLog=master.changelog.json}
?[m?[37m[INFO] 18:18:03,960 [Test worker] changelog.ChangeSet. - Table node_flow_results created {changeSet=migration/node-services.changelog-init.xml::add_new_flow_result_table::R3.Corda, databaseChangeLog=master.changelog.json}
?[m?[37m[INFO] 18:18:03,960 [Test worker] changelog.ChangeSet. - ChangeSet migration/node-services.changelog-init.xml::add_new_flow_result_table::R3.Corda ran successfully in 2ms {changeSet=migration/node-services.changelog-init.xml::add_new_flow_result_table::R3.Corda, databaseChangeLog=master.changelog.json}
?[m?[37m[INFO] 18:18:03,961 [Test worker] jvm.JdbcExecutor. - INSERT INTO PUBLIC.DATABASECHANGELOG (ID, AUTHOR, FILENAME, DATEEXECUTED, ORDEREXECUTED, MD5SUM, DESCRIPTION, COMMENTS, EXECTYPE, CONTEXTS, LABELS, LIQUIBASE, DEPLOYMENT_ID) VALUES ('add_new_flow_result_table', 'R3.Corda', 'migration/node-services.changelog-init.xml', NOW(), 103, '8:79f1c80610f26db24d6ab757f57e68b7', 'createTable tableName=node_flow_results', '', 'EXECUTED', NULL, NULL, '3.6.3', '1484683823') {changeSet=migration/node-services.changelog-init.xml::add_new_flow_result_table::R3.Corda, databaseChangeLog=master.changelog.json}
?[m?[37m[INFO] 18:18:03,966 [Test worker] jvm.JdbcExecutor. - CREATE TABLE PUBLIC.node_flow_exceptions (flow_id NVARCHAR(64) NOT NULL, type NVARCHAR(256) NOT NULL, exception_message NVARCHAR(2000), stack_trace NVARCHAR(2000) NOT NULL, exception_value BLOB, timestamp TIMESTAMP NOT NULL) {changeSet=migration/node-services.changelog-init.xml::add_new_flow_exceptions_table::R3.Corda, databaseChangeLog=master.changelog.json}
?[m?[37m[INFO] 18:18:03,967 [Test worker] changelog.ChangeSet. - Table node_flow_exceptions created {changeSet=migration/node-services.changelog-init.xml::add_new_flow_exceptions_table::R3.Corda, databaseChangeLog=master.changelog.json}
?[m?[37m[INFO] 18:18:03,968 [Test worker] changelog.ChangeSet. - ChangeSet migration/node-services.changelog-init.xml::add_new_flow_exceptions_table::R3.Corda ran successfully in 3ms {changeSet=migration/node-services.changelog-init.xml::add_new_flow_exceptions_table::R3.Corda, databaseChangeLog=master.changelog.json}
?[m?[37m[INFO] 18:18:03,968 [Test worker] jvm.JdbcExecutor. - INSERT INTO PUBLIC.DATABASECHANGELOG (ID, AUTHOR, FILENAME, DATEEXECUTED, ORDEREXECUTED, MD5SUM, DESCRIPTION, COMMENTS, EXECTYPE, CONTEXTS, LABELS, LIQUIBASE, DEPLOYMENT_ID) VALUES ('add_new_flow_exceptions_table', 'R3.Corda', 'migration/node-services.changelog-init.xml', NOW(), 104, '8:fb0d523c5cf42025c566f105731b34a2', 'createTable tableName=node_flow_exceptions', '', 'EXECUTED', NULL, NULL, '3.6.3', '1484683823') {changeSet=migration/node-services.changelog-init.xml::add_new_flow_exceptions_table::R3.Corda, databaseChangeLog=master.changelog.json}
?[m?[37m[INFO] 18:18:03,970 [Test worker] jvm.JdbcExecutor. - CREATE TABLE PUBLIC.node_flow_metadata (flow_id NVARCHAR(64) NOT NULL, invocation_id NVARCHAR(128) NOT NULL, flow_name NVARCHAR(128) NOT NULL, flow_identifier NVARCHAR(512), started_type INT NOT NULL, flow_parameters BLOB NOT NULL, cordapp_name NVARCHAR(128) NOT NULL, platform_version INT NOT NULL, started_by NVARCHAR(128) NOT NULL, invocation_time TIMESTAMP NOT NULL, start_time TIMESTAMP NOT NULL, finish_time TIMESTAMP) {changeSet=migration/node-services.changelog-init.xml::add_new_flow_metadata_table::R3.Corda, databaseChangeLog=master.changelog.json}
?[m?[37m[INFO] 18:18:03,970 [Test worker] changelog.ChangeSet. - Table node_flow_metadata created {changeSet=migration/node-services.changelog-init.xml::add_new_flow_metadata_table::R3.Corda, databaseChangeLog=master.changelog.json}
?[m?[37m[INFO] 18:18:03,970 [Test worker] changelog.ChangeSet. - ChangeSet migration/node-services.changelog-init.xml::add_new_flow_metadata_table::R3.Corda ran successfully in 1ms {changeSet=migration/node-services.changelog-init.xml::add_new_flow_metadata_table::R3.Corda, databaseChangeLog=master.changelog.json}
?[m?[37m[INFO] 18:18:03,971 [Test worker] jvm.JdbcExecutor. - INSERT INTO PUBLIC.DATABASECHANGELOG (ID, AUTHOR, FILENAME, DATEEXECUTED, ORDEREXECUTED, MD5SUM, DESCRIPTION, COMMENTS, EXECTYPE, CONTEXTS, LABELS, LIQUIBASE, DEPLOYMENT_ID) VALUES ('add_new_flow_metadata_table', 'R3.Corda', 'migration/node-services.changelog-init.xml', NOW(), 105, '8:edede3ddf0425fb6d012735a7415013e', 'createTable tableName=node_flow_metadata', '', 'EXECUTED', NULL, NULL, '3.6.3', '1484683823') {changeSet=migration/node-services.changelog-init.xml::add_new_flow_metadata_table::R3.Corda, databaseChangeLog=master.changelog.json}
?[m?[37m[INFO] 18:18:03,973 [Test worker] jvm.JdbcExecutor. - ALTER TABLE PUBLIC.node_checkpoints ADD CONSTRAINT node_checkpoints_pk PRIMARY KEY (flow_id) {changeSet=migration/node-services.changelog-init.xml::add_new_checkpoint_schema_primary_keys-h2_postgres_oracle::R3.Corda, databaseChangeLog=master.changelog.json}
?[m?[37m[INFO] 18:18:03,974 [Test worker] changelog.ChangeSet. - Primary key added to node_checkpoints (flow_id) {changeSet=migration/node-services.changelog-init.xml::add_new_checkpoint_schema_primary_keys-h2_postgres_oracle::R3.Corda, databaseChangeLog=master.changelog.json}
?[m?[37m[INFO] 18:18:03,974 [Test worker] changelog.ChangeSet. - ChangeSet migration/node-services.changelog-init.xml::add_new_checkpoint_schema_primary_keys-h2_postgres_oracle::R3.Corda ran successfully in 1ms {changeSet=migration/node-services.changelog-init.xml::add_new_checkpoint_schema_primary_keys-h2_postgres_oracle::R3.Corda, databaseChangeLog=master.changelog.json}
?[m?[37m[INFO] 18:18:03,974 [Test worker] jvm.JdbcExecutor. - INSERT INTO PUBLIC.DATABASECHANGELOG (ID, AUTHOR, FILENAME, DATEEXECUTED, ORDEREXECUTED, MD5SUM, DESCRIPTION, COMMENTS, EXECTYPE, CONTEXTS, LABELS, LIQUIBASE, DEPLOYMENT_ID) VALUES ('add_new_checkpoint_schema_primary_keys-h2_postgres_oracle', 'R3.Corda', 'migration/node-services.changelog-init.xml', NOW(), 106, '8:23141f3e3b5917c1cd0196f7b03b8f71', 'addPrimaryKey constraintName=node_checkpoints_pk, tableName=node_checkpoints', '', 'EXECUTED', NULL, NULL, '3.6.3', '1484683823') {changeSet=migration/node-services.changelog-init.xml::add_new_checkpoint_schema_primary_keys-h2_postgres_oracle::R3.Corda, databaseChangeLog=master.changelog.json}
?[m?[37m[INFO] 18:18:03,975 [Test worker] jvm.JdbcExecutor. - CREATE UNIQUE INDEX PUBLIC.node_checkpoint_blobs_idx ON PUBLIC.node_checkpoint_blobs(flow_id) {changeSet=migration/node-services.changelog-init.xml::add_new_checkpoint_schema_indexes::R3.Corda, databaseChangeLog=master.changelog.json}
?[m?[37m[INFO] 18:18:03,976 [Test worker] changelog.ChangeSet. - Index node_checkpoint_blobs_idx created {changeSet=migration/node-services.changelog-init.xml::add_new_checkpoint_schema_indexes::R3.Corda, databaseChangeLog=master.changelog.json}
?[m?[37m[INFO] 18:18:03,976 [Test worker] jvm.JdbcExecutor. - CREATE UNIQUE INDEX PUBLIC.node_flow_results_idx ON PUBLIC.node_flow_results(flow_id) {changeSet=migration/node-services.changelog-init.xml::add_new_checkpoint_schema_indexes::R3.Corda, databaseChangeLog=master.changelog.json}
?[m?[37m[INFO] 18:18:03,976 [Test worker] changelog.ChangeSet. - Index node_flow_results_idx created {changeSet=migration/node-services.changelog-init.xml::add_new_checkpoint_schema_indexes::R3.Corda, databaseChangeLog=master.changelog.json}
?[m?[37m[INFO] 18:18:03,976 [Test worker] jvm.JdbcExecutor. - CREATE UNIQUE INDEX PUBLIC.node_flow_exceptions_idx ON PUBLIC.node_flow_exceptions(flow_id) {changeSet=migration/node-services.changelog-init.xml::add_new_checkpoint_schema_indexes::R3.Corda, databaseChangeLog=master.changelog.json}
?[m?[37m[INFO] 18:18:03,977 [Test worker] changelog.ChangeSet. - Index node_flow_exceptions_idx created {changeSet=migration/node-services.changelog-init.xml::add_new_checkpoint_schema_indexes::R3.Corda, databaseChangeLog=master.changelog.json}
?[m?[37m[INFO] 18:18:03,977 [Test worker] jvm.JdbcExecutor. - CREATE UNIQUE INDEX PUBLIC.node_flow_metadata_idx ON PUBLIC.node_flow_metadata(flow_id) {changeSet=migration/node-services.changelog-init.xml::add_new_checkpoint_schema_indexes::R3.Corda, databaseChangeLog=master.changelog.json}
?[m?[37m[INFO] 18:18:03,978 [Test worker] changelog.ChangeSet. - Index node_flow_metadata_idx created {changeSet=migration/node-services.changelog-init.xml::add_new_checkpoint_schema_indexes::R3.Corda, databaseChangeLog=master.changelog.json}
?[m?[37m[INFO] 18:18:03,978 [Test worker] changelog.ChangeSet. - ChangeSet migration/node-services.changelog-init.xml::add_new_checkpoint_schema_indexes::R3.Corda ran successfully in 3ms {changeSet=migration/node-services.changelog-init.xml::add_new_checkpoint_schema_indexes::R3.Corda, databaseChangeLog=master.changelog.json}
?[m?[37m[INFO] 18:18:03,978 [Test worker] jvm.JdbcExecutor. - INSERT INTO PUBLIC.DATABASECHANGELOG (ID, AUTHOR, FILENAME, DATEEXECUTED, ORDEREXECUTED, MD5SUM, DESCRIPTION, COMMENTS, EXECTYPE, CONTEXTS, LABELS, LIQUIBASE, DEPLOYMENT_ID) VALUES ('add_new_checkpoint_schema_indexes', 'R3.Corda', 'migration/node-services.changelog-init.xml', NOW(), 107, '8:56612ddd39f61523990e27c1b429f467', 'createIndex indexName=node_checkpoint_blobs_idx, tableName=node_checkpoint_blobs; createIndex indexName=node_flow_results_idx, tableName=node_flow_results; createIndex indexName=node_flow_exceptions_idx, tableName=node_flow_exceptions; createIndex...', '', 'EXECUTED', NULL, NULL, '3.6.3', '1484683823') {changeSet=migration/node-services.changelog-init.xml::add_new_checkpoint_schema_indexes::R3.Corda, databaseChangeLog=master.changelog.json}
?[m?[37m[INFO] 18:18:03,979 [Test worker] jvm.JdbcExecutor. - ALTER TABLE PUBLIC.node_transactions DROP PRIMARY KEY {changeSet=migration/node-core.changelog-v21.xml::node_transaction_id_size::R3.Corda, databaseChangeLog=master.changelog.json}
?[m?[37m[INFO] 18:18:03,980 [Test worker] changelog.ChangeSet. - Primary key dropped from node_transactions {changeSet=migration/node-core.changelog-v21.xml::node_transaction_id_size::R3.Corda, databaseChangeLog=master.changelog.json}
?[m?[37m[INFO] 18:18:03,980 [Test worker] jvm.JdbcExecutor. - ALTER TABLE PUBLIC.node_scheduled_states DROP PRIMARY KEY {changeSet=migration/node-core.changelog-v21.xml::node_transaction_id_size::R3.Corda, databaseChangeLog=master.changelog.json}
?[m?[37m[INFO] 18:18:03,981 [Test worker] changelog.ChangeSet. - Primary key dropped from node_scheduled_states {changeSet=migration/node-core.changelog-v21.xml::node_transaction_id_size::R3.Corda, databaseChangeLog=master.changelog.json}
?[m?[37m[INFO] 18:18:03,981 [Test worker] jvm.JdbcExecutor. - ALTER TABLE PUBLIC.node_transactions ALTER COLUMN tx_id SET NULL {changeSet=migration/node-core.changelog-v21.xml::node_transaction_id_size::R3.Corda, databaseChangeLog=master.changelog.json}
?[m?[37m[INFO] 18:18:03,981 [Test worker] changelog.ChangeSet. - Null constraint dropped from node_transactions.tx_id {changeSet=migration/node-core.changelog-v21.xml::node_transaction_id_size::R3.Corda, databaseChangeLog=master.changelog.json}
?[m?[37m[INFO] 18:18:03,981 [Test worker] jvm.JdbcExecutor. - ALTER TABLE PUBLIC.node_scheduled_states ALTER COLUMN transaction_id SET NULL {changeSet=migration/node-core.changelog-v21.xml::node_transaction_id_size::R3.Corda, databaseChangeLog=master.changelog.json}
?[m?[37m[INFO] 18:18:03,982 [Test worker] changelog.ChangeSet. - Null constraint dropped from node_scheduled_states.transaction_id {changeSet=migration/node-core.changelog-v21.xml::node_transaction_id_size::R3.Corda, databaseChangeLog=master.changelog.json}
?[m?[37m[INFO] 18:18:03,982 [Test worker] jvm.JdbcExecutor. - ALTER TABLE PUBLIC.node_transactions ALTER COLUMN tx_id NVARCHAR(144) {changeSet=migration/node-core.changelog-v21.xml::node_transaction_id_size::R3.Corda, databaseChangeLog=master.changelog.json}
?[m?[37m[INFO] 18:18:03,984 [Test worker] changelog.ChangeSet. - node_transactions.tx_id datatype was changed to NVARCHAR(144) {changeSet=migration/node-core.changelog-v21.xml::node_transaction_id_size::R3.Corda, databaseChangeLog=master.changelog.json}
?[m?[37m[INFO] 18:18:03,985 [Test worker] jvm.JdbcExecutor. - ALTER TABLE PUBLIC.node_scheduled_states ALTER COLUMN transaction_id NVARCHAR(144) {changeSet=migration/node-core.changelog-v21.xml::node_transaction_id_size::R3.Corda, databaseChangeLog=master.changelog.json}
?[m?[37m[INFO] 18:18:03,986 [Test worker] changelog.ChangeSet. - node_scheduled_states.transaction_id datatype was changed to NVARCHAR(144) {changeSet=migration/node-core.changelog-v21.xml::node_transaction_id_size::R3.Corda, databaseChangeLog=master.changelog.json}
?[m?[37m[INFO] 18:18:03,986 [Test worker] jvm.JdbcExecutor. - ALTER TABLE PUBLIC.node_transactions ALTER COLUMN tx_id SET NOT NULL {changeSet=migration/node-core.changelog-v21.xml::node_transaction_id_size::R3.Corda, databaseChangeLog=master.changelog.json}
?[m?[37m[INFO] 18:18:03,987 [Test worker] changelog.ChangeSet. - NOT NULL constraint has been added to node_transactions.tx_id {changeSet=migration/node-core.changelog-v21.xml::node_transaction_id_size::R3.Corda, databaseChangeLog=master.changelog.json}
?[m?[37m[INFO] 18:18:03,987 [Test worker] jvm.JdbcExecutor. - ALTER TABLE PUBLIC.node_scheduled_states ALTER COLUMN transaction_id SET NOT NULL {changeSet=migration/node-core.changelog-v21.xml::node_transaction_id_size::R3.Corda, databaseChangeLog=master.changelog.json}
?[m?[37m[INFO] 18:18:03,987 [Test worker] changelog.ChangeSet. - NOT NULL constraint has been added to node_scheduled_states.transaction_id {changeSet=migration/node-core.changelog-v21.xml::node_transaction_id_size::R3.Corda, databaseChangeLog=master.changelog.json}
?[m?[37m[INFO] 18:18:03,988 [Test worker] jvm.JdbcExecutor. - ALTER TABLE PUBLIC.node_transactions ADD CONSTRAINT node_transactions_pkey PRIMARY KEY (tx_id) {changeSet=migration/node-core.changelog-v21.xml::node_transaction_id_size::R3.Corda, databaseChangeLog=master.changelog.json}
?[m?[37m[INFO] 18:18:03,988 [Test worker] changelog.ChangeSet. - Primary key added to node_transactions (tx_id) {changeSet=migration/node-core.changelog-v21.xml::node_transaction_id_size::R3.Corda, databaseChangeLog=master.changelog.json}
?[m?[37m[INFO] 18:18:03,988 [Test worker] jvm.JdbcExecutor. - ALTER TABLE PUBLIC.node_scheduled_states ADD CONSTRAINT node_scheduled_states_pkey PRIMARY KEY (output_index, transaction_id) {changeSet=migration/node-core.changelog-v21.xml::node_transaction_id_size::R3.Corda, databaseChangeLog=master.changelog.json}
?[m?[37m[INFO] 18:18:03,989 [Test worker] changelog.ChangeSet. - Primary key added to node_scheduled_states (output_index, transaction_id) {changeSet=migration/node-core.changelog-v21.xml::node_transaction_id_size::R3.Corda, databaseChangeLog=master.changelog.json}
?[m?[37m[INFO] 18:18:03,989 [Test worker] changelog.ChangeSet. - ChangeSet migration/node-core.changelog-v21.xml::node_transaction_id_size::R3.Corda ran successfully in 10ms {changeSet=migration/node-core.changelog-v21.xml::node_transaction_id_size::R3.Corda, databaseChangeLog=master.changelog.json}
?[m?[37m[INFO] 18:18:03,990 [Test worker] jvm.JdbcExecutor. - INSERT INTO PUBLIC.DATABASECHANGELOG (ID, AUTHOR, FILENAME, DATEEXECUTED, ORDEREXECUTED, MD5SUM, DESCRIPTION, COMMENTS, EXECTYPE, CONTEXTS, LABELS, LIQUIBASE, DEPLOYMENT_ID) VALUES ('node_transaction_id_size', 'R3.Corda', 'migration/node-core.changelog-v21.xml', NOW(), 108, '8:9267fdf76dd8a7da392f65d5422718c3', 'dropPrimaryKey constraintName=node_transactions_pkey, tableName=node_transactions; dropPrimaryKey constraintName=node_scheduled_states_pkey, tableName=node_scheduled_states; dropNotNullConstraint columnName=tx_id, tableName=node_transactions; drop...', '', 'EXECUTED', NULL, NULL, '3.6.3', '1484683823') {changeSet=migration/node-core.changelog-v21.xml::node_transaction_id_size::R3.Corda, databaseChangeLog=master.changelog.json}
?[m?[37m[INFO] 18:18:03,991 [Test worker] jvm.JdbcExecutor. - INSERT INTO PUBLIC.DATABASECHANGELOG (ID, AUTHOR, FILENAME, DATEEXECUTED, ORDEREXECUTED, MD5SUM, DESCRIPTION, COMMENTS, EXECTYPE, CONTEXTS, LABELS, LIQUIBASE, DEPLOYMENT_ID) VALUES ('node_transaction_id_size_non-clustered_pk', 'R3.Corda', 'migration/node-core.changelog-v21.xml', NOW(), 109, '8:64773359f27e2f85fe6df6097823ce69', 'dropPrimaryKey constraintName=node_transactions_pkey, tableName=node_transactions; addPrimaryKey constraintName=node_transactions_pkey, tableName=node_transactions', '', 'MARK_RAN', NULL, NULL, '3.6.3', '1484683823') {changeSet=migration/node-core.changelog-v21.xml::node_transaction_id_size_non-clustered_pk::R3.Corda, databaseChangeLog=master.changelog.json}
?[m?[37m[INFO] 18:18:03,993 [Test worker] jvm.JdbcExecutor. - ALTER TABLE PUBLIC.node_contract_upgrades DROP PRIMARY KEY {changeSet=migration/node-core.changelog-v21.xml::node_contract_upgrades_state_ref_size::R3.Corda, databaseChangeLog=master.changelog.json}
?[m?[37m[INFO] 18:18:03,993 [Test worker] changelog.ChangeSet. - Primary key dropped from node_contract_upgrades {changeSet=migration/node-core.changelog-v21.xml::node_contract_upgrades_state_ref_size::R3.Corda, databaseChangeLog=master.changelog.json}
?[m?[37m[INFO] 18:18:03,993 [Test worker] jvm.JdbcExecutor. - ALTER TABLE PUBLIC.node_contract_upgrades ALTER COLUMN state_ref SET NULL {changeSet=migration/node-core.changelog-v21.xml::node_contract_upgrades_state_ref_size::R3.Corda, databaseChangeLog=master.changelog.json}
?[m?[37m[INFO] 18:18:03,994 [Test worker] changelog.ChangeSet. - Null constraint dropped from node_contract_upgrades.state_ref {changeSet=migration/node-core.changelog-v21.xml::node_contract_upgrades_state_ref_size::R3.Corda, databaseChangeLog=master.changelog.json}
?[m?[37m[INFO] 18:18:03,994 [Test worker] jvm.JdbcExecutor. - ALTER TABLE PUBLIC.node_contract_upgrades ALTER COLUMN state_ref NVARCHAR(176) {changeSet=migration/node-core.changelog-v21.xml::node_contract_upgrades_state_ref_size::R3.Corda, databaseChangeLog=master.changelog.json}
?[m?[37m[INFO] 18:18:03,996 [Test worker] changelog.ChangeSet. - node_contract_upgrades.state_ref datatype was changed to NVARCHAR(176) {changeSet=migration/node-core.changelog-v21.xml::node_contract_upgrades_state_ref_size::R3.Corda, databaseChangeLog=master.changelog.json}
?[m?[37m[INFO] 18:18:03,996 [Test worker] jvm.JdbcExecutor. - ALTER TABLE PUBLIC.node_contract_upgrades ALTER COLUMN state_ref SET NOT NULL {changeSet=migration/node-core.changelog-v21.xml::node_contract_upgrades_state_ref_size::R3.Corda, databaseChangeLog=master.changelog.json}
?[m?[37m[INFO] 18:18:03,996 [Test worker] changelog.ChangeSet. - NOT NULL constraint has been added to node_contract_upgrades.state_ref {changeSet=migration/node-core.changelog-v21.xml::node_contract_upgrades_state_ref_size::R3.Corda, databaseChangeLog=master.changelog.json}
?[m?[37m[INFO] 18:18:03,996 [Test worker] jvm.JdbcExecutor. - ALTER TABLE PUBLIC.node_contract_upgrades ADD CONSTRAINT node_contract_upgrades_pkey PRIMARY KEY (state_ref) {changeSet=migration/node-core.changelog-v21.xml::node_contract_upgrades_state_ref_size::R3.Corda, databaseChangeLog=master.changelog.json}
?[m?[37m[INFO] 18:18:03,997 [Test worker] changelog.ChangeSet. - Primary key added to node_contract_upgrades (state_ref) {changeSet=migration/node-core.changelog-v21.xml::node_contract_upgrades_state_ref_size::R3.Corda, databaseChangeLog=master.changelog.json}
?[m?[37m[INFO] 18:18:03,997 [Test worker] changelog.ChangeSet. - ChangeSet migration/node-core.changelog-v21.xml::node_contract_upgrades_state_ref_size::R3.Corda ran successfully in 4ms {changeSet=migration/node-core.changelog-v21.xml::node_contract_upgrades_state_ref_size::R3.Corda, databaseChangeLog=master.changelog.json}
?[m?[37m[INFO] 18:18:03,998 [Test worker] jvm.JdbcExecutor. - INSERT INTO PUBLIC.DATABASECHANGELOG (ID, AUTHOR, FILENAME, DATEEXECUTED, ORDEREXECUTED, MD5SUM, DESCRIPTION, COMMENTS, EXECTYPE, CONTEXTS, LABELS, LIQUIBASE, DEPLOYMENT_ID) VALUES ('node_contract_upgrades_state_ref_size', 'R3.Corda', 'migration/node-core.changelog-v21.xml', NOW(), 110, '8:25a17205698e008ce77364ab975aa8b3', 'dropPrimaryKey constraintName=node_contract_upgrades_pkey, tableName=node_contract_upgrades; dropNotNullConstraint columnName=state_ref, tableName=node_contract_upgrades; modifyDataType columnName=state_ref, tableName=node_contract_upgrades; addNo...', '', 'EXECUTED', NULL, NULL, '3.6.3', '1484683823') {changeSet=migration/node-core.changelog-v21.xml::node_contract_upgrades_state_ref_size::R3.Corda, databaseChangeLog=master.changelog.json}
?[m?[37m[INFO] 18:18:03,999 [Test worker] jvm.JdbcExecutor. - CREATE TABLE PUBLIC.node_notary_committed_states (output_index INT NOT NULL, transaction_id NVARCHAR(64) NOT NULL, consuming_transaction_id NVARCHAR(64)) {changeSet=migration/node-services.changelog-init.xml::1511451595465-16::R3.Corda, databaseChangeLog=master.changelog.json}
?[m?[37m[INFO] 18:18:03,999 [Test worker] changelog.ChangeSet. - Table node_notary_committed_states created {changeSet=migration/node-services.changelog-init.xml::1511451595465-16::R3.Corda, databaseChangeLog=master.changelog.json}
?[m?[37m[INFO] 18:18:03,999 [Test worker] changelog.ChangeSet. - ChangeSet migration/node-services.changelog-init.xml::1511451595465-16::R3.Corda ran successfully in 0ms {changeSet=migration/node-services.changelog-init.xml::1511451595465-16::R3.Corda, databaseChangeLog=master.changelog.json}
?[m?[37m[INFO] 18:18:04,000 [Test worker] jvm.JdbcExecutor. - INSERT INTO PUBLIC.DATABASECHANGELOG (ID, AUTHOR, FILENAME, DATEEXECUTED, ORDEREXECUTED, MD5SUM, DESCRIPTION, COMMENTS, EXECTYPE, CONTEXTS, LABELS, LIQUIBASE, DEPLOYMENT_ID) VALUES ('1511451595465-16', 'R3.Corda', 'migration/node-services.changelog-init.xml', NOW(), 111, '8:202eb6144ca2ddf982810c5b333117b8', 'createTable tableName=node_notary_committed_states', '', 'EXECUTED', NULL, NULL, '3.6.3', '1484683823') {changeSet=migration/node-services.changelog-init.xml::1511451595465-16::R3.Corda, databaseChangeLog=master.changelog.json}
?[m?[37m[INFO] 18:18:04,001 [Test worker] jvm.JdbcExecutor. - CREATE TABLE PUBLIC.node_notary_request_log (id INT NOT NULL, consuming_transaction_id NVARCHAR(64) NOT NULL, requesting_party_name NVARCHAR(255) NOT NULL, request_timestamp TIMESTAMP NOT NULL, request_signature BLOB NOT NULL) {changeSet=migration/node-services.changelog-init.xml::1521131680317-17::R3.Corda, databaseChangeLog=master.changelog.json}
?[m?[37m[INFO] 18:18:04,002 [Test worker] changelog.ChangeSet. - Table node_notary_request_log created {changeSet=migration/node-services.changelog-init.xml::1521131680317-17::R3.Corda, databaseChangeLog=master.changelog.json}
?[m?[37m[INFO] 18:18:04,002 [Test worker] changelog.ChangeSet. - ChangeSet migration/node-services.changelog-init.xml::1521131680317-17::R3.Corda ran successfully in 1ms {changeSet=migration/node-services.changelog-init.xml::1521131680317-17::R3.Corda, databaseChangeLog=master.changelog.json}
?[m?[37m[INFO] 18:18:04,003 [Test worker] jvm.JdbcExecutor. - INSERT INTO PUBLIC.DATABASECHANGELOG (ID, AUTHOR, FILENAME, DATEEXECUTED, ORDEREXECUTED, MD5SUM, DESCRIPTION, COMMENTS, EXECTYPE, CONTEXTS, LABELS, LIQUIBASE, DEPLOYMENT_ID) VALUES ('1521131680317-17', 'R3.Corda', 'migration/node-services.changelog-init.xml', NOW(), 112, '8:da67caf796d1a61c253ac38815a6fa6b', 'createTable tableName=node_notary_request_log', '', 'EXECUTED', NULL, NULL, '3.6.3', '1484683823') {changeSet=migration/node-services.changelog-init.xml::1521131680317-17::R3.Corda, databaseChangeLog=master.changelog.json}
?[m?[37m[INFO] 18:18:04,003 [Test worker] jvm.JdbcExecutor. - ALTER TABLE PUBLIC.node_notary_committed_states ADD CONSTRAINT node_notary_states_pkey PRIMARY KEY (output_index, transaction_id) {changeSet=migration/node-services.changelog-init.xml::1511451595465-41::R3.Corda, databaseChangeLog=master.changelog.json}
?[m?[37m[INFO] 18:18:04,004 [Test worker] changelog.ChangeSet. - Primary key added to node_notary_committed_states (output_index, transaction_id) {changeSet=migration/node-services.changelog-init.xml::1511451595465-41::R3.Corda, databaseChangeLog=master.changelog.json}
?[m?[37m[INFO] 18:18:04,004 [Test worker] changelog.ChangeSet. - ChangeSet migration/node-services.changelog-init.xml::1511451595465-41::R3.Corda ran successfully in 1ms {changeSet=migration/node-services.changelog-init.xml::1511451595465-41::R3.Corda, databaseChangeLog=master.changelog.json}
?[m?[37m[INFO] 18:18:04,005 [Test worker] jvm.JdbcExecutor. - INSERT INTO PUBLIC.DATABASECHANGELOG (ID, AUTHOR, FILENAME, DATEEXECUTED, ORDEREXECUTED, MD5SUM, DESCRIPTION, COMMENTS, EXECTYPE, CONTEXTS, LABELS, LIQUIBASE, DEPLOYMENT_ID) VALUES ('1511451595465-41', 'R3.Corda', 'migration/node-services.changelog-init.xml', NOW(), 113, '8:73a5b14473602a38c02858208ef2af9d', 'addPrimaryKey constraintName=node_notary_states_pkey, tableName=node_notary_committed_states', '', 'EXECUTED', NULL, NULL, '3.6.3', '1484683823') {changeSet=migration/node-services.changelog-init.xml::1511451595465-41::R3.Corda, databaseChangeLog=master.changelog.json}
?[m?[37m[INFO] 18:18:04,005 [Test worker] jvm.JdbcExecutor. - ALTER TABLE PUBLIC.node_notary_request_log ADD CONSTRAINT node_notary_request_log_pkey PRIMARY KEY (id) {changeSet=migration/node-services.changelog-init.xml::1521131680317-48::R3.Corda, databaseChangeLog=master.changelog.json}
?[m?[37m[INFO] 18:18:04,006 [Test worker] changelog.ChangeSet. - Primary key added to node_notary_request_log (id) {changeSet=migration/node-services.changelog-init.xml::1521131680317-48::R3.Corda, databaseChangeLog=master.changelog.json}
?[m?[37m[INFO] 18:18:04,006 [Test worker] changelog.ChangeSet. - ChangeSet migration/node-services.changelog-init.xml::1521131680317-48::R3.Corda ran successfully in 1ms {changeSet=migration/node-services.changelog-init.xml::1521131680317-48::R3.Corda, databaseChangeLog=master.changelog.json}
?[m?[37m[INFO] 18:18:04,006 [Test worker] jvm.JdbcExecutor. - INSERT INTO PUBLIC.DATABASECHANGELOG (ID, AUTHOR, FILENAME, DATEEXECUTED, ORDEREXECUTED, MD5SUM, DESCRIPTION, COMMENTS, EXECTYPE, CONTEXTS, LABELS, LIQUIBASE, DEPLOYMENT_ID) VALUES ('1521131680317-48', 'R3.Corda', 'migration/node-services.changelog-init.xml', NOW(), 114, '8:7b2392b8e69fe748f22e678d1e8b1d3e', 'addPrimaryKey constraintName=node_notary_request_log_pkey, tableName=node_notary_request_log', '', 'EXECUTED', NULL, NULL, '3.6.3', '1484683823') {changeSet=migration/node-services.changelog-init.xml::1521131680317-48::R3.Corda, databaseChangeLog=master.changelog.json}
?[m?[37m[INFO] 18:18:04,007 [Test worker] jvm.JdbcExecutor. - ALTER TABLE PUBLIC.node_notary_committed_states ALTER COLUMN consuming_transaction_id SET NOT NULL {changeSet=migration/node-services.changelog-init.xml::nullability::R3.Corda, databaseChangeLog=master.changelog.json}
?[m?[37m[INFO] 18:18:04,008 [Test worker] changelog.ChangeSet. - NOT NULL constraint has been added to node_notary_committed_states.consuming_transaction_id {changeSet=migration/node-services.changelog-init.xml::nullability::R3.Corda, databaseChangeLog=master.changelog.json}
?[m?[37m[INFO] 18:18:04,008 [Test worker] changelog.ChangeSet. - ChangeSet migration/node-services.changelog-init.xml::nullability::R3.Corda ran successfully in 1ms {changeSet=migration/node-services.changelog-init.xml::nullability::R3.Corda, databaseChangeLog=master.changelog.json}
?[m?[37m[INFO] 18:18:04,009 [Test worker] jvm.JdbcExecutor. - INSERT INTO PUBLIC.DATABASECHANGELOG (ID, AUTHOR, FILENAME, DATEEXECUTED, ORDEREXECUTED, MD5SUM, DESCRIPTION, COMMENTS, EXECTYPE, CONTEXTS, LABELS, LIQUIBASE, DEPLOYMENT_ID) VALUES ('nullability', 'R3.Corda', 'migration/node-services.changelog-init.xml', NOW(), 115, '8:3a26bc5f7d8e2feba54946ed0460d0a6', 'addNotNullConstraint columnName=consuming_transaction_id, tableName=node_notary_committed_states', '', 'EXECUTED', NULL, NULL, '3.6.3', '1484683823') {changeSet=migration/node-services.changelog-init.xml::nullability::R3.Corda, databaseChangeLog=master.changelog.json}
?[m?[37m[INFO] 18:18:04,017 [Test worker] changelog.ChangeSet. - Marking ChangeSet: migration/node-notary.changelog-v2.xml::rename-table-notary-commit-log::R3.Corda ran despite precondition failure due to onFail='MARK_RAN': 
          master.changelog.json : Table PUBLIC.node_notary_commit_log does not exist
 {changeSet=migration/node-notary.changelog-v2.xml::rename-table-notary-commit-log::R3.Corda, databaseChangeLog=master.changelog.json}
?[m?[37m[INFO] 18:18:04,018 [Test worker] jvm.JdbcExecutor. - INSERT INTO PUBLIC.DATABASECHANGELOG (ID, AUTHOR, FILENAME, DATEEXECUTED, ORDEREXECUTED, MD5SUM, DESCRIPTION, COMMENTS, EXECTYPE, CONTEXTS, LABELS, LIQUIBASE, DEPLOYMENT_ID) VALUES ('rename-table-notary-commit-log', 'R3.Corda', 'migration/node-notary.changelog-v2.xml', NOW(), 116, '8:18c525e013adbd6f729983990933c4f4', 'renameTable newTableName=node_notary_committed_states, oldTableName=node_notary_commit_log', '', 'MARK_RAN', NULL, NULL, '3.6.3', '1484683823') {changeSet=migration/node-notary.changelog-v2.xml::rename-table-notary-commit-log::R3.Corda, databaseChangeLog=master.changelog.json}
?[m?[37m[INFO] 18:18:04,020 [Test worker] changelog.ChangeSet. - Marking ChangeSet: migration/node-notary.changelog-v2.xml::create-notary-request-log-table::R3.Corda ran despite precondition failure due to onFail='MARK_RAN': 
          master.changelog.json : Not precondition failed
 {changeSet=migration/node-notary.changelog-v2.xml::create-notary-request-log-table::R3.Corda, databaseChangeLog=master.changelog.json}
?[m?[37m[INFO] 18:18:04,021 [Test worker] jvm.JdbcExecutor. - INSERT INTO PUBLIC.DATABASECHANGELOG (ID, AUTHOR, FILENAME, DATEEXECUTED, ORDEREXECUTED, MD5SUM, DESCRIPTION, COMMENTS, EXECTYPE, CONTEXTS, LABELS, LIQUIBASE, DEPLOYMENT_ID) VALUES ('create-notary-request-log-table', 'R3.Corda', 'migration/node-notary.changelog-v2.xml', NOW(), 117, '8:d25c67b0275b7f205b89a85407bf51d0', 'createTable tableName=node_notary_request_log; addPrimaryKey constraintName=node_notary_request_log_pkey, tableName=node_notary_request_log', '', 'MARK_RAN', NULL, NULL, '3.6.3', '1484683823') {changeSet=migration/node-notary.changelog-v2.xml::create-notary-request-log-table::R3.Corda, databaseChangeLog=master.changelog.json}
?[m?[37m[INFO] 18:18:04,023 [Test worker] jvm.JdbcExecutor. - INSERT INTO PUBLIC.DATABASECHANGELOG (ID, AUTHOR, FILENAME, DATEEXECUTED, ORDEREXECUTED, MD5SUM, DESCRIPTION, COMMENTS, EXECTYPE, CONTEXTS, LABELS, LIQUIBASE, DEPLOYMENT_ID) VALUES ('non-clustered_pk-notary_state', 'R3.Corda', 'migration/node-notary.changelog-pkey.xml', NOW(), 118, '8:5b30922594a05dde8768e8af608451f5', 'dropPrimaryKey constraintName=node_notary_states_pkey, tableName=node_notary_committed_states; addPrimaryKey constraintName=node_notary_states_pkey, tableName=node_notary_committed_states', '', 'MARK_RAN', NULL, NULL, '3.6.3', '1484683823') {changeSet=migration/node-notary.changelog-pkey.xml::non-clustered_pk-notary_state::R3.Corda, databaseChangeLog=master.changelog.json}
?[m?[37m[INFO] 18:18:04,024 [Test worker] jvm.JdbcExecutor. - CREATE TABLE PUBLIC.node_notary_committed_txs (transaction_id NVARCHAR(64) NOT NULL) {changeSet=migration/node-notary.changelog-committed-transactions-table.xml::create-notary-committed-transactions-table::R3.Corda, databaseChangeLog=master.changelog.json}
?[m?[37m[INFO] 18:18:04,024 [Test worker] changelog.ChangeSet. - Table node_notary_committed_txs created {changeSet=migration/node-notary.changelog-committed-transactions-table.xml::create-notary-committed-transactions-table::R3.Corda, databaseChangeLog=master.changelog.json}
?[m?[37m[INFO] 18:18:04,024 [Test worker] jvm.JdbcExecutor. - ALTER TABLE PUBLIC.node_notary_committed_txs ADD CONSTRAINT node_notary_transactions_pkey PRIMARY KEY (transaction_id) {changeSet=migration/node-notary.changelog-committed-transactions-table.xml::create-notary-committed-transactions-table::R3.Corda, databaseChangeLog=master.changelog.json}
?[m?[37m[INFO] 18:18:04,025 [Test worker] changelog.ChangeSet. - Primary key added to node_notary_committed_txs (transaction_id) {changeSet=migration/node-notary.changelog-committed-transactions-table.xml::create-notary-committed-transactions-table::R3.Corda, databaseChangeLog=master.changelog.json}
?[m?[37m[INFO] 18:18:04,025 [Test worker] changelog.ChangeSet. - ChangeSet migration/node-notary.changelog-committed-transactions-table.xml::create-notary-committed-transactions-table::R3.Corda ran successfully in 1ms {changeSet=migration/node-notary.changelog-committed-transactions-table.xml::create-notary-committed-transactions-table::R3.Corda, databaseChangeLog=master.changelog.json}
?[m?[37m[INFO] 18:18:04,026 [Test worker] jvm.JdbcExecutor. - INSERT INTO PUBLIC.DATABASECHANGELOG (ID, AUTHOR, FILENAME, DATEEXECUTED, ORDEREXECUTED, MD5SUM, DESCRIPTION, COMMENTS, EXECTYPE, CONTEXTS, LABELS, LIQUIBASE, DEPLOYMENT_ID) VALUES ('create-notary-committed-transactions-table', 'R3.Corda', 'migration/node-notary.changelog-committed-transactions-table.xml', NOW(), 119, '8:ab59160cd3f0ceb591177364f90aa039', 'createTable tableName=node_notary_committed_txs; addPrimaryKey constraintName=node_notary_transactions_pkey, tableName=node_notary_committed_txs', '', 'EXECUTED', NULL, NULL, '3.6.3', '1484683823') {changeSet=migration/node-notary.changelog-committed-transactions-table.xml::create-notary-committed-transactions-table::R3.Corda, databaseChangeLog=master.changelog.json}
?[m?[37m[INFO] 18:18:04,027 [Test worker] changelog.ChangeSet. - Marking ChangeSet: migration/node-notary.changelog-v3.xml::notary-request-log-change-id-type-oracle::R3.Corda ran despite precondition failure due to onFail='MARK_RAN': 
          master.changelog.json : DBMS Precondition failed: expected oracle, got h2
 {changeSet=migration/node-notary.changelog-v3.xml::notary-request-log-change-id-type-oracle::R3.Corda, databaseChangeLog=master.changelog.json}
?[m?[37m[INFO] 18:18:04,028 [Test worker] jvm.JdbcExecutor. - INSERT INTO PUBLIC.DATABASECHANGELOG (ID, AUTHOR, FILENAME, DATEEXECUTED, ORDEREXECUTED, MD5SUM, DESCRIPTION, COMMENTS, EXECTYPE, CONTEXTS, LABELS, LIQUIBASE, DEPLOYMENT_ID) VALUES ('notary-request-log-change-id-type-oracle', 'R3.Corda', 'migration/node-notary.changelog-v3.xml', NOW(), 120, '8:b69dc22ed24041b6f852d1c0393dd5db', 'addColumn tableName=node_notary_request_log; sql; dropPrimaryKey constraintName=node_notary_request_log_pkey, tableName=node_notary_request_log; dropColumn columnName=id, tableName=node_notary_request_log; renameColumn newColumnName=id, oldColumnN...', '', 'MARK_RAN', NULL, NULL, '3.6.3', '1484683823') {changeSet=migration/node-notary.changelog-v3.xml::notary-request-log-change-id-type-oracle::R3.Corda, databaseChangeLog=master.changelog.json}
?[m?[37m[INFO] 18:18:04,030 [Test worker] jvm.JdbcExecutor. - ALTER TABLE PUBLIC.node_notary_request_log DROP PRIMARY KEY {changeSet=migration/node-notary.changelog-v3.xml::notary-request-log-change-id-type-others::R3.Corda, databaseChangeLog=master.changelog.json}
?[m?[37m[INFO] 18:18:04,030 [Test worker] changelog.ChangeSet. - Primary key dropped from node_notary_request_log {changeSet=migration/node-notary.changelog-v3.xml::notary-request-log-change-id-type-others::R3.Corda, databaseChangeLog=master.changelog.json}
?[m?[37m[INFO] 18:18:04,030 [Test worker] jvm.JdbcExecutor. - ALTER TABLE PUBLIC.node_notary_request_log ALTER COLUMN id NVARCHAR(76) NOT NULL {changeSet=migration/node-notary.changelog-v3.xml::notary-request-log-change-id-type-others::R3.Corda, databaseChangeLog=master.changelog.json}
?[m?[37m[INFO] 18:18:04,033 [Test worker] changelog.ChangeSet. - node_notary_request_log.id datatype was changed to NVARCHAR(76) NOT NULL {changeSet=migration/node-notary.changelog-v3.xml::notary-request-log-change-id-type-others::R3.Corda, databaseChangeLog=master.changelog.json}
?[m?[37m[INFO] 18:18:04,033 [Test worker] jvm.JdbcExecutor. - ALTER TABLE PUBLIC.node_notary_request_log ADD CONSTRAINT node_notary_request_log_pkey PRIMARY KEY (id) {changeSet=migration/node-notary.changelog-v3.xml::notary-request-log-change-id-type-others::R3.Corda, databaseChangeLog=master.changelog.json}
?[m?[37m[INFO] 18:18:04,033 [Test worker] changelog.ChangeSet. - Primary key added to node_notary_request_log (id) {changeSet=migration/node-notary.changelog-v3.xml::notary-request-log-change-id-type-others::R3.Corda, databaseChangeLog=master.changelog.json}
?[m?[37m[INFO] 18:18:04,034 [Test worker] changelog.ChangeSet. - ChangeSet migration/node-notary.changelog-v3.xml::notary-request-log-change-id-type-others::R3.Corda ran successfully in 5ms {changeSet=migration/node-notary.changelog-v3.xml::notary-request-log-change-id-type-others::R3.Corda, databaseChangeLog=master.changelog.json}
?[m?[37m[INFO] 18:18:04,034 [Test worker] jvm.JdbcExecutor. - INSERT INTO PUBLIC.DATABASECHANGELOG (ID, AUTHOR, FILENAME, DATEEXECUTED, ORDEREXECUTED, MD5SUM, DESCRIPTION, COMMENTS, EXECTYPE, CONTEXTS, LABELS, LIQUIBASE, DEPLOYMENT_ID) VALUES ('notary-request-log-change-id-type-others', 'R3.Corda', 'migration/node-notary.changelog-v3.xml', NOW(), 121, '8:a753963cc30ce326678e51ae5fd7e529', 'dropPrimaryKey constraintName=node_notary_request_log_pkey, tableName=node_notary_request_log; modifyDataType columnName=id, tableName=node_notary_request_log; addPrimaryKey constraintName=node_notary_request_log_pkey, tableName=node_notary_reques...', '', 'EXECUTED', NULL, NULL, '3.6.3', '1484683823') {changeSet=migration/node-notary.changelog-v3.xml::notary-request-log-change-id-type-others::R3.Corda, databaseChangeLog=master.changelog.json}
?[m?[37m[INFO] 18:18:04,035 [Test worker] jvm.JdbcExecutor. - ALTER TABLE PUBLIC.node_notary_request_log ADD worker_node_x500_name NVARCHAR(255) {changeSet=migration/node-notary.changelog-worker-logging.xml::worker-logging::R3.Corda, databaseChangeLog=master.changelog.json}
?[m?[37m[INFO] 18:18:04,039 [Test worker] changelog.ChangeSet. - Columns worker_node_x500_name(NVARCHAR(255)) added to node_notary_request_log {changeSet=migration/node-notary.changelog-worker-logging.xml::worker-logging::R3.Corda, databaseChangeLog=master.changelog.json}
?[m?[37m[INFO] 18:18:04,039 [Test worker] changelog.ChangeSet. - ChangeSet migration/node-notary.changelog-worker-logging.xml::worker-logging::R3.Corda ran successfully in 4ms {changeSet=migration/node-notary.changelog-worker-logging.xml::worker-logging::R3.Corda, databaseChangeLog=master.changelog.json}
?[m?[37m[INFO] 18:18:04,040 [Test worker] jvm.JdbcExecutor. - INSERT INTO PUBLIC.DATABASECHANGELOG (ID, AUTHOR, FILENAME, DATEEXECUTED, ORDEREXECUTED, MD5SUM, DESCRIPTION, COMMENTS, EXECTYPE, CONTEXTS, LABELS, LIQUIBASE, DEPLOYMENT_ID) VALUES ('worker-logging', 'R3.Corda', 'migration/node-notary.changelog-worker-logging.xml', NOW(), 122, '8:2d4a2d176d83695cdbd3fad929c6c24b', 'addColumn tableName=node_notary_request_log', '', 'EXECUTED', NULL, NULL, '3.6.3', '1484683823') {changeSet=migration/node-notary.changelog-worker-logging.xml::worker-logging::R3.Corda, databaseChangeLog=master.changelog.json}
?[m?[37m[INFO] 18:18:04,041 [Test worker] jvm.JdbcExecutor. - ALTER TABLE PUBLIC.node_notary_committed_txs DROP PRIMARY KEY {changeSet=migration/node-notary.changelog-v4.xml::node_notary_transaction_id_size::R3.Corda, databaseChangeLog=master.changelog.json}
?[m?[37m[INFO] 18:18:04,042 [Test worker] changelog.ChangeSet. - Primary key dropped from node_notary_committed_txs {changeSet=migration/node-notary.changelog-v4.xml::node_notary_transaction_id_size::R3.Corda, databaseChangeLog=master.changelog.json}
?[m?[37m[INFO] 18:18:04,042 [Test worker] jvm.JdbcExecutor. - ALTER TABLE PUBLIC.node_notary_committed_states DROP PRIMARY KEY {changeSet=migration/node-notary.changelog-v4.xml::node_notary_transaction_id_size::R3.Corda, databaseChangeLog=master.changelog.json}
?[m?[37m[INFO] 18:18:04,043 [Test worker] changelog.ChangeSet. - Primary key dropped from node_notary_committed_states {changeSet=migration/node-notary.changelog-v4.xml::node_notary_transaction_id_size::R3.Corda, databaseChangeLog=master.changelog.json}
?[m?[37m[INFO] 18:18:04,043 [Test worker] jvm.JdbcExecutor. - ALTER TABLE PUBLIC.node_notary_committed_txs ALTER COLUMN transaction_id SET NULL {changeSet=migration/node-notary.changelog-v4.xml::node_notary_transaction_id_size::R3.Corda, databaseChangeLog=master.changelog.json}
?[m?[37m[INFO] 18:18:04,043 [Test worker] changelog.ChangeSet. - Null constraint dropped from node_notary_committed_txs.transaction_id {changeSet=migration/node-notary.changelog-v4.xml::node_notary_transaction_id_size::R3.Corda, databaseChangeLog=master.changelog.json}
?[m?[37m[INFO] 18:18:04,043 [Test worker] jvm.JdbcExecutor. - ALTER TABLE PUBLIC.node_notary_committed_states ALTER COLUMN transaction_id SET NULL {changeSet=migration/node-notary.changelog-v4.xml::node_notary_transaction_id_size::R3.Corda, databaseChangeLog=master.changelog.json}
?[m?[37m[INFO] 18:18:04,044 [Test worker] changelog.ChangeSet. - Null constraint dropped from node_notary_committed_states.transaction_id {changeSet=migration/node-notary.changelog-v4.xml::node_notary_transaction_id_size::R3.Corda, databaseChangeLog=master.changelog.json}
?[m?[37m[INFO] 18:18:04,044 [Test worker] jvm.JdbcExecutor. - ALTER TABLE PUBLIC.node_notary_committed_states ALTER COLUMN consuming_transaction_id SET NULL {changeSet=migration/node-notary.changelog-v4.xml::node_notary_transaction_id_size::R3.Corda, databaseChangeLog=master.changelog.json}
?[m?[37m[INFO] 18:18:04,044 [Test worker] changelog.ChangeSet. - Null constraint dropped from node_notary_committed_states.consuming_transaction_id {changeSet=migration/node-notary.changelog-v4.xml::node_notary_transaction_id_size::R3.Corda, databaseChangeLog=master.changelog.json}
?[m?[37m[INFO] 18:18:04,044 [Test worker] jvm.JdbcExecutor. - ALTER TABLE PUBLIC.node_notary_request_log ALTER COLUMN consuming_transaction_id SET NULL {changeSet=migration/node-notary.changelog-v4.xml::node_notary_transaction_id_size::R3.Corda, databaseChangeLog=master.changelog.json}
?[m?[37m[INFO] 18:18:04,045 [Test worker] changelog.ChangeSet. - Null constraint dropped from node_notary_request_log.consuming_transaction_id {changeSet=migration/node-notary.changelog-v4.xml::node_notary_transaction_id_size::R3.Corda, databaseChangeLog=master.changelog.json}
?[m?[37m[INFO] 18:18:04,045 [Test worker] jvm.JdbcExecutor. - ALTER TABLE PUBLIC.node_notary_committed_txs ALTER COLUMN transaction_id NVARCHAR(144) {changeSet=migration/node-notary.changelog-v4.xml::node_notary_transaction_id_size::R3.Corda, databaseChangeLog=master.changelog.json}
?[m?[37m[INFO] 18:18:04,047 [Test worker] changelog.ChangeSet. - node_notary_committed_txs.transaction_id datatype was changed to NVARCHAR(144) {changeSet=migration/node-notary.changelog-v4.xml::node_notary_transaction_id_size::R3.Corda, databaseChangeLog=master.changelog.json}
?[m?[37m[INFO] 18:18:04,047 [Test worker] jvm.JdbcExecutor. - ALTER TABLE PUBLIC.node_notary_committed_states ALTER COLUMN transaction_id NVARCHAR(144) {changeSet=migration/node-notary.changelog-v4.xml::node_notary_transaction_id_size::R3.Corda, databaseChangeLog=master.changelog.json}
?[m?[37m[INFO] 18:18:04,049 [Test worker] changelog.ChangeSet. - node_notary_committed_states.transaction_id datatype was changed to NVARCHAR(144) {changeSet=migration/node-notary.changelog-v4.xml::node_notary_transaction_id_size::R3.Corda, databaseChangeLog=master.changelog.json}
?[m?[37m[INFO] 18:18:04,049 [Test worker] jvm.JdbcExecutor. - ALTER TABLE PUBLIC.node_notary_committed_states ALTER COLUMN consuming_transaction_id NVARCHAR(144) {changeSet=migration/node-notary.changelog-v4.xml::node_notary_transaction_id_size::R3.Corda, databaseChangeLog=master.changelog.json}
?[m?[37m[INFO] 18:18:04,051 [Test worker] changelog.ChangeSet. - node_notary_committed_states.consuming_transaction_id datatype was changed to NVARCHAR(144) {changeSet=migration/node-notary.changelog-v4.xml::node_notary_transaction_id_size::R3.Corda, databaseChangeLog=master.changelog.json}
?[m?[37m[INFO] 18:18:04,051 [Test worker] jvm.JdbcExecutor. - ALTER TABLE PUBLIC.node_notary_request_log ALTER COLUMN consuming_transaction_id NVARCHAR(144) {changeSet=migration/node-notary.changelog-v4.xml::node_notary_transaction_id_size::R3.Corda, databaseChangeLog=master.changelog.json}
?[m?[37m[INFO] 18:18:04,054 [Test worker] changelog.ChangeSet. - node_notary_request_log.consuming_transaction_id datatype was changed to NVARCHAR(144) {changeSet=migration/node-notary.changelog-v4.xml::node_notary_transaction_id_size::R3.Corda, databaseChangeLog=master.changelog.json}
?[m?[37m[INFO] 18:18:04,054 [Test worker] jvm.JdbcExecutor. - ALTER TABLE PUBLIC.node_notary_committed_txs ALTER COLUMN transaction_id SET NOT NULL {changeSet=migration/node-notary.changelog-v4.xml::node_notary_transaction_id_size::R3.Corda, databaseChangeLog=master.changelog.json}
?[m?[37m[INFO] 18:18:04,055 [Test worker] changelog.ChangeSet. - NOT NULL constraint has been added to node_notary_committed_txs.transaction_id {changeSet=migration/node-notary.changelog-v4.xml::node_notary_transaction_id_size::R3.Corda, databaseChangeLog=master.changelog.json}
?[m?[37m[INFO] 18:18:04,055 [Test worker] jvm.JdbcExecutor. - ALTER TABLE PUBLIC.node_notary_committed_states ALTER COLUMN transaction_id SET NOT NULL {changeSet=migration/node-notary.changelog-v4.xml::node_notary_transaction_id_size::R3.Corda, databaseChangeLog=master.changelog.json}
?[m?[37m[INFO] 18:18:04,055 [Test worker] changelog.ChangeSet. - NOT NULL constraint has been added to node_notary_committed_states.transaction_id {changeSet=migration/node-notary.changelog-v4.xml::node_notary_transaction_id_size::R3.Corda, databaseChangeLog=master.changelog.json}
?[m?[37m[INFO] 18:18:04,055 [Test worker] jvm.JdbcExecutor. - ALTER TABLE PUBLIC.node_notary_committed_states ALTER COLUMN consuming_transaction_id SET NOT NULL {changeSet=migration/node-notary.changelog-v4.xml::node_notary_transaction_id_size::R3.Corda, databaseChangeLog=master.changelog.json}
?[m?[37m[INFO] 18:18:04,056 [Test worker] changelog.ChangeSet. - NOT NULL constraint has been added to node_notary_committed_states.consuming_transaction_id {changeSet=migration/node-notary.changelog-v4.xml::node_notary_transaction_id_size::R3.Corda, databaseChangeLog=master.changelog.json}
?[m?[37m[INFO] 18:18:04,056 [Test worker] jvm.JdbcExecutor. - ALTER TABLE PUBLIC.node_notary_request_log ALTER COLUMN consuming_transaction_id SET NOT NULL {changeSet=migration/node-notary.changelog-v4.xml::node_notary_transaction_id_size::R3.Corda, databaseChangeLog=master.changelog.json}
?[m?[37m[INFO] 18:18:04,056 [Test worker] changelog.ChangeSet. - NOT NULL constraint has been added to node_notary_request_log.consuming_transaction_id {changeSet=migration/node-notary.changelog-v4.xml::node_notary_transaction_id_size::R3.Corda, databaseChangeLog=master.changelog.json}
?[m?[37m[INFO] 18:18:04,056 [Test worker] jvm.JdbcExecutor. - ALTER TABLE PUBLIC.node_notary_committed_txs ADD CONSTRAINT node_notary_transactions_pkey PRIMARY KEY (transaction_id) {changeSet=migration/node-notary.changelog-v4.xml::node_notary_transaction_id_size::R3.Corda, databaseChangeLog=master.changelog.json}
?[m?[37m[INFO] 18:18:04,057 [Test worker] changelog.ChangeSet. - Primary key added to node_notary_committed_txs (transaction_id) {changeSet=migration/node-notary.changelog-v4.xml::node_notary_transaction_id_size::R3.Corda, databaseChangeLog=master.changelog.json}
?[m?[37m[INFO] 18:18:04,057 [Test worker] jvm.JdbcExecutor. - ALTER TABLE PUBLIC.node_notary_committed_states ADD CONSTRAINT node_notary_states_pkey PRIMARY KEY (output_index, transaction_id) {changeSet=migration/node-notary.changelog-v4.xml::node_notary_transaction_id_size::R3.Corda, databaseChangeLog=master.changelog.json}
?[m?[37m[INFO] 18:18:04,057 [Test worker] changelog.ChangeSet. - Primary key added to node_notary_committed_states (output_index, transaction_id) {changeSet=migration/node-notary.changelog-v4.xml::node_notary_transaction_id_size::R3.Corda, databaseChangeLog=master.changelog.json}
?[m?[37m[INFO] 18:18:04,057 [Test worker] changelog.ChangeSet. - ChangeSet migration/node-notary.changelog-v4.xml::node_notary_transaction_id_size::R3.Corda ran successfully in 16ms {changeSet=migration/node-notary.changelog-v4.xml::node_notary_transaction_id_size::R3.Corda, databaseChangeLog=master.changelog.json}
?[m?[37m[INFO] 18:18:04,059 [Test worker] jvm.JdbcExecutor. - INSERT INTO PUBLIC.DATABASECHANGELOG (ID, AUTHOR, FILENAME, DATEEXECUTED, ORDEREXECUTED, MD5SUM, DESCRIPTION, COMMENTS, EXECTYPE, CONTEXTS, LABELS, LIQUIBASE, DEPLOYMENT_ID) VALUES ('node_notary_transaction_id_size', 'R3.Corda', 'migration/node-notary.changelog-v4.xml', NOW(), 123, '8:31f414081683e56e41cadb1c33e8cbe7', 'dropPrimaryKey constraintName=node_notary_transactions_pkey, tableName=node_notary_committed_txs; dropPrimaryKey constraintName=node_notary_states_pkey, tableName=node_notary_committed_states; dropNotNullConstraint columnName=transaction_id, table...', '', 'EXECUTED', NULL, NULL, '3.6.3', '1484683823') {changeSet=migration/node-notary.changelog-v4.xml::node_notary_transaction_id_size::R3.Corda, databaseChangeLog=master.changelog.json}
?[m?[37m[INFO] 18:18:04,060 [Test worker] jvm.JdbcExecutor. - INSERT INTO PUBLIC.DATABASECHANGELOG (ID, AUTHOR, FILENAME, DATEEXECUTED, ORDEREXECUTED, MD5SUM, DESCRIPTION, COMMENTS, EXECTYPE, CONTEXTS, LABELS, LIQUIBASE, DEPLOYMENT_ID) VALUES ('node_notary_transaction_id_size-non-clustered_pk', 'R3.Corda', 'migration/node-notary.changelog-v4.xml', NOW(), 124, '8:5b30922594a05dde8768e8af608451f5', 'dropPrimaryKey constraintName=node_notary_states_pkey, tableName=node_notary_committed_states; addPrimaryKey constraintName=node_notary_states_pkey, tableName=node_notary_committed_states', '', 'MARK_RAN', NULL, NULL, '3.6.3', '1484683823') {changeSet=migration/node-notary.changelog-v4.xml::node_notary_transaction_id_size-non-clustered_pk::R3.Corda, databaseChangeLog=master.changelog.json}
?[m?[37m[INFO] 18:18:04,062 [Test worker] lockservice.StandardLockService. - Successfully released change log lock
?[m?[37m[INFO] 18:18:04,144 [Test worker] jvm.JdbcExecutor. - SELECT MD5SUM FROM PUBLIC.DATABASECHANGELOG WHERE MD5SUM IS NOT NULL
?[m?[37m[INFO] 18:18:04,145 [Test worker] jvm.JdbcExecutor. - SELECT COUNT(*) FROM PUBLIC.DATABASECHANGELOG
?[m?[37m[INFO] 18:18:04,145 [Test worker] changelog.StandardChangeLogHistoryService. - Reading from PUBLIC.DATABASECHANGELOG
?[m?[37m[INFO] 18:18:04,145 [Test worker] jvm.JdbcExecutor. - SELECT * FROM PUBLIC.DATABASECHANGELOG ORDER BY DATEEXECUTED ASC, ORDEREXECUTED ASC
?[m?[37m[INFO] 18:18:04,148 [Test worker] jvm.JdbcExecutor. - SELECT COUNT(*) FROM PUBLIC.DATABASECHANGELOGLOCK
?[m?[37m[INFO] 18:18:04,148 [Test worker] jvm.JdbcExecutor. - SELECT COUNT(*) FROM PUBLIC.DATABASECHANGELOGLOCK
?[m?[37m[INFO] 18:18:04,155 [Test worker] jvm.JdbcExecutor. - SELECT LOCKED FROM PUBLIC.DATABASECHANGELOGLOCK WHERE ID=1
?[m?[37m[INFO] 18:18:04,156 [Test worker] lockservice.StandardLockService. - Successfully acquired change log lock
?[m?[37m[INFO] 18:18:04,159 [Test worker] jvm.JdbcExecutor. - CREATE TABLE PUBLIC.fungible_token (output_index INT NOT NULL, transaction_id NVARCHAR(64) NOT NULL, amount BIGINT NOT NULL, holder NVARCHAR(255) NOT NULL, issuer NVARCHAR(255) NOT NULL, token_class NVARCHAR(255) NOT NULL, token_identifier NVARCHAR(255) NOT NULL) {changeSet=migration/fungible-token-schema.changelog-init.xml::create_fungible_token_table_id::R3.Corda, databaseChangeLog=master.changelog.json}
?[m?[37m[INFO] 18:18:04,160 [Test worker] changelog.ChangeSet. - Table fungible_token created {changeSet=migration/fungible-token-schema.changelog-init.xml::create_fungible_token_table_id::R3.Corda, databaseChangeLog=master.changelog.json}
?[m?[37m[INFO] 18:18:04,160 [Test worker] changelog.ChangeSet. - ChangeSet migration/fungible-token-schema.changelog-init.xml::create_fungible_token_table_id::R3.Corda ran successfully in 1ms {changeSet=migration/fungible-token-schema.changelog-init.xml::create_fungible_token_table_id::R3.Corda, databaseChangeLog=master.changelog.json}
?[m?[37m[INFO] 18:18:04,160 [Test worker] jvm.JdbcExecutor. - SELECT MAX(ORDEREXECUTED) FROM PUBLIC.DATABASECHANGELOG {changeSet=migration/fungible-token-schema.changelog-init.xml::create_fungible_token_table_id::R3.Corda, databaseChangeLog=master.changelog.json}
?[m?[37m[INFO] 18:18:04,162 [Test worker] jvm.JdbcExecutor. - INSERT INTO PUBLIC.DATABASECHANGELOG (ID, AUTHOR, FILENAME, DATEEXECUTED, ORDEREXECUTED, MD5SUM, DESCRIPTION, COMMENTS, EXECTYPE, CONTEXTS, LABELS, LIQUIBASE, DEPLOYMENT_ID) VALUES ('create_fungible_token_table_id', 'R3.Corda', 'migration/fungible-token-schema.changelog-init.xml', NOW(), 125, '8:708f2a949e8783d30c0cc4b33ea5bfcd', 'createTable tableName=fungible_token', '', 'EXECUTED', NULL, NULL, '3.6.3', '1484684156') {changeSet=migration/fungible-token-schema.changelog-init.xml::create_fungible_token_table_id::R3.Corda, databaseChangeLog=master.changelog.json}
?[m?[37m[INFO] 18:18:04,163 [Test worker] jvm.JdbcExecutor. - ALTER TABLE PUBLIC.fungible_token ADD CONSTRAINT fungible_token_pkey PRIMARY KEY (output_index, transaction_id) {changeSet=migration/fungible-token-schema.changelog-init.xml::fungible_token_pkey_id::R3.Corda, databaseChangeLog=master.changelog.json}
?[m?[37m[INFO] 18:18:04,163 [Test worker] changelog.ChangeSet. - Primary key added to fungible_token (output_index, transaction_id) {changeSet=migration/fungible-token-schema.changelog-init.xml::fungible_token_pkey_id::R3.Corda, databaseChangeLog=master.changelog.json}
?[m?[37m[INFO] 18:18:04,163 [Test worker] changelog.ChangeSet. - ChangeSet migration/fungible-token-schema.changelog-init.xml::fungible_token_pkey_id::R3.Corda ran successfully in 0ms {changeSet=migration/fungible-token-schema.changelog-init.xml::fungible_token_pkey_id::R3.Corda, databaseChangeLog=master.changelog.json}
?[m?[37m[INFO] 18:18:04,164 [Test worker] jvm.JdbcExecutor. - INSERT INTO PUBLIC.DATABASECHANGELOG (ID, AUTHOR, FILENAME, DATEEXECUTED, ORDEREXECUTED, MD5SUM, DESCRIPTION, COMMENTS, EXECTYPE, CONTEXTS, LABELS, LIQUIBASE, DEPLOYMENT_ID) VALUES ('fungible_token_pkey_id', 'R3.Corda', 'migration/fungible-token-schema.changelog-init.xml', NOW(), 126, '8:6a623895e620b0cec9857d9f16bfec15', 'addPrimaryKey constraintName=fungible_token_pkey, tableName=fungible_token', '', 'EXECUTED', NULL, NULL, '3.6.3', '1484684156') {changeSet=migration/fungible-token-schema.changelog-init.xml::fungible_token_pkey_id::R3.Corda, databaseChangeLog=master.changelog.json}
?[m?[37m[INFO] 18:18:04,165 [Test worker] jvm.JdbcExecutor. - CREATE INDEX PUBLIC.amount_idx ON PUBLIC.fungible_token(amount) {changeSet=migration/fungible-token-schema.changelog-init.xml::amount_idx_id::R3.Corda, databaseChangeLog=master.changelog.json}
?[m?[37m[INFO] 18:18:04,166 [Test worker] changelog.ChangeSet. - Index amount_idx created {changeSet=migration/fungible-token-schema.changelog-init.xml::amount_idx_id::R3.Corda, databaseChangeLog=master.changelog.json}
?[m?[37m[INFO] 18:18:04,166 [Test worker] changelog.ChangeSet. - ChangeSet migration/fungible-token-schema.changelog-init.xml::amount_idx_id::R3.Corda ran successfully in 1ms {changeSet=migration/fungible-token-schema.changelog-init.xml::amount_idx_id::R3.Corda, databaseChangeLog=master.changelog.json}
?[m?[37m[INFO] 18:18:04,167 [Test worker] jvm.JdbcExecutor. - INSERT INTO PUBLIC.DATABASECHANGELOG (ID, AUTHOR, FILENAME, DATEEXECUTED, ORDEREXECUTED, MD5SUM, DESCRIPTION, COMMENTS, EXECTYPE, CONTEXTS, LABELS, LIQUIBASE, DEPLOYMENT_ID) VALUES ('amount_idx_id', 'R3.Corda', 'migration/fungible-token-schema.changelog-init.xml', NOW(), 127, '8:1ae6fc41a1462d4038cdb056e384dfa9', 'createIndex indexName=amount_idx, tableName=fungible_token', '', 'EXECUTED', NULL, NULL, '3.6.3', '1484684156') {changeSet=migration/fungible-token-schema.changelog-init.xml::amount_idx_id::R3.Corda, databaseChangeLog=master.changelog.json}
?[m?[37m[INFO] 18:18:04,168 [Test worker] jvm.JdbcExecutor. - CREATE INDEX PUBLIC.held_token_amount_idx ON PUBLIC.fungible_token(token_class, token_identifier) {changeSet=migration/fungible-token-schema.changelog-init.xml::held_token_amount_idx_id::R3.Corda, databaseChangeLog=master.changelog.json}
?[m?[37m[INFO] 18:18:04,170 [Test worker] changelog.ChangeSet. - Index held_token_amount_idx created {changeSet=migration/fungible-token-schema.changelog-init.xml::held_token_amount_idx_id::R3.Corda, databaseChangeLog=master.changelog.json}
?[m?[37m[INFO] 18:18:04,171 [Test worker] changelog.ChangeSet. - ChangeSet migration/fungible-token-schema.changelog-init.xml::held_token_amount_idx_id::R3.Corda ran successfully in 3ms {changeSet=migration/fungible-token-schema.changelog-init.xml::held_token_amount_idx_id::R3.Corda, databaseChangeLog=master.changelog.json}
?[m?[37m[INFO] 18:18:04,173 [Test worker] jvm.JdbcExecutor. - INSERT INTO PUBLIC.DATABASECHANGELOG (ID, AUTHOR, FILENAME, DATEEXECUTED, ORDEREXECUTED, MD5SUM, DESCRIPTION, COMMENTS, EXECTYPE, CONTEXTS, LABELS, LIQUIBASE, DEPLOYMENT_ID) VALUES ('held_token_amount_idx_id', 'R3.Corda', 'migration/fungible-token-schema.changelog-init.xml', NOW(), 128, '8:55ffda313ce1eca16721488c8b35ee79', 'createIndex indexName=held_token_amount_idx, tableName=fungible_token', '', 'EXECUTED', NULL, NULL, '3.6.3', '1484684156') {changeSet=migration/fungible-token-schema.changelog-init.xml::held_token_amount_idx_id::R3.Corda, databaseChangeLog=master.changelog.json}
?[m?[37m[INFO] 18:18:04,174 [Test worker] jvm.JdbcExecutor. - ALTER TABLE PUBLIC.fungible_token ADD holding_key NVARCHAR(64) {changeSet=migration/fungible-token-schema.changelog-1.xml::create_fungible_token_owner_column::R3.Corda, databaseChangeLog=master.changelog.json}
?[m?[37m[INFO] 18:18:04,178 [Test worker] changelog.ChangeSet. - Columns holding_key(NVARCHAR(64)) added to fungible_token {changeSet=migration/fungible-token-schema.changelog-1.xml::create_fungible_token_owner_column::R3.Corda, databaseChangeLog=master.changelog.json}
?[m?[37m[INFO] 18:18:04,178 [Test worker] changelog.ChangeSet. - ChangeSet migration/fungible-token-schema.changelog-1.xml::create_fungible_token_owner_column::R3.Corda ran successfully in 4ms {changeSet=migration/fungible-token-schema.changelog-1.xml::create_fungible_token_owner_column::R3.Corda, databaseChangeLog=master.changelog.json}
?[m?[37m[INFO] 18:18:04,179 [Test worker] jvm.JdbcExecutor. - INSERT INTO PUBLIC.DATABASECHANGELOG (ID, AUTHOR, FILENAME, DATEEXECUTED, ORDEREXECUTED, MD5SUM, DESCRIPTION, COMMENTS, EXECTYPE, CONTEXTS, LABELS, LIQUIBASE, DEPLOYMENT_ID) VALUES ('create_fungible_token_owner_column', 'R3.Corda', 'migration/fungible-token-schema.changelog-1.xml', NOW(), 129, '8:96ca96f1426465990f153b138b0dad7a', 'addColumn tableName=fungible_token', '', 'EXECUTED', NULL, NULL, '3.6.3', '1484684156') {changeSet=migration/fungible-token-schema.changelog-1.xml::create_fungible_token_owner_column::R3.Corda, databaseChangeLog=master.changelog.json}
?[m?[37m[INFO] 18:18:04,180 [Test worker] jvm.JdbcExecutor. - CREATE INDEX PUBLIC.holding_key_idx ON PUBLIC.fungible_token(holding_key) {changeSet=migration/fungible-token-schema.changelog-1.xml::create_holding_key_idx::R3.Corda, databaseChangeLog=master.changelog.json}
?[m?[37m[INFO] 18:18:04,180 [Test worker] changelog.ChangeSet. - Index holding_key_idx created {changeSet=migration/fungible-token-schema.changelog-1.xml::create_holding_key_idx::R3.Corda, databaseChangeLog=master.changelog.json}
?[m?[37m[INFO] 18:18:04,180 [Test worker] changelog.ChangeSet. - ChangeSet migration/fungible-token-schema.changelog-1.xml::create_holding_key_idx::R3.Corda ran successfully in 1ms {changeSet=migration/fungible-token-schema.changelog-1.xml::create_holding_key_idx::R3.Corda, databaseChangeLog=master.changelog.json}
?[m?[37m[INFO] 18:18:04,181 [Test worker] jvm.JdbcExecutor. - INSERT INTO PUBLIC.DATABASECHANGELOG (ID, AUTHOR, FILENAME, DATEEXECUTED, ORDEREXECUTED, MD5SUM, DESCRIPTION, COMMENTS, EXECTYPE, CONTEXTS, LABELS, LIQUIBASE, DEPLOYMENT_ID) VALUES ('create_holding_key_idx', 'R3.Corda', 'migration/fungible-token-schema.changelog-1.xml', NOW(), 130, '8:67e32a9250726807340c01844edeaf69', 'createIndex indexName=holding_key_idx, tableName=fungible_token', '', 'EXECUTED', NULL, NULL, '3.6.3', '1484684156') {changeSet=migration/fungible-token-schema.changelog-1.xml::create_holding_key_idx::R3.Corda, databaseChangeLog=master.changelog.json}
?[m?[37m[INFO] 18:18:04,188 [Test worker] changelog.ChangeSet. - null {changeSet=migration/fungible-token-schema.changelog-1.xml::map_owning_keys_from_transactionstore::R3.Corda, databaseChangeLog=master.changelog.json}
?[m?[37m[INFO] 18:18:04,188 [Test worker] changelog.ChangeSet. - ChangeSet migration/fungible-token-schema.changelog-1.xml::map_owning_keys_from_transactionstore::R3.Corda ran successfully in 6ms {changeSet=migration/fungible-token-schema.changelog-1.xml::map_owning_keys_from_transactionstore::R3.Corda, databaseChangeLog=master.changelog.json}
?[m?[37m[INFO] 18:18:04,189 [Test worker] jvm.JdbcExecutor. - INSERT INTO PUBLIC.DATABASECHANGELOG (ID, AUTHOR, FILENAME, DATEEXECUTED, ORDEREXECUTED, MD5SUM, DESCRIPTION, COMMENTS, EXECTYPE, CONTEXTS, LABELS, LIQUIBASE, DEPLOYMENT_ID) VALUES ('map_owning_keys_from_transactionstore', 'R3.Corda', 'migration/fungible-token-schema.changelog-1.xml', NOW(), 131, '8:df80639d10d7c4f59d49908643f4c85f', 'customChange', '', 'EXECUTED', NULL, NULL, '3.6.3', '1484684156') {changeSet=migration/fungible-token-schema.changelog-1.xml::map_owning_keys_from_transactionstore::R3.Corda, databaseChangeLog=master.changelog.json}
?[m?[37m[INFO] 18:18:04,190 [Test worker] jvm.JdbcExecutor. - CREATE TABLE PUBLIC.non_fungible_token (output_index INT NOT NULL, transaction_id NVARCHAR(64) NOT NULL, holder NVARCHAR(255) NOT NULL, issuer NVARCHAR(255) NOT NULL, token_class NVARCHAR(255) NOT NULL, token_identifier NVARCHAR(255)) {changeSet=migration/non-fungible-token-schema.changelog-init.xml::create_non_fungible_token_table_id::R3.Corda, databaseChangeLog=master.changelog.json}
?[m?[37m[INFO] 18:18:04,191 [Test worker] changelog.ChangeSet. - Table non_fungible_token created {changeSet=migration/non-fungible-token-schema.changelog-init.xml::create_non_fungible_token_table_id::R3.Corda, databaseChangeLog=master.changelog.json}
?[m?[37m[INFO] 18:18:04,191 [Test worker] changelog.ChangeSet. - ChangeSet migration/non-fungible-token-schema.changelog-init.xml::create_non_fungible_token_table_id::R3.Corda ran successfully in 1ms {changeSet=migration/non-fungible-token-schema.changelog-init.xml::create_non_fungible_token_table_id::R3.Corda, databaseChangeLog=master.changelog.json}
?[m?[37m[INFO] 18:18:04,192 [Test worker] jvm.JdbcExecutor. - INSERT INTO PUBLIC.DATABASECHANGELOG (ID, AUTHOR, FILENAME, DATEEXECUTED, ORDEREXECUTED, MD5SUM, DESCRIPTION, COMMENTS, EXECTYPE, CONTEXTS, LABELS, LIQUIBASE, DEPLOYMENT_ID) VALUES ('create_non_fungible_token_table_id', 'R3.Corda', 'migration/non-fungible-token-schema.changelog-init.xml', NOW(), 132, '8:537d4553becbc43bb11c0817e1639eae', 'createTable tableName=non_fungible_token', '', 'EXECUTED', NULL, NULL, '3.6.3', '1484684156') {changeSet=migration/non-fungible-token-schema.changelog-init.xml::create_non_fungible_token_table_id::R3.Corda, databaseChangeLog=master.changelog.json}
?[m?[37m[INFO] 18:18:04,193 [Test worker] jvm.JdbcExecutor. - ALTER TABLE PUBLIC.non_fungible_token ADD CONSTRAINT non_fungible_token_pkey PRIMARY KEY (output_index, transaction_id) {changeSet=migration/non-fungible-token-schema.changelog-init.xml::non_fungible_token_pkey_id::R3.Corda, databaseChangeLog=master.changelog.json}
?[m?[37m[INFO] 18:18:04,194 [Test worker] changelog.ChangeSet. - Primary key added to non_fungible_token (output_index, transaction_id) {changeSet=migration/non-fungible-token-schema.changelog-init.xml::non_fungible_token_pkey_id::R3.Corda, databaseChangeLog=master.changelog.json}
?[m?[37m[INFO] 18:18:04,194 [Test worker] changelog.ChangeSet. - ChangeSet migration/non-fungible-token-schema.changelog-init.xml::non_fungible_token_pkey_id::R3.Corda ran successfully in 1ms {changeSet=migration/non-fungible-token-schema.changelog-init.xml::non_fungible_token_pkey_id::R3.Corda, databaseChangeLog=master.changelog.json}
?[m?[37m[INFO] 18:18:04,194 [Test worker] jvm.JdbcExecutor. - INSERT INTO PUBLIC.DATABASECHANGELOG (ID, AUTHOR, FILENAME, DATEEXECUTED, ORDEREXECUTED, MD5SUM, DESCRIPTION, COMMENTS, EXECTYPE, CONTEXTS, LABELS, LIQUIBASE, DEPLOYMENT_ID) VALUES ('non_fungible_token_pkey_id', 'R3.Corda', 'migration/non-fungible-token-schema.changelog-init.xml', NOW(), 133, '8:d08935cf27a24a32cb4c14cec40b4c30', 'addPrimaryKey constraintName=non_fungible_token_pkey, tableName=non_fungible_token', '', 'EXECUTED', NULL, NULL, '3.6.3', '1484684156') {changeSet=migration/non-fungible-token-schema.changelog-init.xml::non_fungible_token_pkey_id::R3.Corda, databaseChangeLog=master.changelog.json}
?[m?[37m[INFO] 18:18:04,195 [Test worker] jvm.JdbcExecutor. - CREATE INDEX PUBLIC.held_token_idx ON PUBLIC.non_fungible_token(token_class, token_identifier) {changeSet=migration/non-fungible-token-schema.changelog-init.xml::held_token_idx_id::R3.Corda, databaseChangeLog=master.changelog.json}
?[m?[37m[INFO] 18:18:04,195 [Test worker] changelog.ChangeSet. - Index held_token_idx created {changeSet=migration/non-fungible-token-schema.changelog-init.xml::held_token_idx_id::R3.Corda, databaseChangeLog=master.changelog.json}
?[m?[37m[INFO] 18:18:04,196 [Test worker] changelog.ChangeSet. - ChangeSet migration/non-fungible-token-schema.changelog-init.xml::held_token_idx_id::R3.Corda ran successfully in 1ms {changeSet=migration/non-fungible-token-schema.changelog-init.xml::held_token_idx_id::R3.Corda, databaseChangeLog=master.changelog.json}
?[m?[37m[INFO] 18:18:04,196 [Test worker] jvm.JdbcExecutor. - INSERT INTO PUBLIC.DATABASECHANGELOG (ID, AUTHOR, FILENAME, DATEEXECUTED, ORDEREXECUTED, MD5SUM, DESCRIPTION, COMMENTS, EXECTYPE, CONTEXTS, LABELS, LIQUIBASE, DEPLOYMENT_ID) VALUES ('held_token_idx_id', 'R3.Corda', 'migration/non-fungible-token-schema.changelog-init.xml', NOW(), 134, '8:a13b131f129e2b15eeea3fd36b572fe4', 'createIndex indexName=held_token_idx, tableName=non_fungible_token', '', 'EXECUTED', NULL, NULL, '3.6.3', '1484684156') {changeSet=migration/non-fungible-token-schema.changelog-init.xml::held_token_idx_id::R3.Corda, databaseChangeLog=master.changelog.json}
?[m?[37m[INFO] 18:18:04,197 [Test worker] jvm.JdbcExecutor. - CREATE TABLE PUBLIC.distribution_record (id BIGINT NOT NULL, linear_id VARCHAR(255) NOT NULL, party NVARCHAR(255) NOT NULL) {changeSet=migration/distribution-record-schema.changelog-init.xml::create_distribution_record_table_id::R3.Corda, databaseChangeLog=master.changelog.json}
?[m?[37m[INFO] 18:18:04,197 [Test worker] changelog.ChangeSet. - Table distribution_record created {changeSet=migration/distribution-record-schema.changelog-init.xml::create_distribution_record_table_id::R3.Corda, databaseChangeLog=master.changelog.json}
?[m?[37m[INFO] 18:18:04,197 [Test worker] changelog.ChangeSet. - ChangeSet migration/distribution-record-schema.changelog-init.xml::create_distribution_record_table_id::R3.Corda ran successfully in 0ms {changeSet=migration/distribution-record-schema.changelog-init.xml::create_distribution_record_table_id::R3.Corda, databaseChangeLog=master.changelog.json}
?[m?[37m[INFO] 18:18:04,198 [Test worker] jvm.JdbcExecutor. - INSERT INTO PUBLIC.DATABASECHANGELOG (ID, AUTHOR, FILENAME, DATEEXECUTED, ORDEREXECUTED, MD5SUM, DESCRIPTION, COMMENTS, EXECTYPE, CONTEXTS, LABELS, LIQUIBASE, DEPLOYMENT_ID) VALUES ('create_distribution_record_table_id', 'R3.Corda', 'migration/distribution-record-schema.changelog-init.xml', NOW(), 135, '8:58bbe0f002fa9a550dbc9aa60a7fda96', 'createTable tableName=distribution_record', '', 'EXECUTED', NULL, NULL, '3.6.3', '1484684156') {changeSet=migration/distribution-record-schema.changelog-init.xml::create_distribution_record_table_id::R3.Corda, databaseChangeLog=master.changelog.json}
?[m?[37m[INFO] 18:18:04,199 [Test worker] jvm.JdbcExecutor. - ALTER TABLE PUBLIC.distribution_record ADD CONSTRAINT distribution_record_pkey PRIMARY KEY (id) {changeSet=migration/distribution-record-schema.changelog-init.xml::distribution_record_pkey_id::R3.Corda, databaseChangeLog=master.changelog.json}
?[m?[37m[INFO] 18:18:04,199 [Test worker] changelog.ChangeSet. - Primary key added to distribution_record (id) {changeSet=migration/distribution-record-schema.changelog-init.xml::distribution_record_pkey_id::R3.Corda, databaseChangeLog=master.changelog.json}
?[m?[37m[INFO] 18:18:04,199 [Test worker] changelog.ChangeSet. - ChangeSet migration/distribution-record-schema.changelog-init.xml::distribution_record_pkey_id::R3.Corda ran successfully in 0ms {changeSet=migration/distribution-record-schema.changelog-init.xml::distribution_record_pkey_id::R3.Corda, databaseChangeLog=master.changelog.json}
?[m?[37m[INFO] 18:18:04,200 [Test worker] jvm.JdbcExecutor. - INSERT INTO PUBLIC.DATABASECHANGELOG (ID, AUTHOR, FILENAME, DATEEXECUTED, ORDEREXECUTED, MD5SUM, DESCRIPTION, COMMENTS, EXECTYPE, CONTEXTS, LABELS, LIQUIBASE, DEPLOYMENT_ID) VALUES ('distribution_record_pkey_id', 'R3.Corda', 'migration/distribution-record-schema.changelog-init.xml', NOW(), 136, '8:0ac8470d7e72d959df72a2f31db8916f', 'addPrimaryKey constraintName=distribution_record_pkey, tableName=distribution_record', '', 'EXECUTED', NULL, NULL, '3.6.3', '1484684156') {changeSet=migration/distribution-record-schema.changelog-init.xml::distribution_record_pkey_id::R3.Corda, databaseChangeLog=master.changelog.json}
?[m?[37m[INFO] 18:18:04,201 [Test worker] jvm.JdbcExecutor. - CREATE INDEX PUBLIC.dist_record_idx ON PUBLIC.distribution_record(linear_id) {changeSet=migration/distribution-record-schema.changelog-init.xml::dist_record_idx_id::R3.Corda, databaseChangeLog=master.changelog.json}
?[m?[37m[INFO] 18:18:04,202 [Test worker] changelog.ChangeSet. - Index dist_record_idx created {changeSet=migration/distribution-record-schema.changelog-init.xml::dist_record_idx_id::R3.Corda, databaseChangeLog=master.changelog.json}
?[m?[37m[INFO] 18:18:04,202 [Test worker] changelog.ChangeSet. - ChangeSet migration/distribution-record-schema.changelog-init.xml::dist_record_idx_id::R3.Corda ran successfully in 1ms {changeSet=migration/distribution-record-schema.changelog-init.xml::dist_record_idx_id::R3.Corda, databaseChangeLog=master.changelog.json}
?[m?[37m[INFO] 18:18:04,202 [Test worker] jvm.JdbcExecutor. - INSERT INTO PUBLIC.DATABASECHANGELOG (ID, AUTHOR, FILENAME, DATEEXECUTED, ORDEREXECUTED, MD5SUM, DESCRIPTION, COMMENTS, EXECTYPE, CONTEXTS, LABELS, LIQUIBASE, DEPLOYMENT_ID) VALUES ('dist_record_idx_id', 'R3.Corda', 'migration/distribution-record-schema.changelog-init.xml', NOW(), 137, '8:0e8c85eaeb998b9c455afeaed17a20a8', 'createIndex indexName=dist_record_idx, tableName=distribution_record', '', 'EXECUTED', NULL, NULL, '3.6.3', '1484684156') {changeSet=migration/distribution-record-schema.changelog-init.xml::dist_record_idx_id::R3.Corda, databaseChangeLog=master.changelog.json}
?[m?[37m[INFO] 18:18:04,203 [Test worker] lockservice.StandardLockService. - Successfully released change log lock
?[m?[37m[INFO] 18:18:04,222 [Test worker] internal.InternalMockNetwork$MockNode. - Connected to H2 database.
?[m?[37m[INFO] 18:18:04,297 [Test worker] persistence.HibernateConfiguration. - Init HibernateConfiguration for schemas: [CommonSchemaV1(name=net.corda.core.schemas.CommonSchema, version=1), VaultSchemaV1(name=net.corda.node.services.vault.VaultSchema, version=1), NodeInfoSchemaV1(name=net.corda.node.internal.schemas.NodeInfoSchema, version=1), NodeCoreV1(name=net.corda.node.services.schema.NodeSchemaService$NodeCore, version=1), FungibleTokenSchemaV1(name=com.r3.corda.lib.tokens.contracts.internal.schemas.FungibleTokenSchema, version=1), NonFungibleTokenSchemaV1(name=com.r3.corda.lib.tokens.contracts.internal.schemas.NonFungibleTokenSchema, version=1), TokenSchemaV1(name=com.r3.corda.lib.tokens.contracts.schemas.TokenSchema, version=1), DistributionRecordSchemaV1(name=com.r3.corda.lib.tokens.workflows.internal.schemas.DistributionRecordSchema, version=1), JPANotarySchemaV1(name=net.corda.notary.jpa.JPANotarySchema, version=1)]
?[m?[37m[INFO] 18:18:04,301 [Test worker] factory.BaseSessionFactoryFactory. - Creating session factory for schemas: [CommonSchemaV1(name=net.corda.core.schemas.CommonSchema, version=1), VaultSchemaV1(name=net.corda.node.services.vault.VaultSchema, version=1), NodeInfoSchemaV1(name=net.corda.node.internal.schemas.NodeInfoSchema, version=1), NodeCoreV1(name=net.corda.node.services.schema.NodeSchemaService$NodeCore, version=1), FungibleTokenSchemaV1(name=com.r3.corda.lib.tokens.contracts.internal.schemas.FungibleTokenSchema, version=1), NonFungibleTokenSchemaV1(name=com.r3.corda.lib.tokens.contracts.internal.schemas.NonFungibleTokenSchema, version=1), TokenSchemaV1(name=com.r3.corda.lib.tokens.contracts.schemas.TokenSchema, version=1), DistributionRecordSchemaV1(name=com.r3.corda.lib.tokens.workflows.internal.schemas.DistributionRecordSchema, version=1), JPANotarySchemaV1(name=net.corda.notary.jpa.JPANotarySchema, version=1)]
?[m?[37m[INFO] 18:18:04,568 [Test worker] hibernate.Version. - HHH000412: Hibernate Core {5.4.3.Final}
?[m?[37m[INFO] 18:18:04,699 [Test worker] common.Version. - HCANN000001: Hibernate Commons Annotations {5.1.0.Final}
?[m?[37m[INFO] 18:18:04,907 [Test worker] internal.ConnectionProviderInitiator. - HHH000130: Instantiating explicit connection provider: net.corda.nodeapi.internal.persistence.HibernateConfiguration$NodeDatabaseConnectionProvider
?[m?[37m[INFO] 18:18:04,947 [Test worker] dialect.Dialect. - HHH000400: Using dialect: org.hibernate.dialect.H2Dialect
?[m?[37m[INFO] 18:18:06,481 [Test worker] connections.access. - HHH10001501: Connection obtained from JdbcConnectionAccess [org.hibernate.engine.jdbc.env.internal.JdbcEnvironmentInitiator$ConnectionProviderJdbcConnectionAccess@295329b9] for (non-JTA) DDL execution was not in auto-commit mode; the Connection 'local transaction' will be committed and the Connection will be set into auto-commit mode.
?[m?[37m[INFO] 18:18:06,565 [Test worker] internal.JtaPlatformInitiator. - HHH000490: Using JtaPlatform implementation: [org.hibernate.engine.transaction.jta.platform.internal.NoJtaPlatform]
?[m?[37m[INFO] 18:18:06,790 [Test worker] factory.BaseSessionFactoryFactory. - Created session factory for schemas: [CommonSchemaV1(name=net.corda.core.schemas.CommonSchema, version=1), VaultSchemaV1(name=net.corda.node.services.vault.VaultSchema, version=1), NodeInfoSchemaV1(name=net.corda.node.internal.schemas.NodeInfoSchema, version=1), NodeCoreV1(name=net.corda.node.services.schema.NodeSchemaService$NodeCore, version=1), FungibleTokenSchemaV1(name=com.r3.corda.lib.tokens.contracts.internal.schemas.FungibleTokenSchema, version=1), NonFungibleTokenSchemaV1(name=com.r3.corda.lib.tokens.contracts.internal.schemas.NonFungibleTokenSchema, version=1), TokenSchemaV1(name=com.r3.corda.lib.tokens.contracts.schemas.TokenSchema, version=1), DistributionRecordSchemaV1(name=com.r3.corda.lib.tokens.workflows.internal.schemas.DistributionRecordSchema, version=1), JPANotarySchemaV1(name=net.corda.notary.jpa.JPANotarySchema, version=1)]
?[m?[37m[INFO] 18:18:07,055 [Test worker] internal.InternalMockNetwork$MockNode. - Node-info has changed so submitting update. Old node-info was null
?[m?[37m[INFO] 18:18:07,061 [Test worker] network.PersistentNetworkMapCache. - Adding node with info: NodeInfo(addresses=[mock.node:1000], legalIdentitiesAndCerts=[O=Notary, L=London, C=GB], platformVersion=11, serial=1671484687055), owningKey=DL7tvVdTBo72yu2Ag9nUvt6vGTDEckaD1ptq2of1rZ6vCg
?[m?[37m[INFO] 18:18:07,061 [Test worker] network.PersistentNetworkMapCache. - No previous node found for O=Notary, L=London, C=GB
?[m?[37m[INFO] 18:18:07,207 [Test worker] internal.InternalMockNetwork$MockNode. - New node-info: NodeInfo(addresses=[mock.node:1000], legalIdentitiesAndCerts=[O=Notary, L=London, C=GB], platformVersion=11, serial=1671484687055)
?[m?[37m[INFO] 18:18:07,266 [Test worker] network.NetworkMapUpdater. - Auto-accept enabled for network parameter changes which modify only: [epoch, modifiedTime, packageOwnership, whitelistedContractImplementations]
?[m?[37m[INFO] 18:18:07,304 [Test worker] internal.MockNodeMessagingService. - Status change to true
?[m?[37m[INFO] 18:18:07,306 [Test worker] internal.InternalMockNetwork$MockNode. - MessagingService active change to: true
?[m?[37m[INFO] 18:18:07,335 [MockNode-1-2] network.PersistentNetworkMapCache. - Adding node with info: NodeInfo(addresses=[mock.node:1000], legalIdentitiesAndCerts=[O=Notary, L=London, C=GB], platformVersion=11, serial=1671484687055), owningKey=DL7tvVdTBo72yu2Ag9nUvt6vGTDEckaD1ptq2of1rZ6vCg
?[m?[37m[INFO] 18:18:07,335 [MockNode-1-2] network.PersistentNetworkMapCache. - Previous node was identical to incoming one - doing nothing
?[m?[37m[INFO] 18:18:07,400 [Test worker] ClassloaderUtils. - Contracts loading for 'C:\Users\diogo\AppData\Local\Temp\attachment234684964918527619.jar' took 5 msec
?[m?[37m[INFO] 18:18:07,415 [Test worker] persistence.NodeAttachmentService. - Stored new attachment: id=CE8DE26FD6C21FE1E3966284DEF8E748A454C21F0BD9836854DE4DA4544311BC uploader=app filename=tokenizedhouse CorDapp
?[m?[37m[INFO] 18:18:07,424 [Test worker] ClassloaderUtils. - Contracts loading for 'C:\Users\diogo\AppData\Local\Temp\attachment6412452693322752427.jar' took 4 msec
?[m?[37m[INFO] 18:18:07,437 [Test worker] persistence.NodeAttachmentService. - Stored new attachment: id=34705DC9A2C8599998BBDBA7C3D13609AF04D8B3A772F7134D685ECC926D8320 uploader=app filename=Token SDK Contracts
?[m?[37m[INFO] 18:18:07,449 [Test worker] internal.InternalMockNetwork$MockNode. - Installed com.r3.corda.lib.tokens.selection.memory.services.VaultMigratorService Corda service
?[m?[37m[INFO] 18:18:07,459 [Test worker] cordapp.CordappConfigFileProvider. - Found config for cordapp tokens-workflows-1.2 in build\mock-network\20221219-211751.144-77960ADE5643869C\nodes\0\cordapps\config\tokens-workflows-1.2.conf
?[m?[31m[WARN] 18:18:07,516 [Test worker] inMemoryConfigSelectionLogger. - Did not detect a configuration for InMemory selection - enabling memory usage for token indexing. Please set stateSelection.inMemory.enabled to "false" to disable this
?[m?[31m[WARN] 18:18:07,518 [Test worker] inMemoryConfigSelectionLogger. - No indexing method specified. Indexes will be created at run-time for each invocation of selectTokens
?[m?[37m[INFO] 18:18:07,518 [Test worker] inMemoryConfigSelectionLogger. - Found in memory token selection configuration with values indexing strategy: [], cacheSize: 1024
?[m?[31m[WARN] 18:18:07,537 [Test worker] vault.NodeVaultService. - trackBy is called with an already existing, open DB transaction. As a result, there might be states missing from both the snapshot and observable, included in the returned data feed, because of race conditions.
?[m?[31m[WARN] 18:18:07,612 [Test worker] inMemoryConfigSelectionLogger. - Did not detect a configuration for InMemory selection - enabling memory usage for token indexing. Please set stateSelection.inMemory.enabled to "false" to disable this
?[m?[31m[WARN] 18:18:07,613 [Test worker] inMemoryConfigSelectionLogger. - No indexing method specified. Indexes will be created at run-time for each invocation of selectTokens
?[m?[37m[INFO] 18:18:07,613 [Test worker] inMemoryConfigSelectionLogger. - Found in memory token selection configuration with values indexing strategy: [], cacheSize: 1024
?[m?[37m[INFO] 18:18:07,614 [Test worker] services.VaultWatcherService. - Starting async token loading from vault
?[m?[37m[INFO] 18:18:07,618 [Test worker] internal.InternalMockNetwork$MockNode. - Installed com.r3.corda.lib.tokens.selection.memory.services.VaultWatcherService Corda service
?[m?[37m[INFO] 18:18:07,619 [Test worker] utilities.NotaryLoader. - Starting notary service: class net.corda.notary.jpa.JPANotaryService
?[m?[37m[INFO] 18:18:07,628 [pool-12-thread-1] services.VaultWatcherService. - publishing 0 to async state loading callback
?[m?[37m[INFO] 18:18:07,629 [pool-12-thread-1] services.VaultWatcherService. - received token vault update with 0 consumed states and: 0 produced states
?[m?[37m[INFO] 18:18:07,629 [pool-12-thread-1] services.VaultWatcherService. - finished token loading
?[m?[37m[INFO] 18:18:08,288 [Test worker] statemachine.SingleThreadedStateMachineManager. - Node ready, info: NodeInfo(addresses=[mock.node:1000], legalIdentitiesAndCerts=[O=Notary, L=London, C=GB], platformVersion=11, serial=1671484687055)
?[m?[37m[INFO] 18:18:08,298 [Test worker] network.PersistentNetworkMapCache. - Adding node with info: NodeInfo(addresses=[mock.node:1000], legalIdentitiesAndCerts=[O=Notary, L=London, C=GB], platformVersion=11, serial=1671484687055), owningKey=DL7tvVdTBo72yu2Ag9nUvt6vGTDEckaD1ptq2of1rZ6vCg
?[m?[37m[INFO] 18:18:08,298 [Test worker] network.PersistentNetworkMapCache. - Previous node was identical to incoming one - doing nothing
?[m?[37m[INFO] 18:18:08,299 [Test worker] network.PersistentNetworkMapCache. - Adding node with info: NodeInfo(addresses=[mock.node:1000], legalIdentitiesAndCerts=[O=Notary, L=London, C=GB], platformVersion=11, serial=1671484687055), owningKey=DL7tvVdTBo72yu2Ag9nUvt6vGTDEckaD1ptq2of1rZ6vCg
?[m?[37m[INFO] 18:18:08,299 [Test worker] network.PersistentNetworkMapCache. - Previous node was identical to incoming one - doing nothing
?[m?[37m[INFO] 18:18:08,312 [Test worker] cordapp.JarScanningCordappLoader. - Looking for CorDapps in [build\mock-network\20221219-211751.144-77960ADE5643869C\nodes\1\cordapps]
?[m?[37m[INFO] 18:18:08,312 [Test worker] cordapp.JarScanningCordappLoader. - Loading CorDapps from RestrictedURL(url=file:/F:/diogo/Documents/Diogo_Programação/2-FungibleToken-Issue-and-Swap/workflows/build/mock-network/20221219-211751.144-77960ADE5643869C/nodes/1/cordapps/contracts-1.0.jar, rootPackageName=null), RestrictedURL(url=file:/F:/diogo/Documents/Diogo_Programação/2-FungibleToken-Issue-and-Swap/workflows/build/mock-network/20221219-211751.144-77960ADE5643869C/nodes/1/cordapps/tokens-contracts-1.2.jar, rootPackageName=null), RestrictedURL(url=file:/F:/diogo/Documents/Diogo_Programação/2-FungibleToken-Issue-and-Swap/workflows/build/mock-network/20221219-211751.144-77960ADE5643869C/nodes/1/cordapps/tokens-workflows-1.2.jar, rootPackageName=null), RestrictedURL(url=file:/F:/diogo/Documents/Diogo_Programação/2-FungibleToken-Issue-and-Swap/workflows/build/mock-network/20221219-211751.144-77960ADE5643869C/nodes/1/cordapps/workflows-1.0.jar, rootPackageName=null)
?[m?[37m[INFO] 18:18:08,312 [Test worker] cordapp.JarScanningCordappLoader. - Scanning CorDapp in file:/F:/diogo/Documents/Diogo_Programação/2-FungibleToken-Issue-and-Swap/workflows/build/mock-network/20221219-211751.144-77960ADE5643869C/nodes/1/cordapps/contracts-1.0.jar
?[m?[37m[INFO] 18:18:08,388 [Test worker] cordapp.JarScanningCordappLoader. - Scanning CorDapp in file:/F:/diogo/Documents/Diogo_Programação/2-FungibleToken-Issue-and-Swap/workflows/build/mock-network/20221219-211751.144-77960ADE5643869C/nodes/1/cordapps/tokens-contracts-1.2.jar
?[m?[37m[INFO] 18:18:08,399 [Test worker] cordapp.JarScanningCordappLoader. - Scanning CorDapp in file:/F:/diogo/Documents/Diogo_Programação/2-FungibleToken-Issue-and-Swap/workflows/build/mock-network/20221219-211751.144-77960ADE5643869C/nodes/1/cordapps/tokens-workflows-1.2.jar
?[m?[37m[INFO] 18:18:08,426 [Test worker] cordapp.JarScanningCordappLoader. - Scanning CorDapp in file:/F:/diogo/Documents/Diogo_Programação/2-FungibleToken-Issue-and-Swap/workflows/build/mock-network/20221219-211751.144-77960ADE5643869C/nodes/1/cordapps/workflows-1.0.jar
?[m?[37m[INFO] 18:18:08,447 [Test worker] internal.InternalMockNetwork$MockNode. - MessagingService active change to: false
?[m?[37m[INFO] 18:18:08,447 [Test worker] internal.InternalMockNetwork$MockNode. - Flow external operation executor has a max of 2 threads
?[m?[37m[INFO] 18:18:08,448 [Test worker] internal.InternalMockNetwork$MockNode. - Node starting up ...
?[m?[37m[INFO] 18:18:08,491 [Test worker] internal.KeyStoreHandler. - Loaded trusted root certificate: DL7fwxLm5xbiMD8adUuYTsPZHAict46Ng4w6RNcySt5vAw, alias: cordarootca
?[m?[37m[INFO] 18:18:08,491 [Test worker] internal.KeyStoreHandler. - Loaded node identity key: DL9qMGYPtCZmpp6WNgmTZXyaGQ67yuFesYdcPnwGnsg4rj, alias: identity-private-key
?[m?[37m[INFO] 18:18:08,497 [Test worker] internal.NodeFlowManager. - Registered com.r3.corda.lib.tokens.workflows.flows.rpc.ConfidentialIssueTokens to initiate com.r3.corda.lib.tokens.workflows.flows.rpc.ConfidentialIssueTokensHandler (version 1)
?[m?[37m[INFO] 18:18:08,497 [Test worker] internal.NodeFlowManager. - Registered com.r3.corda.lib.tokens.workflows.flows.rpc.ConfidentialMoveFungibleTokens to initiate com.r3.corda.lib.tokens.workflows.flows.rpc.ConfidentialMoveFungibleTokensHandler (version 1)
?[m?[37m[INFO] 18:18:08,497 [Test worker] internal.NodeFlowManager. - Registered com.r3.corda.lib.tokens.workflows.flows.rpc.ConfidentialMoveNonFungibleTokens to initiate com.r3.corda.lib.tokens.workflows.flows.rpc.ConfidentialMoveNonFungibleTokensHandler (version 1)
?[m?[37m[INFO] 18:18:08,497 [Test worker] internal.NodeFlowManager. - Registered com.r3.corda.lib.tokens.workflows.flows.rpc.ConfidentialRedeemFungibleTokens to initiate com.r3.corda.lib.tokens.workflows.flows.rpc.ConfidentialRedeemFungibleTokensHandler (version 1)
?[m?[37m[INFO] 18:18:08,497 [Test worker] internal.NodeFlowManager. - Registered com.r3.corda.lib.tokens.workflows.flows.rpc.CreateEvolvableTokens to initiate com.r3.corda.lib.tokens.workflows.flows.rpc.CreateEvolvableTokensHandler (version 1)
?[m?[37m[INFO] 18:18:08,497 [Test worker] internal.NodeFlowManager. - Registered com.r3.corda.lib.tokens.workflows.flows.rpc.IssueTokens to initiate com.r3.corda.lib.tokens.workflows.flows.rpc.IssueTokensHandler (version 1)
?[m?[37m[INFO] 18:18:08,497 [Test worker] internal.NodeFlowManager. - Registered com.r3.corda.lib.tokens.workflows.flows.rpc.MoveFungibleTokens to initiate com.r3.corda.lib.tokens.workflows.flows.rpc.MoveFungibleTokensHandler (version 1)
?[m?[37m[INFO] 18:18:08,497 [Test worker] internal.NodeFlowManager. - Registered com.r3.corda.lib.tokens.workflows.flows.rpc.MoveNonFungibleTokens to initiate com.r3.corda.lib.tokens.workflows.flows.rpc.MoveNonFungibleTokensHandler (version 1)
?[m?[37m[INFO] 18:18:08,498 [Test worker] internal.NodeFlowManager. - Registered com.r3.corda.lib.tokens.workflows.flows.rpc.RedeemFungibleTokens to initiate com.r3.corda.lib.tokens.workflows.flows.rpc.RedeemFungibleTokensHandler (version 1)
?[m?[37m[INFO] 18:18:08,498 [Test worker] internal.NodeFlowManager. - Registered com.r3.corda.lib.tokens.workflows.flows.rpc.RedeemNonFungibleTokens to initiate com.r3.corda.lib.tokens.workflows.flows.rpc.RedeemNonFungibleTokensHandler (version 1)
?[m?[37m[INFO] 18:18:08,498 [Test worker] internal.NodeFlowManager. - Registered com.r3.corda.lib.tokens.workflows.flows.rpc.UpdateEvolvableToken to initiate com.r3.corda.lib.tokens.workflows.flows.rpc.UpdateEvolvableTokenHandler (version 1)
?[m?[37m[INFO] 18:18:08,499 [Test worker] internal.NodeFlowManager. - Registered com.r3.corda.lib.tokens.workflows.internal.flows.distribution.RequestAdditionToDistributionList$Initiator to initiate com.r3.corda.lib.tokens.workflows.internal.flows.distribution.RequestAdditionToDistributionList$Responder (version 1)
?[m?[37m[INFO] 18:18:08,499 [Test worker] internal.NodeFlowManager. - Registered com.r3.corda.lib.tokens.workflows.internal.flows.distribution.UpdateDistributionListFlow to initiate com.r3.corda.lib.tokens.workflows.internal.flows.distribution.UpdateDistributionListFlowHandler (version 1)
?[m?[37m[INFO] 18:18:08,499 [Test worker] internal.NodeFlowManager. - Registered com.r3.corda.lib.tokens.workflows.internal.testflows.DvPFlow to initiate com.r3.corda.lib.tokens.workflows.internal.testflows.DvPFlowHandler (version 1)
?[m?[37m[INFO] 18:18:08,499 [Test worker] internal.NodeFlowManager. - Registered net.corda.samples.tokenizedhouse.flows.RealEstateEvolvableFungibleTokenFlow$MoveHouseTokenFlow to initiate net.corda.samples.tokenizedhouse.flows.RealEstateEvolvableFungibleTokenFlow$MoveEvolvableFungibleTokenFlowResponder (version 1)
?[m?[37m[INFO] 18:18:08,505 [Test worker] internal.InternalMockNetwork$MockNode. - Loaded network parameters: NetworkParameters {
      minimumPlatformVersion=4
      notaries=[NotaryInfo(identity=O=Notary, L=London, C=GB, validating=true)]
      maxMessageSize=10485760
      maxTransactionSize=52428800
      whitelistedContractImplementations {
        
      }
      eventHorizon=PT51539607528H
      packageOwnership {
        
      }
      modifiedTime=2022-12-19T21:17:49.107Z
      epoch=1
  }
?[m?[37m[INFO] 18:18:08,506 [Test worker] hikari.HikariDataSource. - HikariPool-2 - Starting...
?[m?[37m[INFO] 18:18:08,519 [Test worker] hikari.HikariDataSource. - HikariPool-2 - Start completed.
?[m?[37m[INFO] 18:18:08,727 [Test worker] jvm.JdbcExecutor. - SELECT MD5SUM FROM PUBLIC.DATABASECHANGELOG WHERE MD5SUM IS NOT NULL
?[m?[37m[INFO] 18:18:08,728 [Test worker] jvm.JdbcExecutor. - SELECT COUNT(*) FROM PUBLIC.DATABASECHANGELOG
?[m?[37m[INFO] 18:18:08,728 [Test worker] changelog.StandardChangeLogHistoryService. - Reading from PUBLIC.DATABASECHANGELOG
?[m?[37m[INFO] 18:18:08,728 [Test worker] jvm.JdbcExecutor. - SELECT * FROM PUBLIC.DATABASECHANGELOG ORDER BY DATEEXECUTED ASC, ORDEREXECUTED ASC
?[m?[37m[INFO] 18:18:08,729 [Test worker] jvm.JdbcExecutor. - SELECT COUNT(*) FROM PUBLIC.DATABASECHANGELOGLOCK
?[m?[37m[INFO] 18:18:08,729 [Test worker] jvm.JdbcExecutor. - SELECT COUNT(*) FROM PUBLIC.DATABASECHANGELOGLOCK
?[m?[37m[INFO] 18:18:08,739 [Test worker] visitor.ValidatingVisitor. - Skipping change set migration/vault-schema.changelog-v13.xml::vault_transaction_id_size_non-clustered_pk-1::R3.Corda due to validation error(s): clustered is not allowed on h2 {changeSet=migration/vault-schema.changelog-v13.xml::vault_transaction_id_size_non-clustered_pk-1::R3.Corda, databaseChangeLog=master.changelog.json}
?[m?[37m[INFO] 18:18:08,739 [Test worker] visitor.ValidatingVisitor. - Skipping change set migration/vault-schema.changelog-v13.xml::vault_transaction_id_size_non-clustered_pk-2::R3.Corda due to validation error(s): clustered is not allowed on h2 {changeSet=migration/vault-schema.changelog-v13.xml::vault_transaction_id_size_non-clustered_pk-2::R3.Corda, databaseChangeLog=master.changelog.json}
?[m?[37m[INFO] 18:18:08,740 [Test worker] visitor.ValidatingVisitor. - Skipping change set migration/vault-schema.changelog-v13.xml::vault_transaction_id_size_non-clustered_pk-3::R3.Corda due to validation error(s): clustered is not allowed on h2 {changeSet=migration/vault-schema.changelog-v13.xml::vault_transaction_id_size_non-clustered_pk-3::R3.Corda, databaseChangeLog=master.changelog.json}
?[m?[37m[INFO] 18:18:08,756 [Test worker] visitor.ValidatingVisitor. - Skipping change set migration/node-core.changelog-v21.xml::node_transaction_id_size_non-clustered_pk::R3.Corda due to validation error(s): clustered is not allowed on h2 {changeSet=migration/node-core.changelog-v21.xml::node_transaction_id_size_non-clustered_pk::R3.Corda, databaseChangeLog=master.changelog.json}
?[m?[37m[INFO] 18:18:08,758 [Test worker] jvm.JdbcExecutor. - SELECT LOCKED FROM PUBLIC.DATABASECHANGELOGLOCK WHERE ID=1
?[m?[37m[INFO] 18:18:08,759 [Test worker] lockservice.StandardLockService. - Successfully acquired change log lock
?[m?[37m[INFO] 18:18:08,760 [Test worker] visitor.ValidatingVisitor. - Skipping change set migration/vault-schema.changelog-v13.xml::vault_transaction_id_size_non-clustered_pk-1::R3.Corda due to validation error(s): clustered is not allowed on h2 {changeSet=migration/vault-schema.changelog-v13.xml::vault_transaction_id_size_non-clustered_pk-1::R3.Corda, databaseChangeLog=master.changelog.json}
?[m?[37m[INFO] 18:18:08,760 [Test worker] visitor.ValidatingVisitor. - Skipping change set migration/vault-schema.changelog-v13.xml::vault_transaction_id_size_non-clustered_pk-2::R3.Corda due to validation error(s): clustered is not allowed on h2 {changeSet=migration/vault-schema.changelog-v13.xml::vault_transaction_id_size_non-clustered_pk-2::R3.Corda, databaseChangeLog=master.changelog.json}
?[m?[37m[INFO] 18:18:08,760 [Test worker] visitor.ValidatingVisitor. - Skipping change set migration/vault-schema.changelog-v13.xml::vault_transaction_id_size_non-clustered_pk-3::R3.Corda due to validation error(s): clustered is not allowed on h2 {changeSet=migration/vault-schema.changelog-v13.xml::vault_transaction_id_size_non-clustered_pk-3::R3.Corda, databaseChangeLog=master.changelog.json}
?[m?[37m[INFO] 18:18:08,762 [Test worker] visitor.ValidatingVisitor. - Skipping change set migration/node-core.changelog-v21.xml::node_transaction_id_size_non-clustered_pk::R3.Corda due to validation error(s): clustered is not allowed on h2 {changeSet=migration/node-core.changelog-v21.xml::node_transaction_id_size_non-clustered_pk::R3.Corda, databaseChangeLog=master.changelog.json}
?[m?[37m[INFO] 18:18:08,763 [Test worker] jvm.JdbcExecutor. - DROP VIEW PUBLIC.v_pkey_hash_ex_id_map {changeSet=migration/vault-schema.changelog-v13.xml::vault_transaction_id_size::R3.Corda, databaseChangeLog=master.changelog.json}
?[m?[37m[INFO] 18:18:08,763 [Test worker] changelog.ChangeSet. - View v_pkey_hash_ex_id_map dropped {changeSet=migration/vault-schema.changelog-v13.xml::vault_transaction_id_size::R3.Corda, databaseChangeLog=master.changelog.json}
?[m?[37m[INFO] 18:18:08,763 [Test worker] jvm.JdbcExecutor. - ALTER TABLE PUBLIC.vault_fungible_states_parts DROP CONSTRAINT FK__fung_st_parts__fung_st {changeSet=migration/vault-schema.changelog-v13.xml::vault_transaction_id_size::R3.Corda, databaseChangeLog=master.changelog.json}
?[m?[37m[INFO] 18:18:08,764 [Test worker] changelog.ChangeSet. - Foreign key FK__fung_st_parts__fung_st dropped {changeSet=migration/vault-schema.changelog-v13.xml::vault_transaction_id_size::R3.Corda, databaseChangeLog=master.changelog.json}
?[m?[37m[INFO] 18:18:08,764 [Test worker] jvm.JdbcExecutor. - ALTER TABLE PUBLIC.vault_linear_states_parts DROP CONSTRAINT FK__lin_stat_parts__lin_stat {changeSet=migration/vault-schema.changelog-v13.xml::vault_transaction_id_size::R3.Corda, databaseChangeLog=master.changelog.json}
?[m?[37m[INFO] 18:18:08,764 [Test worker] changelog.ChangeSet. - Foreign key FK__lin_stat_parts__lin_stat dropped {changeSet=migration/vault-schema.changelog-v13.xml::vault_transaction_id_size::R3.Corda, databaseChangeLog=master.changelog.json}
?[m?[37m[INFO] 18:18:08,764 [Test worker] jvm.JdbcExecutor. - ALTER TABLE PUBLIC.vault_fungible_states DROP PRIMARY KEY {changeSet=migration/vault-schema.changelog-v13.xml::vault_transaction_id_size::R3.Corda, databaseChangeLog=master.changelog.json}
?[m?[37m[INFO] 18:18:08,765 [Test worker] changelog.ChangeSet. - Primary key dropped from vault_fungible_states {changeSet=migration/vault-schema.changelog-v13.xml::vault_transaction_id_size::R3.Corda, databaseChangeLog=master.changelog.json}
?[m?[37m[INFO] 18:18:08,765 [Test worker] jvm.JdbcExecutor. - ALTER TABLE PUBLIC.vault_linear_states DROP PRIMARY KEY {changeSet=migration/vault-schema.changelog-v13.xml::vault_transaction_id_size::R3.Corda, databaseChangeLog=master.changelog.json}
?[m?[37m[INFO] 18:18:08,765 [Test worker] changelog.ChangeSet. - Primary key dropped from vault_linear_states {changeSet=migration/vault-schema.changelog-v13.xml::vault_transaction_id_size::R3.Corda, databaseChangeLog=master.changelog.json}
?[m?[37m[INFO] 18:18:08,765 [Test worker] jvm.JdbcExecutor. - ALTER TABLE PUBLIC.vault_states DROP PRIMARY KEY {changeSet=migration/vault-schema.changelog-v13.xml::vault_transaction_id_size::R3.Corda, databaseChangeLog=master.changelog.json}
?[m?[37m[INFO] 18:18:08,765 [Test worker] changelog.ChangeSet. - Primary key dropped from vault_states {changeSet=migration/vault-schema.changelog-v13.xml::vault_transaction_id_size::R3.Corda, databaseChangeLog=master.changelog.json}
?[m?[37m[INFO] 18:18:08,765 [Test worker] jvm.JdbcExecutor. - DROP INDEX PUBLIC.transaction_id_index {changeSet=migration/vault-schema.changelog-v13.xml::vault_transaction_id_size::R3.Corda, databaseChangeLog=master.changelog.json}
?[m?[37m[INFO] 18:18:08,766 [Test worker] changelog.ChangeSet. - Index transaction_id_index dropped from table vault_transaction_notes {changeSet=migration/vault-schema.changelog-v13.xml::vault_transaction_id_size::R3.Corda, databaseChangeLog=master.changelog.json}
?[m?[37m[INFO] 18:18:08,766 [Test worker] jvm.JdbcExecutor. - ALTER TABLE PUBLIC.vault_fungible_states ALTER COLUMN transaction_id SET NULL {changeSet=migration/vault-schema.changelog-v13.xml::vault_transaction_id_size::R3.Corda, databaseChangeLog=master.changelog.json}
?[m?[37m[INFO] 18:18:08,766 [Test worker] changelog.ChangeSet. - Null constraint dropped from vault_fungible_states.transaction_id {changeSet=migration/vault-schema.changelog-v13.xml::vault_transaction_id_size::R3.Corda, databaseChangeLog=master.changelog.json}
?[m?[37m[INFO] 18:18:08,766 [Test worker] jvm.JdbcExecutor. - ALTER TABLE PUBLIC.vault_fungible_states_parts ALTER COLUMN transaction_id SET NULL {changeSet=migration/vault-schema.changelog-v13.xml::vault_transaction_id_size::R3.Corda, databaseChangeLog=master.changelog.json}
?[m?[37m[INFO] 18:18:08,766 [Test worker] changelog.ChangeSet. - Null constraint dropped from vault_fungible_states_parts.transaction_id {changeSet=migration/vault-schema.changelog-v13.xml::vault_transaction_id_size::R3.Corda, databaseChangeLog=master.changelog.json}
?[m?[37m[INFO] 18:18:08,766 [Test worker] jvm.JdbcExecutor. - ALTER TABLE PUBLIC.vault_linear_states ALTER COLUMN transaction_id SET NULL {changeSet=migration/vault-schema.changelog-v13.xml::vault_transaction_id_size::R3.Corda, databaseChangeLog=master.changelog.json}
?[m?[37m[INFO] 18:18:08,766 [Test worker] changelog.ChangeSet. - Null constraint dropped from vault_linear_states.transaction_id {changeSet=migration/vault-schema.changelog-v13.xml::vault_transaction_id_size::R3.Corda, databaseChangeLog=master.changelog.json}
?[m?[37m[INFO] 18:18:08,766 [Test worker] jvm.JdbcExecutor. - ALTER TABLE PUBLIC.vault_linear_states_parts ALTER COLUMN transaction_id SET NULL {changeSet=migration/vault-schema.changelog-v13.xml::vault_transaction_id_size::R3.Corda, databaseChangeLog=master.changelog.json}
?[m?[37m[INFO] 18:18:08,766 [Test worker] changelog.ChangeSet. - Null constraint dropped from vault_linear_states_parts.transaction_id {changeSet=migration/vault-schema.changelog-v13.xml::vault_transaction_id_size::R3.Corda, databaseChangeLog=master.changelog.json}
?[m?[37m[INFO] 18:18:08,766 [Test worker] jvm.JdbcExecutor. - ALTER TABLE PUBLIC.vault_states ALTER COLUMN transaction_id SET NULL {changeSet=migration/vault-schema.changelog-v13.xml::vault_transaction_id_size::R3.Corda, databaseChangeLog=master.changelog.json}
?[m?[37m[INFO] 18:18:08,767 [Test worker] changelog.ChangeSet. - Null constraint dropped from vault_states.transaction_id {changeSet=migration/vault-schema.changelog-v13.xml::vault_transaction_id_size::R3.Corda, databaseChangeLog=master.changelog.json}
?[m?[37m[INFO] 18:18:08,767 [Test worker] jvm.JdbcExecutor. - ALTER TABLE PUBLIC.vault_fungible_states ALTER COLUMN transaction_id NVARCHAR(144) {changeSet=migration/vault-schema.changelog-v13.xml::vault_transaction_id_size::R3.Corda, databaseChangeLog=master.changelog.json}
?[m?[37m[INFO] 18:18:08,768 [Test worker] changelog.ChangeSet. - vault_fungible_states.transaction_id datatype was changed to NVARCHAR(144) {changeSet=migration/vault-schema.changelog-v13.xml::vault_transaction_id_size::R3.Corda, databaseChangeLog=master.changelog.json}
?[m?[37m[INFO] 18:18:08,768 [Test worker] jvm.JdbcExecutor. - ALTER TABLE PUBLIC.vault_fungible_states_parts ALTER COLUMN transaction_id NVARCHAR(144) {changeSet=migration/vault-schema.changelog-v13.xml::vault_transaction_id_size::R3.Corda, databaseChangeLog=master.changelog.json}
?[m?[37m[INFO] 18:18:08,769 [Test worker] changelog.ChangeSet. - vault_fungible_states_parts.transaction_id datatype was changed to NVARCHAR(144) {changeSet=migration/vault-schema.changelog-v13.xml::vault_transaction_id_size::R3.Corda, databaseChangeLog=master.changelog.json}
?[m?[37m[INFO] 18:18:08,769 [Test worker] jvm.JdbcExecutor. - ALTER TABLE PUBLIC.vault_linear_states ALTER COLUMN transaction_id NVARCHAR(144) {changeSet=migration/vault-schema.changelog-v13.xml::vault_transaction_id_size::R3.Corda, databaseChangeLog=master.changelog.json}
?[m?[37m[INFO] 18:18:08,771 [Test worker] changelog.ChangeSet. - vault_linear_states.transaction_id datatype was changed to NVARCHAR(144) {changeSet=migration/vault-schema.changelog-v13.xml::vault_transaction_id_size::R3.Corda, databaseChangeLog=master.changelog.json}
?[m?[37m[INFO] 18:18:08,771 [Test worker] jvm.JdbcExecutor. - ALTER TABLE PUBLIC.vault_linear_states_parts ALTER COLUMN transaction_id NVARCHAR(144) {changeSet=migration/vault-schema.changelog-v13.xml::vault_transaction_id_size::R3.Corda, databaseChangeLog=master.changelog.json}
?[m?[37m[INFO] 18:18:08,778 [Test worker] changelog.ChangeSet. - vault_linear_states_parts.transaction_id datatype was changed to NVARCHAR(144) {changeSet=migration/vault-schema.changelog-v13.xml::vault_transaction_id_size::R3.Corda, databaseChangeLog=master.changelog.json}
?[m?[37m[INFO] 18:18:08,779 [Test worker] jvm.JdbcExecutor. - ALTER TABLE PUBLIC.vault_states ALTER COLUMN transaction_id NVARCHAR(144) {changeSet=migration/vault-schema.changelog-v13.xml::vault_transaction_id_size::R3.Corda, databaseChangeLog=master.changelog.json}
?[m?[37m[INFO] 18:18:08,781 [Test worker] changelog.ChangeSet. - vault_states.transaction_id datatype was changed to NVARCHAR(144) {changeSet=migration/vault-schema.changelog-v13.xml::vault_transaction_id_size::R3.Corda, databaseChangeLog=master.changelog.json}
?[m?[37m[INFO] 18:18:08,781 [Test worker] jvm.JdbcExecutor. - ALTER TABLE PUBLIC.vault_transaction_notes ALTER COLUMN transaction_id NVARCHAR(144) {changeSet=migration/vault-schema.changelog-v13.xml::vault_transaction_id_size::R3.Corda, databaseChangeLog=master.changelog.json}
?[m?[37m[INFO] 18:18:08,783 [Test worker] changelog.ChangeSet. - vault_transaction_notes.transaction_id datatype was changed to NVARCHAR(144) {changeSet=migration/vault-schema.changelog-v13.xml::vault_transaction_id_size::R3.Corda, databaseChangeLog=master.changelog.json}
?[m?[37m[INFO] 18:18:08,783 [Test worker] jvm.JdbcExecutor. - ALTER TABLE PUBLIC.state_party ALTER COLUMN transaction_id NVARCHAR(144) {changeSet=migration/vault-schema.changelog-v13.xml::vault_transaction_id_size::R3.Corda, databaseChangeLog=master.changelog.json}
?[m?[37m[INFO] 18:18:08,785 [Test worker] changelog.ChangeSet. - state_party.transaction_id datatype was changed to NVARCHAR(144) {changeSet=migration/vault-schema.changelog-v13.xml::vault_transaction_id_size::R3.Corda, databaseChangeLog=master.changelog.json}
?[m?[37m[INFO] 18:18:08,785 [Test worker] jvm.JdbcExecutor. - ALTER TABLE PUBLIC.vault_fungible_states ALTER COLUMN transaction_id SET NOT NULL {changeSet=migration/vault-schema.changelog-v13.xml::vault_transaction_id_size::R3.Corda, databaseChangeLog=master.changelog.json}
?[m?[37m[INFO] 18:18:08,785 [Test worker] changelog.ChangeSet. - NOT NULL constraint has been added to vault_fungible_states.transaction_id {changeSet=migration/vault-schema.changelog-v13.xml::vault_transaction_id_size::R3.Corda, databaseChangeLog=master.changelog.json}
?[m?[37m[INFO] 18:18:08,785 [Test worker] jvm.JdbcExecutor. - ALTER TABLE PUBLIC.vault_fungible_states_parts ALTER COLUMN transaction_id SET NOT NULL {changeSet=migration/vault-schema.changelog-v13.xml::vault_transaction_id_size::R3.Corda, databaseChangeLog=master.changelog.json}
?[m?[37m[INFO] 18:18:08,785 [Test worker] changelog.ChangeSet. - NOT NULL constraint has been added to vault_fungible_states_parts.transaction_id {changeSet=migration/vault-schema.changelog-v13.xml::vault_transaction_id_size::R3.Corda, databaseChangeLog=master.changelog.json}
?[m?[37m[INFO] 18:18:08,785 [Test worker] jvm.JdbcExecutor. - ALTER TABLE PUBLIC.vault_linear_states ALTER COLUMN transaction_id SET NOT NULL {changeSet=migration/vault-schema.changelog-v13.xml::vault_transaction_id_size::R3.Corda, databaseChangeLog=master.changelog.json}
?[m?[37m[INFO] 18:18:08,786 [Test worker] changelog.ChangeSet. - NOT NULL constraint has been added to vault_linear_states.transaction_id {changeSet=migration/vault-schema.changelog-v13.xml::vault_transaction_id_size::R3.Corda, databaseChangeLog=master.changelog.json}
?[m?[37m[INFO] 18:18:08,786 [Test worker] jvm.JdbcExecutor. - ALTER TABLE PUBLIC.vault_linear_states_parts ALTER COLUMN transaction_id SET NOT NULL {changeSet=migration/vault-schema.changelog-v13.xml::vault_transaction_id_size::R3.Corda, databaseChangeLog=master.changelog.json}
?[m?[37m[INFO] 18:18:08,786 [Test worker] changelog.ChangeSet. - NOT NULL constraint has been added to vault_linear_states_parts.transaction_id {changeSet=migration/vault-schema.changelog-v13.xml::vault_transaction_id_size::R3.Corda, databaseChangeLog=master.changelog.json}
?[m?[37m[INFO] 18:18:08,786 [Test worker] jvm.JdbcExecutor. - ALTER TABLE PUBLIC.vault_states ALTER COLUMN transaction_id SET NOT NULL {changeSet=migration/vault-schema.changelog-v13.xml::vault_transaction_id_size::R3.Corda, databaseChangeLog=master.changelog.json}
?[m?[37m[INFO] 18:18:08,786 [Test worker] changelog.ChangeSet. - NOT NULL constraint has been added to vault_states.transaction_id {changeSet=migration/vault-schema.changelog-v13.xml::vault_transaction_id_size::R3.Corda, databaseChangeLog=master.changelog.json}
?[m?[37m[INFO] 18:18:08,786 [Test worker] jvm.JdbcExecutor. - ALTER TABLE PUBLIC.vault_fungible_states ADD CONSTRAINT vault_fungible_states_pkey PRIMARY KEY (transaction_id, output_index) {changeSet=migration/vault-schema.changelog-v13.xml::vault_transaction_id_size::R3.Corda, databaseChangeLog=master.changelog.json}
?[m?[37m[INFO] 18:18:08,787 [Test worker] changelog.ChangeSet. - Primary key added to vault_fungible_states (transaction_id, output_index) {changeSet=migration/vault-schema.changelog-v13.xml::vault_transaction_id_size::R3.Corda, databaseChangeLog=master.changelog.json}
?[m?[37m[INFO] 18:18:08,787 [Test worker] jvm.JdbcExecutor. - ALTER TABLE PUBLIC.vault_linear_states ADD CONSTRAINT vault_linear_states_pkey PRIMARY KEY (transaction_id, output_index) {changeSet=migration/vault-schema.changelog-v13.xml::vault_transaction_id_size::R3.Corda, databaseChangeLog=master.changelog.json}
?[m?[37m[INFO] 18:18:08,787 [Test worker] changelog.ChangeSet. - Primary key added to vault_linear_states (transaction_id, output_index) {changeSet=migration/vault-schema.changelog-v13.xml::vault_transaction_id_size::R3.Corda, databaseChangeLog=master.changelog.json}
?[m?[37m[INFO] 18:18:08,787 [Test worker] jvm.JdbcExecutor. - ALTER TABLE PUBLIC.vault_states ADD CONSTRAINT vault_states_pkey PRIMARY KEY (transaction_id, output_index) {changeSet=migration/vault-schema.changelog-v13.xml::vault_transaction_id_size::R3.Corda, databaseChangeLog=master.changelog.json}
?[m?[37m[INFO] 18:18:08,787 [Test worker] changelog.ChangeSet. - Primary key added to vault_states (transaction_id, output_index) {changeSet=migration/vault-schema.changelog-v13.xml::vault_transaction_id_size::R3.Corda, databaseChangeLog=master.changelog.json}
?[m?[37m[INFO] 18:18:08,787 [Test worker] jvm.JdbcExecutor. - CREATE INDEX PUBLIC.transaction_id_index ON PUBLIC.vault_transaction_notes(transaction_id) {changeSet=migration/vault-schema.changelog-v13.xml::vault_transaction_id_size::R3.Corda, databaseChangeLog=master.changelog.json}
?[m?[37m[INFO] 18:18:08,787 [Test worker] changelog.ChangeSet. - Index transaction_id_index created {changeSet=migration/vault-schema.changelog-v13.xml::vault_transaction_id_size::R3.Corda, databaseChangeLog=master.changelog.json}
?[m?[37m[INFO] 18:18:08,787 [Test worker] changelog.ChangeSet. - ChangeSet migration/vault-schema.changelog-v13.xml::vault_transaction_id_size::R3.Corda ran successfully in 24ms {changeSet=migration/vault-schema.changelog-v13.xml::vault_transaction_id_size::R3.Corda, databaseChangeLog=master.changelog.json}
?[m?[37m[INFO] 18:18:08,787 [Test worker] jvm.JdbcExecutor. - SELECT MAX(ORDEREXECUTED) FROM PUBLIC.DATABASECHANGELOG {changeSet=migration/vault-schema.changelog-v13.xml::vault_transaction_id_size::R3.Corda, databaseChangeLog=master.changelog.json}
?[m?[37m[INFO] 18:18:08,789 [Test worker] jvm.JdbcExecutor. - INSERT INTO PUBLIC.DATABASECHANGELOG (ID, AUTHOR, FILENAME, DATEEXECUTED, ORDEREXECUTED, MD5SUM, DESCRIPTION, COMMENTS, EXECTYPE, CONTEXTS, LABELS, LIQUIBASE, DEPLOYMENT_ID) VALUES ('vault_transaction_id_size', 'R3.Corda', 'migration/vault-schema.changelog-v13.xml', NOW(), 94, '8:6251c962c4f12e03040c4fceecdc07e0', 'dropView viewName=v_pkey_hash_ex_id_map; dropForeignKeyConstraint baseTableName=vault_fungible_states_parts, constraintName=FK__fung_st_parts__fung_st; dropForeignKeyConstraint baseTableName=vault_linear_states_parts, constraintName=FK__lin_stat_p...', '', 'EXECUTED', NULL, NULL, '3.6.3', '1484688759') {changeSet=migration/vault-schema.changelog-v13.xml::vault_transaction_id_size::R3.Corda, databaseChangeLog=master.changelog.json}
?[m?[37m[INFO] 18:18:08,792 [Test worker] jvm.JdbcExecutor. - INSERT INTO PUBLIC.DATABASECHANGELOG (ID, AUTHOR, FILENAME, DATEEXECUTED, ORDEREXECUTED, MD5SUM, DESCRIPTION, COMMENTS, EXECTYPE, CONTEXTS, LABELS, LIQUIBASE, DEPLOYMENT_ID) VALUES ('vault_transaction_id_size_non-clustered_pk-1', 'R3.Corda', 'migration/vault-schema.changelog-v13.xml', NOW(), 95, '8:d9c822bbaf7c5eea4cd2559f94a17eba', 'dropPrimaryKey constraintName=vault_fungible_states_pkey, tableName=vault_fungible_states; addPrimaryKey constraintName=vault_fungible_states_pkey, tableName=vault_fungible_states', '', 'MARK_RAN', NULL, NULL, '3.6.3', '1484688759') {changeSet=migration/vault-schema.changelog-v13.xml::vault_transaction_id_size_non-clustered_pk-1::R3.Corda, databaseChangeLog=master.changelog.json}
?[m?[37m[INFO] 18:18:08,794 [Test worker] jvm.JdbcExecutor. - INSERT INTO PUBLIC.DATABASECHANGELOG (ID, AUTHOR, FILENAME, DATEEXECUTED, ORDEREXECUTED, MD5SUM, DESCRIPTION, COMMENTS, EXECTYPE, CONTEXTS, LABELS, LIQUIBASE, DEPLOYMENT_ID) VALUES ('vault_transaction_id_size_non-clustered_pk-2', 'R3.Corda', 'migration/vault-schema.changelog-v13.xml', NOW(), 96, '8:fb2cd4970e95f7c7936b9754a6438da5', 'dropPrimaryKey constraintName=vault_linear_states_pkey, tableName=vault_linear_states; addPrimaryKey constraintName=vault_linear_states_pkey, tableName=vault_linear_states', '', 'MARK_RAN', NULL, NULL, '3.6.3', '1484688759') {changeSet=migration/vault-schema.changelog-v13.xml::vault_transaction_id_size_non-clustered_pk-2::R3.Corda, databaseChangeLog=master.changelog.json}
?[m?[37m[INFO] 18:18:08,795 [Test worker] jvm.JdbcExecutor. - INSERT INTO PUBLIC.DATABASECHANGELOG (ID, AUTHOR, FILENAME, DATEEXECUTED, ORDEREXECUTED, MD5SUM, DESCRIPTION, COMMENTS, EXECTYPE, CONTEXTS, LABELS, LIQUIBASE, DEPLOYMENT_ID) VALUES ('vault_transaction_id_size_non-clustered_pk-3', 'R3.Corda', 'migration/vault-schema.changelog-v13.xml', NOW(), 97, '8:54bd9c17ce296bb02c369a5cfbedd866', 'dropPrimaryKey constraintName=vault_states_pkey, tableName=vault_states; addPrimaryKey constraintName=vault_states_pkey, tableName=vault_states', '', 'MARK_RAN', NULL, NULL, '3.6.3', '1484688759') {changeSet=migration/vault-schema.changelog-v13.xml::vault_transaction_id_size_non-clustered_pk-3::R3.Corda, databaseChangeLog=master.changelog.json}
?[m?[37m[INFO] 18:18:08,796 [Test worker] jvm.JdbcExecutor. - ALTER TABLE PUBLIC.vault_fungible_states_parts ADD CONSTRAINT FK__fung_st_parts__fung_st FOREIGN KEY (transaction_id, output_index) REFERENCES PUBLIC.vault_fungible_states (transaction_id, output_index) {changeSet=migration/vault-schema.changelog-v13.xml::vault_transaction_id_size_2::R3.Corda, databaseChangeLog=master.changelog.json}
?[m?[37m[INFO] 18:18:08,797 [Test worker] changelog.ChangeSet. - Foreign key constraint added to vault_fungible_states_parts (transaction_id,output_index) {changeSet=migration/vault-schema.changelog-v13.xml::vault_transaction_id_size_2::R3.Corda, databaseChangeLog=master.changelog.json}
?[m?[37m[INFO] 18:18:08,797 [Test worker] jvm.JdbcExecutor. - ALTER TABLE PUBLIC.vault_linear_states_parts ADD CONSTRAINT FK__lin_stat_parts__lin_stat FOREIGN KEY (transaction_id, output_index) REFERENCES PUBLIC.vault_linear_states (transaction_id, output_index) {changeSet=migration/vault-schema.changelog-v13.xml::vault_transaction_id_size_2::R3.Corda, databaseChangeLog=master.changelog.json}
?[m?[37m[INFO] 18:18:08,798 [Test worker] changelog.ChangeSet. - Foreign key constraint added to vault_linear_states_parts (transaction_id,output_index) {changeSet=migration/vault-schema.changelog-v13.xml::vault_transaction_id_size_2::R3.Corda, databaseChangeLog=master.changelog.json}
?[m?[37m[INFO] 18:18:08,799 [Test worker] jvm.JdbcExecutor. - CREATE VIEW PUBLIC.v_pkey_hash_ex_id_map AS select
            state_party.public_key_hash,
            state_party.transaction_id,
            state_party.output_index,
            pk_hash_to_ext_id_map.external_id
            from state_party
            join pk_hash_to_ext_id_map
            on state_party.public_key_hash = pk_hash_to_ext_id_map.public_key_hash {changeSet=migration/vault-schema.changelog-v13.xml::vault_transaction_id_size_2::R3.Corda, databaseChangeLog=master.changelog.json}
?[m?[37m[INFO] 18:18:08,799 [Test worker] changelog.ChangeSet. - View v_pkey_hash_ex_id_map created {changeSet=migration/vault-schema.changelog-v13.xml::vault_transaction_id_size_2::R3.Corda, databaseChangeLog=master.changelog.json}
?[m?[37m[INFO] 18:18:08,799 [Test worker] changelog.ChangeSet. - ChangeSet migration/vault-schema.changelog-v13.xml::vault_transaction_id_size_2::R3.Corda ran successfully in 4ms {changeSet=migration/vault-schema.changelog-v13.xml::vault_transaction_id_size_2::R3.Corda, databaseChangeLog=master.changelog.json}
?[m?[37m[INFO] 18:18:08,801 [Test worker] jvm.JdbcExecutor. - INSERT INTO PUBLIC.DATABASECHANGELOG (ID, AUTHOR, FILENAME, DATEEXECUTED, ORDEREXECUTED, MD5SUM, DESCRIPTION, COMMENTS, EXECTYPE, CONTEXTS, LABELS, LIQUIBASE, DEPLOYMENT_ID) VALUES ('vault_transaction_id_size_2', 'R3.Corda', 'migration/vault-schema.changelog-v13.xml', NOW(), 98, '8:39d3cb14fba7c771c1fd93a8ec497365', 'addForeignKeyConstraint baseTableName=vault_fungible_states_parts, constraintName=FK__fung_st_parts__fung_st, referencedTableName=vault_fungible_states; addForeignKeyConstraint baseTableName=vault_linear_states_parts, constraintName=FK__lin_stat_p...', '', 'EXECUTED', NULL, NULL, '3.6.3', '1484688759') {changeSet=migration/vault-schema.changelog-v13.xml::vault_transaction_id_size_2::R3.Corda, databaseChangeLog=master.changelog.json}
?[m?[37m[INFO] 18:18:08,802 [Test worker] jvm.JdbcExecutor. - ALTER TABLE PUBLIC.node_identities_no_cert ADD owning_pk_hash NVARCHAR(130) {changeSet=migration/node-services.changelog-init.xml::identity_service_key_rotation::R3.Corda, databaseChangeLog=master.changelog.json}
?[m?[37m[INFO] 18:18:08,803 [Test worker] changelog.ChangeSet. - Columns owning_pk_hash(NVARCHAR(130)) added to node_identities_no_cert {changeSet=migration/node-services.changelog-init.xml::identity_service_key_rotation::R3.Corda, databaseChangeLog=master.changelog.json}
?[m?[37m[INFO] 18:18:08,804 [Test worker] jvm.JdbcExecutor. - UPDATE node_identities_no_cert SET owning_pk_hash =
            (SELECT pk_hash FROM node_named_identities WHERE node_named_identities.name = node_identities_no_cert.name) {changeSet=migration/node-services.changelog-init.xml::identity_service_key_rotation::R3.Corda, databaseChangeLog=master.changelog.json}
?[m?[37m[INFO] 18:18:08,804 [Test worker] changelog.ChangeSet. - Custom SQL executed {changeSet=migration/node-services.changelog-init.xml::identity_service_key_rotation::R3.Corda, databaseChangeLog=master.changelog.json}
?[m?[37m[INFO] 18:18:08,804 [Test worker] jvm.JdbcExecutor. - UPDATE node_identities_no_cert SET owning_pk_hash = 'unresolved' WHERE owning_pk_hash IS NULL {changeSet=migration/node-services.changelog-init.xml::identity_service_key_rotation::R3.Corda, databaseChangeLog=master.changelog.json}
?[m?[37m[INFO] 18:18:08,804 [Test worker] changelog.ChangeSet. - Custom SQL executed {changeSet=migration/node-services.changelog-init.xml::identity_service_key_rotation::R3.Corda, databaseChangeLog=master.changelog.json}
?[m?[37m[INFO] 18:18:08,804 [Test worker] jvm.JdbcExecutor. - ALTER TABLE PUBLIC.node_identities_no_cert ALTER COLUMN owning_pk_hash SET NOT NULL {changeSet=migration/node-services.changelog-init.xml::identity_service_key_rotation::R3.Corda, databaseChangeLog=master.changelog.json}
?[m?[37m[INFO] 18:18:08,804 [Test worker] changelog.ChangeSet. - NOT NULL constraint has been added to node_identities_no_cert.owning_pk_hash {changeSet=migration/node-services.changelog-init.xml::identity_service_key_rotation::R3.Corda, databaseChangeLog=master.changelog.json}
?[m?[37m[INFO] 18:18:08,804 [Test worker] jvm.JdbcExecutor. - DROP TABLE PUBLIC.node_named_identities {changeSet=migration/node-services.changelog-init.xml::identity_service_key_rotation::R3.Corda, databaseChangeLog=master.changelog.json}
?[m?[37m[INFO] 18:18:08,805 [Test worker] changelog.ChangeSet. - Table node_named_identities dropped {changeSet=migration/node-services.changelog-init.xml::identity_service_key_rotation::R3.Corda, databaseChangeLog=master.changelog.json}
?[m?[37m[INFO] 18:18:08,805 [Test worker] changelog.ChangeSet. - ChangeSet migration/node-services.changelog-init.xml::identity_service_key_rotation::R3.Corda ran successfully in 3ms {changeSet=migration/node-services.changelog-init.xml::identity_service_key_rotation::R3.Corda, databaseChangeLog=master.changelog.json}
?[m?[37m[INFO] 18:18:08,805 [Test worker] jvm.JdbcExecutor. - INSERT INTO PUBLIC.DATABASECHANGELOG (ID, AUTHOR, FILENAME, DATEEXECUTED, ORDEREXECUTED, MD5SUM, DESCRIPTION, COMMENTS, EXECTYPE, CONTEXTS, LABELS, LIQUIBASE, DEPLOYMENT_ID) VALUES ('identity_service_key_rotation', 'R3.Corda', 'migration/node-services.changelog-init.xml', NOW(), 99, '8:45514f858c3ac818303f4ef9950eda23', 'addColumn tableName=node_identities_no_cert; sql; sql; addNotNullConstraint columnName=owning_pk_hash, tableName=node_identities_no_cert; dropTable tableName=node_named_identities', '', 'EXECUTED', NULL, NULL, '3.6.3', '1484688759') {changeSet=migration/node-services.changelog-init.xml::identity_service_key_rotation::R3.Corda, databaseChangeLog=master.changelog.json}
?[m?[37m[INFO] 18:18:08,806 [Test worker] jvm.JdbcExecutor. - CREATE TABLE PUBLIC.node_named_identities (name NVARCHAR(128) NOT NULL, pk_hash NVARCHAR(130)) {changeSet=migration/node-core.changelog-v22.xml::add_node_named_identities_table_back_in::R3.Corda, databaseChangeLog=master.changelog.json}
?[m?[37m[INFO] 18:18:08,806 [Test worker] changelog.ChangeSet. - Table node_named_identities created {changeSet=migration/node-core.changelog-v22.xml::add_node_named_identities_table_back_in::R3.Corda, databaseChangeLog=master.changelog.json}
?[m?[37m[INFO] 18:18:08,807 [Test worker] changelog.ChangeSet. - ChangeSet migration/node-core.changelog-v22.xml::add_node_named_identities_table_back_in::R3.Corda ran successfully in 1ms {changeSet=migration/node-core.changelog-v22.xml::add_node_named_identities_table_back_in::R3.Corda, databaseChangeLog=master.changelog.json}
?[m?[37m[INFO] 18:18:08,807 [Test worker] jvm.JdbcExecutor. - INSERT INTO PUBLIC.DATABASECHANGELOG (ID, AUTHOR, FILENAME, DATEEXECUTED, ORDEREXECUTED, MD5SUM, DESCRIPTION, COMMENTS, EXECTYPE, CONTEXTS, LABELS, LIQUIBASE, DEPLOYMENT_ID) VALUES ('add_node_named_identities_table_back_in', 'R3.Corda', 'migration/node-core.changelog-v22.xml', NOW(), 100, '8:bf6ca4e45e140b225f6f934935dd2f34', 'createTable tableName=node_named_identities', '', 'EXECUTED', NULL, NULL, '3.6.3', '1484688759') {changeSet=migration/node-core.changelog-v22.xml::add_node_named_identities_table_back_in::R3.Corda, databaseChangeLog=master.changelog.json}
?[m?[37m[INFO] 18:18:08,808 [Test worker] jvm.JdbcExecutor. - DROP TABLE PUBLIC.node_checkpoints {changeSet=migration/node-services.changelog-init.xml::add_new_checkpoints_table::R3.Corda, databaseChangeLog=master.changelog.json}
?[m?[37m[INFO] 18:18:08,808 [Test worker] changelog.ChangeSet. - Table node_checkpoints dropped {changeSet=migration/node-services.changelog-init.xml::add_new_checkpoints_table::R3.Corda, databaseChangeLog=master.changelog.json}
?[m?[37m[INFO] 18:18:08,808 [Test worker] jvm.JdbcExecutor. - CREATE TABLE PUBLIC.node_checkpoints (flow_id NVARCHAR(64) NOT NULL, status INT NOT NULL, compatible BOOLEAN NOT NULL, progress_step NVARCHAR(256), flow_io_request NVARCHAR(128), timestamp TIMESTAMP NOT NULL) {changeSet=migration/node-services.changelog-init.xml::add_new_checkpoints_table::R3.Corda, databaseChangeLog=master.changelog.json}
?[m?[37m[INFO] 18:18:08,809 [Test worker] changelog.ChangeSet. - Table node_checkpoints created {changeSet=migration/node-services.changelog-init.xml::add_new_checkpoints_table::R3.Corda, databaseChangeLog=master.changelog.json}
?[m?[37m[INFO] 18:18:08,809 [Test worker] changelog.ChangeSet. - ChangeSet migration/node-services.changelog-init.xml::add_new_checkpoints_table::R3.Corda ran successfully in 2ms {changeSet=migration/node-services.changelog-init.xml::add_new_checkpoints_table::R3.Corda, databaseChangeLog=master.changelog.json}
?[m?[37m[INFO] 18:18:08,809 [Test worker] jvm.JdbcExecutor. - INSERT INTO PUBLIC.DATABASECHANGELOG (ID, AUTHOR, FILENAME, DATEEXECUTED, ORDEREXECUTED, MD5SUM, DESCRIPTION, COMMENTS, EXECTYPE, CONTEXTS, LABELS, LIQUIBASE, DEPLOYMENT_ID) VALUES ('add_new_checkpoints_table', 'R3.Corda', 'migration/node-services.changelog-init.xml', NOW(), 101, '8:cc00474f248a40e330cf0f42c5b7e1a6', 'dropTable tableName=node_checkpoints; createTable tableName=node_checkpoints', '', 'EXECUTED', NULL, NULL, '3.6.3', '1484688759') {changeSet=migration/node-services.changelog-init.xml::add_new_checkpoints_table::R3.Corda, databaseChangeLog=master.changelog.json}
?[m?[37m[INFO] 18:18:08,810 [Test worker] jvm.JdbcExecutor. - CREATE TABLE PUBLIC.node_checkpoint_blobs (flow_id NVARCHAR(64) NOT NULL, checkpoint_value BLOB NOT NULL, flow_state BLOB, timestamp TIMESTAMP NOT NULL, hmac VARBINARY(32) NOT NULL) {changeSet=migration/node-services.changelog-init.xml::add_new_checkpoint_blob_table::R3.Corda, databaseChangeLog=master.changelog.json}
?[m?[37m[INFO] 18:18:08,810 [Test worker] changelog.ChangeSet. - Table node_checkpoint_blobs created {changeSet=migration/node-services.changelog-init.xml::add_new_checkpoint_blob_table::R3.Corda, databaseChangeLog=master.changelog.json}
?[m?[37m[INFO] 18:18:08,810 [Test worker] changelog.ChangeSet. - ChangeSet migration/node-services.changelog-init.xml::add_new_checkpoint_blob_table::R3.Corda ran successfully in 0ms {changeSet=migration/node-services.changelog-init.xml::add_new_checkpoint_blob_table::R3.Corda, databaseChangeLog=master.changelog.json}
?[m?[37m[INFO] 18:18:08,811 [Test worker] jvm.JdbcExecutor. - INSERT INTO PUBLIC.DATABASECHANGELOG (ID, AUTHOR, FILENAME, DATEEXECUTED, ORDEREXECUTED, MD5SUM, DESCRIPTION, COMMENTS, EXECTYPE, CONTEXTS, LABELS, LIQUIBASE, DEPLOYMENT_ID) VALUES ('add_new_checkpoint_blob_table', 'R3.Corda', 'migration/node-services.changelog-init.xml', NOW(), 102, '8:e973d6b794fe4753423964b13fe9fbe6', 'createTable tableName=node_checkpoint_blobs', '', 'EXECUTED', NULL, NULL, '3.6.3', '1484688759') {changeSet=migration/node-services.changelog-init.xml::add_new_checkpoint_blob_table::R3.Corda, databaseChangeLog=master.changelog.json}
?[m?[37m[INFO] 18:18:08,812 [Test worker] jvm.JdbcExecutor. - CREATE TABLE PUBLIC.node_flow_results (flow_id NVARCHAR(64) NOT NULL, result_value BLOB, timestamp TIMESTAMP NOT NULL) {changeSet=migration/node-services.changelog-init.xml::add_new_flow_result_table::R3.Corda, databaseChangeLog=master.changelog.json}
?[m?[37m[INFO] 18:18:08,812 [Test worker] changelog.ChangeSet. - Table node_flow_results created {changeSet=migration/node-services.changelog-init.xml::add_new_flow_result_table::R3.Corda, databaseChangeLog=master.changelog.json}
?[m?[37m[INFO] 18:18:08,812 [Test worker] changelog.ChangeSet. - ChangeSet migration/node-services.changelog-init.xml::add_new_flow_result_table::R3.Corda ran successfully in 1ms {changeSet=migration/node-services.changelog-init.xml::add_new_flow_result_table::R3.Corda, databaseChangeLog=master.changelog.json}
?[m?[37m[INFO] 18:18:08,813 [Test worker] jvm.JdbcExecutor. - INSERT INTO PUBLIC.DATABASECHANGELOG (ID, AUTHOR, FILENAME, DATEEXECUTED, ORDEREXECUTED, MD5SUM, DESCRIPTION, COMMENTS, EXECTYPE, CONTEXTS, LABELS, LIQUIBASE, DEPLOYMENT_ID) VALUES ('add_new_flow_result_table', 'R3.Corda', 'migration/node-services.changelog-init.xml', NOW(), 103, '8:79f1c80610f26db24d6ab757f57e68b7', 'createTable tableName=node_flow_results', '', 'EXECUTED', NULL, NULL, '3.6.3', '1484688759') {changeSet=migration/node-services.changelog-init.xml::add_new_flow_result_table::R3.Corda, databaseChangeLog=master.changelog.json}
?[m?[37m[INFO] 18:18:08,813 [Test worker] jvm.JdbcExecutor. - CREATE TABLE PUBLIC.node_flow_exceptions (flow_id NVARCHAR(64) NOT NULL, type NVARCHAR(256) NOT NULL, exception_message NVARCHAR(2000), stack_trace NVARCHAR(2000) NOT NULL, exception_value BLOB, timestamp TIMESTAMP NOT NULL) {changeSet=migration/node-services.changelog-init.xml::add_new_flow_exceptions_table::R3.Corda, databaseChangeLog=master.changelog.json}
?[m?[37m[INFO] 18:18:08,813 [Test worker] changelog.ChangeSet. - Table node_flow_exceptions created {changeSet=migration/node-services.changelog-init.xml::add_new_flow_exceptions_table::R3.Corda, databaseChangeLog=master.changelog.json}
?[m?[37m[INFO] 18:18:08,813 [Test worker] changelog.ChangeSet. - ChangeSet migration/node-services.changelog-init.xml::add_new_flow_exceptions_table::R3.Corda ran successfully in 0ms {changeSet=migration/node-services.changelog-init.xml::add_new_flow_exceptions_table::R3.Corda, databaseChangeLog=master.changelog.json}
?[m?[37m[INFO] 18:18:08,814 [Test worker] jvm.JdbcExecutor. - INSERT INTO PUBLIC.DATABASECHANGELOG (ID, AUTHOR, FILENAME, DATEEXECUTED, ORDEREXECUTED, MD5SUM, DESCRIPTION, COMMENTS, EXECTYPE, CONTEXTS, LABELS, LIQUIBASE, DEPLOYMENT_ID) VALUES ('add_new_flow_exceptions_table', 'R3.Corda', 'migration/node-services.changelog-init.xml', NOW(), 104, '8:fb0d523c5cf42025c566f105731b34a2', 'createTable tableName=node_flow_exceptions', '', 'EXECUTED', NULL, NULL, '3.6.3', '1484688759') {changeSet=migration/node-services.changelog-init.xml::add_new_flow_exceptions_table::R3.Corda, databaseChangeLog=master.changelog.json}
?[m?[37m[INFO] 18:18:08,816 [Test worker] jvm.JdbcExecutor. - CREATE TABLE PUBLIC.node_flow_metadata (flow_id NVARCHAR(64) NOT NULL, invocation_id NVARCHAR(128) NOT NULL, flow_name NVARCHAR(128) NOT NULL, flow_identifier NVARCHAR(512), started_type INT NOT NULL, flow_parameters BLOB NOT NULL, cordapp_name NVARCHAR(128) NOT NULL, platform_version INT NOT NULL, started_by NVARCHAR(128) NOT NULL, invocation_time TIMESTAMP NOT NULL, start_time TIMESTAMP NOT NULL, finish_time TIMESTAMP) {changeSet=migration/node-services.changelog-init.xml::add_new_flow_metadata_table::R3.Corda, databaseChangeLog=master.changelog.json}
?[m?[37m[INFO] 18:18:08,816 [Test worker] changelog.ChangeSet. - Table node_flow_metadata created {changeSet=migration/node-services.changelog-init.xml::add_new_flow_metadata_table::R3.Corda, databaseChangeLog=master.changelog.json}
?[m?[37m[INFO] 18:18:08,816 [Test worker] changelog.ChangeSet. - ChangeSet migration/node-services.changelog-init.xml::add_new_flow_metadata_table::R3.Corda ran successfully in 1ms {changeSet=migration/node-services.changelog-init.xml::add_new_flow_metadata_table::R3.Corda, databaseChangeLog=master.changelog.json}
?[m?[37m[INFO] 18:18:08,817 [Test worker] jvm.JdbcExecutor. - INSERT INTO PUBLIC.DATABASECHANGELOG (ID, AUTHOR, FILENAME, DATEEXECUTED, ORDEREXECUTED, MD5SUM, DESCRIPTION, COMMENTS, EXECTYPE, CONTEXTS, LABELS, LIQUIBASE, DEPLOYMENT_ID) VALUES ('add_new_flow_metadata_table', 'R3.Corda', 'migration/node-services.changelog-init.xml', NOW(), 105, '8:edede3ddf0425fb6d012735a7415013e', 'createTable tableName=node_flow_metadata', '', 'EXECUTED', NULL, NULL, '3.6.3', '1484688759') {changeSet=migration/node-services.changelog-init.xml::add_new_flow_metadata_table::R3.Corda, databaseChangeLog=master.changelog.json}
?[m?[37m[INFO] 18:18:08,818 [Test worker] jvm.JdbcExecutor. - ALTER TABLE PUBLIC.node_checkpoints ADD CONSTRAINT node_checkpoints_pk PRIMARY KEY (flow_id) {changeSet=migration/node-services.changelog-init.xml::add_new_checkpoint_schema_primary_keys-h2_postgres_oracle::R3.Corda, databaseChangeLog=master.changelog.json}
?[m?[37m[INFO] 18:18:08,818 [Test worker] changelog.ChangeSet. - Primary key added to node_checkpoints (flow_id) {changeSet=migration/node-services.changelog-init.xml::add_new_checkpoint_schema_primary_keys-h2_postgres_oracle::R3.Corda, databaseChangeLog=master.changelog.json}
?[m?[37m[INFO] 18:18:08,818 [Test worker] changelog.ChangeSet. - ChangeSet migration/node-services.changelog-init.xml::add_new_checkpoint_schema_primary_keys-h2_postgres_oracle::R3.Corda ran successfully in 0ms {changeSet=migration/node-services.changelog-init.xml::add_new_checkpoint_schema_primary_keys-h2_postgres_oracle::R3.Corda, databaseChangeLog=master.changelog.json}
?[m?[37m[INFO] 18:18:08,820 [Test worker] jvm.JdbcExecutor. - INSERT INTO PUBLIC.DATABASECHANGELOG (ID, AUTHOR, FILENAME, DATEEXECUTED, ORDEREXECUTED, MD5SUM, DESCRIPTION, COMMENTS, EXECTYPE, CONTEXTS, LABELS, LIQUIBASE, DEPLOYMENT_ID) VALUES ('add_new_checkpoint_schema_primary_keys-h2_postgres_oracle', 'R3.Corda', 'migration/node-services.changelog-init.xml', NOW(), 106, '8:23141f3e3b5917c1cd0196f7b03b8f71', 'addPrimaryKey constraintName=node_checkpoints_pk, tableName=node_checkpoints', '', 'EXECUTED', NULL, NULL, '3.6.3', '1484688759') {changeSet=migration/node-services.changelog-init.xml::add_new_checkpoint_schema_primary_keys-h2_postgres_oracle::R3.Corda, databaseChangeLog=master.changelog.json}
?[m?[37m[INFO] 18:18:08,820 [Test worker] jvm.JdbcExecutor. - CREATE UNIQUE INDEX PUBLIC.node_checkpoint_blobs_idx ON PUBLIC.node_checkpoint_blobs(flow_id) {changeSet=migration/node-services.changelog-init.xml::add_new_checkpoint_schema_indexes::R3.Corda, databaseChangeLog=master.changelog.json}
?[m?[37m[INFO] 18:18:08,820 [Test worker] changelog.ChangeSet. - Index node_checkpoint_blobs_idx created {changeSet=migration/node-services.changelog-init.xml::add_new_checkpoint_schema_indexes::R3.Corda, databaseChangeLog=master.changelog.json}
?[m?[37m[INFO] 18:18:08,821 [Test worker] jvm.JdbcExecutor. - CREATE UNIQUE INDEX PUBLIC.node_flow_results_idx ON PUBLIC.node_flow_results(flow_id) {changeSet=migration/node-services.changelog-init.xml::add_new_checkpoint_schema_indexes::R3.Corda, databaseChangeLog=master.changelog.json}
?[m?[37m[INFO] 18:18:08,821 [Test worker] changelog.ChangeSet. - Index node_flow_results_idx created {changeSet=migration/node-services.changelog-init.xml::add_new_checkpoint_schema_indexes::R3.Corda, databaseChangeLog=master.changelog.json}
?[m?[37m[INFO] 18:18:08,821 [Test worker] jvm.JdbcExecutor. - CREATE UNIQUE INDEX PUBLIC.node_flow_exceptions_idx ON PUBLIC.node_flow_exceptions(flow_id) {changeSet=migration/node-services.changelog-init.xml::add_new_checkpoint_schema_indexes::R3.Corda, databaseChangeLog=master.changelog.json}
?[m?[37m[INFO] 18:18:08,822 [Test worker] changelog.ChangeSet. - Index node_flow_exceptions_idx created {changeSet=migration/node-services.changelog-init.xml::add_new_checkpoint_schema_indexes::R3.Corda, databaseChangeLog=master.changelog.json}
?[m?[37m[INFO] 18:18:08,822 [Test worker] jvm.JdbcExecutor. - CREATE UNIQUE INDEX PUBLIC.node_flow_metadata_idx ON PUBLIC.node_flow_metadata(flow_id) {changeSet=migration/node-services.changelog-init.xml::add_new_checkpoint_schema_indexes::R3.Corda, databaseChangeLog=master.changelog.json}
?[m?[37m[INFO] 18:18:08,822 [Test worker] changelog.ChangeSet. - Index node_flow_metadata_idx created {changeSet=migration/node-services.changelog-init.xml::add_new_checkpoint_schema_indexes::R3.Corda, databaseChangeLog=master.changelog.json}
?[m?[37m[INFO] 18:18:08,822 [Test worker] changelog.ChangeSet. - ChangeSet migration/node-services.changelog-init.xml::add_new_checkpoint_schema_indexes::R3.Corda ran successfully in 2ms {changeSet=migration/node-services.changelog-init.xml::add_new_checkpoint_schema_indexes::R3.Corda, databaseChangeLog=master.changelog.json}
?[m?[37m[INFO] 18:18:08,823 [Test worker] jvm.JdbcExecutor. - INSERT INTO PUBLIC.DATABASECHANGELOG (ID, AUTHOR, FILENAME, DATEEXECUTED, ORDEREXECUTED, MD5SUM, DESCRIPTION, COMMENTS, EXECTYPE, CONTEXTS, LABELS, LIQUIBASE, DEPLOYMENT_ID) VALUES ('add_new_checkpoint_schema_indexes', 'R3.Corda', 'migration/node-services.changelog-init.xml', NOW(), 107, '8:56612ddd39f61523990e27c1b429f467', 'createIndex indexName=node_checkpoint_blobs_idx, tableName=node_checkpoint_blobs; createIndex indexName=node_flow_results_idx, tableName=node_flow_results; createIndex indexName=node_flow_exceptions_idx, tableName=node_flow_exceptions; createIndex...', '', 'EXECUTED', NULL, NULL, '3.6.3', '1484688759') {changeSet=migration/node-services.changelog-init.xml::add_new_checkpoint_schema_indexes::R3.Corda, databaseChangeLog=master.changelog.json}
?[m?[37m[INFO] 18:18:08,824 [Test worker] jvm.JdbcExecutor. - ALTER TABLE PUBLIC.node_transactions DROP PRIMARY KEY {changeSet=migration/node-core.changelog-v21.xml::node_transaction_id_size::R3.Corda, databaseChangeLog=master.changelog.json}
?[m?[37m[INFO] 18:18:08,824 [Test worker] changelog.ChangeSet. - Primary key dropped from node_transactions {changeSet=migration/node-core.changelog-v21.xml::node_transaction_id_size::R3.Corda, databaseChangeLog=master.changelog.json}
?[m?[37m[INFO] 18:18:08,824 [Test worker] jvm.JdbcExecutor. - ALTER TABLE PUBLIC.node_scheduled_states DROP PRIMARY KEY {changeSet=migration/node-core.changelog-v21.xml::node_transaction_id_size::R3.Corda, databaseChangeLog=master.changelog.json}
?[m?[37m[INFO] 18:18:08,825 [Test worker] changelog.ChangeSet. - Primary key dropped from node_scheduled_states {changeSet=migration/node-core.changelog-v21.xml::node_transaction_id_size::R3.Corda, databaseChangeLog=master.changelog.json}
?[m?[37m[INFO] 18:18:08,825 [Test worker] jvm.JdbcExecutor. - ALTER TABLE PUBLIC.node_transactions ALTER COLUMN tx_id SET NULL {changeSet=migration/node-core.changelog-v21.xml::node_transaction_id_size::R3.Corda, databaseChangeLog=master.changelog.json}
?[m?[37m[INFO] 18:18:08,825 [Test worker] changelog.ChangeSet. - Null constraint dropped from node_transactions.tx_id {changeSet=migration/node-core.changelog-v21.xml::node_transaction_id_size::R3.Corda, databaseChangeLog=master.changelog.json}
?[m?[37m[INFO] 18:18:08,825 [Test worker] jvm.JdbcExecutor. - ALTER TABLE PUBLIC.node_scheduled_states ALTER COLUMN transaction_id SET NULL {changeSet=migration/node-core.changelog-v21.xml::node_transaction_id_size::R3.Corda, databaseChangeLog=master.changelog.json}
?[m?[37m[INFO] 18:18:08,825 [Test worker] changelog.ChangeSet. - Null constraint dropped from node_scheduled_states.transaction_id {changeSet=migration/node-core.changelog-v21.xml::node_transaction_id_size::R3.Corda, databaseChangeLog=master.changelog.json}
?[m?[37m[INFO] 18:18:08,825 [Test worker] jvm.JdbcExecutor. - ALTER TABLE PUBLIC.node_transactions ALTER COLUMN tx_id NVARCHAR(144) {changeSet=migration/node-core.changelog-v21.xml::node_transaction_id_size::R3.Corda, databaseChangeLog=master.changelog.json}
?[m?[37m[INFO] 18:18:08,827 [Test worker] changelog.ChangeSet. - node_transactions.tx_id datatype was changed to NVARCHAR(144) {changeSet=migration/node-core.changelog-v21.xml::node_transaction_id_size::R3.Corda, databaseChangeLog=master.changelog.json}
?[m?[37m[INFO] 18:18:08,827 [Test worker] jvm.JdbcExecutor. - ALTER TABLE PUBLIC.node_scheduled_states ALTER COLUMN transaction_id NVARCHAR(144) {changeSet=migration/node-core.changelog-v21.xml::node_transaction_id_size::R3.Corda, databaseChangeLog=master.changelog.json}
?[m?[37m[INFO] 18:18:08,828 [Test worker] changelog.ChangeSet. - node_scheduled_states.transaction_id datatype was changed to NVARCHAR(144) {changeSet=migration/node-core.changelog-v21.xml::node_transaction_id_size::R3.Corda, databaseChangeLog=master.changelog.json}
?[m?[37m[INFO] 18:18:08,828 [Test worker] jvm.JdbcExecutor. - ALTER TABLE PUBLIC.node_transactions ALTER COLUMN tx_id SET NOT NULL {changeSet=migration/node-core.changelog-v21.xml::node_transaction_id_size::R3.Corda, databaseChangeLog=master.changelog.json}
?[m?[37m[INFO] 18:18:08,828 [Test worker] changelog.ChangeSet. - NOT NULL constraint has been added to node_transactions.tx_id {changeSet=migration/node-core.changelog-v21.xml::node_transaction_id_size::R3.Corda, databaseChangeLog=master.changelog.json}
?[m?[37m[INFO] 18:18:08,828 [Test worker] jvm.JdbcExecutor. - ALTER TABLE PUBLIC.node_scheduled_states ALTER COLUMN transaction_id SET NOT NULL {changeSet=migration/node-core.changelog-v21.xml::node_transaction_id_size::R3.Corda, databaseChangeLog=master.changelog.json}
?[m?[37m[INFO] 18:18:08,829 [Test worker] changelog.ChangeSet. - NOT NULL constraint has been added to node_scheduled_states.transaction_id {changeSet=migration/node-core.changelog-v21.xml::node_transaction_id_size::R3.Corda, databaseChangeLog=master.changelog.json}
?[m?[37m[INFO] 18:18:08,829 [Test worker] jvm.JdbcExecutor. - ALTER TABLE PUBLIC.node_transactions ADD CONSTRAINT node_transactions_pkey PRIMARY KEY (tx_id) {changeSet=migration/node-core.changelog-v21.xml::node_transaction_id_size::R3.Corda, databaseChangeLog=master.changelog.json}
?[m?[37m[INFO] 18:18:08,829 [Test worker] changelog.ChangeSet. - Primary key added to node_transactions (tx_id) {changeSet=migration/node-core.changelog-v21.xml::node_transaction_id_size::R3.Corda, databaseChangeLog=master.changelog.json}
?[m?[37m[INFO] 18:18:08,829 [Test worker] jvm.JdbcExecutor. - ALTER TABLE PUBLIC.node_scheduled_states ADD CONSTRAINT node_scheduled_states_pkey PRIMARY KEY (output_index, transaction_id) {changeSet=migration/node-core.changelog-v21.xml::node_transaction_id_size::R3.Corda, databaseChangeLog=master.changelog.json}
?[m?[37m[INFO] 18:18:08,829 [Test worker] changelog.ChangeSet. - Primary key added to node_scheduled_states (output_index, transaction_id) {changeSet=migration/node-core.changelog-v21.xml::node_transaction_id_size::R3.Corda, databaseChangeLog=master.changelog.json}
?[m?[37m[INFO] 18:18:08,829 [Test worker] changelog.ChangeSet. - ChangeSet migration/node-core.changelog-v21.xml::node_transaction_id_size::R3.Corda ran successfully in 5ms {changeSet=migration/node-core.changelog-v21.xml::node_transaction_id_size::R3.Corda, databaseChangeLog=master.changelog.json}
?[m?[37m[INFO] 18:18:08,830 [Test worker] jvm.JdbcExecutor. - INSERT INTO PUBLIC.DATABASECHANGELOG (ID, AUTHOR, FILENAME, DATEEXECUTED, ORDEREXECUTED, MD5SUM, DESCRIPTION, COMMENTS, EXECTYPE, CONTEXTS, LABELS, LIQUIBASE, DEPLOYMENT_ID) VALUES ('node_transaction_id_size', 'R3.Corda', 'migration/node-core.changelog-v21.xml', NOW(), 108, '8:9267fdf76dd8a7da392f65d5422718c3', 'dropPrimaryKey constraintName=node_transactions_pkey, tableName=node_transactions; dropPrimaryKey constraintName=node_scheduled_states_pkey, tableName=node_scheduled_states; dropNotNullConstraint columnName=tx_id, tableName=node_transactions; drop...', '', 'EXECUTED', NULL, NULL, '3.6.3', '1484688759') {changeSet=migration/node-core.changelog-v21.xml::node_transaction_id_size::R3.Corda, databaseChangeLog=master.changelog.json}
?[m?[37m[INFO] 18:18:08,831 [Test worker] jvm.JdbcExecutor. - INSERT INTO PUBLIC.DATABASECHANGELOG (ID, AUTHOR, FILENAME, DATEEXECUTED, ORDEREXECUTED, MD5SUM, DESCRIPTION, COMMENTS, EXECTYPE, CONTEXTS, LABELS, LIQUIBASE, DEPLOYMENT_ID) VALUES ('node_transaction_id_size_non-clustered_pk', 'R3.Corda', 'migration/node-core.changelog-v21.xml', NOW(), 109, '8:64773359f27e2f85fe6df6097823ce69', 'dropPrimaryKey constraintName=node_transactions_pkey, tableName=node_transactions; addPrimaryKey constraintName=node_transactions_pkey, tableName=node_transactions', '', 'MARK_RAN', NULL, NULL, '3.6.3', '1484688759') {changeSet=migration/node-core.changelog-v21.xml::node_transaction_id_size_non-clustered_pk::R3.Corda, databaseChangeLog=master.changelog.json}
?[m?[37m[INFO] 18:18:08,832 [Test worker] jvm.JdbcExecutor. - ALTER TABLE PUBLIC.node_contract_upgrades DROP PRIMARY KEY {changeSet=migration/node-core.changelog-v21.xml::node_contract_upgrades_state_ref_size::R3.Corda, databaseChangeLog=master.changelog.json}
?[m?[37m[INFO] 18:18:08,832 [Test worker] changelog.ChangeSet. - Primary key dropped from node_contract_upgrades {changeSet=migration/node-core.changelog-v21.xml::node_contract_upgrades_state_ref_size::R3.Corda, databaseChangeLog=master.changelog.json}
?[m?[37m[INFO] 18:18:08,832 [Test worker] jvm.JdbcExecutor. - ALTER TABLE PUBLIC.node_contract_upgrades ALTER COLUMN state_ref SET NULL {changeSet=migration/node-core.changelog-v21.xml::node_contract_upgrades_state_ref_size::R3.Corda, databaseChangeLog=master.changelog.json}
?[m?[37m[INFO] 18:18:08,832 [Test worker] changelog.ChangeSet. - Null constraint dropped from node_contract_upgrades.state_ref {changeSet=migration/node-core.changelog-v21.xml::node_contract_upgrades_state_ref_size::R3.Corda, databaseChangeLog=master.changelog.json}
?[m?[37m[INFO] 18:18:08,832 [Test worker] jvm.JdbcExecutor. - ALTER TABLE PUBLIC.node_contract_upgrades ALTER COLUMN state_ref NVARCHAR(176) {changeSet=migration/node-core.changelog-v21.xml::node_contract_upgrades_state_ref_size::R3.Corda, databaseChangeLog=master.changelog.json}
?[m?[37m[INFO] 18:18:08,833 [Test worker] changelog.ChangeSet. - node_contract_upgrades.state_ref datatype was changed to NVARCHAR(176) {changeSet=migration/node-core.changelog-v21.xml::node_contract_upgrades_state_ref_size::R3.Corda, databaseChangeLog=master.changelog.json}
?[m?[37m[INFO] 18:18:08,833 [Test worker] jvm.JdbcExecutor. - ALTER TABLE PUBLIC.node_contract_upgrades ALTER COLUMN state_ref SET NOT NULL {changeSet=migration/node-core.changelog-v21.xml::node_contract_upgrades_state_ref_size::R3.Corda, databaseChangeLog=master.changelog.json}
?[m?[37m[INFO] 18:18:08,834 [Test worker] changelog.ChangeSet. - NOT NULL constraint has been added to node_contract_upgrades.state_ref {changeSet=migration/node-core.changelog-v21.xml::node_contract_upgrades_state_ref_size::R3.Corda, databaseChangeLog=master.changelog.json}
?[m?[37m[INFO] 18:18:08,834 [Test worker] jvm.JdbcExecutor. - ALTER TABLE PUBLIC.node_contract_upgrades ADD CONSTRAINT node_contract_upgrades_pkey PRIMARY KEY (state_ref) {changeSet=migration/node-core.changelog-v21.xml::node_contract_upgrades_state_ref_size::R3.Corda, databaseChangeLog=master.changelog.json}
?[m?[37m[INFO] 18:18:08,834 [Test worker] changelog.ChangeSet. - Primary key added to node_contract_upgrades (state_ref) {changeSet=migration/node-core.changelog-v21.xml::node_contract_upgrades_state_ref_size::R3.Corda, databaseChangeLog=master.changelog.json}
?[m?[37m[INFO] 18:18:08,834 [Test worker] changelog.ChangeSet. - ChangeSet migration/node-core.changelog-v21.xml::node_contract_upgrades_state_ref_size::R3.Corda ran successfully in 2ms {changeSet=migration/node-core.changelog-v21.xml::node_contract_upgrades_state_ref_size::R3.Corda, databaseChangeLog=master.changelog.json}
?[m?[37m[INFO] 18:18:08,835 [Test worker] jvm.JdbcExecutor. - INSERT INTO PUBLIC.DATABASECHANGELOG (ID, AUTHOR, FILENAME, DATEEXECUTED, ORDEREXECUTED, MD5SUM, DESCRIPTION, COMMENTS, EXECTYPE, CONTEXTS, LABELS, LIQUIBASE, DEPLOYMENT_ID) VALUES ('node_contract_upgrades_state_ref_size', 'R3.Corda', 'migration/node-core.changelog-v21.xml', NOW(), 110, '8:25a17205698e008ce77364ab975aa8b3', 'dropPrimaryKey constraintName=node_contract_upgrades_pkey, tableName=node_contract_upgrades; dropNotNullConstraint columnName=state_ref, tableName=node_contract_upgrades; modifyDataType columnName=state_ref, tableName=node_contract_upgrades; addNo...', '', 'EXECUTED', NULL, NULL, '3.6.3', '1484688759') {changeSet=migration/node-core.changelog-v21.xml::node_contract_upgrades_state_ref_size::R3.Corda, databaseChangeLog=master.changelog.json}
?[m?[37m[INFO] 18:18:08,836 [Test worker] lockservice.StandardLockService. - Successfully released change log lock
?[m?[37m[INFO] 18:18:08,880 [Test worker] jvm.JdbcExecutor. - SELECT MD5SUM FROM PUBLIC.DATABASECHANGELOG WHERE MD5SUM IS NOT NULL
?[m?[37m[INFO] 18:18:08,881 [Test worker] jvm.JdbcExecutor. - SELECT COUNT(*) FROM PUBLIC.DATABASECHANGELOG
?[m?[37m[INFO] 18:18:08,881 [Test worker] changelog.StandardChangeLogHistoryService. - Reading from PUBLIC.DATABASECHANGELOG
?[m?[37m[INFO] 18:18:08,881 [Test worker] jvm.JdbcExecutor. - SELECT * FROM PUBLIC.DATABASECHANGELOG ORDER BY DATEEXECUTED ASC, ORDEREXECUTED ASC
?[m?[37m[INFO] 18:18:08,882 [Test worker] jvm.JdbcExecutor. - SELECT COUNT(*) FROM PUBLIC.DATABASECHANGELOGLOCK
?[m?[37m[INFO] 18:18:08,882 [Test worker] jvm.JdbcExecutor. - SELECT COUNT(*) FROM PUBLIC.DATABASECHANGELOGLOCK
?[m?[37m[INFO] 18:18:08,886 [Test worker] jvm.JdbcExecutor. - SELECT LOCKED FROM PUBLIC.DATABASECHANGELOGLOCK WHERE ID=1
?[m?[37m[INFO] 18:18:08,887 [Test worker] lockservice.StandardLockService. - Successfully acquired change log lock
?[m?[37m[INFO] 18:18:08,888 [Test worker] jvm.JdbcExecutor. - CREATE TABLE PUBLIC.fungible_token (output_index INT NOT NULL, transaction_id NVARCHAR(64) NOT NULL, amount BIGINT NOT NULL, holder NVARCHAR(255) NOT NULL, issuer NVARCHAR(255) NOT NULL, token_class NVARCHAR(255) NOT NULL, token_identifier NVARCHAR(255) NOT NULL) {changeSet=migration/fungible-token-schema.changelog-init.xml::create_fungible_token_table_id::R3.Corda, databaseChangeLog=master.changelog.json}
?[m?[37m[INFO] 18:18:08,889 [Test worker] changelog.ChangeSet. - Table fungible_token created {changeSet=migration/fungible-token-schema.changelog-init.xml::create_fungible_token_table_id::R3.Corda, databaseChangeLog=master.changelog.json}
?[m?[37m[INFO] 18:18:08,889 [Test worker] changelog.ChangeSet. - ChangeSet migration/fungible-token-schema.changelog-init.xml::create_fungible_token_table_id::R3.Corda ran successfully in 1ms {changeSet=migration/fungible-token-schema.changelog-init.xml::create_fungible_token_table_id::R3.Corda, databaseChangeLog=master.changelog.json}
?[m?[37m[INFO] 18:18:08,889 [Test worker] jvm.JdbcExecutor. - SELECT MAX(ORDEREXECUTED) FROM PUBLIC.DATABASECHANGELOG {changeSet=migration/fungible-token-schema.changelog-init.xml::create_fungible_token_table_id::R3.Corda, databaseChangeLog=master.changelog.json}
?[m?[37m[INFO] 18:18:08,890 [Test worker] jvm.JdbcExecutor. - INSERT INTO PUBLIC.DATABASECHANGELOG (ID, AUTHOR, FILENAME, DATEEXECUTED, ORDEREXECUTED, MD5SUM, DESCRIPTION, COMMENTS, EXECTYPE, CONTEXTS, LABELS, LIQUIBASE, DEPLOYMENT_ID) VALUES ('create_fungible_token_table_id', 'R3.Corda', 'migration/fungible-token-schema.changelog-init.xml', NOW(), 111, '8:708f2a949e8783d30c0cc4b33ea5bfcd', 'createTable tableName=fungible_token', '', 'EXECUTED', NULL, NULL, '3.6.3', '1484688887') {changeSet=migration/fungible-token-schema.changelog-init.xml::create_fungible_token_table_id::R3.Corda, databaseChangeLog=master.changelog.json}
?[m?[37m[INFO] 18:18:08,891 [Test worker] jvm.JdbcExecutor. - ALTER TABLE PUBLIC.fungible_token ADD CONSTRAINT fungible_token_pkey PRIMARY KEY (output_index, transaction_id) {changeSet=migration/fungible-token-schema.changelog-init.xml::fungible_token_pkey_id::R3.Corda, databaseChangeLog=master.changelog.json}
?[m?[37m[INFO] 18:18:08,891 [Test worker] changelog.ChangeSet. - Primary key added to fungible_token (output_index, transaction_id) {changeSet=migration/fungible-token-schema.changelog-init.xml::fungible_token_pkey_id::R3.Corda, databaseChangeLog=master.changelog.json}
?[m?[37m[INFO] 18:18:08,891 [Test worker] changelog.ChangeSet. - ChangeSet migration/fungible-token-schema.changelog-init.xml::fungible_token_pkey_id::R3.Corda ran successfully in 1ms {changeSet=migration/fungible-token-schema.changelog-init.xml::fungible_token_pkey_id::R3.Corda, databaseChangeLog=master.changelog.json}
?[m?[37m[INFO] 18:18:08,892 [Test worker] jvm.JdbcExecutor. - INSERT INTO PUBLIC.DATABASECHANGELOG (ID, AUTHOR, FILENAME, DATEEXECUTED, ORDEREXECUTED, MD5SUM, DESCRIPTION, COMMENTS, EXECTYPE, CONTEXTS, LABELS, LIQUIBASE, DEPLOYMENT_ID) VALUES ('fungible_token_pkey_id', 'R3.Corda', 'migration/fungible-token-schema.changelog-init.xml', NOW(), 112, '8:6a623895e620b0cec9857d9f16bfec15', 'addPrimaryKey constraintName=fungible_token_pkey, tableName=fungible_token', '', 'EXECUTED', NULL, NULL, '3.6.3', '1484688887') {changeSet=migration/fungible-token-schema.changelog-init.xml::fungible_token_pkey_id::R3.Corda, databaseChangeLog=master.changelog.json}
?[m?[37m[INFO] 18:18:08,893 [Test worker] jvm.JdbcExecutor. - CREATE INDEX PUBLIC.amount_idx ON PUBLIC.fungible_token(amount) {changeSet=migration/fungible-token-schema.changelog-init.xml::amount_idx_id::R3.Corda, databaseChangeLog=master.changelog.json}
?[m?[37m[INFO] 18:18:08,893 [Test worker] changelog.ChangeSet. - Index amount_idx created {changeSet=migration/fungible-token-schema.changelog-init.xml::amount_idx_id::R3.Corda, databaseChangeLog=master.changelog.json}
?[m?[37m[INFO] 18:18:08,893 [Test worker] changelog.ChangeSet. - ChangeSet migration/fungible-token-schema.changelog-init.xml::amount_idx_id::R3.Corda ran successfully in 0ms {changeSet=migration/fungible-token-schema.changelog-init.xml::amount_idx_id::R3.Corda, databaseChangeLog=master.changelog.json}
?[m?[37m[INFO] 18:18:08,894 [Test worker] jvm.JdbcExecutor. - INSERT INTO PUBLIC.DATABASECHANGELOG (ID, AUTHOR, FILENAME, DATEEXECUTED, ORDEREXECUTED, MD5SUM, DESCRIPTION, COMMENTS, EXECTYPE, CONTEXTS, LABELS, LIQUIBASE, DEPLOYMENT_ID) VALUES ('amount_idx_id', 'R3.Corda', 'migration/fungible-token-schema.changelog-init.xml', NOW(), 113, '8:1ae6fc41a1462d4038cdb056e384dfa9', 'createIndex indexName=amount_idx, tableName=fungible_token', '', 'EXECUTED', NULL, NULL, '3.6.3', '1484688887') {changeSet=migration/fungible-token-schema.changelog-init.xml::amount_idx_id::R3.Corda, databaseChangeLog=master.changelog.json}
?[m?[37m[INFO] 18:18:08,895 [Test worker] jvm.JdbcExecutor. - CREATE INDEX PUBLIC.held_token_amount_idx ON PUBLIC.fungible_token(token_class, token_identifier) {changeSet=migration/fungible-token-schema.changelog-init.xml::held_token_amount_idx_id::R3.Corda, databaseChangeLog=master.changelog.json}
?[m?[37m[INFO] 18:18:08,895 [Test worker] changelog.ChangeSet. - Index held_token_amount_idx created {changeSet=migration/fungible-token-schema.changelog-init.xml::held_token_amount_idx_id::R3.Corda, databaseChangeLog=master.changelog.json}
?[m?[37m[INFO] 18:18:08,895 [Test worker] changelog.ChangeSet. - ChangeSet migration/fungible-token-schema.changelog-init.xml::held_token_amount_idx_id::R3.Corda ran successfully in 1ms {changeSet=migration/fungible-token-schema.changelog-init.xml::held_token_amount_idx_id::R3.Corda, databaseChangeLog=master.changelog.json}
?[m?[37m[INFO] 18:18:08,895 [Test worker] jvm.JdbcExecutor. - INSERT INTO PUBLIC.DATABASECHANGELOG (ID, AUTHOR, FILENAME, DATEEXECUTED, ORDEREXECUTED, MD5SUM, DESCRIPTION, COMMENTS, EXECTYPE, CONTEXTS, LABELS, LIQUIBASE, DEPLOYMENT_ID) VALUES ('held_token_amount_idx_id', 'R3.Corda', 'migration/fungible-token-schema.changelog-init.xml', NOW(), 114, '8:55ffda313ce1eca16721488c8b35ee79', 'createIndex indexName=held_token_amount_idx, tableName=fungible_token', '', 'EXECUTED', NULL, NULL, '3.6.3', '1484688887') {changeSet=migration/fungible-token-schema.changelog-init.xml::held_token_amount_idx_id::R3.Corda, databaseChangeLog=master.changelog.json}
?[m?[37m[INFO] 18:18:08,896 [Test worker] jvm.JdbcExecutor. - ALTER TABLE PUBLIC.fungible_token ADD holding_key NVARCHAR(64) {changeSet=migration/fungible-token-schema.changelog-1.xml::create_fungible_token_owner_column::R3.Corda, databaseChangeLog=master.changelog.json}
?[m?[37m[INFO] 18:18:08,898 [Test worker] changelog.ChangeSet. - Columns holding_key(NVARCHAR(64)) added to fungible_token {changeSet=migration/fungible-token-schema.changelog-1.xml::create_fungible_token_owner_column::R3.Corda, databaseChangeLog=master.changelog.json}
?[m?[37m[INFO] 18:18:08,898 [Test worker] changelog.ChangeSet. - ChangeSet migration/fungible-token-schema.changelog-1.xml::create_fungible_token_owner_column::R3.Corda ran successfully in 2ms {changeSet=migration/fungible-token-schema.changelog-1.xml::create_fungible_token_owner_column::R3.Corda, databaseChangeLog=master.changelog.json}
?[m?[37m[INFO] 18:18:08,899 [Test worker] jvm.JdbcExecutor. - INSERT INTO PUBLIC.DATABASECHANGELOG (ID, AUTHOR, FILENAME, DATEEXECUTED, ORDEREXECUTED, MD5SUM, DESCRIPTION, COMMENTS, EXECTYPE, CONTEXTS, LABELS, LIQUIBASE, DEPLOYMENT_ID) VALUES ('create_fungible_token_owner_column', 'R3.Corda', 'migration/fungible-token-schema.changelog-1.xml', NOW(), 115, '8:96ca96f1426465990f153b138b0dad7a', 'addColumn tableName=fungible_token', '', 'EXECUTED', NULL, NULL, '3.6.3', '1484688887') {changeSet=migration/fungible-token-schema.changelog-1.xml::create_fungible_token_owner_column::R3.Corda, databaseChangeLog=master.changelog.json}
?[m?[37m[INFO] 18:18:08,899 [Test worker] jvm.JdbcExecutor. - CREATE INDEX PUBLIC.holding_key_idx ON PUBLIC.fungible_token(holding_key) {changeSet=migration/fungible-token-schema.changelog-1.xml::create_holding_key_idx::R3.Corda, databaseChangeLog=master.changelog.json}
?[m?[37m[INFO] 18:18:08,900 [Test worker] changelog.ChangeSet. - Index holding_key_idx created {changeSet=migration/fungible-token-schema.changelog-1.xml::create_holding_key_idx::R3.Corda, databaseChangeLog=master.changelog.json}
?[m?[37m[INFO] 18:18:08,900 [Test worker] changelog.ChangeSet. - ChangeSet migration/fungible-token-schema.changelog-1.xml::create_holding_key_idx::R3.Corda ran successfully in 1ms {changeSet=migration/fungible-token-schema.changelog-1.xml::create_holding_key_idx::R3.Corda, databaseChangeLog=master.changelog.json}
?[m?[37m[INFO] 18:18:08,901 [Test worker] jvm.JdbcExecutor. - INSERT INTO PUBLIC.DATABASECHANGELOG (ID, AUTHOR, FILENAME, DATEEXECUTED, ORDEREXECUTED, MD5SUM, DESCRIPTION, COMMENTS, EXECTYPE, CONTEXTS, LABELS, LIQUIBASE, DEPLOYMENT_ID) VALUES ('create_holding_key_idx', 'R3.Corda', 'migration/fungible-token-schema.changelog-1.xml', NOW(), 116, '8:67e32a9250726807340c01844edeaf69', 'createIndex indexName=holding_key_idx, tableName=fungible_token', '', 'EXECUTED', NULL, NULL, '3.6.3', '1484688887') {changeSet=migration/fungible-token-schema.changelog-1.xml::create_holding_key_idx::R3.Corda, databaseChangeLog=master.changelog.json}
?[m?[37m[INFO] 18:18:08,902 [Test worker] changelog.ChangeSet. - null {changeSet=migration/fungible-token-schema.changelog-1.xml::map_owning_keys_from_transactionstore::R3.Corda, databaseChangeLog=master.changelog.json}
?[m?[37m[INFO] 18:18:08,902 [Test worker] changelog.ChangeSet. - ChangeSet migration/fungible-token-schema.changelog-1.xml::map_owning_keys_from_transactionstore::R3.Corda ran successfully in 1ms {changeSet=migration/fungible-token-schema.changelog-1.xml::map_owning_keys_from_transactionstore::R3.Corda, databaseChangeLog=master.changelog.json}
?[m?[37m[INFO] 18:18:08,902 [Test worker] jvm.JdbcExecutor. - INSERT INTO PUBLIC.DATABASECHANGELOG (ID, AUTHOR, FILENAME, DATEEXECUTED, ORDEREXECUTED, MD5SUM, DESCRIPTION, COMMENTS, EXECTYPE, CONTEXTS, LABELS, LIQUIBASE, DEPLOYMENT_ID) VALUES ('map_owning_keys_from_transactionstore', 'R3.Corda', 'migration/fungible-token-schema.changelog-1.xml', NOW(), 117, '8:df80639d10d7c4f59d49908643f4c85f', 'customChange', '', 'EXECUTED', NULL, NULL, '3.6.3', '1484688887') {changeSet=migration/fungible-token-schema.changelog-1.xml::map_owning_keys_from_transactionstore::R3.Corda, databaseChangeLog=master.changelog.json}
?[m?[37m[INFO] 18:18:08,903 [Test worker] jvm.JdbcExecutor. - CREATE TABLE PUBLIC.non_fungible_token (output_index INT NOT NULL, transaction_id NVARCHAR(64) NOT NULL, holder NVARCHAR(255) NOT NULL, issuer NVARCHAR(255) NOT NULL, token_class NVARCHAR(255) NOT NULL, token_identifier NVARCHAR(255)) {changeSet=migration/non-fungible-token-schema.changelog-init.xml::create_non_fungible_token_table_id::R3.Corda, databaseChangeLog=master.changelog.json}
?[m?[37m[INFO] 18:18:08,903 [Test worker] changelog.ChangeSet. - Table non_fungible_token created {changeSet=migration/non-fungible-token-schema.changelog-init.xml::create_non_fungible_token_table_id::R3.Corda, databaseChangeLog=master.changelog.json}
?[m?[37m[INFO] 18:18:08,904 [Test worker] changelog.ChangeSet. - ChangeSet migration/non-fungible-token-schema.changelog-init.xml::create_non_fungible_token_table_id::R3.Corda ran successfully in 0ms {changeSet=migration/non-fungible-token-schema.changelog-init.xml::create_non_fungible_token_table_id::R3.Corda, databaseChangeLog=master.changelog.json}
?[m?[37m[INFO] 18:18:08,904 [Test worker] jvm.JdbcExecutor. - INSERT INTO PUBLIC.DATABASECHANGELOG (ID, AUTHOR, FILENAME, DATEEXECUTED, ORDEREXECUTED, MD5SUM, DESCRIPTION, COMMENTS, EXECTYPE, CONTEXTS, LABELS, LIQUIBASE, DEPLOYMENT_ID) VALUES ('create_non_fungible_token_table_id', 'R3.Corda', 'migration/non-fungible-token-schema.changelog-init.xml', NOW(), 118, '8:537d4553becbc43bb11c0817e1639eae', 'createTable tableName=non_fungible_token', '', 'EXECUTED', NULL, NULL, '3.6.3', '1484688887') {changeSet=migration/non-fungible-token-schema.changelog-init.xml::create_non_fungible_token_table_id::R3.Corda, databaseChangeLog=master.changelog.json}
?[m?[37m[INFO] 18:18:08,905 [Test worker] jvm.JdbcExecutor. - ALTER TABLE PUBLIC.non_fungible_token ADD CONSTRAINT non_fungible_token_pkey PRIMARY KEY (output_index, transaction_id) {changeSet=migration/non-fungible-token-schema.changelog-init.xml::non_fungible_token_pkey_id::R3.Corda, databaseChangeLog=master.changelog.json}
?[m?[37m[INFO] 18:18:08,905 [Test worker] changelog.ChangeSet. - Primary key added to non_fungible_token (output_index, transaction_id) {changeSet=migration/non-fungible-token-schema.changelog-init.xml::non_fungible_token_pkey_id::R3.Corda, databaseChangeLog=master.changelog.json}
?[m?[37m[INFO] 18:18:08,905 [Test worker] changelog.ChangeSet. - ChangeSet migration/non-fungible-token-schema.changelog-init.xml::non_fungible_token_pkey_id::R3.Corda ran successfully in 1ms {changeSet=migration/non-fungible-token-schema.changelog-init.xml::non_fungible_token_pkey_id::R3.Corda, databaseChangeLog=master.changelog.json}
?[m?[37m[INFO] 18:18:08,906 [Test worker] jvm.JdbcExecutor. - INSERT INTO PUBLIC.DATABASECHANGELOG (ID, AUTHOR, FILENAME, DATEEXECUTED, ORDEREXECUTED, MD5SUM, DESCRIPTION, COMMENTS, EXECTYPE, CONTEXTS, LABELS, LIQUIBASE, DEPLOYMENT_ID) VALUES ('non_fungible_token_pkey_id', 'R3.Corda', 'migration/non-fungible-token-schema.changelog-init.xml', NOW(), 119, '8:d08935cf27a24a32cb4c14cec40b4c30', 'addPrimaryKey constraintName=non_fungible_token_pkey, tableName=non_fungible_token', '', 'EXECUTED', NULL, NULL, '3.6.3', '1484688887') {changeSet=migration/non-fungible-token-schema.changelog-init.xml::non_fungible_token_pkey_id::R3.Corda, databaseChangeLog=master.changelog.json}
?[m?[37m[INFO] 18:18:08,907 [Test worker] jvm.JdbcExecutor. - CREATE INDEX PUBLIC.held_token_idx ON PUBLIC.non_fungible_token(token_class, token_identifier) {changeSet=migration/non-fungible-token-schema.changelog-init.xml::held_token_idx_id::R3.Corda, databaseChangeLog=master.changelog.json}
?[m?[37m[INFO] 18:18:08,907 [Test worker] changelog.ChangeSet. - Index held_token_idx created {changeSet=migration/non-fungible-token-schema.changelog-init.xml::held_token_idx_id::R3.Corda, databaseChangeLog=master.changelog.json}
?[m?[37m[INFO] 18:18:08,907 [Test worker] changelog.ChangeSet. - ChangeSet migration/non-fungible-token-schema.changelog-init.xml::held_token_idx_id::R3.Corda ran successfully in 1ms {changeSet=migration/non-fungible-token-schema.changelog-init.xml::held_token_idx_id::R3.Corda, databaseChangeLog=master.changelog.json}
?[m?[37m[INFO] 18:18:08,907 [Test worker] jvm.JdbcExecutor. - INSERT INTO PUBLIC.DATABASECHANGELOG (ID, AUTHOR, FILENAME, DATEEXECUTED, ORDEREXECUTED, MD5SUM, DESCRIPTION, COMMENTS, EXECTYPE, CONTEXTS, LABELS, LIQUIBASE, DEPLOYMENT_ID) VALUES ('held_token_idx_id', 'R3.Corda', 'migration/non-fungible-token-schema.changelog-init.xml', NOW(), 120, '8:a13b131f129e2b15eeea3fd36b572fe4', 'createIndex indexName=held_token_idx, tableName=non_fungible_token', '', 'EXECUTED', NULL, NULL, '3.6.3', '1484688887') {changeSet=migration/non-fungible-token-schema.changelog-init.xml::held_token_idx_id::R3.Corda, databaseChangeLog=master.changelog.json}
?[m?[37m[INFO] 18:18:08,908 [Test worker] jvm.JdbcExecutor. - CREATE TABLE PUBLIC.distribution_record (id BIGINT NOT NULL, linear_id VARCHAR(255) NOT NULL, party NVARCHAR(255) NOT NULL) {changeSet=migration/distribution-record-schema.changelog-init.xml::create_distribution_record_table_id::R3.Corda, databaseChangeLog=master.changelog.json}
?[m?[37m[INFO] 18:18:08,908 [Test worker] changelog.ChangeSet. - Table distribution_record created {changeSet=migration/distribution-record-schema.changelog-init.xml::create_distribution_record_table_id::R3.Corda, databaseChangeLog=master.changelog.json}
?[m?[37m[INFO] 18:18:08,908 [Test worker] changelog.ChangeSet. - ChangeSet migration/distribution-record-schema.changelog-init.xml::create_distribution_record_table_id::R3.Corda ran successfully in 0ms {changeSet=migration/distribution-record-schema.changelog-init.xml::create_distribution_record_table_id::R3.Corda, databaseChangeLog=master.changelog.json}
?[m?[37m[INFO] 18:18:08,909 [Test worker] jvm.JdbcExecutor. - INSERT INTO PUBLIC.DATABASECHANGELOG (ID, AUTHOR, FILENAME, DATEEXECUTED, ORDEREXECUTED, MD5SUM, DESCRIPTION, COMMENTS, EXECTYPE, CONTEXTS, LABELS, LIQUIBASE, DEPLOYMENT_ID) VALUES ('create_distribution_record_table_id', 'R3.Corda', 'migration/distribution-record-schema.changelog-init.xml', NOW(), 121, '8:58bbe0f002fa9a550dbc9aa60a7fda96', 'createTable tableName=distribution_record', '', 'EXECUTED', NULL, NULL, '3.6.3', '1484688887') {changeSet=migration/distribution-record-schema.changelog-init.xml::create_distribution_record_table_id::R3.Corda, databaseChangeLog=master.changelog.json}
?[m?[37m[INFO] 18:18:08,909 [Test worker] jvm.JdbcExecutor. - ALTER TABLE PUBLIC.distribution_record ADD CONSTRAINT distribution_record_pkey PRIMARY KEY (id) {changeSet=migration/distribution-record-schema.changelog-init.xml::distribution_record_pkey_id::R3.Corda, databaseChangeLog=master.changelog.json}
?[m?[37m[INFO] 18:18:08,909 [Test worker] changelog.ChangeSet. - Primary key added to distribution_record (id) {changeSet=migration/distribution-record-schema.changelog-init.xml::distribution_record_pkey_id::R3.Corda, databaseChangeLog=master.changelog.json}
?[m?[37m[INFO] 18:18:08,909 [Test worker] changelog.ChangeSet. - ChangeSet migration/distribution-record-schema.changelog-init.xml::distribution_record_pkey_id::R3.Corda ran successfully in 0ms {changeSet=migration/distribution-record-schema.changelog-init.xml::distribution_record_pkey_id::R3.Corda, databaseChangeLog=master.changelog.json}
?[m?[37m[INFO] 18:18:08,910 [Test worker] jvm.JdbcExecutor. - INSERT INTO PUBLIC.DATABASECHANGELOG (ID, AUTHOR, FILENAME, DATEEXECUTED, ORDEREXECUTED, MD5SUM, DESCRIPTION, COMMENTS, EXECTYPE, CONTEXTS, LABELS, LIQUIBASE, DEPLOYMENT_ID) VALUES ('distribution_record_pkey_id', 'R3.Corda', 'migration/distribution-record-schema.changelog-init.xml', NOW(), 122, '8:0ac8470d7e72d959df72a2f31db8916f', 'addPrimaryKey constraintName=distribution_record_pkey, tableName=distribution_record', '', 'EXECUTED', NULL, NULL, '3.6.3', '1484688887') {changeSet=migration/distribution-record-schema.changelog-init.xml::distribution_record_pkey_id::R3.Corda, databaseChangeLog=master.changelog.json}
?[m?[37m[INFO] 18:18:08,910 [Test worker] jvm.JdbcExecutor. - CREATE INDEX PUBLIC.dist_record_idx ON PUBLIC.distribution_record(linear_id) {changeSet=migration/distribution-record-schema.changelog-init.xml::dist_record_idx_id::R3.Corda, databaseChangeLog=master.changelog.json}
?[m?[37m[INFO] 18:18:08,911 [Test worker] changelog.ChangeSet. - Index dist_record_idx created {changeSet=migration/distribution-record-schema.changelog-init.xml::dist_record_idx_id::R3.Corda, databaseChangeLog=master.changelog.json}
?[m?[37m[INFO] 18:18:08,911 [Test worker] changelog.ChangeSet. - ChangeSet migration/distribution-record-schema.changelog-init.xml::dist_record_idx_id::R3.Corda ran successfully in 1ms {changeSet=migration/distribution-record-schema.changelog-init.xml::dist_record_idx_id::R3.Corda, databaseChangeLog=master.changelog.json}
?[m?[37m[INFO] 18:18:08,911 [Test worker] jvm.JdbcExecutor. - INSERT INTO PUBLIC.DATABASECHANGELOG (ID, AUTHOR, FILENAME, DATEEXECUTED, ORDEREXECUTED, MD5SUM, DESCRIPTION, COMMENTS, EXECTYPE, CONTEXTS, LABELS, LIQUIBASE, DEPLOYMENT_ID) VALUES ('dist_record_idx_id', 'R3.Corda', 'migration/distribution-record-schema.changelog-init.xml', NOW(), 123, '8:0e8c85eaeb998b9c455afeaed17a20a8', 'createIndex indexName=dist_record_idx, tableName=distribution_record', '', 'EXECUTED', NULL, NULL, '3.6.3', '1484688887') {changeSet=migration/distribution-record-schema.changelog-init.xml::dist_record_idx_id::R3.Corda, databaseChangeLog=master.changelog.json}
?[m?[37m[INFO] 18:18:08,913 [Test worker] lockservice.StandardLockService. - Successfully released change log lock
?[m?[37m[INFO] 18:18:08,913 [Test worker] internal.InternalMockNetwork$MockNode. - Connected to H2 database.
?[m?[37m[INFO] 18:18:08,914 [Test worker] persistence.HibernateConfiguration. - Init HibernateConfiguration for schemas: [CommonSchemaV1(name=net.corda.core.schemas.CommonSchema, version=1), VaultSchemaV1(name=net.corda.node.services.vault.VaultSchema, version=1), NodeInfoSchemaV1(name=net.corda.node.internal.schemas.NodeInfoSchema, version=1), NodeCoreV1(name=net.corda.node.services.schema.NodeSchemaService$NodeCore, version=1), FungibleTokenSchemaV1(name=com.r3.corda.lib.tokens.contracts.internal.schemas.FungibleTokenSchema, version=1), NonFungibleTokenSchemaV1(name=com.r3.corda.lib.tokens.contracts.internal.schemas.NonFungibleTokenSchema, version=1), TokenSchemaV1(name=com.r3.corda.lib.tokens.contracts.schemas.TokenSchema, version=1), DistributionRecordSchemaV1(name=com.r3.corda.lib.tokens.workflows.internal.schemas.DistributionRecordSchema, version=1)]
?[m?[37m[INFO] 18:18:08,914 [Test worker] factory.BaseSessionFactoryFactory. - Creating session factory for schemas: [CommonSchemaV1(name=net.corda.core.schemas.CommonSchema, version=1), VaultSchemaV1(name=net.corda.node.services.vault.VaultSchema, version=1), NodeInfoSchemaV1(name=net.corda.node.internal.schemas.NodeInfoSchema, version=1), NodeCoreV1(name=net.corda.node.services.schema.NodeSchemaService$NodeCore, version=1), FungibleTokenSchemaV1(name=com.r3.corda.lib.tokens.contracts.internal.schemas.FungibleTokenSchema, version=1), NonFungibleTokenSchemaV1(name=com.r3.corda.lib.tokens.contracts.internal.schemas.NonFungibleTokenSchema, version=1), TokenSchemaV1(name=com.r3.corda.lib.tokens.contracts.schemas.TokenSchema, version=1), DistributionRecordSchemaV1(name=com.r3.corda.lib.tokens.workflows.internal.schemas.DistributionRecordSchema, version=1)]
?[m?[37m[INFO] 18:18:08,919 [Test worker] internal.ConnectionProviderInitiator. - HHH000130: Instantiating explicit connection provider: net.corda.nodeapi.internal.persistence.HibernateConfiguration$NodeDatabaseConnectionProvider
?[m?[37m[INFO] 18:18:08,919 [Test worker] dialect.Dialect. - HHH000400: Using dialect: org.hibernate.dialect.H2Dialect
?[m?[37m[INFO] 18:18:08,991 [Test worker] connections.access. - HHH10001501: Connection obtained from JdbcConnectionAccess [org.hibernate.engine.jdbc.env.internal.JdbcEnvironmentInitiator$ConnectionProviderJdbcConnectionAccess@72d00ef8] for (non-JTA) DDL execution was not in auto-commit mode; the Connection 'local transaction' will be committed and the Connection will be set into auto-commit mode.
?[m?[37m[INFO] 18:18:09,023 [Test worker] internal.JtaPlatformInitiator. - HHH000490: Using JtaPlatform implementation: [org.hibernate.engine.transaction.jta.platform.internal.NoJtaPlatform]
?[m?[37m[INFO] 18:18:09,024 [Test worker] factory.BaseSessionFactoryFactory. - Created session factory for schemas: [CommonSchemaV1(name=net.corda.core.schemas.CommonSchema, version=1), VaultSchemaV1(name=net.corda.node.services.vault.VaultSchema, version=1), NodeInfoSchemaV1(name=net.corda.node.internal.schemas.NodeInfoSchema, version=1), NodeCoreV1(name=net.corda.node.services.schema.NodeSchemaService$NodeCore, version=1), FungibleTokenSchemaV1(name=com.r3.corda.lib.tokens.contracts.internal.schemas.FungibleTokenSchema, version=1), NonFungibleTokenSchemaV1(name=com.r3.corda.lib.tokens.contracts.internal.schemas.NonFungibleTokenSchema, version=1), TokenSchemaV1(name=com.r3.corda.lib.tokens.contracts.schemas.TokenSchema, version=1), DistributionRecordSchemaV1(name=com.r3.corda.lib.tokens.workflows.internal.schemas.DistributionRecordSchema, version=1)]
?[m?[37m[INFO] 18:18:09,028 [Test worker] internal.InternalMockNetwork$MockNode. - Node-info has changed so submitting update. Old node-info was null
?[m?[37m[INFO] 18:18:09,030 [Test worker] network.PersistentNetworkMapCache. - Adding node with info: NodeInfo(addresses=[mock.node:1000], legalIdentitiesAndCerts=[O=Mock Company 1, L=London, C=GB], platformVersion=11, serial=1671484689028), owningKey=DL9qMGYPtCZmpp6WNgmTZXyaGQ67yuFesYdcPnwGnsg4rj
?[m?[37m[INFO] 18:18:09,030 [Test worker] network.PersistentNetworkMapCache. - No previous node found for O=Mock Company 1, L=London, C=GB
?[m?[37m[INFO] 18:18:09,035 [Test worker] internal.InternalMockNetwork$MockNode. - New node-info: NodeInfo(addresses=[mock.node:1000], legalIdentitiesAndCerts=[O=Mock Company 1, L=London, C=GB], platformVersion=11, serial=1671484689028)
?[m?[37m[INFO] 18:18:09,041 [Test worker] network.NetworkMapUpdater. - Auto-accept enabled for network parameter changes which modify only: [epoch, modifiedTime, packageOwnership, whitelistedContractImplementations]
?[m?[37m[INFO] 18:18:09,041 [Test worker] internal.MockNodeMessagingService. - Status change to true
?[m?[37m[INFO] 18:18:09,041 [Test worker] internal.InternalMockNetwork$MockNode. - MessagingService active change to: true
?[m?[37m[INFO] 18:18:09,060 [MockNode-2-2] network.PersistentNetworkMapCache. - Adding node with info: NodeInfo(addresses=[mock.node:1000], legalIdentitiesAndCerts=[O=Mock Company 1, L=London, C=GB], platformVersion=11, serial=1671484689028), owningKey=DL9qMGYPtCZmpp6WNgmTZXyaGQ67yuFesYdcPnwGnsg4rj
?[m?[37m[INFO] 18:18:09,060 [MockNode-2-2] network.PersistentNetworkMapCache. - Previous node was identical to incoming one - doing nothing
?[m?[37m[INFO] 18:18:09,066 [Test worker] ClassloaderUtils. - Contracts loading for 'C:\Users\diogo\AppData\Local\Temp\attachment5687600953066778606.jar' took 3 msec
?[m?[37m[INFO] 18:18:09,070 [Test worker] persistence.NodeAttachmentService. - Stored new attachment: id=CE8DE26FD6C21FE1E3966284DEF8E748A454C21F0BD9836854DE4DA4544311BC uploader=app filename=tokenizedhouse CorDapp
?[m?[37m[INFO] 18:18:09,077 [Test worker] ClassloaderUtils. - Contracts loading for 'C:\Users\diogo\AppData\Local\Temp\attachment2221498188889827449.jar' took 4 msec
?[m?[37m[INFO] 18:18:09,089 [Test worker] persistence.NodeAttachmentService. - Stored new attachment: id=34705DC9A2C8599998BBDBA7C3D13609AF04D8B3A772F7134D685ECC926D8320 uploader=app filename=Token SDK Contracts
?[m?[37m[INFO] 18:18:09,092 [Test worker] internal.InternalMockNetwork$MockNode. - Installed com.r3.corda.lib.tokens.selection.memory.services.VaultMigratorService Corda service
?[m?[37m[INFO] 18:18:09,092 [Test worker] cordapp.CordappConfigFileProvider. - Found config for cordapp tokens-workflows-1.2 in build\mock-network\20221219-211751.144-77960ADE5643869C\nodes\1\cordapps\config\tokens-workflows-1.2.conf
?[m?[31m[WARN] 18:18:09,092 [Test worker] inMemoryConfigSelectionLogger. - Did not detect a configuration for InMemory selection - enabling memory usage for token indexing. Please set stateSelection.inMemory.enabled to "false" to disable this
?[m?[31m[WARN] 18:18:09,092 [Test worker] inMemoryConfigSelectionLogger. - No indexing method specified. Indexes will be created at run-time for each invocation of selectTokens
?[m?[37m[INFO] 18:18:09,092 [Test worker] inMemoryConfigSelectionLogger. - Found in memory token selection configuration with values indexing strategy: [], cacheSize: 1024
?[m?[31m[WARN] 18:18:09,092 [Test worker] vault.NodeVaultService. - trackBy is called with an already existing, open DB transaction. As a result, there might be states missing from both the snapshot and observable, included in the returned data feed, because of race conditions.
?[m?[31m[WARN] 18:18:09,096 [Test worker] inMemoryConfigSelectionLogger. - Did not detect a configuration for InMemory selection - enabling memory usage for token indexing. Please set stateSelection.inMemory.enabled to "false" to disable this
?[m?[31m[WARN] 18:18:09,096 [Test worker] inMemoryConfigSelectionLogger. - No indexing method specified. Indexes will be created at run-time for each invocation of selectTokens
?[m?[37m[INFO] 18:18:09,096 [Test worker] inMemoryConfigSelectionLogger. - Found in memory token selection configuration with values indexing strategy: [], cacheSize: 1024
?[m?[37m[INFO] 18:18:09,096 [Test worker] services.VaultWatcherService. - Starting async token loading from vault
?[m?[37m[INFO] 18:18:09,096 [Test worker] internal.InternalMockNetwork$MockNode. - Installed com.r3.corda.lib.tokens.selection.memory.services.VaultWatcherService Corda service
?[m?[37m[INFO] 18:18:09,100 [pool-12-thread-1] services.VaultWatcherService. - publishing 0 to async state loading callback
?[m?[37m[INFO] 18:18:09,100 [pool-12-thread-1] services.VaultWatcherService. - received token vault update with 0 consumed states and: 0 produced states
?[m?[37m[INFO] 18:18:09,100 [pool-12-thread-1] services.VaultWatcherService. - finished token loading
?[m?[37m[INFO] 18:18:09,114 [Test worker] statemachine.SingleThreadedStateMachineManager. - Node ready, info: NodeInfo(addresses=[mock.node:1000], legalIdentitiesAndCerts=[O=Mock Company 1, L=London, C=GB], platformVersion=11, serial=1671484689028)
?[m?[37m[INFO] 18:18:09,115 [Test worker] network.PersistentNetworkMapCache. - Adding node with info: NodeInfo(addresses=[mock.node:1000], legalIdentitiesAndCerts=[O=Notary, L=London, C=GB], platformVersion=11, serial=1671484687055), owningKey=DL7tvVdTBo72yu2Ag9nUvt6vGTDEckaD1ptq2of1rZ6vCg
?[m?[37m[INFO] 18:18:09,115 [Test worker] network.PersistentNetworkMapCache. - No previous node found for O=Notary, L=London, C=GB
?[m?[37m[INFO] 18:18:09,124 [Test worker] network.PersistentNetworkMapCache. - Adding node with info: NodeInfo(addresses=[mock.node:1000], legalIdentitiesAndCerts=[O=Mock Company 1, L=London, C=GB], platformVersion=11, serial=1671484689028), owningKey=DL9qMGYPtCZmpp6WNgmTZXyaGQ67yuFesYdcPnwGnsg4rj
?[m?[37m[INFO] 18:18:09,124 [Test worker] network.PersistentNetworkMapCache. - No previous node found for O=Mock Company 1, L=London, C=GB
?[m?[37m[INFO] 18:18:09,132 [Test worker] network.PersistentNetworkMapCache. - Adding node with info: NodeInfo(addresses=[mock.node:1000], legalIdentitiesAndCerts=[O=Mock Company 1, L=London, C=GB], platformVersion=11, serial=1671484689028), owningKey=DL9qMGYPtCZmpp6WNgmTZXyaGQ67yuFesYdcPnwGnsg4rj
?[m?[37m[INFO] 18:18:09,132 [Test worker] network.PersistentNetworkMapCache. - Previous node was identical to incoming one - doing nothing
?[m?[37m[INFO] 18:18:09,132 [Test worker] network.PersistentNetworkMapCache. - Adding node with info: NodeInfo(addresses=[mock.node:1000], legalIdentitiesAndCerts=[O=Mock Company 1, L=London, C=GB], platformVersion=11, serial=1671484689028), owningKey=DL9qMGYPtCZmpp6WNgmTZXyaGQ67yuFesYdcPnwGnsg4rj
?[m?[37m[INFO] 18:18:09,132 [Test worker] network.PersistentNetworkMapCache. - Previous node was identical to incoming one - doing nothing
?[m?[37m[INFO] 18:18:09,142 [Test worker] cordapp.JarScanningCordappLoader. - Looking for CorDapps in [build\mock-network\20221219-211751.144-77960ADE5643869C\nodes\2\cordapps]
?[m?[37m[INFO] 18:18:09,143 [Test worker] cordapp.JarScanningCordappLoader. - Loading CorDapps from RestrictedURL(url=file:/F:/diogo/Documents/Diogo_Programação/2-FungibleToken-Issue-and-Swap/workflows/build/mock-network/20221219-211751.144-77960ADE5643869C/nodes/2/cordapps/contracts-1.0.jar, rootPackageName=null), RestrictedURL(url=file:/F:/diogo/Documents/Diogo_Programação/2-FungibleToken-Issue-and-Swap/workflows/build/mock-network/20221219-211751.144-77960ADE5643869C/nodes/2/cordapps/tokens-contracts-1.2.jar, rootPackageName=null), RestrictedURL(url=file:/F:/diogo/Documents/Diogo_Programação/2-FungibleToken-Issue-and-Swap/workflows/build/mock-network/20221219-211751.144-77960ADE5643869C/nodes/2/cordapps/tokens-workflows-1.2.jar, rootPackageName=null), RestrictedURL(url=file:/F:/diogo/Documents/Diogo_Programação/2-FungibleToken-Issue-and-Swap/workflows/build/mock-network/20221219-211751.144-77960ADE5643869C/nodes/2/cordapps/workflows-1.0.jar, rootPackageName=null)
?[m?[37m[INFO] 18:18:09,143 [Test worker] cordapp.JarScanningCordappLoader. - Scanning CorDapp in file:/F:/diogo/Documents/Diogo_Programação/2-FungibleToken-Issue-and-Swap/workflows/build/mock-network/20221219-211751.144-77960ADE5643869C/nodes/2/cordapps/contracts-1.0.jar
?[m?[37m[INFO] 18:18:09,209 [Test worker] cordapp.JarScanningCordappLoader. - Scanning CorDapp in file:/F:/diogo/Documents/Diogo_Programação/2-FungibleToken-Issue-and-Swap/workflows/build/mock-network/20221219-211751.144-77960ADE5643869C/nodes/2/cordapps/tokens-contracts-1.2.jar
?[m?[37m[INFO] 18:18:09,216 [Test worker] cordapp.JarScanningCordappLoader. - Scanning CorDapp in file:/F:/diogo/Documents/Diogo_Programação/2-FungibleToken-Issue-and-Swap/workflows/build/mock-network/20221219-211751.144-77960ADE5643869C/nodes/2/cordapps/tokens-workflows-1.2.jar
?[m?[37m[INFO] 18:18:09,235 [Test worker] cordapp.JarScanningCordappLoader. - Scanning CorDapp in file:/F:/diogo/Documents/Diogo_Programação/2-FungibleToken-Issue-and-Swap/workflows/build/mock-network/20221219-211751.144-77960ADE5643869C/nodes/2/cordapps/workflows-1.0.jar
?[m?[37m[INFO] 18:18:09,252 [Test worker] internal.InternalMockNetwork$MockNode. - MessagingService active change to: false
?[m?[37m[INFO] 18:18:09,253 [Test worker] internal.InternalMockNetwork$MockNode. - Flow external operation executor has a max of 2 threads
?[m?[37m[INFO] 18:18:09,254 [Test worker] internal.InternalMockNetwork$MockNode. - Node starting up ...
?[m?[37m[INFO] 18:18:09,290 [Test worker] internal.KeyStoreHandler. - Loaded trusted root certificate: DL7fwxLm5xbiMD8adUuYTsPZHAict46Ng4w6RNcySt5vAw, alias: cordarootca
?[m?[37m[INFO] 18:18:09,290 [Test worker] internal.KeyStoreHandler. - Loaded node identity key: DLCmNtAUtvECby562iRCBTEuofJ7A83QYBRvA4gCUrmAyu, alias: identity-private-key
?[m?[37m[INFO] 18:18:09,294 [Test worker] internal.NodeFlowManager. - Registered com.r3.corda.lib.tokens.workflows.flows.rpc.ConfidentialIssueTokens to initiate com.r3.corda.lib.tokens.workflows.flows.rpc.ConfidentialIssueTokensHandler (version 1)
?[m?[37m[INFO] 18:18:09,294 [Test worker] internal.NodeFlowManager. - Registered com.r3.corda.lib.tokens.workflows.flows.rpc.ConfidentialMoveFungibleTokens to initiate com.r3.corda.lib.tokens.workflows.flows.rpc.ConfidentialMoveFungibleTokensHandler (version 1)
?[m?[37m[INFO] 18:18:09,294 [Test worker] internal.NodeFlowManager. - Registered com.r3.corda.lib.tokens.workflows.flows.rpc.ConfidentialMoveNonFungibleTokens to initiate com.r3.corda.lib.tokens.workflows.flows.rpc.ConfidentialMoveNonFungibleTokensHandler (version 1)
?[m?[37m[INFO] 18:18:09,294 [Test worker] internal.NodeFlowManager. - Registered com.r3.corda.lib.tokens.workflows.flows.rpc.ConfidentialRedeemFungibleTokens to initiate com.r3.corda.lib.tokens.workflows.flows.rpc.ConfidentialRedeemFungibleTokensHandler (version 1)
?[m?[37m[INFO] 18:18:09,294 [Test worker] internal.NodeFlowManager. - Registered com.r3.corda.lib.tokens.workflows.flows.rpc.CreateEvolvableTokens to initiate com.r3.corda.lib.tokens.workflows.flows.rpc.CreateEvolvableTokensHandler (version 1)
?[m?[37m[INFO] 18:18:09,295 [Test worker] internal.NodeFlowManager. - Registered com.r3.corda.lib.tokens.workflows.flows.rpc.IssueTokens to initiate com.r3.corda.lib.tokens.workflows.flows.rpc.IssueTokensHandler (version 1)
?[m?[37m[INFO] 18:18:09,295 [Test worker] internal.NodeFlowManager. - Registered com.r3.corda.lib.tokens.workflows.flows.rpc.MoveFungibleTokens to initiate com.r3.corda.lib.tokens.workflows.flows.rpc.MoveFungibleTokensHandler (version 1)
?[m?[37m[INFO] 18:18:09,295 [Test worker] internal.NodeFlowManager. - Registered com.r3.corda.lib.tokens.workflows.flows.rpc.MoveNonFungibleTokens to initiate com.r3.corda.lib.tokens.workflows.flows.rpc.MoveNonFungibleTokensHandler (version 1)
?[m?[37m[INFO] 18:18:09,295 [Test worker] internal.NodeFlowManager. - Registered com.r3.corda.lib.tokens.workflows.flows.rpc.RedeemFungibleTokens to initiate com.r3.corda.lib.tokens.workflows.flows.rpc.RedeemFungibleTokensHandler (version 1)
?[m?[37m[INFO] 18:18:09,295 [Test worker] internal.NodeFlowManager. - Registered com.r3.corda.lib.tokens.workflows.flows.rpc.RedeemNonFungibleTokens to initiate com.r3.corda.lib.tokens.workflows.flows.rpc.RedeemNonFungibleTokensHandler (version 1)
?[m?[37m[INFO] 18:18:09,295 [Test worker] internal.NodeFlowManager. - Registered com.r3.corda.lib.tokens.workflows.flows.rpc.UpdateEvolvableToken to initiate com.r3.corda.lib.tokens.workflows.flows.rpc.UpdateEvolvableTokenHandler (version 1)
?[m?[37m[INFO] 18:18:09,295 [Test worker] internal.NodeFlowManager. - Registered com.r3.corda.lib.tokens.workflows.internal.flows.distribution.RequestAdditionToDistributionList$Initiator to initiate com.r3.corda.lib.tokens.workflows.internal.flows.distribution.RequestAdditionToDistributionList$Responder (version 1)
?[m?[37m[INFO] 18:18:09,295 [Test worker] internal.NodeFlowManager. - Registered com.r3.corda.lib.tokens.workflows.internal.flows.distribution.UpdateDistributionListFlow to initiate com.r3.corda.lib.tokens.workflows.internal.flows.distribution.UpdateDistributionListFlowHandler (version 1)
?[m?[37m[INFO] 18:18:09,295 [Test worker] internal.NodeFlowManager. - Registered com.r3.corda.lib.tokens.workflows.internal.testflows.DvPFlow to initiate com.r3.corda.lib.tokens.workflows.internal.testflows.DvPFlowHandler (version 1)
?[m?[37m[INFO] 18:18:09,295 [Test worker] internal.NodeFlowManager. - Registered net.corda.samples.tokenizedhouse.flows.RealEstateEvolvableFungibleTokenFlow$MoveHouseTokenFlow to initiate net.corda.samples.tokenizedhouse.flows.RealEstateEvolvableFungibleTokenFlow$MoveEvolvableFungibleTokenFlowResponder (version 1)
?[m?[37m[INFO] 18:18:09,299 [Test worker] internal.InternalMockNetwork$MockNode. - Loaded network parameters: NetworkParameters {
      minimumPlatformVersion=4
      notaries=[NotaryInfo(identity=O=Notary, L=London, C=GB, validating=true)]
      maxMessageSize=10485760
      maxTransactionSize=52428800
      whitelistedContractImplementations {
        
      }
      eventHorizon=PT51539607528H
      packageOwnership {
        
      }
      modifiedTime=2022-12-19T21:17:49.107Z
      epoch=1
  }
?[m?[37m[INFO] 18:18:09,299 [Test worker] hikari.HikariDataSource. - HikariPool-3 - Starting...
?[m?[37m[INFO] 18:18:09,309 [Test worker] hikari.HikariDataSource. - HikariPool-3 - Start completed.
?[m?[37m[INFO] 18:18:09,481 [Test worker] jvm.JdbcExecutor. - SELECT MD5SUM FROM PUBLIC.DATABASECHANGELOG WHERE MD5SUM IS NOT NULL
?[m?[37m[INFO] 18:18:09,481 [Test worker] jvm.JdbcExecutor. - SELECT COUNT(*) FROM PUBLIC.DATABASECHANGELOG
?[m?[37m[INFO] 18:18:09,481 [Test worker] changelog.StandardChangeLogHistoryService. - Reading from PUBLIC.DATABASECHANGELOG
?[m?[37m[INFO] 18:18:09,481 [Test worker] jvm.JdbcExecutor. - SELECT * FROM PUBLIC.DATABASECHANGELOG ORDER BY DATEEXECUTED ASC, ORDEREXECUTED ASC
?[m?[37m[INFO] 18:18:09,482 [Test worker] jvm.JdbcExecutor. - SELECT COUNT(*) FROM PUBLIC.DATABASECHANGELOGLOCK
?[m?[37m[INFO] 18:18:09,482 [Test worker] jvm.JdbcExecutor. - SELECT COUNT(*) FROM PUBLIC.DATABASECHANGELOGLOCK
?[m?[37m[INFO] 18:18:09,490 [Test worker] visitor.ValidatingVisitor. - Skipping change set migration/vault-schema.changelog-v13.xml::vault_transaction_id_size_non-clustered_pk-1::R3.Corda due to validation error(s): clustered is not allowed on h2 {changeSet=migration/vault-schema.changelog-v13.xml::vault_transaction_id_size_non-clustered_pk-1::R3.Corda, databaseChangeLog=master.changelog.json}
?[m?[37m[INFO] 18:18:09,490 [Test worker] visitor.ValidatingVisitor. - Skipping change set migration/vault-schema.changelog-v13.xml::vault_transaction_id_size_non-clustered_pk-2::R3.Corda due to validation error(s): clustered is not allowed on h2 {changeSet=migration/vault-schema.changelog-v13.xml::vault_transaction_id_size_non-clustered_pk-2::R3.Corda, databaseChangeLog=master.changelog.json}
?[m?[37m[INFO] 18:18:09,490 [Test worker] visitor.ValidatingVisitor. - Skipping change set migration/vault-schema.changelog-v13.xml::vault_transaction_id_size_non-clustered_pk-3::R3.Corda due to validation error(s): clustered is not allowed on h2 {changeSet=migration/vault-schema.changelog-v13.xml::vault_transaction_id_size_non-clustered_pk-3::R3.Corda, databaseChangeLog=master.changelog.json}
?[m?[37m[INFO] 18:18:09,504 [Test worker] visitor.ValidatingVisitor. - Skipping change set migration/node-core.changelog-v21.xml::node_transaction_id_size_non-clustered_pk::R3.Corda due to validation error(s): clustered is not allowed on h2 {changeSet=migration/node-core.changelog-v21.xml::node_transaction_id_size_non-clustered_pk::R3.Corda, databaseChangeLog=master.changelog.json}
?[m?[37m[INFO] 18:18:09,505 [Test worker] jvm.JdbcExecutor. - SELECT LOCKED FROM PUBLIC.DATABASECHANGELOGLOCK WHERE ID=1
?[m?[37m[INFO] 18:18:09,506 [Test worker] lockservice.StandardLockService. - Successfully acquired change log lock
?[m?[37m[INFO] 18:18:09,507 [Test worker] visitor.ValidatingVisitor. - Skipping change set migration/vault-schema.changelog-v13.xml::vault_transaction_id_size_non-clustered_pk-1::R3.Corda due to validation error(s): clustered is not allowed on h2 {changeSet=migration/vault-schema.changelog-v13.xml::vault_transaction_id_size_non-clustered_pk-1::R3.Corda, databaseChangeLog=master.changelog.json}
?[m?[37m[INFO] 18:18:09,507 [Test worker] visitor.ValidatingVisitor. - Skipping change set migration/vault-schema.changelog-v13.xml::vault_transaction_id_size_non-clustered_pk-2::R3.Corda due to validation error(s): clustered is not allowed on h2 {changeSet=migration/vault-schema.changelog-v13.xml::vault_transaction_id_size_non-clustered_pk-2::R3.Corda, databaseChangeLog=master.changelog.json}
?[m?[37m[INFO] 18:18:09,507 [Test worker] visitor.ValidatingVisitor. - Skipping change set migration/vault-schema.changelog-v13.xml::vault_transaction_id_size_non-clustered_pk-3::R3.Corda due to validation error(s): clustered is not allowed on h2 {changeSet=migration/vault-schema.changelog-v13.xml::vault_transaction_id_size_non-clustered_pk-3::R3.Corda, databaseChangeLog=master.changelog.json}
?[m?[37m[INFO] 18:18:09,509 [Test worker] visitor.ValidatingVisitor. - Skipping change set migration/node-core.changelog-v21.xml::node_transaction_id_size_non-clustered_pk::R3.Corda due to validation error(s): clustered is not allowed on h2 {changeSet=migration/node-core.changelog-v21.xml::node_transaction_id_size_non-clustered_pk::R3.Corda, databaseChangeLog=master.changelog.json}
?[m?[37m[INFO] 18:18:09,511 [Test worker] jvm.JdbcExecutor. - DROP VIEW PUBLIC.v_pkey_hash_ex_id_map {changeSet=migration/vault-schema.changelog-v13.xml::vault_transaction_id_size::R3.Corda, databaseChangeLog=master.changelog.json}
?[m?[37m[INFO] 18:18:09,512 [Test worker] changelog.ChangeSet. - View v_pkey_hash_ex_id_map dropped {changeSet=migration/vault-schema.changelog-v13.xml::vault_transaction_id_size::R3.Corda, databaseChangeLog=master.changelog.json}
?[m?[37m[INFO] 18:18:09,512 [Test worker] jvm.JdbcExecutor. - ALTER TABLE PUBLIC.vault_fungible_states_parts DROP CONSTRAINT FK__fung_st_parts__fung_st {changeSet=migration/vault-schema.changelog-v13.xml::vault_transaction_id_size::R3.Corda, databaseChangeLog=master.changelog.json}
?[m?[37m[INFO] 18:18:09,513 [Test worker] changelog.ChangeSet. - Foreign key FK__fung_st_parts__fung_st dropped {changeSet=migration/vault-schema.changelog-v13.xml::vault_transaction_id_size::R3.Corda, databaseChangeLog=master.changelog.json}
?[m?[37m[INFO] 18:18:09,513 [Test worker] jvm.JdbcExecutor. - ALTER TABLE PUBLIC.vault_linear_states_parts DROP CONSTRAINT FK__lin_stat_parts__lin_stat {changeSet=migration/vault-schema.changelog-v13.xml::vault_transaction_id_size::R3.Corda, databaseChangeLog=master.changelog.json}
?[m?[37m[INFO] 18:18:09,513 [Test worker] changelog.ChangeSet. - Foreign key FK__lin_stat_parts__lin_stat dropped {changeSet=migration/vault-schema.changelog-v13.xml::vault_transaction_id_size::R3.Corda, databaseChangeLog=master.changelog.json}
?[m?[37m[INFO] 18:18:09,513 [Test worker] jvm.JdbcExecutor. - ALTER TABLE PUBLIC.vault_fungible_states DROP PRIMARY KEY {changeSet=migration/vault-schema.changelog-v13.xml::vault_transaction_id_size::R3.Corda, databaseChangeLog=master.changelog.json}
?[m?[37m[INFO] 18:18:09,514 [Test worker] changelog.ChangeSet. - Primary key dropped from vault_fungible_states {changeSet=migration/vault-schema.changelog-v13.xml::vault_transaction_id_size::R3.Corda, databaseChangeLog=master.changelog.json}
?[m?[37m[INFO] 18:18:09,514 [Test worker] jvm.JdbcExecutor. - ALTER TABLE PUBLIC.vault_linear_states DROP PRIMARY KEY {changeSet=migration/vault-schema.changelog-v13.xml::vault_transaction_id_size::R3.Corda, databaseChangeLog=master.changelog.json}
?[m?[37m[INFO] 18:18:09,514 [Test worker] changelog.ChangeSet. - Primary key dropped from vault_linear_states {changeSet=migration/vault-schema.changelog-v13.xml::vault_transaction_id_size::R3.Corda, databaseChangeLog=master.changelog.json}
?[m?[37m[INFO] 18:18:09,514 [Test worker] jvm.JdbcExecutor. - ALTER TABLE PUBLIC.vault_states DROP PRIMARY KEY {changeSet=migration/vault-schema.changelog-v13.xml::vault_transaction_id_size::R3.Corda, databaseChangeLog=master.changelog.json}
?[m?[37m[INFO] 18:18:09,514 [Test worker] changelog.ChangeSet. - Primary key dropped from vault_states {changeSet=migration/vault-schema.changelog-v13.xml::vault_transaction_id_size::R3.Corda, databaseChangeLog=master.changelog.json}
?[m?[37m[INFO] 18:18:09,514 [Test worker] jvm.JdbcExecutor. - DROP INDEX PUBLIC.transaction_id_index {changeSet=migration/vault-schema.changelog-v13.xml::vault_transaction_id_size::R3.Corda, databaseChangeLog=master.changelog.json}
?[m?[37m[INFO] 18:18:09,514 [Test worker] changelog.ChangeSet. - Index transaction_id_index dropped from table vault_transaction_notes {changeSet=migration/vault-schema.changelog-v13.xml::vault_transaction_id_size::R3.Corda, databaseChangeLog=master.changelog.json}
?[m?[37m[INFO] 18:18:09,514 [Test worker] jvm.JdbcExecutor. - ALTER TABLE PUBLIC.vault_fungible_states ALTER COLUMN transaction_id SET NULL {changeSet=migration/vault-schema.changelog-v13.xml::vault_transaction_id_size::R3.Corda, databaseChangeLog=master.changelog.json}
?[m?[37m[INFO] 18:18:09,515 [Test worker] changelog.ChangeSet. - Null constraint dropped from vault_fungible_states.transaction_id {changeSet=migration/vault-schema.changelog-v13.xml::vault_transaction_id_size::R3.Corda, databaseChangeLog=master.changelog.json}
?[m?[37m[INFO] 18:18:09,515 [Test worker] jvm.JdbcExecutor. - ALTER TABLE PUBLIC.vault_fungible_states_parts ALTER COLUMN transaction_id SET NULL {changeSet=migration/vault-schema.changelog-v13.xml::vault_transaction_id_size::R3.Corda, databaseChangeLog=master.changelog.json}
?[m?[37m[INFO] 18:18:09,515 [Test worker] changelog.ChangeSet. - Null constraint dropped from vault_fungible_states_parts.transaction_id {changeSet=migration/vault-schema.changelog-v13.xml::vault_transaction_id_size::R3.Corda, databaseChangeLog=master.changelog.json}
?[m?[37m[INFO] 18:18:09,515 [Test worker] jvm.JdbcExecutor. - ALTER TABLE PUBLIC.vault_linear_states ALTER COLUMN transaction_id SET NULL {changeSet=migration/vault-schema.changelog-v13.xml::vault_transaction_id_size::R3.Corda, databaseChangeLog=master.changelog.json}
?[m?[37m[INFO] 18:18:09,515 [Test worker] changelog.ChangeSet. - Null constraint dropped from vault_linear_states.transaction_id {changeSet=migration/vault-schema.changelog-v13.xml::vault_transaction_id_size::R3.Corda, databaseChangeLog=master.changelog.json}
?[m?[37m[INFO] 18:18:09,515 [Test worker] jvm.JdbcExecutor. - ALTER TABLE PUBLIC.vault_linear_states_parts ALTER COLUMN transaction_id SET NULL {changeSet=migration/vault-schema.changelog-v13.xml::vault_transaction_id_size::R3.Corda, databaseChangeLog=master.changelog.json}
?[m?[37m[INFO] 18:18:09,515 [Test worker] changelog.ChangeSet. - Null constraint dropped from vault_linear_states_parts.transaction_id {changeSet=migration/vault-schema.changelog-v13.xml::vault_transaction_id_size::R3.Corda, databaseChangeLog=master.changelog.json}
?[m?[37m[INFO] 18:18:09,515 [Test worker] jvm.JdbcExecutor. - ALTER TABLE PUBLIC.vault_states ALTER COLUMN transaction_id SET NULL {changeSet=migration/vault-schema.changelog-v13.xml::vault_transaction_id_size::R3.Corda, databaseChangeLog=master.changelog.json}
?[m?[37m[INFO] 18:18:09,515 [Test worker] changelog.ChangeSet. - Null constraint dropped from vault_states.transaction_id {changeSet=migration/vault-schema.changelog-v13.xml::vault_transaction_id_size::R3.Corda, databaseChangeLog=master.changelog.json}
?[m?[37m[INFO] 18:18:09,515 [Test worker] jvm.JdbcExecutor. - ALTER TABLE PUBLIC.vault_fungible_states ALTER COLUMN transaction_id NVARCHAR(144) {changeSet=migration/vault-schema.changelog-v13.xml::vault_transaction_id_size::R3.Corda, databaseChangeLog=master.changelog.json}
?[m?[37m[INFO] 18:18:09,517 [Test worker] changelog.ChangeSet. - vault_fungible_states.transaction_id datatype was changed to NVARCHAR(144) {changeSet=migration/vault-schema.changelog-v13.xml::vault_transaction_id_size::R3.Corda, databaseChangeLog=master.changelog.json}
?[m?[37m[INFO] 18:18:09,517 [Test worker] jvm.JdbcExecutor. - ALTER TABLE PUBLIC.vault_fungible_states_parts ALTER COLUMN transaction_id NVARCHAR(144) {changeSet=migration/vault-schema.changelog-v13.xml::vault_transaction_id_size::R3.Corda, databaseChangeLog=master.changelog.json}
?[m?[37m[INFO] 18:18:09,518 [Test worker] changelog.ChangeSet. - vault_fungible_states_parts.transaction_id datatype was changed to NVARCHAR(144) {changeSet=migration/vault-schema.changelog-v13.xml::vault_transaction_id_size::R3.Corda, databaseChangeLog=master.changelog.json}
?[m?[37m[INFO] 18:18:09,518 [Test worker] jvm.JdbcExecutor. - ALTER TABLE PUBLIC.vault_linear_states ALTER COLUMN transaction_id NVARCHAR(144) {changeSet=migration/vault-schema.changelog-v13.xml::vault_transaction_id_size::R3.Corda, databaseChangeLog=master.changelog.json}
?[m?[37m[INFO] 18:18:09,519 [Test worker] changelog.ChangeSet. - vault_linear_states.transaction_id datatype was changed to NVARCHAR(144) {changeSet=migration/vault-schema.changelog-v13.xml::vault_transaction_id_size::R3.Corda, databaseChangeLog=master.changelog.json}
?[m?[37m[INFO] 18:18:09,519 [Test worker] jvm.JdbcExecutor. - ALTER TABLE PUBLIC.vault_linear_states_parts ALTER COLUMN transaction_id NVARCHAR(144) {changeSet=migration/vault-schema.changelog-v13.xml::vault_transaction_id_size::R3.Corda, databaseChangeLog=master.changelog.json}
?[m?[37m[INFO] 18:18:09,520 [Test worker] changelog.ChangeSet. - vault_linear_states_parts.transaction_id datatype was changed to NVARCHAR(144) {changeSet=migration/vault-schema.changelog-v13.xml::vault_transaction_id_size::R3.Corda, databaseChangeLog=master.changelog.json}
?[m?[37m[INFO] 18:18:09,520 [Test worker] jvm.JdbcExecutor. - ALTER TABLE PUBLIC.vault_states ALTER COLUMN transaction_id NVARCHAR(144) {changeSet=migration/vault-schema.changelog-v13.xml::vault_transaction_id_size::R3.Corda, databaseChangeLog=master.changelog.json}
?[m?[37m[INFO] 18:18:09,522 [Test worker] changelog.ChangeSet. - vault_states.transaction_id datatype was changed to NVARCHAR(144) {changeSet=migration/vault-schema.changelog-v13.xml::vault_transaction_id_size::R3.Corda, databaseChangeLog=master.changelog.json}
?[m?[37m[INFO] 18:18:09,522 [Test worker] jvm.JdbcExecutor. - ALTER TABLE PUBLIC.vault_transaction_notes ALTER COLUMN transaction_id NVARCHAR(144) {changeSet=migration/vault-schema.changelog-v13.xml::vault_transaction_id_size::R3.Corda, databaseChangeLog=master.changelog.json}
?[m?[37m[INFO] 18:18:09,523 [Test worker] changelog.ChangeSet. - vault_transaction_notes.transaction_id datatype was changed to NVARCHAR(144) {changeSet=migration/vault-schema.changelog-v13.xml::vault_transaction_id_size::R3.Corda, databaseChangeLog=master.changelog.json}
?[m?[37m[INFO] 18:18:09,523 [Test worker] jvm.JdbcExecutor. - ALTER TABLE PUBLIC.state_party ALTER COLUMN transaction_id NVARCHAR(144) {changeSet=migration/vault-schema.changelog-v13.xml::vault_transaction_id_size::R3.Corda, databaseChangeLog=master.changelog.json}
?[m?[37m[INFO] 18:18:09,525 [Test worker] changelog.ChangeSet. - state_party.transaction_id datatype was changed to NVARCHAR(144) {changeSet=migration/vault-schema.changelog-v13.xml::vault_transaction_id_size::R3.Corda, databaseChangeLog=master.changelog.json}
?[m?[37m[INFO] 18:18:09,525 [Test worker] jvm.JdbcExecutor. - ALTER TABLE PUBLIC.vault_fungible_states ALTER COLUMN transaction_id SET NOT NULL {changeSet=migration/vault-schema.changelog-v13.xml::vault_transaction_id_size::R3.Corda, databaseChangeLog=master.changelog.json}
?[m?[37m[INFO] 18:18:09,526 [Test worker] changelog.ChangeSet. - NOT NULL constraint has been added to vault_fungible_states.transaction_id {changeSet=migration/vault-schema.changelog-v13.xml::vault_transaction_id_size::R3.Corda, databaseChangeLog=master.changelog.json}
?[m?[37m[INFO] 18:18:09,526 [Test worker] jvm.JdbcExecutor. - ALTER TABLE PUBLIC.vault_fungible_states_parts ALTER COLUMN transaction_id SET NOT NULL {changeSet=migration/vault-schema.changelog-v13.xml::vault_transaction_id_size::R3.Corda, databaseChangeLog=master.changelog.json}
?[m?[37m[INFO] 18:18:09,526 [Test worker] changelog.ChangeSet. - NOT NULL constraint has been added to vault_fungible_states_parts.transaction_id {changeSet=migration/vault-schema.changelog-v13.xml::vault_transaction_id_size::R3.Corda, databaseChangeLog=master.changelog.json}
?[m?[37m[INFO] 18:18:09,526 [Test worker] jvm.JdbcExecutor. - ALTER TABLE PUBLIC.vault_linear_states ALTER COLUMN transaction_id SET NOT NULL {changeSet=migration/vault-schema.changelog-v13.xml::vault_transaction_id_size::R3.Corda, databaseChangeLog=master.changelog.json}
?[m?[37m[INFO] 18:18:09,526 [Test worker] changelog.ChangeSet. - NOT NULL constraint has been added to vault_linear_states.transaction_id {changeSet=migration/vault-schema.changelog-v13.xml::vault_transaction_id_size::R3.Corda, databaseChangeLog=master.changelog.json}
?[m?[37m[INFO] 18:18:09,526 [Test worker] jvm.JdbcExecutor. - ALTER TABLE PUBLIC.vault_linear_states_parts ALTER COLUMN transaction_id SET NOT NULL {changeSet=migration/vault-schema.changelog-v13.xml::vault_transaction_id_size::R3.Corda, databaseChangeLog=master.changelog.json}
?[m?[37m[INFO] 18:18:09,527 [Test worker] changelog.ChangeSet. - NOT NULL constraint has been added to vault_linear_states_parts.transaction_id {changeSet=migration/vault-schema.changelog-v13.xml::vault_transaction_id_size::R3.Corda, databaseChangeLog=master.changelog.json}
?[m?[37m[INFO] 18:18:09,527 [Test worker] jvm.JdbcExecutor. - ALTER TABLE PUBLIC.vault_states ALTER COLUMN transaction_id SET NOT NULL {changeSet=migration/vault-schema.changelog-v13.xml::vault_transaction_id_size::R3.Corda, databaseChangeLog=master.changelog.json}
?[m?[37m[INFO] 18:18:09,527 [Test worker] changelog.ChangeSet. - NOT NULL constraint has been added to vault_states.transaction_id {changeSet=migration/vault-schema.changelog-v13.xml::vault_transaction_id_size::R3.Corda, databaseChangeLog=master.changelog.json}
?[m?[37m[INFO] 18:18:09,527 [Test worker] jvm.JdbcExecutor. - ALTER TABLE PUBLIC.vault_fungible_states ADD CONSTRAINT vault_fungible_states_pkey PRIMARY KEY (transaction_id, output_index) {changeSet=migration/vault-schema.changelog-v13.xml::vault_transaction_id_size::R3.Corda, databaseChangeLog=master.changelog.json}
?[m?[37m[INFO] 18:18:09,527 [Test worker] changelog.ChangeSet. - Primary key added to vault_fungible_states (transaction_id, output_index) {changeSet=migration/vault-schema.changelog-v13.xml::vault_transaction_id_size::R3.Corda, databaseChangeLog=master.changelog.json}
?[m?[37m[INFO] 18:18:09,527 [Test worker] jvm.JdbcExecutor. - ALTER TABLE PUBLIC.vault_linear_states ADD CONSTRAINT vault_linear_states_pkey PRIMARY KEY (transaction_id, output_index) {changeSet=migration/vault-schema.changelog-v13.xml::vault_transaction_id_size::R3.Corda, databaseChangeLog=master.changelog.json}
?[m?[37m[INFO] 18:18:09,527 [Test worker] changelog.ChangeSet. - Primary key added to vault_linear_states (transaction_id, output_index) {changeSet=migration/vault-schema.changelog-v13.xml::vault_transaction_id_size::R3.Corda, databaseChangeLog=master.changelog.json}
?[m?[37m[INFO] 18:18:09,527 [Test worker] jvm.JdbcExecutor. - ALTER TABLE PUBLIC.vault_states ADD CONSTRAINT vault_states_pkey PRIMARY KEY (transaction_id, output_index) {changeSet=migration/vault-schema.changelog-v13.xml::vault_transaction_id_size::R3.Corda, databaseChangeLog=master.changelog.json}
?[m?[37m[INFO] 18:18:09,528 [Test worker] changelog.ChangeSet. - Primary key added to vault_states (transaction_id, output_index) {changeSet=migration/vault-schema.changelog-v13.xml::vault_transaction_id_size::R3.Corda, databaseChangeLog=master.changelog.json}
?[m?[37m[INFO] 18:18:09,528 [Test worker] jvm.JdbcExecutor. - CREATE INDEX PUBLIC.transaction_id_index ON PUBLIC.vault_transaction_notes(transaction_id) {changeSet=migration/vault-schema.changelog-v13.xml::vault_transaction_id_size::R3.Corda, databaseChangeLog=master.changelog.json}
?[m?[37m[INFO] 18:18:09,528 [Test worker] changelog.ChangeSet. - Index transaction_id_index created {changeSet=migration/vault-schema.changelog-v13.xml::vault_transaction_id_size::R3.Corda, databaseChangeLog=master.changelog.json}
?[m?[37m[INFO] 18:18:09,528 [Test worker] changelog.ChangeSet. - ChangeSet migration/vault-schema.changelog-v13.xml::vault_transaction_id_size::R3.Corda ran successfully in 18ms {changeSet=migration/vault-schema.changelog-v13.xml::vault_transaction_id_size::R3.Corda, databaseChangeLog=master.changelog.json}
?[m?[37m[INFO] 18:18:09,528 [Test worker] jvm.JdbcExecutor. - SELECT MAX(ORDEREXECUTED) FROM PUBLIC.DATABASECHANGELOG {changeSet=migration/vault-schema.changelog-v13.xml::vault_transaction_id_size::R3.Corda, databaseChangeLog=master.changelog.json}
?[m?[37m[INFO] 18:18:09,529 [Test worker] jvm.JdbcExecutor. - INSERT INTO PUBLIC.DATABASECHANGELOG (ID, AUTHOR, FILENAME, DATEEXECUTED, ORDEREXECUTED, MD5SUM, DESCRIPTION, COMMENTS, EXECTYPE, CONTEXTS, LABELS, LIQUIBASE, DEPLOYMENT_ID) VALUES ('vault_transaction_id_size', 'R3.Corda', 'migration/vault-schema.changelog-v13.xml', NOW(), 94, '8:6251c962c4f12e03040c4fceecdc07e0', 'dropView viewName=v_pkey_hash_ex_id_map; dropForeignKeyConstraint baseTableName=vault_fungible_states_parts, constraintName=FK__fung_st_parts__fung_st; dropForeignKeyConstraint baseTableName=vault_linear_states_parts, constraintName=FK__lin_stat_p...', '', 'EXECUTED', NULL, NULL, '3.6.3', '1484689506') {changeSet=migration/vault-schema.changelog-v13.xml::vault_transaction_id_size::R3.Corda, databaseChangeLog=master.changelog.json}
?[m?[37m[INFO] 18:18:09,531 [Test worker] jvm.JdbcExecutor. - INSERT INTO PUBLIC.DATABASECHANGELOG (ID, AUTHOR, FILENAME, DATEEXECUTED, ORDEREXECUTED, MD5SUM, DESCRIPTION, COMMENTS, EXECTYPE, CONTEXTS, LABELS, LIQUIBASE, DEPLOYMENT_ID) VALUES ('vault_transaction_id_size_non-clustered_pk-1', 'R3.Corda', 'migration/vault-schema.changelog-v13.xml', NOW(), 95, '8:d9c822bbaf7c5eea4cd2559f94a17eba', 'dropPrimaryKey constraintName=vault_fungible_states_pkey, tableName=vault_fungible_states; addPrimaryKey constraintName=vault_fungible_states_pkey, tableName=vault_fungible_states', '', 'MARK_RAN', NULL, NULL, '3.6.3', '1484689506') {changeSet=migration/vault-schema.changelog-v13.xml::vault_transaction_id_size_non-clustered_pk-1::R3.Corda, databaseChangeLog=master.changelog.json}
?[m?[37m[INFO] 18:18:09,533 [Test worker] jvm.JdbcExecutor. - INSERT INTO PUBLIC.DATABASECHANGELOG (ID, AUTHOR, FILENAME, DATEEXECUTED, ORDEREXECUTED, MD5SUM, DESCRIPTION, COMMENTS, EXECTYPE, CONTEXTS, LABELS, LIQUIBASE, DEPLOYMENT_ID) VALUES ('vault_transaction_id_size_non-clustered_pk-2', 'R3.Corda', 'migration/vault-schema.changelog-v13.xml', NOW(), 96, '8:fb2cd4970e95f7c7936b9754a6438da5', 'dropPrimaryKey constraintName=vault_linear_states_pkey, tableName=vault_linear_states; addPrimaryKey constraintName=vault_linear_states_pkey, tableName=vault_linear_states', '', 'MARK_RAN', NULL, NULL, '3.6.3', '1484689506') {changeSet=migration/vault-schema.changelog-v13.xml::vault_transaction_id_size_non-clustered_pk-2::R3.Corda, databaseChangeLog=master.changelog.json}
?[m?[37m[INFO] 18:18:09,535 [Test worker] jvm.JdbcExecutor. - INSERT INTO PUBLIC.DATABASECHANGELOG (ID, AUTHOR, FILENAME, DATEEXECUTED, ORDEREXECUTED, MD5SUM, DESCRIPTION, COMMENTS, EXECTYPE, CONTEXTS, LABELS, LIQUIBASE, DEPLOYMENT_ID) VALUES ('vault_transaction_id_size_non-clustered_pk-3', 'R3.Corda', 'migration/vault-schema.changelog-v13.xml', NOW(), 97, '8:54bd9c17ce296bb02c369a5cfbedd866', 'dropPrimaryKey constraintName=vault_states_pkey, tableName=vault_states; addPrimaryKey constraintName=vault_states_pkey, tableName=vault_states', '', 'MARK_RAN', NULL, NULL, '3.6.3', '1484689506') {changeSet=migration/vault-schema.changelog-v13.xml::vault_transaction_id_size_non-clustered_pk-3::R3.Corda, databaseChangeLog=master.changelog.json}
?[m?[37m[INFO] 18:18:09,535 [Test worker] jvm.JdbcExecutor. - ALTER TABLE PUBLIC.vault_fungible_states_parts ADD CONSTRAINT FK__fung_st_parts__fung_st FOREIGN KEY (transaction_id, output_index) REFERENCES PUBLIC.vault_fungible_states (transaction_id, output_index) {changeSet=migration/vault-schema.changelog-v13.xml::vault_transaction_id_size_2::R3.Corda, databaseChangeLog=master.changelog.json}
?[m?[37m[INFO] 18:18:09,536 [Test worker] changelog.ChangeSet. - Foreign key constraint added to vault_fungible_states_parts (transaction_id,output_index) {changeSet=migration/vault-schema.changelog-v13.xml::vault_transaction_id_size_2::R3.Corda, databaseChangeLog=master.changelog.json}
?[m?[37m[INFO] 18:18:09,536 [Test worker] jvm.JdbcExecutor. - ALTER TABLE PUBLIC.vault_linear_states_parts ADD CONSTRAINT FK__lin_stat_parts__lin_stat FOREIGN KEY (transaction_id, output_index) REFERENCES PUBLIC.vault_linear_states (transaction_id, output_index) {changeSet=migration/vault-schema.changelog-v13.xml::vault_transaction_id_size_2::R3.Corda, databaseChangeLog=master.changelog.json}
?[m?[37m[INFO] 18:18:09,537 [Test worker] changelog.ChangeSet. - Foreign key constraint added to vault_linear_states_parts (transaction_id,output_index) {changeSet=migration/vault-schema.changelog-v13.xml::vault_transaction_id_size_2::R3.Corda, databaseChangeLog=master.changelog.json}
?[m?[37m[INFO] 18:18:09,538 [Test worker] jvm.JdbcExecutor. - CREATE VIEW PUBLIC.v_pkey_hash_ex_id_map AS select
            state_party.public_key_hash,
            state_party.transaction_id,
            state_party.output_index,
            pk_hash_to_ext_id_map.external_id
            from state_party
            join pk_hash_to_ext_id_map
            on state_party.public_key_hash = pk_hash_to_ext_id_map.public_key_hash {changeSet=migration/vault-schema.changelog-v13.xml::vault_transaction_id_size_2::R3.Corda, databaseChangeLog=master.changelog.json}
?[m?[37m[INFO] 18:18:09,538 [Test worker] changelog.ChangeSet. - View v_pkey_hash_ex_id_map created {changeSet=migration/vault-schema.changelog-v13.xml::vault_transaction_id_size_2::R3.Corda, databaseChangeLog=master.changelog.json}
?[m?[37m[INFO] 18:18:09,538 [Test worker] changelog.ChangeSet. - ChangeSet migration/vault-schema.changelog-v13.xml::vault_transaction_id_size_2::R3.Corda ran successfully in 3ms {changeSet=migration/vault-schema.changelog-v13.xml::vault_transaction_id_size_2::R3.Corda, databaseChangeLog=master.changelog.json}
?[m?[37m[INFO] 18:18:09,539 [Test worker] jvm.JdbcExecutor. - INSERT INTO PUBLIC.DATABASECHANGELOG (ID, AUTHOR, FILENAME, DATEEXECUTED, ORDEREXECUTED, MD5SUM, DESCRIPTION, COMMENTS, EXECTYPE, CONTEXTS, LABELS, LIQUIBASE, DEPLOYMENT_ID) VALUES ('vault_transaction_id_size_2', 'R3.Corda', 'migration/vault-schema.changelog-v13.xml', NOW(), 98, '8:39d3cb14fba7c771c1fd93a8ec497365', 'addForeignKeyConstraint baseTableName=vault_fungible_states_parts, constraintName=FK__fung_st_parts__fung_st, referencedTableName=vault_fungible_states; addForeignKeyConstraint baseTableName=vault_linear_states_parts, constraintName=FK__lin_stat_p...', '', 'EXECUTED', NULL, NULL, '3.6.3', '1484689506') {changeSet=migration/vault-schema.changelog-v13.xml::vault_transaction_id_size_2::R3.Corda, databaseChangeLog=master.changelog.json}
?[m?[37m[INFO] 18:18:09,540 [Test worker] jvm.JdbcExecutor. - ALTER TABLE PUBLIC.node_identities_no_cert ADD owning_pk_hash NVARCHAR(130) {changeSet=migration/node-services.changelog-init.xml::identity_service_key_rotation::R3.Corda, databaseChangeLog=master.changelog.json}
?[m?[37m[INFO] 18:18:09,542 [Test worker] changelog.ChangeSet. - Columns owning_pk_hash(NVARCHAR(130)) added to node_identities_no_cert {changeSet=migration/node-services.changelog-init.xml::identity_service_key_rotation::R3.Corda, databaseChangeLog=master.changelog.json}
?[m?[37m[INFO] 18:18:09,543 [Test worker] jvm.JdbcExecutor. - UPDATE node_identities_no_cert SET owning_pk_hash =
            (SELECT pk_hash FROM node_named_identities WHERE node_named_identities.name = node_identities_no_cert.name) {changeSet=migration/node-services.changelog-init.xml::identity_service_key_rotation::R3.Corda, databaseChangeLog=master.changelog.json}
?[m?[37m[INFO] 18:18:09,543 [Test worker] changelog.ChangeSet. - Custom SQL executed {changeSet=migration/node-services.changelog-init.xml::identity_service_key_rotation::R3.Corda, databaseChangeLog=master.changelog.json}
?[m?[37m[INFO] 18:18:09,543 [Test worker] jvm.JdbcExecutor. - UPDATE node_identities_no_cert SET owning_pk_hash = 'unresolved' WHERE owning_pk_hash IS NULL {changeSet=migration/node-services.changelog-init.xml::identity_service_key_rotation::R3.Corda, databaseChangeLog=master.changelog.json}
?[m?[37m[INFO] 18:18:09,543 [Test worker] changelog.ChangeSet. - Custom SQL executed {changeSet=migration/node-services.changelog-init.xml::identity_service_key_rotation::R3.Corda, databaseChangeLog=master.changelog.json}
?[m?[37m[INFO] 18:18:09,543 [Test worker] jvm.JdbcExecutor. - ALTER TABLE PUBLIC.node_identities_no_cert ALTER COLUMN owning_pk_hash SET NOT NULL {changeSet=migration/node-services.changelog-init.xml::identity_service_key_rotation::R3.Corda, databaseChangeLog=master.changelog.json}
?[m?[37m[INFO] 18:18:09,544 [Test worker] changelog.ChangeSet. - NOT NULL constraint has been added to node_identities_no_cert.owning_pk_hash {changeSet=migration/node-services.changelog-init.xml::identity_service_key_rotation::R3.Corda, databaseChangeLog=master.changelog.json}
?[m?[37m[INFO] 18:18:09,544 [Test worker] jvm.JdbcExecutor. - DROP TABLE PUBLIC.node_named_identities {changeSet=migration/node-services.changelog-init.xml::identity_service_key_rotation::R3.Corda, databaseChangeLog=master.changelog.json}
?[m?[37m[INFO] 18:18:09,544 [Test worker] changelog.ChangeSet. - Table node_named_identities dropped {changeSet=migration/node-services.changelog-init.xml::identity_service_key_rotation::R3.Corda, databaseChangeLog=master.changelog.json}
?[m?[37m[INFO] 18:18:09,544 [Test worker] changelog.ChangeSet. - ChangeSet migration/node-services.changelog-init.xml::identity_service_key_rotation::R3.Corda ran successfully in 4ms {changeSet=migration/node-services.changelog-init.xml::identity_service_key_rotation::R3.Corda, databaseChangeLog=master.changelog.json}
?[m?[37m[INFO] 18:18:09,545 [Test worker] jvm.JdbcExecutor. - INSERT INTO PUBLIC.DATABASECHANGELOG (ID, AUTHOR, FILENAME, DATEEXECUTED, ORDEREXECUTED, MD5SUM, DESCRIPTION, COMMENTS, EXECTYPE, CONTEXTS, LABELS, LIQUIBASE, DEPLOYMENT_ID) VALUES ('identity_service_key_rotation', 'R3.Corda', 'migration/node-services.changelog-init.xml', NOW(), 99, '8:45514f858c3ac818303f4ef9950eda23', 'addColumn tableName=node_identities_no_cert; sql; sql; addNotNullConstraint columnName=owning_pk_hash, tableName=node_identities_no_cert; dropTable tableName=node_named_identities', '', 'EXECUTED', NULL, NULL, '3.6.3', '1484689506') {changeSet=migration/node-services.changelog-init.xml::identity_service_key_rotation::R3.Corda, databaseChangeLog=master.changelog.json}
?[m?[37m[INFO] 18:18:09,546 [Test worker] jvm.JdbcExecutor. - CREATE TABLE PUBLIC.node_named_identities (name NVARCHAR(128) NOT NULL, pk_hash NVARCHAR(130)) {changeSet=migration/node-core.changelog-v22.xml::add_node_named_identities_table_back_in::R3.Corda, databaseChangeLog=master.changelog.json}
?[m?[37m[INFO] 18:18:09,546 [Test worker] changelog.ChangeSet. - Table node_named_identities created {changeSet=migration/node-core.changelog-v22.xml::add_node_named_identities_table_back_in::R3.Corda, databaseChangeLog=master.changelog.json}
?[m?[37m[INFO] 18:18:09,546 [Test worker] changelog.ChangeSet. - ChangeSet migration/node-core.changelog-v22.xml::add_node_named_identities_table_back_in::R3.Corda ran successfully in 1ms {changeSet=migration/node-core.changelog-v22.xml::add_node_named_identities_table_back_in::R3.Corda, databaseChangeLog=master.changelog.json}
?[m?[37m[INFO] 18:18:09,547 [Test worker] jvm.JdbcExecutor. - INSERT INTO PUBLIC.DATABASECHANGELOG (ID, AUTHOR, FILENAME, DATEEXECUTED, ORDEREXECUTED, MD5SUM, DESCRIPTION, COMMENTS, EXECTYPE, CONTEXTS, LABELS, LIQUIBASE, DEPLOYMENT_ID) VALUES ('add_node_named_identities_table_back_in', 'R3.Corda', 'migration/node-core.changelog-v22.xml', NOW(), 100, '8:bf6ca4e45e140b225f6f934935dd2f34', 'createTable tableName=node_named_identities', '', 'EXECUTED', NULL, NULL, '3.6.3', '1484689506') {changeSet=migration/node-core.changelog-v22.xml::add_node_named_identities_table_back_in::R3.Corda, databaseChangeLog=master.changelog.json}
?[m?[37m[INFO] 18:18:09,547 [Test worker] jvm.JdbcExecutor. - DROP TABLE PUBLIC.node_checkpoints {changeSet=migration/node-services.changelog-init.xml::add_new_checkpoints_table::R3.Corda, databaseChangeLog=master.changelog.json}
?[m?[37m[INFO] 18:18:09,547 [Test worker] changelog.ChangeSet. - Table node_checkpoints dropped {changeSet=migration/node-services.changelog-init.xml::add_new_checkpoints_table::R3.Corda, databaseChangeLog=master.changelog.json}
?[m?[37m[INFO] 18:18:09,548 [Test worker] jvm.JdbcExecutor. - CREATE TABLE PUBLIC.node_checkpoints (flow_id NVARCHAR(64) NOT NULL, status INT NOT NULL, compatible BOOLEAN NOT NULL, progress_step NVARCHAR(256), flow_io_request NVARCHAR(128), timestamp TIMESTAMP NOT NULL) {changeSet=migration/node-services.changelog-init.xml::add_new_checkpoints_table::R3.Corda, databaseChangeLog=master.changelog.json}
?[m?[37m[INFO] 18:18:09,548 [Test worker] changelog.ChangeSet. - Table node_checkpoints created {changeSet=migration/node-services.changelog-init.xml::add_new_checkpoints_table::R3.Corda, databaseChangeLog=master.changelog.json}
?[m?[37m[INFO] 18:18:09,548 [Test worker] changelog.ChangeSet. - ChangeSet migration/node-services.changelog-init.xml::add_new_checkpoints_table::R3.Corda ran successfully in 1ms {changeSet=migration/node-services.changelog-init.xml::add_new_checkpoints_table::R3.Corda, databaseChangeLog=master.changelog.json}
?[m?[37m[INFO] 18:18:09,548 [Test worker] jvm.JdbcExecutor. - INSERT INTO PUBLIC.DATABASECHANGELOG (ID, AUTHOR, FILENAME, DATEEXECUTED, ORDEREXECUTED, MD5SUM, DESCRIPTION, COMMENTS, EXECTYPE, CONTEXTS, LABELS, LIQUIBASE, DEPLOYMENT_ID) VALUES ('add_new_checkpoints_table', 'R3.Corda', 'migration/node-services.changelog-init.xml', NOW(), 101, '8:cc00474f248a40e330cf0f42c5b7e1a6', 'dropTable tableName=node_checkpoints; createTable tableName=node_checkpoints', '', 'EXECUTED', NULL, NULL, '3.6.3', '1484689506') {changeSet=migration/node-services.changelog-init.xml::add_new_checkpoints_table::R3.Corda, databaseChangeLog=master.changelog.json}
?[m?[37m[INFO] 18:18:09,549 [Test worker] jvm.JdbcExecutor. - CREATE TABLE PUBLIC.node_checkpoint_blobs (flow_id NVARCHAR(64) NOT NULL, checkpoint_value BLOB NOT NULL, flow_state BLOB, timestamp TIMESTAMP NOT NULL, hmac VARBINARY(32) NOT NULL) {changeSet=migration/node-services.changelog-init.xml::add_new_checkpoint_blob_table::R3.Corda, databaseChangeLog=master.changelog.json}
?[m?[37m[INFO] 18:18:09,549 [Test worker] changelog.ChangeSet. - Table node_checkpoint_blobs created {changeSet=migration/node-services.changelog-init.xml::add_new_checkpoint_blob_table::R3.Corda, databaseChangeLog=master.changelog.json}
?[m?[37m[INFO] 18:18:09,549 [Test worker] changelog.ChangeSet. - ChangeSet migration/node-services.changelog-init.xml::add_new_checkpoint_blob_table::R3.Corda ran successfully in 0ms {changeSet=migration/node-services.changelog-init.xml::add_new_checkpoint_blob_table::R3.Corda, databaseChangeLog=master.changelog.json}
?[m?[37m[INFO] 18:18:09,550 [Test worker] jvm.JdbcExecutor. - INSERT INTO PUBLIC.DATABASECHANGELOG (ID, AUTHOR, FILENAME, DATEEXECUTED, ORDEREXECUTED, MD5SUM, DESCRIPTION, COMMENTS, EXECTYPE, CONTEXTS, LABELS, LIQUIBASE, DEPLOYMENT_ID) VALUES ('add_new_checkpoint_blob_table', 'R3.Corda', 'migration/node-services.changelog-init.xml', NOW(), 102, '8:e973d6b794fe4753423964b13fe9fbe6', 'createTable tableName=node_checkpoint_blobs', '', 'EXECUTED', NULL, NULL, '3.6.3', '1484689506') {changeSet=migration/node-services.changelog-init.xml::add_new_checkpoint_blob_table::R3.Corda, databaseChangeLog=master.changelog.json}
?[m?[37m[INFO] 18:18:09,550 [Test worker] jvm.JdbcExecutor. - CREATE TABLE PUBLIC.node_flow_results (flow_id NVARCHAR(64) NOT NULL, result_value BLOB, timestamp TIMESTAMP NOT NULL) {changeSet=migration/node-services.changelog-init.xml::add_new_flow_result_table::R3.Corda, databaseChangeLog=master.changelog.json}
?[m?[37m[INFO] 18:18:09,550 [Test worker] changelog.ChangeSet. - Table node_flow_results created {changeSet=migration/node-services.changelog-init.xml::add_new_flow_result_table::R3.Corda, databaseChangeLog=master.changelog.json}
?[m?[37m[INFO] 18:18:09,550 [Test worker] changelog.ChangeSet. - ChangeSet migration/node-services.changelog-init.xml::add_new_flow_result_table::R3.Corda ran successfully in 0ms {changeSet=migration/node-services.changelog-init.xml::add_new_flow_result_table::R3.Corda, databaseChangeLog=master.changelog.json}
?[m?[37m[INFO] 18:18:09,551 [Test worker] jvm.JdbcExecutor. - INSERT INTO PUBLIC.DATABASECHANGELOG (ID, AUTHOR, FILENAME, DATEEXECUTED, ORDEREXECUTED, MD5SUM, DESCRIPTION, COMMENTS, EXECTYPE, CONTEXTS, LABELS, LIQUIBASE, DEPLOYMENT_ID) VALUES ('add_new_flow_result_table', 'R3.Corda', 'migration/node-services.changelog-init.xml', NOW(), 103, '8:79f1c80610f26db24d6ab757f57e68b7', 'createTable tableName=node_flow_results', '', 'EXECUTED', NULL, NULL, '3.6.3', '1484689506') {changeSet=migration/node-services.changelog-init.xml::add_new_flow_result_table::R3.Corda, databaseChangeLog=master.changelog.json}
?[m?[37m[INFO] 18:18:09,552 [Test worker] jvm.JdbcExecutor. - CREATE TABLE PUBLIC.node_flow_exceptions (flow_id NVARCHAR(64) NOT NULL, type NVARCHAR(256) NOT NULL, exception_message NVARCHAR(2000), stack_trace NVARCHAR(2000) NOT NULL, exception_value BLOB, timestamp TIMESTAMP NOT NULL) {changeSet=migration/node-services.changelog-init.xml::add_new_flow_exceptions_table::R3.Corda, databaseChangeLog=master.changelog.json}
?[m?[37m[INFO] 18:18:09,553 [Test worker] changelog.ChangeSet. - Table node_flow_exceptions created {changeSet=migration/node-services.changelog-init.xml::add_new_flow_exceptions_table::R3.Corda, databaseChangeLog=master.changelog.json}
?[m?[37m[INFO] 18:18:09,554 [Test worker] changelog.ChangeSet. - ChangeSet migration/node-services.changelog-init.xml::add_new_flow_exceptions_table::R3.Corda ran successfully in 2ms {changeSet=migration/node-services.changelog-init.xml::add_new_flow_exceptions_table::R3.Corda, databaseChangeLog=master.changelog.json}
?[m?[37m[INFO] 18:18:09,555 [Test worker] jvm.JdbcExecutor. - INSERT INTO PUBLIC.DATABASECHANGELOG (ID, AUTHOR, FILENAME, DATEEXECUTED, ORDEREXECUTED, MD5SUM, DESCRIPTION, COMMENTS, EXECTYPE, CONTEXTS, LABELS, LIQUIBASE, DEPLOYMENT_ID) VALUES ('add_new_flow_exceptions_table', 'R3.Corda', 'migration/node-services.changelog-init.xml', NOW(), 104, '8:fb0d523c5cf42025c566f105731b34a2', 'createTable tableName=node_flow_exceptions', '', 'EXECUTED', NULL, NULL, '3.6.3', '1484689506') {changeSet=migration/node-services.changelog-init.xml::add_new_flow_exceptions_table::R3.Corda, databaseChangeLog=master.changelog.json}
?[m?[37m[INFO] 18:18:09,556 [Test worker] jvm.JdbcExecutor. - CREATE TABLE PUBLIC.node_flow_metadata (flow_id NVARCHAR(64) NOT NULL, invocation_id NVARCHAR(128) NOT NULL, flow_name NVARCHAR(128) NOT NULL, flow_identifier NVARCHAR(512), started_type INT NOT NULL, flow_parameters BLOB NOT NULL, cordapp_name NVARCHAR(128) NOT NULL, platform_version INT NOT NULL, started_by NVARCHAR(128) NOT NULL, invocation_time TIMESTAMP NOT NULL, start_time TIMESTAMP NOT NULL, finish_time TIMESTAMP) {changeSet=migration/node-services.changelog-init.xml::add_new_flow_metadata_table::R3.Corda, databaseChangeLog=master.changelog.json}
?[m?[37m[INFO] 18:18:09,556 [Test worker] changelog.ChangeSet. - Table node_flow_metadata created {changeSet=migration/node-services.changelog-init.xml::add_new_flow_metadata_table::R3.Corda, databaseChangeLog=master.changelog.json}
?[m?[37m[INFO] 18:18:09,556 [Test worker] changelog.ChangeSet. - ChangeSet migration/node-services.changelog-init.xml::add_new_flow_metadata_table::R3.Corda ran successfully in 1ms {changeSet=migration/node-services.changelog-init.xml::add_new_flow_metadata_table::R3.Corda, databaseChangeLog=master.changelog.json}
?[m?[37m[INFO] 18:18:09,557 [Test worker] jvm.JdbcExecutor. - INSERT INTO PUBLIC.DATABASECHANGELOG (ID, AUTHOR, FILENAME, DATEEXECUTED, ORDEREXECUTED, MD5SUM, DESCRIPTION, COMMENTS, EXECTYPE, CONTEXTS, LABELS, LIQUIBASE, DEPLOYMENT_ID) VALUES ('add_new_flow_metadata_table', 'R3.Corda', 'migration/node-services.changelog-init.xml', NOW(), 105, '8:edede3ddf0425fb6d012735a7415013e', 'createTable tableName=node_flow_metadata', '', 'EXECUTED', NULL, NULL, '3.6.3', '1484689506') {changeSet=migration/node-services.changelog-init.xml::add_new_flow_metadata_table::R3.Corda, databaseChangeLog=master.changelog.json}
?[m?[37m[INFO] 18:18:09,558 [Test worker] jvm.JdbcExecutor. - ALTER TABLE PUBLIC.node_checkpoints ADD CONSTRAINT node_checkpoints_pk PRIMARY KEY (flow_id) {changeSet=migration/node-services.changelog-init.xml::add_new_checkpoint_schema_primary_keys-h2_postgres_oracle::R3.Corda, databaseChangeLog=master.changelog.json}
?[m?[37m[INFO] 18:18:09,558 [Test worker] changelog.ChangeSet. - Primary key added to node_checkpoints (flow_id) {changeSet=migration/node-services.changelog-init.xml::add_new_checkpoint_schema_primary_keys-h2_postgres_oracle::R3.Corda, databaseChangeLog=master.changelog.json}
?[m?[37m[INFO] 18:18:09,558 [Test worker] changelog.ChangeSet. - ChangeSet migration/node-services.changelog-init.xml::add_new_checkpoint_schema_primary_keys-h2_postgres_oracle::R3.Corda ran successfully in 0ms {changeSet=migration/node-services.changelog-init.xml::add_new_checkpoint_schema_primary_keys-h2_postgres_oracle::R3.Corda, databaseChangeLog=master.changelog.json}
?[m?[37m[INFO] 18:18:09,559 [Test worker] jvm.JdbcExecutor. - INSERT INTO PUBLIC.DATABASECHANGELOG (ID, AUTHOR, FILENAME, DATEEXECUTED, ORDEREXECUTED, MD5SUM, DESCRIPTION, COMMENTS, EXECTYPE, CONTEXTS, LABELS, LIQUIBASE, DEPLOYMENT_ID) VALUES ('add_new_checkpoint_schema_primary_keys-h2_postgres_oracle', 'R3.Corda', 'migration/node-services.changelog-init.xml', NOW(), 106, '8:23141f3e3b5917c1cd0196f7b03b8f71', 'addPrimaryKey constraintName=node_checkpoints_pk, tableName=node_checkpoints', '', 'EXECUTED', NULL, NULL, '3.6.3', '1484689506') {changeSet=migration/node-services.changelog-init.xml::add_new_checkpoint_schema_primary_keys-h2_postgres_oracle::R3.Corda, databaseChangeLog=master.changelog.json}
?[m?[37m[INFO] 18:18:09,560 [Test worker] jvm.JdbcExecutor. - CREATE UNIQUE INDEX PUBLIC.node_checkpoint_blobs_idx ON PUBLIC.node_checkpoint_blobs(flow_id) {changeSet=migration/node-services.changelog-init.xml::add_new_checkpoint_schema_indexes::R3.Corda, databaseChangeLog=master.changelog.json}
?[m?[37m[INFO] 18:18:09,560 [Test worker] changelog.ChangeSet. - Index node_checkpoint_blobs_idx created {changeSet=migration/node-services.changelog-init.xml::add_new_checkpoint_schema_indexes::R3.Corda, databaseChangeLog=master.changelog.json}
?[m?[37m[INFO] 18:18:09,560 [Test worker] jvm.JdbcExecutor. - CREATE UNIQUE INDEX PUBLIC.node_flow_results_idx ON PUBLIC.node_flow_results(flow_id) {changeSet=migration/node-services.changelog-init.xml::add_new_checkpoint_schema_indexes::R3.Corda, databaseChangeLog=master.changelog.json}
?[m?[37m[INFO] 18:18:09,561 [Test worker] changelog.ChangeSet. - Index node_flow_results_idx created {changeSet=migration/node-services.changelog-init.xml::add_new_checkpoint_schema_indexes::R3.Corda, databaseChangeLog=master.changelog.json}
?[m?[37m[INFO] 18:18:09,561 [Test worker] jvm.JdbcExecutor. - CREATE UNIQUE INDEX PUBLIC.node_flow_exceptions_idx ON PUBLIC.node_flow_exceptions(flow_id) {changeSet=migration/node-services.changelog-init.xml::add_new_checkpoint_schema_indexes::R3.Corda, databaseChangeLog=master.changelog.json}
?[m?[37m[INFO] 18:18:09,562 [Test worker] changelog.ChangeSet. - Index node_flow_exceptions_idx created {changeSet=migration/node-services.changelog-init.xml::add_new_checkpoint_schema_indexes::R3.Corda, databaseChangeLog=master.changelog.json}
?[m?[37m[INFO] 18:18:09,562 [Test worker] jvm.JdbcExecutor. - CREATE UNIQUE INDEX PUBLIC.node_flow_metadata_idx ON PUBLIC.node_flow_metadata(flow_id) {changeSet=migration/node-services.changelog-init.xml::add_new_checkpoint_schema_indexes::R3.Corda, databaseChangeLog=master.changelog.json}
?[m?[37m[INFO] 18:18:09,562 [Test worker] changelog.ChangeSet. - Index node_flow_metadata_idx created {changeSet=migration/node-services.changelog-init.xml::add_new_checkpoint_schema_indexes::R3.Corda, databaseChangeLog=master.changelog.json}
?[m?[37m[INFO] 18:18:09,562 [Test worker] changelog.ChangeSet. - ChangeSet migration/node-services.changelog-init.xml::add_new_checkpoint_schema_indexes::R3.Corda ran successfully in 2ms {changeSet=migration/node-services.changelog-init.xml::add_new_checkpoint_schema_indexes::R3.Corda, databaseChangeLog=master.changelog.json}
?[m?[37m[INFO] 18:18:09,563 [Test worker] jvm.JdbcExecutor. - INSERT INTO PUBLIC.DATABASECHANGELOG (ID, AUTHOR, FILENAME, DATEEXECUTED, ORDEREXECUTED, MD5SUM, DESCRIPTION, COMMENTS, EXECTYPE, CONTEXTS, LABELS, LIQUIBASE, DEPLOYMENT_ID) VALUES ('add_new_checkpoint_schema_indexes', 'R3.Corda', 'migration/node-services.changelog-init.xml', NOW(), 107, '8:56612ddd39f61523990e27c1b429f467', 'createIndex indexName=node_checkpoint_blobs_idx, tableName=node_checkpoint_blobs; createIndex indexName=node_flow_results_idx, tableName=node_flow_results; createIndex indexName=node_flow_exceptions_idx, tableName=node_flow_exceptions; createIndex...', '', 'EXECUTED', NULL, NULL, '3.6.3', '1484689506') {changeSet=migration/node-services.changelog-init.xml::add_new_checkpoint_schema_indexes::R3.Corda, databaseChangeLog=master.changelog.json}
?[m?[37m[INFO] 18:18:09,563 [Test worker] jvm.JdbcExecutor. - ALTER TABLE PUBLIC.node_transactions DROP PRIMARY KEY {changeSet=migration/node-core.changelog-v21.xml::node_transaction_id_size::R3.Corda, databaseChangeLog=master.changelog.json}
?[m?[37m[INFO] 18:18:09,564 [Test worker] changelog.ChangeSet. - Primary key dropped from node_transactions {changeSet=migration/node-core.changelog-v21.xml::node_transaction_id_size::R3.Corda, databaseChangeLog=master.changelog.json}
?[m?[37m[INFO] 18:18:09,564 [Test worker] jvm.JdbcExecutor. - ALTER TABLE PUBLIC.node_scheduled_states DROP PRIMARY KEY {changeSet=migration/node-core.changelog-v21.xml::node_transaction_id_size::R3.Corda, databaseChangeLog=master.changelog.json}
?[m?[37m[INFO] 18:18:09,564 [Test worker] changelog.ChangeSet. - Primary key dropped from node_scheduled_states {changeSet=migration/node-core.changelog-v21.xml::node_transaction_id_size::R3.Corda, databaseChangeLog=master.changelog.json}
?[m?[37m[INFO] 18:18:09,564 [Test worker] jvm.JdbcExecutor. - ALTER TABLE PUBLIC.node_transactions ALTER COLUMN tx_id SET NULL {changeSet=migration/node-core.changelog-v21.xml::node_transaction_id_size::R3.Corda, databaseChangeLog=master.changelog.json}
?[m?[37m[INFO] 18:18:09,564 [Test worker] changelog.ChangeSet. - Null constraint dropped from node_transactions.tx_id {changeSet=migration/node-core.changelog-v21.xml::node_transaction_id_size::R3.Corda, databaseChangeLog=master.changelog.json}
?[m?[37m[INFO] 18:18:09,564 [Test worker] jvm.JdbcExecutor. - ALTER TABLE PUBLIC.node_scheduled_states ALTER COLUMN transaction_id SET NULL {changeSet=migration/node-core.changelog-v21.xml::node_transaction_id_size::R3.Corda, databaseChangeLog=master.changelog.json}
?[m?[37m[INFO] 18:18:09,564 [Test worker] changelog.ChangeSet. - Null constraint dropped from node_scheduled_states.transaction_id {changeSet=migration/node-core.changelog-v21.xml::node_transaction_id_size::R3.Corda, databaseChangeLog=master.changelog.json}
?[m?[37m[INFO] 18:18:09,564 [Test worker] jvm.JdbcExecutor. - ALTER TABLE PUBLIC.node_transactions ALTER COLUMN tx_id NVARCHAR(144) {changeSet=migration/node-core.changelog-v21.xml::node_transaction_id_size::R3.Corda, databaseChangeLog=master.changelog.json}
?[m?[37m[INFO] 18:18:09,566 [Test worker] changelog.ChangeSet. - node_transactions.tx_id datatype was changed to NVARCHAR(144) {changeSet=migration/node-core.changelog-v21.xml::node_transaction_id_size::R3.Corda, databaseChangeLog=master.changelog.json}
?[m?[37m[INFO] 18:18:09,566 [Test worker] jvm.JdbcExecutor. - ALTER TABLE PUBLIC.node_scheduled_states ALTER COLUMN transaction_id NVARCHAR(144) {changeSet=migration/node-core.changelog-v21.xml::node_transaction_id_size::R3.Corda, databaseChangeLog=master.changelog.json}
?[m?[37m[INFO] 18:18:09,567 [Test worker] changelog.ChangeSet. - node_scheduled_states.transaction_id datatype was changed to NVARCHAR(144) {changeSet=migration/node-core.changelog-v21.xml::node_transaction_id_size::R3.Corda, databaseChangeLog=master.changelog.json}
?[m?[37m[INFO] 18:18:09,567 [Test worker] jvm.JdbcExecutor. - ALTER TABLE PUBLIC.node_transactions ALTER COLUMN tx_id SET NOT NULL {changeSet=migration/node-core.changelog-v21.xml::node_transaction_id_size::R3.Corda, databaseChangeLog=master.changelog.json}
?[m?[37m[INFO] 18:18:09,568 [Test worker] changelog.ChangeSet. - NOT NULL constraint has been added to node_transactions.tx_id {changeSet=migration/node-core.changelog-v21.xml::node_transaction_id_size::R3.Corda, databaseChangeLog=master.changelog.json}
?[m?[37m[INFO] 18:18:09,568 [Test worker] jvm.JdbcExecutor. - ALTER TABLE PUBLIC.node_scheduled_states ALTER COLUMN transaction_id SET NOT NULL {changeSet=migration/node-core.changelog-v21.xml::node_transaction_id_size::R3.Corda, databaseChangeLog=master.changelog.json}
?[m?[37m[INFO] 18:18:09,568 [Test worker] changelog.ChangeSet. - NOT NULL constraint has been added to node_scheduled_states.transaction_id {changeSet=migration/node-core.changelog-v21.xml::node_transaction_id_size::R3.Corda, databaseChangeLog=master.changelog.json}
?[m?[37m[INFO] 18:18:09,568 [Test worker] jvm.JdbcExecutor. - ALTER TABLE PUBLIC.node_transactions ADD CONSTRAINT node_transactions_pkey PRIMARY KEY (tx_id) {changeSet=migration/node-core.changelog-v21.xml::node_transaction_id_size::R3.Corda, databaseChangeLog=master.changelog.json}
?[m?[37m[INFO] 18:18:09,568 [Test worker] changelog.ChangeSet. - Primary key added to node_transactions (tx_id) {changeSet=migration/node-core.changelog-v21.xml::node_transaction_id_size::R3.Corda, databaseChangeLog=master.changelog.json}
?[m?[37m[INFO] 18:18:09,568 [Test worker] jvm.JdbcExecutor. - ALTER TABLE PUBLIC.node_scheduled_states ADD CONSTRAINT node_scheduled_states_pkey PRIMARY KEY (output_index, transaction_id) {changeSet=migration/node-core.changelog-v21.xml::node_transaction_id_size::R3.Corda, databaseChangeLog=master.changelog.json}
?[m?[37m[INFO] 18:18:09,569 [Test worker] changelog.ChangeSet. - Primary key added to node_scheduled_states (output_index, transaction_id) {changeSet=migration/node-core.changelog-v21.xml::node_transaction_id_size::R3.Corda, databaseChangeLog=master.changelog.json}
?[m?[37m[INFO] 18:18:09,569 [Test worker] changelog.ChangeSet. - ChangeSet migration/node-core.changelog-v21.xml::node_transaction_id_size::R3.Corda ran successfully in 6ms {changeSet=migration/node-core.changelog-v21.xml::node_transaction_id_size::R3.Corda, databaseChangeLog=master.changelog.json}
?[m?[37m[INFO] 18:18:09,570 [Test worker] jvm.JdbcExecutor. - INSERT INTO PUBLIC.DATABASECHANGELOG (ID, AUTHOR, FILENAME, DATEEXECUTED, ORDEREXECUTED, MD5SUM, DESCRIPTION, COMMENTS, EXECTYPE, CONTEXTS, LABELS, LIQUIBASE, DEPLOYMENT_ID) VALUES ('node_transaction_id_size', 'R3.Corda', 'migration/node-core.changelog-v21.xml', NOW(), 108, '8:9267fdf76dd8a7da392f65d5422718c3', 'dropPrimaryKey constraintName=node_transactions_pkey, tableName=node_transactions; dropPrimaryKey constraintName=node_scheduled_states_pkey, tableName=node_scheduled_states; dropNotNullConstraint columnName=tx_id, tableName=node_transactions; drop...', '', 'EXECUTED', NULL, NULL, '3.6.3', '1484689506') {changeSet=migration/node-core.changelog-v21.xml::node_transaction_id_size::R3.Corda, databaseChangeLog=master.changelog.json}
?[m?[37m[INFO] 18:18:09,571 [Test worker] jvm.JdbcExecutor. - INSERT INTO PUBLIC.DATABASECHANGELOG (ID, AUTHOR, FILENAME, DATEEXECUTED, ORDEREXECUTED, MD5SUM, DESCRIPTION, COMMENTS, EXECTYPE, CONTEXTS, LABELS, LIQUIBASE, DEPLOYMENT_ID) VALUES ('node_transaction_id_size_non-clustered_pk', 'R3.Corda', 'migration/node-core.changelog-v21.xml', NOW(), 109, '8:64773359f27e2f85fe6df6097823ce69', 'dropPrimaryKey constraintName=node_transactions_pkey, tableName=node_transactions; addPrimaryKey constraintName=node_transactions_pkey, tableName=node_transactions', '', 'MARK_RAN', NULL, NULL, '3.6.3', '1484689506') {changeSet=migration/node-core.changelog-v21.xml::node_transaction_id_size_non-clustered_pk::R3.Corda, databaseChangeLog=master.changelog.json}
?[m?[37m[INFO] 18:18:09,571 [Test worker] jvm.JdbcExecutor. - ALTER TABLE PUBLIC.node_contract_upgrades DROP PRIMARY KEY {changeSet=migration/node-core.changelog-v21.xml::node_contract_upgrades_state_ref_size::R3.Corda, databaseChangeLog=master.changelog.json}
?[m?[37m[INFO] 18:18:09,571 [Test worker] changelog.ChangeSet. - Primary key dropped from node_contract_upgrades {changeSet=migration/node-core.changelog-v21.xml::node_contract_upgrades_state_ref_size::R3.Corda, databaseChangeLog=master.changelog.json}
?[m?[37m[INFO] 18:18:09,572 [Test worker] jvm.JdbcExecutor. - ALTER TABLE PUBLIC.node_contract_upgrades ALTER COLUMN state_ref SET NULL {changeSet=migration/node-core.changelog-v21.xml::node_contract_upgrades_state_ref_size::R3.Corda, databaseChangeLog=master.changelog.json}
?[m?[37m[INFO] 18:18:09,572 [Test worker] changelog.ChangeSet. - Null constraint dropped from node_contract_upgrades.state_ref {changeSet=migration/node-core.changelog-v21.xml::node_contract_upgrades_state_ref_size::R3.Corda, databaseChangeLog=master.changelog.json}
?[m?[37m[INFO] 18:18:09,572 [Test worker] jvm.JdbcExecutor. - ALTER TABLE PUBLIC.node_contract_upgrades ALTER COLUMN state_ref NVARCHAR(176) {changeSet=migration/node-core.changelog-v21.xml::node_contract_upgrades_state_ref_size::R3.Corda, databaseChangeLog=master.changelog.json}
?[m?[37m[INFO] 18:18:09,573 [Test worker] changelog.ChangeSet. - node_contract_upgrades.state_ref datatype was changed to NVARCHAR(176) {changeSet=migration/node-core.changelog-v21.xml::node_contract_upgrades_state_ref_size::R3.Corda, databaseChangeLog=master.changelog.json}
?[m?[37m[INFO] 18:18:09,573 [Test worker] jvm.JdbcExecutor. - ALTER TABLE PUBLIC.node_contract_upgrades ALTER COLUMN state_ref SET NOT NULL {changeSet=migration/node-core.changelog-v21.xml::node_contract_upgrades_state_ref_size::R3.Corda, databaseChangeLog=master.changelog.json}
?[m?[37m[INFO] 18:18:09,573 [Test worker] changelog.ChangeSet. - NOT NULL constraint has been added to node_contract_upgrades.state_ref {changeSet=migration/node-core.changelog-v21.xml::node_contract_upgrades_state_ref_size::R3.Corda, databaseChangeLog=master.changelog.json}
?[m?[37m[INFO] 18:18:09,573 [Test worker] jvm.JdbcExecutor. - ALTER TABLE PUBLIC.node_contract_upgrades ADD CONSTRAINT node_contract_upgrades_pkey PRIMARY KEY (state_ref) {changeSet=migration/node-core.changelog-v21.xml::node_contract_upgrades_state_ref_size::R3.Corda, databaseChangeLog=master.changelog.json}
?[m?[37m[INFO] 18:18:09,573 [Test worker] changelog.ChangeSet. - Primary key added to node_contract_upgrades (state_ref) {changeSet=migration/node-core.changelog-v21.xml::node_contract_upgrades_state_ref_size::R3.Corda, databaseChangeLog=master.changelog.json}
?[m?[37m[INFO] 18:18:09,573 [Test worker] changelog.ChangeSet. - ChangeSet migration/node-core.changelog-v21.xml::node_contract_upgrades_state_ref_size::R3.Corda ran successfully in 2ms {changeSet=migration/node-core.changelog-v21.xml::node_contract_upgrades_state_ref_size::R3.Corda, databaseChangeLog=master.changelog.json}
?[m?[37m[INFO] 18:18:09,574 [Test worker] jvm.JdbcExecutor. - INSERT INTO PUBLIC.DATABASECHANGELOG (ID, AUTHOR, FILENAME, DATEEXECUTED, ORDEREXECUTED, MD5SUM, DESCRIPTION, COMMENTS, EXECTYPE, CONTEXTS, LABELS, LIQUIBASE, DEPLOYMENT_ID) VALUES ('node_contract_upgrades_state_ref_size', 'R3.Corda', 'migration/node-core.changelog-v21.xml', NOW(), 110, '8:25a17205698e008ce77364ab975aa8b3', 'dropPrimaryKey constraintName=node_contract_upgrades_pkey, tableName=node_contract_upgrades; dropNotNullConstraint columnName=state_ref, tableName=node_contract_upgrades; modifyDataType columnName=state_ref, tableName=node_contract_upgrades; addNo...', '', 'EXECUTED', NULL, NULL, '3.6.3', '1484689506') {changeSet=migration/node-core.changelog-v21.xml::node_contract_upgrades_state_ref_size::R3.Corda, databaseChangeLog=master.changelog.json}
?[m?[37m[INFO] 18:18:09,575 [Test worker] lockservice.StandardLockService. - Successfully released change log lock
?[m?[37m[INFO] 18:18:09,612 [Test worker] jvm.JdbcExecutor. - SELECT MD5SUM FROM PUBLIC.DATABASECHANGELOG WHERE MD5SUM IS NOT NULL
?[m?[37m[INFO] 18:18:09,612 [Test worker] jvm.JdbcExecutor. - SELECT COUNT(*) FROM PUBLIC.DATABASECHANGELOG
?[m?[37m[INFO] 18:18:09,612 [Test worker] changelog.StandardChangeLogHistoryService. - Reading from PUBLIC.DATABASECHANGELOG
?[m?[37m[INFO] 18:18:09,612 [Test worker] jvm.JdbcExecutor. - SELECT * FROM PUBLIC.DATABASECHANGELOG ORDER BY DATEEXECUTED ASC, ORDEREXECUTED ASC
?[m?[37m[INFO] 18:18:09,614 [Test worker] jvm.JdbcExecutor. - SELECT COUNT(*) FROM PUBLIC.DATABASECHANGELOGLOCK
?[m?[37m[INFO] 18:18:09,614 [Test worker] jvm.JdbcExecutor. - SELECT COUNT(*) FROM PUBLIC.DATABASECHANGELOGLOCK
?[m?[37m[INFO] 18:18:09,617 [Test worker] jvm.JdbcExecutor. - SELECT LOCKED FROM PUBLIC.DATABASECHANGELOGLOCK WHERE ID=1
?[m?[37m[INFO] 18:18:09,618 [Test worker] lockservice.StandardLockService. - Successfully acquired change log lock
?[m?[37m[INFO] 18:18:09,619 [Test worker] jvm.JdbcExecutor. - CREATE TABLE PUBLIC.fungible_token (output_index INT NOT NULL, transaction_id NVARCHAR(64) NOT NULL, amount BIGINT NOT NULL, holder NVARCHAR(255) NOT NULL, issuer NVARCHAR(255) NOT NULL, token_class NVARCHAR(255) NOT NULL, token_identifier NVARCHAR(255) NOT NULL) {changeSet=migration/fungible-token-schema.changelog-init.xml::create_fungible_token_table_id::R3.Corda, databaseChangeLog=master.changelog.json}
?[m?[37m[INFO] 18:18:09,626 [Test worker] changelog.ChangeSet. - Table fungible_token created {changeSet=migration/fungible-token-schema.changelog-init.xml::create_fungible_token_table_id::R3.Corda, databaseChangeLog=master.changelog.json}
?[m?[37m[INFO] 18:18:09,626 [Test worker] changelog.ChangeSet. - ChangeSet migration/fungible-token-schema.changelog-init.xml::create_fungible_token_table_id::R3.Corda ran successfully in 7ms {changeSet=migration/fungible-token-schema.changelog-init.xml::create_fungible_token_table_id::R3.Corda, databaseChangeLog=master.changelog.json}
?[m?[37m[INFO] 18:18:09,626 [Test worker] jvm.JdbcExecutor. - SELECT MAX(ORDEREXECUTED) FROM PUBLIC.DATABASECHANGELOG {changeSet=migration/fungible-token-schema.changelog-init.xml::create_fungible_token_table_id::R3.Corda, databaseChangeLog=master.changelog.json}
?[m?[37m[INFO] 18:18:09,627 [Test worker] jvm.JdbcExecutor. - INSERT INTO PUBLIC.DATABASECHANGELOG (ID, AUTHOR, FILENAME, DATEEXECUTED, ORDEREXECUTED, MD5SUM, DESCRIPTION, COMMENTS, EXECTYPE, CONTEXTS, LABELS, LIQUIBASE, DEPLOYMENT_ID) VALUES ('create_fungible_token_table_id', 'R3.Corda', 'migration/fungible-token-schema.changelog-init.xml', NOW(), 111, '8:708f2a949e8783d30c0cc4b33ea5bfcd', 'createTable tableName=fungible_token', '', 'EXECUTED', NULL, NULL, '3.6.3', '1484689618') {changeSet=migration/fungible-token-schema.changelog-init.xml::create_fungible_token_table_id::R3.Corda, databaseChangeLog=master.changelog.json}
?[m?[37m[INFO] 18:18:09,628 [Test worker] jvm.JdbcExecutor. - ALTER TABLE PUBLIC.fungible_token ADD CONSTRAINT fungible_token_pkey PRIMARY KEY (output_index, transaction_id) {changeSet=migration/fungible-token-schema.changelog-init.xml::fungible_token_pkey_id::R3.Corda, databaseChangeLog=master.changelog.json}
?[m?[37m[INFO] 18:18:09,628 [Test worker] changelog.ChangeSet. - Primary key added to fungible_token (output_index, transaction_id) {changeSet=migration/fungible-token-schema.changelog-init.xml::fungible_token_pkey_id::R3.Corda, databaseChangeLog=master.changelog.json}
?[m?[37m[INFO] 18:18:09,628 [Test worker] changelog.ChangeSet. - ChangeSet migration/fungible-token-schema.changelog-init.xml::fungible_token_pkey_id::R3.Corda ran successfully in 0ms {changeSet=migration/fungible-token-schema.changelog-init.xml::fungible_token_pkey_id::R3.Corda, databaseChangeLog=master.changelog.json}
?[m?[37m[INFO] 18:18:09,629 [Test worker] jvm.JdbcExecutor. - INSERT INTO PUBLIC.DATABASECHANGELOG (ID, AUTHOR, FILENAME, DATEEXECUTED, ORDEREXECUTED, MD5SUM, DESCRIPTION, COMMENTS, EXECTYPE, CONTEXTS, LABELS, LIQUIBASE, DEPLOYMENT_ID) VALUES ('fungible_token_pkey_id', 'R3.Corda', 'migration/fungible-token-schema.changelog-init.xml', NOW(), 112, '8:6a623895e620b0cec9857d9f16bfec15', 'addPrimaryKey constraintName=fungible_token_pkey, tableName=fungible_token', '', 'EXECUTED', NULL, NULL, '3.6.3', '1484689618') {changeSet=migration/fungible-token-schema.changelog-init.xml::fungible_token_pkey_id::R3.Corda, databaseChangeLog=master.changelog.json}
?[m?[37m[INFO] 18:18:09,630 [Test worker] jvm.JdbcExecutor. - CREATE INDEX PUBLIC.amount_idx ON PUBLIC.fungible_token(amount) {changeSet=migration/fungible-token-schema.changelog-init.xml::amount_idx_id::R3.Corda, databaseChangeLog=master.changelog.json}
?[m?[37m[INFO] 18:18:09,630 [Test worker] changelog.ChangeSet. - Index amount_idx created {changeSet=migration/fungible-token-schema.changelog-init.xml::amount_idx_id::R3.Corda, databaseChangeLog=master.changelog.json}
?[m?[37m[INFO] 18:18:09,630 [Test worker] changelog.ChangeSet. - ChangeSet migration/fungible-token-schema.changelog-init.xml::amount_idx_id::R3.Corda ran successfully in 0ms {changeSet=migration/fungible-token-schema.changelog-init.xml::amount_idx_id::R3.Corda, databaseChangeLog=master.changelog.json}
?[m?[37m[INFO] 18:18:09,631 [Test worker] jvm.JdbcExecutor. - INSERT INTO PUBLIC.DATABASECHANGELOG (ID, AUTHOR, FILENAME, DATEEXECUTED, ORDEREXECUTED, MD5SUM, DESCRIPTION, COMMENTS, EXECTYPE, CONTEXTS, LABELS, LIQUIBASE, DEPLOYMENT_ID) VALUES ('amount_idx_id', 'R3.Corda', 'migration/fungible-token-schema.changelog-init.xml', NOW(), 113, '8:1ae6fc41a1462d4038cdb056e384dfa9', 'createIndex indexName=amount_idx, tableName=fungible_token', '', 'EXECUTED', NULL, NULL, '3.6.3', '1484689618') {changeSet=migration/fungible-token-schema.changelog-init.xml::amount_idx_id::R3.Corda, databaseChangeLog=master.changelog.json}
?[m?[37m[INFO] 18:18:09,631 [Test worker] jvm.JdbcExecutor. - CREATE INDEX PUBLIC.held_token_amount_idx ON PUBLIC.fungible_token(token_class, token_identifier) {changeSet=migration/fungible-token-schema.changelog-init.xml::held_token_amount_idx_id::R3.Corda, databaseChangeLog=master.changelog.json}
?[m?[37m[INFO] 18:18:09,631 [Test worker] changelog.ChangeSet. - Index held_token_amount_idx created {changeSet=migration/fungible-token-schema.changelog-init.xml::held_token_amount_idx_id::R3.Corda, databaseChangeLog=master.changelog.json}
?[m?[37m[INFO] 18:18:09,631 [Test worker] changelog.ChangeSet. - ChangeSet migration/fungible-token-schema.changelog-init.xml::held_token_amount_idx_id::R3.Corda ran successfully in 0ms {changeSet=migration/fungible-token-schema.changelog-init.xml::held_token_amount_idx_id::R3.Corda, databaseChangeLog=master.changelog.json}
?[m?[37m[INFO] 18:18:09,632 [Test worker] jvm.JdbcExecutor. - INSERT INTO PUBLIC.DATABASECHANGELOG (ID, AUTHOR, FILENAME, DATEEXECUTED, ORDEREXECUTED, MD5SUM, DESCRIPTION, COMMENTS, EXECTYPE, CONTEXTS, LABELS, LIQUIBASE, DEPLOYMENT_ID) VALUES ('held_token_amount_idx_id', 'R3.Corda', 'migration/fungible-token-schema.changelog-init.xml', NOW(), 114, '8:55ffda313ce1eca16721488c8b35ee79', 'createIndex indexName=held_token_amount_idx, tableName=fungible_token', '', 'EXECUTED', NULL, NULL, '3.6.3', '1484689618') {changeSet=migration/fungible-token-schema.changelog-init.xml::held_token_amount_idx_id::R3.Corda, databaseChangeLog=master.changelog.json}
?[m?[37m[INFO] 18:18:09,633 [Test worker] jvm.JdbcExecutor. - ALTER TABLE PUBLIC.fungible_token ADD holding_key NVARCHAR(64) {changeSet=migration/fungible-token-schema.changelog-1.xml::create_fungible_token_owner_column::R3.Corda, databaseChangeLog=master.changelog.json}
?[m?[37m[INFO] 18:18:09,635 [Test worker] changelog.ChangeSet. - Columns holding_key(NVARCHAR(64)) added to fungible_token {changeSet=migration/fungible-token-schema.changelog-1.xml::create_fungible_token_owner_column::R3.Corda, databaseChangeLog=master.changelog.json}
?[m?[37m[INFO] 18:18:09,635 [Test worker] changelog.ChangeSet. - ChangeSet migration/fungible-token-schema.changelog-1.xml::create_fungible_token_owner_column::R3.Corda ran successfully in 2ms {changeSet=migration/fungible-token-schema.changelog-1.xml::create_fungible_token_owner_column::R3.Corda, databaseChangeLog=master.changelog.json}
?[m?[37m[INFO] 18:18:09,636 [Test worker] jvm.JdbcExecutor. - INSERT INTO PUBLIC.DATABASECHANGELOG (ID, AUTHOR, FILENAME, DATEEXECUTED, ORDEREXECUTED, MD5SUM, DESCRIPTION, COMMENTS, EXECTYPE, CONTEXTS, LABELS, LIQUIBASE, DEPLOYMENT_ID) VALUES ('create_fungible_token_owner_column', 'R3.Corda', 'migration/fungible-token-schema.changelog-1.xml', NOW(), 115, '8:96ca96f1426465990f153b138b0dad7a', 'addColumn tableName=fungible_token', '', 'EXECUTED', NULL, NULL, '3.6.3', '1484689618') {changeSet=migration/fungible-token-schema.changelog-1.xml::create_fungible_token_owner_column::R3.Corda, databaseChangeLog=master.changelog.json}
?[m?[37m[INFO] 18:18:09,637 [Test worker] jvm.JdbcExecutor. - CREATE INDEX PUBLIC.holding_key_idx ON PUBLIC.fungible_token(holding_key) {changeSet=migration/fungible-token-schema.changelog-1.xml::create_holding_key_idx::R3.Corda, databaseChangeLog=master.changelog.json}
?[m?[37m[INFO] 18:18:09,637 [Test worker] changelog.ChangeSet. - Index holding_key_idx created {changeSet=migration/fungible-token-schema.changelog-1.xml::create_holding_key_idx::R3.Corda, databaseChangeLog=master.changelog.json}
?[m?[37m[INFO] 18:18:09,637 [Test worker] changelog.ChangeSet. - ChangeSet migration/fungible-token-schema.changelog-1.xml::create_holding_key_idx::R3.Corda ran successfully in 0ms {changeSet=migration/fungible-token-schema.changelog-1.xml::create_holding_key_idx::R3.Corda, databaseChangeLog=master.changelog.json}
?[m?[37m[INFO] 18:18:09,638 [Test worker] jvm.JdbcExecutor. - INSERT INTO PUBLIC.DATABASECHANGELOG (ID, AUTHOR, FILENAME, DATEEXECUTED, ORDEREXECUTED, MD5SUM, DESCRIPTION, COMMENTS, EXECTYPE, CONTEXTS, LABELS, LIQUIBASE, DEPLOYMENT_ID) VALUES ('create_holding_key_idx', 'R3.Corda', 'migration/fungible-token-schema.changelog-1.xml', NOW(), 116, '8:67e32a9250726807340c01844edeaf69', 'createIndex indexName=holding_key_idx, tableName=fungible_token', '', 'EXECUTED', NULL, NULL, '3.6.3', '1484689618') {changeSet=migration/fungible-token-schema.changelog-1.xml::create_holding_key_idx::R3.Corda, databaseChangeLog=master.changelog.json}
?[m?[37m[INFO] 18:18:09,639 [Test worker] changelog.ChangeSet. - null {changeSet=migration/fungible-token-schema.changelog-1.xml::map_owning_keys_from_transactionstore::R3.Corda, databaseChangeLog=master.changelog.json}
?[m?[37m[INFO] 18:18:09,639 [Test worker] changelog.ChangeSet. - ChangeSet migration/fungible-token-schema.changelog-1.xml::map_owning_keys_from_transactionstore::R3.Corda ran successfully in 1ms {changeSet=migration/fungible-token-schema.changelog-1.xml::map_owning_keys_from_transactionstore::R3.Corda, databaseChangeLog=master.changelog.json}
?[m?[37m[INFO] 18:18:09,639 [Test worker] jvm.JdbcExecutor. - INSERT INTO PUBLIC.DATABASECHANGELOG (ID, AUTHOR, FILENAME, DATEEXECUTED, ORDEREXECUTED, MD5SUM, DESCRIPTION, COMMENTS, EXECTYPE, CONTEXTS, LABELS, LIQUIBASE, DEPLOYMENT_ID) VALUES ('map_owning_keys_from_transactionstore', 'R3.Corda', 'migration/fungible-token-schema.changelog-1.xml', NOW(), 117, '8:df80639d10d7c4f59d49908643f4c85f', 'customChange', '', 'EXECUTED', NULL, NULL, '3.6.3', '1484689618') {changeSet=migration/fungible-token-schema.changelog-1.xml::map_owning_keys_from_transactionstore::R3.Corda, databaseChangeLog=master.changelog.json}
?[m?[37m[INFO] 18:18:09,640 [Test worker] jvm.JdbcExecutor. - CREATE TABLE PUBLIC.non_fungible_token (output_index INT NOT NULL, transaction_id NVARCHAR(64) NOT NULL, holder NVARCHAR(255) NOT NULL, issuer NVARCHAR(255) NOT NULL, token_class NVARCHAR(255) NOT NULL, token_identifier NVARCHAR(255)) {changeSet=migration/non-fungible-token-schema.changelog-init.xml::create_non_fungible_token_table_id::R3.Corda, databaseChangeLog=master.changelog.json}
?[m?[37m[INFO] 18:18:09,640 [Test worker] changelog.ChangeSet. - Table non_fungible_token created {changeSet=migration/non-fungible-token-schema.changelog-init.xml::create_non_fungible_token_table_id::R3.Corda, databaseChangeLog=master.changelog.json}
?[m?[37m[INFO] 18:18:09,641 [Test worker] changelog.ChangeSet. - ChangeSet migration/non-fungible-token-schema.changelog-init.xml::create_non_fungible_token_table_id::R3.Corda ran successfully in 1ms {changeSet=migration/non-fungible-token-schema.changelog-init.xml::create_non_fungible_token_table_id::R3.Corda, databaseChangeLog=master.changelog.json}
?[m?[37m[INFO] 18:18:09,641 [Test worker] jvm.JdbcExecutor. - INSERT INTO PUBLIC.DATABASECHANGELOG (ID, AUTHOR, FILENAME, DATEEXECUTED, ORDEREXECUTED, MD5SUM, DESCRIPTION, COMMENTS, EXECTYPE, CONTEXTS, LABELS, LIQUIBASE, DEPLOYMENT_ID) VALUES ('create_non_fungible_token_table_id', 'R3.Corda', 'migration/non-fungible-token-schema.changelog-init.xml', NOW(), 118, '8:537d4553becbc43bb11c0817e1639eae', 'createTable tableName=non_fungible_token', '', 'EXECUTED', NULL, NULL, '3.6.3', '1484689618') {changeSet=migration/non-fungible-token-schema.changelog-init.xml::create_non_fungible_token_table_id::R3.Corda, databaseChangeLog=master.changelog.json}
?[m?[37m[INFO] 18:18:09,642 [Test worker] jvm.JdbcExecutor. - ALTER TABLE PUBLIC.non_fungible_token ADD CONSTRAINT non_fungible_token_pkey PRIMARY KEY (output_index, transaction_id) {changeSet=migration/non-fungible-token-schema.changelog-init.xml::non_fungible_token_pkey_id::R3.Corda, databaseChangeLog=master.changelog.json}
?[m?[37m[INFO] 18:18:09,642 [Test worker] changelog.ChangeSet. - Primary key added to non_fungible_token (output_index, transaction_id) {changeSet=migration/non-fungible-token-schema.changelog-init.xml::non_fungible_token_pkey_id::R3.Corda, databaseChangeLog=master.changelog.json}
?[m?[37m[INFO] 18:18:09,642 [Test worker] changelog.ChangeSet. - ChangeSet migration/non-fungible-token-schema.changelog-init.xml::non_fungible_token_pkey_id::R3.Corda ran successfully in 1ms {changeSet=migration/non-fungible-token-schema.changelog-init.xml::non_fungible_token_pkey_id::R3.Corda, databaseChangeLog=master.changelog.json}
?[m?[37m[INFO] 18:18:09,642 [Test worker] jvm.JdbcExecutor. - INSERT INTO PUBLIC.DATABASECHANGELOG (ID, AUTHOR, FILENAME, DATEEXECUTED, ORDEREXECUTED, MD5SUM, DESCRIPTION, COMMENTS, EXECTYPE, CONTEXTS, LABELS, LIQUIBASE, DEPLOYMENT_ID) VALUES ('non_fungible_token_pkey_id', 'R3.Corda', 'migration/non-fungible-token-schema.changelog-init.xml', NOW(), 119, '8:d08935cf27a24a32cb4c14cec40b4c30', 'addPrimaryKey constraintName=non_fungible_token_pkey, tableName=non_fungible_token', '', 'EXECUTED', NULL, NULL, '3.6.3', '1484689618') {changeSet=migration/non-fungible-token-schema.changelog-init.xml::non_fungible_token_pkey_id::R3.Corda, databaseChangeLog=master.changelog.json}
?[m?[37m[INFO] 18:18:09,643 [Test worker] jvm.JdbcExecutor. - CREATE INDEX PUBLIC.held_token_idx ON PUBLIC.non_fungible_token(token_class, token_identifier) {changeSet=migration/non-fungible-token-schema.changelog-init.xml::held_token_idx_id::R3.Corda, databaseChangeLog=master.changelog.json}
?[m?[37m[INFO] 18:18:09,643 [Test worker] changelog.ChangeSet. - Index held_token_idx created {changeSet=migration/non-fungible-token-schema.changelog-init.xml::held_token_idx_id::R3.Corda, databaseChangeLog=master.changelog.json}
?[m?[37m[INFO] 18:18:09,643 [Test worker] changelog.ChangeSet. - ChangeSet migration/non-fungible-token-schema.changelog-init.xml::held_token_idx_id::R3.Corda ran successfully in 0ms {changeSet=migration/non-fungible-token-schema.changelog-init.xml::held_token_idx_id::R3.Corda, databaseChangeLog=master.changelog.json}
?[m?[37m[INFO] 18:18:09,643 [Test worker] jvm.JdbcExecutor. - INSERT INTO PUBLIC.DATABASECHANGELOG (ID, AUTHOR, FILENAME, DATEEXECUTED, ORDEREXECUTED, MD5SUM, DESCRIPTION, COMMENTS, EXECTYPE, CONTEXTS, LABELS, LIQUIBASE, DEPLOYMENT_ID) VALUES ('held_token_idx_id', 'R3.Corda', 'migration/non-fungible-token-schema.changelog-init.xml', NOW(), 120, '8:a13b131f129e2b15eeea3fd36b572fe4', 'createIndex indexName=held_token_idx, tableName=non_fungible_token', '', 'EXECUTED', NULL, NULL, '3.6.3', '1484689618') {changeSet=migration/non-fungible-token-schema.changelog-init.xml::held_token_idx_id::R3.Corda, databaseChangeLog=master.changelog.json}
?[m?[37m[INFO] 18:18:09,644 [Test worker] jvm.JdbcExecutor. - CREATE TABLE PUBLIC.distribution_record (id BIGINT NOT NULL, linear_id VARCHAR(255) NOT NULL, party NVARCHAR(255) NOT NULL) {changeSet=migration/distribution-record-schema.changelog-init.xml::create_distribution_record_table_id::R3.Corda, databaseChangeLog=master.changelog.json}
?[m?[37m[INFO] 18:18:09,644 [Test worker] changelog.ChangeSet. - Table distribution_record created {changeSet=migration/distribution-record-schema.changelog-init.xml::create_distribution_record_table_id::R3.Corda, databaseChangeLog=master.changelog.json}
?[m?[37m[INFO] 18:18:09,644 [Test worker] changelog.ChangeSet. - ChangeSet migration/distribution-record-schema.changelog-init.xml::create_distribution_record_table_id::R3.Corda ran successfully in 0ms {changeSet=migration/distribution-record-schema.changelog-init.xml::create_distribution_record_table_id::R3.Corda, databaseChangeLog=master.changelog.json}
?[m?[37m[INFO] 18:18:09,645 [Test worker] jvm.JdbcExecutor. - INSERT INTO PUBLIC.DATABASECHANGELOG (ID, AUTHOR, FILENAME, DATEEXECUTED, ORDEREXECUTED, MD5SUM, DESCRIPTION, COMMENTS, EXECTYPE, CONTEXTS, LABELS, LIQUIBASE, DEPLOYMENT_ID) VALUES ('create_distribution_record_table_id', 'R3.Corda', 'migration/distribution-record-schema.changelog-init.xml', NOW(), 121, '8:58bbe0f002fa9a550dbc9aa60a7fda96', 'createTable tableName=distribution_record', '', 'EXECUTED', NULL, NULL, '3.6.3', '1484689618') {changeSet=migration/distribution-record-schema.changelog-init.xml::create_distribution_record_table_id::R3.Corda, databaseChangeLog=master.changelog.json}
?[m?[37m[INFO] 18:18:09,645 [Test worker] jvm.JdbcExecutor. - ALTER TABLE PUBLIC.distribution_record ADD CONSTRAINT distribution_record_pkey PRIMARY KEY (id) {changeSet=migration/distribution-record-schema.changelog-init.xml::distribution_record_pkey_id::R3.Corda, databaseChangeLog=master.changelog.json}
?[m?[37m[INFO] 18:18:09,645 [Test worker] changelog.ChangeSet. - Primary key added to distribution_record (id) {changeSet=migration/distribution-record-schema.changelog-init.xml::distribution_record_pkey_id::R3.Corda, databaseChangeLog=master.changelog.json}
?[m?[37m[INFO] 18:18:09,645 [Test worker] changelog.ChangeSet. - ChangeSet migration/distribution-record-schema.changelog-init.xml::distribution_record_pkey_id::R3.Corda ran successfully in 0ms {changeSet=migration/distribution-record-schema.changelog-init.xml::distribution_record_pkey_id::R3.Corda, databaseChangeLog=master.changelog.json}
?[m?[37m[INFO] 18:18:09,646 [Test worker] jvm.JdbcExecutor. - INSERT INTO PUBLIC.DATABASECHANGELOG (ID, AUTHOR, FILENAME, DATEEXECUTED, ORDEREXECUTED, MD5SUM, DESCRIPTION, COMMENTS, EXECTYPE, CONTEXTS, LABELS, LIQUIBASE, DEPLOYMENT_ID) VALUES ('distribution_record_pkey_id', 'R3.Corda', 'migration/distribution-record-schema.changelog-init.xml', NOW(), 122, '8:0ac8470d7e72d959df72a2f31db8916f', 'addPrimaryKey constraintName=distribution_record_pkey, tableName=distribution_record', '', 'EXECUTED', NULL, NULL, '3.6.3', '1484689618') {changeSet=migration/distribution-record-schema.changelog-init.xml::distribution_record_pkey_id::R3.Corda, databaseChangeLog=master.changelog.json}
?[m?[37m[INFO] 18:18:09,646 [Test worker] jvm.JdbcExecutor. - CREATE INDEX PUBLIC.dist_record_idx ON PUBLIC.distribution_record(linear_id) {changeSet=migration/distribution-record-schema.changelog-init.xml::dist_record_idx_id::R3.Corda, databaseChangeLog=master.changelog.json}
?[m?[37m[INFO] 18:18:09,646 [Test worker] changelog.ChangeSet. - Index dist_record_idx created {changeSet=migration/distribution-record-schema.changelog-init.xml::dist_record_idx_id::R3.Corda, databaseChangeLog=master.changelog.json}
?[m?[37m[INFO] 18:18:09,646 [Test worker] changelog.ChangeSet. - ChangeSet migration/distribution-record-schema.changelog-init.xml::dist_record_idx_id::R3.Corda ran successfully in 0ms {changeSet=migration/distribution-record-schema.changelog-init.xml::dist_record_idx_id::R3.Corda, databaseChangeLog=master.changelog.json}
?[m?[37m[INFO] 18:18:09,647 [Test worker] jvm.JdbcExecutor. - INSERT INTO PUBLIC.DATABASECHANGELOG (ID, AUTHOR, FILENAME, DATEEXECUTED, ORDEREXECUTED, MD5SUM, DESCRIPTION, COMMENTS, EXECTYPE, CONTEXTS, LABELS, LIQUIBASE, DEPLOYMENT_ID) VALUES ('dist_record_idx_id', 'R3.Corda', 'migration/distribution-record-schema.changelog-init.xml', NOW(), 123, '8:0e8c85eaeb998b9c455afeaed17a20a8', 'createIndex indexName=dist_record_idx, tableName=distribution_record', '', 'EXECUTED', NULL, NULL, '3.6.3', '1484689618') {changeSet=migration/distribution-record-schema.changelog-init.xml::dist_record_idx_id::R3.Corda, databaseChangeLog=master.changelog.json}
?[m?[37m[INFO] 18:18:09,647 [Test worker] lockservice.StandardLockService. - Successfully released change log lock
?[m?[37m[INFO] 18:18:09,648 [Test worker] internal.InternalMockNetwork$MockNode. - Connected to H2 database.
?[m?[37m[INFO] 18:18:09,649 [Test worker] persistence.HibernateConfiguration. - Init HibernateConfiguration for schemas: [CommonSchemaV1(name=net.corda.core.schemas.CommonSchema, version=1), VaultSchemaV1(name=net.corda.node.services.vault.VaultSchema, version=1), NodeInfoSchemaV1(name=net.corda.node.internal.schemas.NodeInfoSchema, version=1), NodeCoreV1(name=net.corda.node.services.schema.NodeSchemaService$NodeCore, version=1), FungibleTokenSchemaV1(name=com.r3.corda.lib.tokens.contracts.internal.schemas.FungibleTokenSchema, version=1), NonFungibleTokenSchemaV1(name=com.r3.corda.lib.tokens.contracts.internal.schemas.NonFungibleTokenSchema, version=1), TokenSchemaV1(name=com.r3.corda.lib.tokens.contracts.schemas.TokenSchema, version=1), DistributionRecordSchemaV1(name=com.r3.corda.lib.tokens.workflows.internal.schemas.DistributionRecordSchema, version=1)]
?[m?[37m[INFO] 18:18:09,649 [Test worker] factory.BaseSessionFactoryFactory. - Creating session factory for schemas: [CommonSchemaV1(name=net.corda.core.schemas.CommonSchema, version=1), VaultSchemaV1(name=net.corda.node.services.vault.VaultSchema, version=1), NodeInfoSchemaV1(name=net.corda.node.internal.schemas.NodeInfoSchema, version=1), NodeCoreV1(name=net.corda.node.services.schema.NodeSchemaService$NodeCore, version=1), FungibleTokenSchemaV1(name=com.r3.corda.lib.tokens.contracts.internal.schemas.FungibleTokenSchema, version=1), NonFungibleTokenSchemaV1(name=com.r3.corda.lib.tokens.contracts.internal.schemas.NonFungibleTokenSchema, version=1), TokenSchemaV1(name=com.r3.corda.lib.tokens.contracts.schemas.TokenSchema, version=1), DistributionRecordSchemaV1(name=com.r3.corda.lib.tokens.workflows.internal.schemas.DistributionRecordSchema, version=1)]
?[m?[37m[INFO] 18:18:09,655 [Test worker] internal.ConnectionProviderInitiator. - HHH000130: Instantiating explicit connection provider: net.corda.nodeapi.internal.persistence.HibernateConfiguration$NodeDatabaseConnectionProvider
?[m?[37m[INFO] 18:18:09,655 [Test worker] dialect.Dialect. - HHH000400: Using dialect: org.hibernate.dialect.H2Dialect
?[m?[37m[INFO] 18:18:09,719 [Test worker] connections.access. - HHH10001501: Connection obtained from JdbcConnectionAccess [org.hibernate.engine.jdbc.env.internal.JdbcEnvironmentInitiator$ConnectionProviderJdbcConnectionAccess@ac12141] for (non-JTA) DDL execution was not in auto-commit mode; the Connection 'local transaction' will be committed and the Connection will be set into auto-commit mode.
?[m?[37m[INFO] 18:18:09,747 [Test worker] internal.JtaPlatformInitiator. - HHH000490: Using JtaPlatform implementation: [org.hibernate.engine.transaction.jta.platform.internal.NoJtaPlatform]
?[m?[37m[INFO] 18:18:09,747 [Test worker] factory.BaseSessionFactoryFactory. - Created session factory for schemas: [CommonSchemaV1(name=net.corda.core.schemas.CommonSchema, version=1), VaultSchemaV1(name=net.corda.node.services.vault.VaultSchema, version=1), NodeInfoSchemaV1(name=net.corda.node.internal.schemas.NodeInfoSchema, version=1), NodeCoreV1(name=net.corda.node.services.schema.NodeSchemaService$NodeCore, version=1), FungibleTokenSchemaV1(name=com.r3.corda.lib.tokens.contracts.internal.schemas.FungibleTokenSchema, version=1), NonFungibleTokenSchemaV1(name=com.r3.corda.lib.tokens.contracts.internal.schemas.NonFungibleTokenSchema, version=1), TokenSchemaV1(name=com.r3.corda.lib.tokens.contracts.schemas.TokenSchema, version=1), DistributionRecordSchemaV1(name=com.r3.corda.lib.tokens.workflows.internal.schemas.DistributionRecordSchema, version=1)]
?[m?[37m[INFO] 18:18:09,751 [Test worker] internal.InternalMockNetwork$MockNode. - Node-info has changed so submitting update. Old node-info was null
?[m?[37m[INFO] 18:18:09,754 [Test worker] network.PersistentNetworkMapCache. - Adding node with info: NodeInfo(addresses=[mock.node:1000], legalIdentitiesAndCerts=[O=Mock Company 2, L=London, C=GB], platformVersion=11, serial=1671484689751), owningKey=DLCmNtAUtvECby562iRCBTEuofJ7A83QYBRvA4gCUrmAyu
?[m?[37m[INFO] 18:18:09,754 [Test worker] network.PersistentNetworkMapCache. - No previous node found for O=Mock Company 2, L=London, C=GB
?[m?[37m[INFO] 18:18:09,759 [Test worker] internal.InternalMockNetwork$MockNode. - New node-info: NodeInfo(addresses=[mock.node:1000], legalIdentitiesAndCerts=[O=Mock Company 2, L=London, C=GB], platformVersion=11, serial=1671484689751)
?[m?[37m[INFO] 18:18:09,766 [Test worker] network.NetworkMapUpdater. - Auto-accept enabled for network parameter changes which modify only: [epoch, modifiedTime, packageOwnership, whitelistedContractImplementations]
?[m?[37m[INFO] 18:18:09,766 [Test worker] internal.MockNodeMessagingService. - Status change to true
?[m?[37m[INFO] 18:18:09,766 [Test worker] internal.InternalMockNetwork$MockNode. - MessagingService active change to: true
?[m?[37m[INFO] 18:18:09,783 [MockNode-3-2] network.PersistentNetworkMapCache. - Adding node with info: NodeInfo(addresses=[mock.node:1000], legalIdentitiesAndCerts=[O=Mock Company 2, L=London, C=GB], platformVersion=11, serial=1671484689751), owningKey=DLCmNtAUtvECby562iRCBTEuofJ7A83QYBRvA4gCUrmAyu
?[m?[37m[INFO] 18:18:09,783 [MockNode-3-2] network.PersistentNetworkMapCache. - Previous node was identical to incoming one - doing nothing
?[m?[37m[INFO] 18:18:09,787 [Test worker] ClassloaderUtils. - Contracts loading for 'C:\Users\diogo\AppData\Local\Temp\attachment6175535335480711087.jar' took 5 msec
?[m?[37m[INFO] 18:18:09,792 [Test worker] persistence.NodeAttachmentService. - Stored new attachment: id=CE8DE26FD6C21FE1E3966284DEF8E748A454C21F0BD9836854DE4DA4544311BC uploader=app filename=tokenizedhouse CorDapp
?[m?[37m[INFO] 18:18:09,798 [Test worker] ClassloaderUtils. - Contracts loading for 'C:\Users\diogo\AppData\Local\Temp\attachment1710816554968314549.jar' took 4 msec
?[m?[37m[INFO] 18:18:09,810 [Test worker] persistence.NodeAttachmentService. - Stored new attachment: id=34705DC9A2C8599998BBDBA7C3D13609AF04D8B3A772F7134D685ECC926D8320 uploader=app filename=Token SDK Contracts
?[m?[37m[INFO] 18:18:09,814 [Test worker] internal.InternalMockNetwork$MockNode. - Installed com.r3.corda.lib.tokens.selection.memory.services.VaultMigratorService Corda service
?[m?[37m[INFO] 18:18:09,814 [Test worker] cordapp.CordappConfigFileProvider. - Found config for cordapp tokens-workflows-1.2 in build\mock-network\20221219-211751.144-77960ADE5643869C\nodes\2\cordapps\config\tokens-workflows-1.2.conf
?[m?[31m[WARN] 18:18:09,814 [Test worker] inMemoryConfigSelectionLogger. - Did not detect a configuration for InMemory selection - enabling memory usage for token indexing. Please set stateSelection.inMemory.enabled to "false" to disable this
?[m?[31m[WARN] 18:18:09,814 [Test worker] inMemoryConfigSelectionLogger. - No indexing method specified. Indexes will be created at run-time for each invocation of selectTokens
?[m?[37m[INFO] 18:18:09,814 [Test worker] inMemoryConfigSelectionLogger. - Found in memory token selection configuration with values indexing strategy: [], cacheSize: 1024
?[m?[31m[WARN] 18:18:09,814 [Test worker] vault.NodeVaultService. - trackBy is called with an already existing, open DB transaction. As a result, there might be states missing from both the snapshot and observable, included in the returned data feed, because of race conditions.
?[m?[31m[WARN] 18:18:09,818 [Test worker] inMemoryConfigSelectionLogger. - Did not detect a configuration for InMemory selection - enabling memory usage for token indexing. Please set stateSelection.inMemory.enabled to "false" to disable this
?[m?[31m[WARN] 18:18:09,818 [Test worker] inMemoryConfigSelectionLogger. - No indexing method specified. Indexes will be created at run-time for each invocation of selectTokens
?[m?[37m[INFO] 18:18:09,818 [Test worker] inMemoryConfigSelectionLogger. - Found in memory token selection configuration with values indexing strategy: [], cacheSize: 1024
?[m?[37m[INFO] 18:18:09,818 [Test worker] services.VaultWatcherService. - Starting async token loading from vault
?[m?[37m[INFO] 18:18:09,818 [Test worker] internal.InternalMockNetwork$MockNode. - Installed com.r3.corda.lib.tokens.selection.memory.services.VaultWatcherService Corda service
?[m?[37m[INFO] 18:18:09,823 [pool-12-thread-1] services.VaultWatcherService. - publishing 0 to async state loading callback
?[m?[37m[INFO] 18:18:09,823 [pool-12-thread-1] services.VaultWatcherService. - received token vault update with 0 consumed states and: 0 produced states
?[m?[37m[INFO] 18:18:09,823 [pool-12-thread-1] services.VaultWatcherService. - finished token loading
?[m?[37m[INFO] 18:18:09,835 [Test worker] statemachine.SingleThreadedStateMachineManager. - Node ready, info: NodeInfo(addresses=[mock.node:1000], legalIdentitiesAndCerts=[O=Mock Company 2, L=London, C=GB], platformVersion=11, serial=1671484689751)
?[m?[37m[INFO] 18:18:09,837 [Test worker] network.PersistentNetworkMapCache. - Adding node with info: NodeInfo(addresses=[mock.node:1000], legalIdentitiesAndCerts=[O=Notary, L=London, C=GB], platformVersion=11, serial=1671484687055), owningKey=DL7tvVdTBo72yu2Ag9nUvt6vGTDEckaD1ptq2of1rZ6vCg
?[m?[37m[INFO] 18:18:09,837 [Test worker] network.PersistentNetworkMapCache. - No previous node found for O=Notary, L=London, C=GB
?[m?[37m[INFO] 18:18:09,848 [Test worker] network.PersistentNetworkMapCache. - Adding node with info: NodeInfo(addresses=[mock.node:1000], legalIdentitiesAndCerts=[O=Mock Company 2, L=London, C=GB], platformVersion=11, serial=1671484689751), owningKey=DLCmNtAUtvECby562iRCBTEuofJ7A83QYBRvA4gCUrmAyu
?[m?[37m[INFO] 18:18:09,848 [Test worker] network.PersistentNetworkMapCache. - No previous node found for O=Mock Company 2, L=London, C=GB
?[m?[37m[INFO] 18:18:09,858 [Test worker] network.PersistentNetworkMapCache. - Adding node with info: NodeInfo(addresses=[mock.node:1000], legalIdentitiesAndCerts=[O=Mock Company 1, L=London, C=GB], platformVersion=11, serial=1671484689028), owningKey=DL9qMGYPtCZmpp6WNgmTZXyaGQ67yuFesYdcPnwGnsg4rj
?[m?[37m[INFO] 18:18:09,858 [Test worker] network.PersistentNetworkMapCache. - No previous node found for O=Mock Company 1, L=London, C=GB
?[m?[37m[INFO] 18:18:09,866 [Test worker] network.PersistentNetworkMapCache. - Adding node with info: NodeInfo(addresses=[mock.node:1000], legalIdentitiesAndCerts=[O=Mock Company 2, L=London, C=GB], platformVersion=11, serial=1671484689751), owningKey=DLCmNtAUtvECby562iRCBTEuofJ7A83QYBRvA4gCUrmAyu
?[m?[37m[INFO] 18:18:09,866 [Test worker] network.PersistentNetworkMapCache. - No previous node found for O=Mock Company 2, L=London, C=GB
?[m?[37m[INFO] 18:18:09,873 [Test worker] network.PersistentNetworkMapCache. - Adding node with info: NodeInfo(addresses=[mock.node:1000], legalIdentitiesAndCerts=[O=Mock Company 2, L=London, C=GB], platformVersion=11, serial=1671484689751), owningKey=DLCmNtAUtvECby562iRCBTEuofJ7A83QYBRvA4gCUrmAyu
?[m?[37m[INFO] 18:18:09,873 [Test worker] network.PersistentNetworkMapCache. - Previous node was identical to incoming one - doing nothing
?[m?[37m[INFO] 18:18:09,873 [Test worker] network.PersistentNetworkMapCache. - Adding node with info: NodeInfo(addresses=[mock.node:1000], legalIdentitiesAndCerts=[O=Mock Company 2, L=London, C=GB], platformVersion=11, serial=1671484689751), owningKey=DLCmNtAUtvECby562iRCBTEuofJ7A83QYBRvA4gCUrmAyu
?[m?[37m[INFO] 18:18:09,873 [Test worker] network.PersistentNetworkMapCache. - Previous node was identical to incoming one - doing nothing
?[m?[37m[INFO] 18:18:10,643 [Mock network] corda.flow. - No need to notarise this transaction. {actor_id=Only For Testing, actor_owning_identity=O=Mock Company 1, L=London, C=GB, actor_store_id=TEST, fiber-id=10000001, flow-id=ef3ffa81-6d2a-481f-930e-6f50e35997b4, invocation_id=43c62b18-e43c-423e-a528-93e26f856f3c, invocation_timestamp=2022-12-19T21:18:09.902Z, origin=Only For Testing, session_id=43c62b18-e43c-423e-a528-93e26f856f3c, session_timestamp=2022-12-19T21:18:09.902Z, thread-id=360, tx_id=42051992BDE5D8058791C0DFDB803B5627EE5186B0958256735F5764D02F1E29}
?[m?[37m[INFO] 18:18:10,643 [Mock network] corda.flow. - Recording transaction locally. {actor_id=Only For Testing, actor_owning_identity=O=Mock Company 1, L=London, C=GB, actor_store_id=TEST, fiber-id=10000001, flow-id=ef3ffa81-6d2a-481f-930e-6f50e35997b4, invocation_id=43c62b18-e43c-423e-a528-93e26f856f3c, invocation_timestamp=2022-12-19T21:18:09.902Z, origin=Only For Testing, session_id=43c62b18-e43c-423e-a528-93e26f856f3c, session_timestamp=2022-12-19T21:18:09.902Z, thread-id=360, tx_id=42051992BDE5D8058791C0DFDB803B5627EE5186B0958256735F5764D02F1E29}
?[m?[37m[INFO] 18:18:10,727 [Mock network] corda.flow. - Recorded transaction locally successfully. {actor_id=Only For Testing, actor_owning_identity=O=Mock Company 1, L=London, C=GB, actor_store_id=TEST, fiber-id=10000001, flow-id=ef3ffa81-6d2a-481f-930e-6f50e35997b4, invocation_id=43c62b18-e43c-423e-a528-93e26f856f3c, invocation_timestamp=2022-12-19T21:18:09.902Z, origin=Only For Testing, session_id=43c62b18-e43c-423e-a528-93e26f856f3c, session_timestamp=2022-12-19T21:18:09.902Z, thread-id=360, tx_id=42051992BDE5D8058791C0DFDB803B5627EE5186B0958256735F5764D02F1E29}
?[m?[37m[INFO] 18:18:10,727 [Mock network] corda.flow. - All parties received the transaction successfully. {actor_id=Only For Testing, actor_owning_identity=O=Mock Company 1, L=London, C=GB, actor_store_id=TEST, fiber-id=10000001, flow-id=ef3ffa81-6d2a-481f-930e-6f50e35997b4, invocation_id=43c62b18-e43c-423e-a528-93e26f856f3c, invocation_timestamp=2022-12-19T21:18:09.902Z, origin=Only For Testing, session_id=43c62b18-e43c-423e-a528-93e26f856f3c, session_timestamp=2022-12-19T21:18:09.902Z, thread-id=360, tx_id=42051992BDE5D8058791C0DFDB803B5627EE5186B0958256735F5764D02F1E29}
?[m?[37m[INFO] 18:18:10,812 [Test worker] persistence.CordaPersistence. - Closing HikariDataSource (HikariPool-1)
?[m?[37m[INFO] 18:18:10,812 [Test worker] hikari.HikariDataSource. - HikariPool-1 - Shutdown initiated...
?[m?[37m[INFO] 18:18:10,838 [Test worker] hikari.HikariDataSource. - HikariPool-1 - Shutdown completed.
?[m?[37m[INFO] 18:18:10,839 [Test worker] internal.MockNodeMessagingService. - Status change to false
?[m?[37m[INFO] 18:18:10,839 [Test worker] internal.InternalMockNetwork$MockNode. - MessagingService active change to: false
?[m?[37m[INFO] 18:18:10,842 [Test worker] persistence.CordaPersistence. - Closing HikariDataSource (HikariPool-2)
?[m?[37m[INFO] 18:18:10,842 [Test worker] hikari.HikariDataSource. - HikariPool-2 - Shutdown initiated...
?[m?[37m[INFO] 18:18:10,860 [Test worker] hikari.HikariDataSource. - HikariPool-2 - Shutdown completed.
?[m?[37m[INFO] 18:18:10,860 [Test worker] internal.MockNodeMessagingService. - Status change to false
?[m?[37m[INFO] 18:18:10,860 [Test worker] internal.InternalMockNetwork$MockNode. - MessagingService active change to: false
?[m?[37m[INFO] 18:18:10,861 [Test worker] persistence.CordaPersistence. - Closing HikariDataSource (HikariPool-3)
?[m?[37m[INFO] 18:18:10,861 [Test worker] hikari.HikariDataSource. - HikariPool-3 - Shutdown initiated...
?[m?[37m[INFO] 18:18:10,882 [Test worker] hikari.HikariDataSource. - HikariPool-3 - Shutdown completed.
?[m?[37m[INFO] 18:18:10,882 [Test worker] internal.MockNodeMessagingService. - Status change to false
?[m?[37m[INFO] 18:18:10,882 [Test worker] internal.InternalMockNetwork$MockNode. - MessagingService active change to: false
?[m?[37m[INFO] 18:18:10,990 [Test worker] cordapp.JarScanningCordappLoader. - Looking for CorDapps in [build\mock-network\20221219-211810.886-6C3A4298C7E11A46\nodes\0\cordapps]
?[m?[37m[INFO] 18:18:10,991 [Test worker] cordapp.JarScanningCordappLoader. - Loading CorDapps from RestrictedURL(url=file:/F:/diogo/Documents/Diogo_Programação/2-FungibleToken-Issue-and-Swap/workflows/build/mock-network/20221219-211810.886-6C3A4298C7E11A46/nodes/0/cordapps/contracts-1.0.jar, rootPackageName=null), RestrictedURL(url=file:/F:/diogo/Documents/Diogo_Programação/2-FungibleToken-Issue-and-Swap/workflows/build/mock-network/20221219-211810.886-6C3A4298C7E11A46/nodes/0/cordapps/tokens-contracts-1.2.jar, rootPackageName=null), RestrictedURL(url=file:/F:/diogo/Documents/Diogo_Programação/2-FungibleToken-Issue-and-Swap/workflows/build/mock-network/20221219-211810.886-6C3A4298C7E11A46/nodes/0/cordapps/tokens-workflows-1.2.jar, rootPackageName=null), RestrictedURL(url=file:/F:/diogo/Documents/Diogo_Programação/2-FungibleToken-Issue-and-Swap/workflows/build/mock-network/20221219-211810.886-6C3A4298C7E11A46/nodes/0/cordapps/workflows-1.0.jar, rootPackageName=null)
?[m?[37m[INFO] 18:18:10,991 [Test worker] cordapp.JarScanningCordappLoader. - Scanning CorDapp in file:/F:/diogo/Documents/Diogo_Programação/2-FungibleToken-Issue-and-Swap/workflows/build/mock-network/20221219-211810.886-6C3A4298C7E11A46/nodes/0/cordapps/contracts-1.0.jar
?[m?[37m[INFO] 18:18:11,057 [Test worker] cordapp.JarScanningCordappLoader. - Scanning CorDapp in file:/F:/diogo/Documents/Diogo_Programação/2-FungibleToken-Issue-and-Swap/workflows/build/mock-network/20221219-211810.886-6C3A4298C7E11A46/nodes/0/cordapps/tokens-contracts-1.2.jar
?[m?[37m[INFO] 18:18:11,064 [Test worker] cordapp.JarScanningCordappLoader. - Scanning CorDapp in file:/F:/diogo/Documents/Diogo_Programação/2-FungibleToken-Issue-and-Swap/workflows/build/mock-network/20221219-211810.886-6C3A4298C7E11A46/nodes/0/cordapps/tokens-workflows-1.2.jar
?[m?[37m[INFO] 18:18:11,080 [Test worker] cordapp.JarScanningCordappLoader. - Scanning CorDapp in file:/F:/diogo/Documents/Diogo_Programação/2-FungibleToken-Issue-and-Swap/workflows/build/mock-network/20221219-211810.886-6C3A4298C7E11A46/nodes/0/cordapps/workflows-1.0.jar
?[m?[37m[INFO] 18:18:11,102 [Test worker] internal.InternalMockNetwork$MockNode. - MessagingService active change to: false
?[m?[37m[INFO] 18:18:11,102 [Test worker] internal.InternalMockNetwork$MockNode. - Flow external operation executor has a max of 2 threads
?[m?[37m[INFO] 18:18:11,103 [Test worker] internal.InternalMockNetwork$MockNode. - Node starting up ...
?[m?[37m[INFO] 18:18:11,113 [Test worker] internal.KeyStoreHandler. - Loaded trusted root certificate: DL7fwxLm5xbiMD8adUuYTsPZHAict46Ng4w6RNcySt5vAw, alias: cordarootca
?[m?[37m[INFO] 18:18:11,113 [Test worker] internal.KeyStoreHandler. - Loaded node identity key: DL5EerrdNexawBUtwgmNijXcAGCq4d6pLSncotVR1SVjrD, alias: identity-private-key
?[m?[37m[INFO] 18:18:11,117 [Test worker] internal.NodeFlowManager. - Registered com.r3.corda.lib.tokens.workflows.flows.rpc.ConfidentialIssueTokens to initiate com.r3.corda.lib.tokens.workflows.flows.rpc.ConfidentialIssueTokensHandler (version 1)
?[m?[37m[INFO] 18:18:11,117 [Test worker] internal.NodeFlowManager. - Registered com.r3.corda.lib.tokens.workflows.flows.rpc.ConfidentialMoveFungibleTokens to initiate com.r3.corda.lib.tokens.workflows.flows.rpc.ConfidentialMoveFungibleTokensHandler (version 1)
?[m?[37m[INFO] 18:18:11,117 [Test worker] internal.NodeFlowManager. - Registered com.r3.corda.lib.tokens.workflows.flows.rpc.ConfidentialMoveNonFungibleTokens to initiate com.r3.corda.lib.tokens.workflows.flows.rpc.ConfidentialMoveNonFungibleTokensHandler (version 1)
?[m?[37m[INFO] 18:18:11,118 [Test worker] internal.NodeFlowManager. - Registered com.r3.corda.lib.tokens.workflows.flows.rpc.ConfidentialRedeemFungibleTokens to initiate com.r3.corda.lib.tokens.workflows.flows.rpc.ConfidentialRedeemFungibleTokensHandler (version 1)
?[m?[37m[INFO] 18:18:11,118 [Test worker] internal.NodeFlowManager. - Registered com.r3.corda.lib.tokens.workflows.flows.rpc.CreateEvolvableTokens to initiate com.r3.corda.lib.tokens.workflows.flows.rpc.CreateEvolvableTokensHandler (version 1)
?[m?[37m[INFO] 18:18:11,118 [Test worker] internal.NodeFlowManager. - Registered com.r3.corda.lib.tokens.workflows.flows.rpc.IssueTokens to initiate com.r3.corda.lib.tokens.workflows.flows.rpc.IssueTokensHandler (version 1)
?[m?[37m[INFO] 18:18:11,118 [Test worker] internal.NodeFlowManager. - Registered com.r3.corda.lib.tokens.workflows.flows.rpc.MoveFungibleTokens to initiate com.r3.corda.lib.tokens.workflows.flows.rpc.MoveFungibleTokensHandler (version 1)
?[m?[37m[INFO] 18:18:11,118 [Test worker] internal.NodeFlowManager. - Registered com.r3.corda.lib.tokens.workflows.flows.rpc.MoveNonFungibleTokens to initiate com.r3.corda.lib.tokens.workflows.flows.rpc.MoveNonFungibleTokensHandler (version 1)
?[m?[37m[INFO] 18:18:11,118 [Test worker] internal.NodeFlowManager. - Registered com.r3.corda.lib.tokens.workflows.flows.rpc.RedeemFungibleTokens to initiate com.r3.corda.lib.tokens.workflows.flows.rpc.RedeemFungibleTokensHandler (version 1)
?[m?[37m[INFO] 18:18:11,118 [Test worker] internal.NodeFlowManager. - Registered com.r3.corda.lib.tokens.workflows.flows.rpc.RedeemNonFungibleTokens to initiate com.r3.corda.lib.tokens.workflows.flows.rpc.RedeemNonFungibleTokensHandler (version 1)
?[m?[37m[INFO] 18:18:11,118 [Test worker] internal.NodeFlowManager. - Registered com.r3.corda.lib.tokens.workflows.flows.rpc.UpdateEvolvableToken to initiate com.r3.corda.lib.tokens.workflows.flows.rpc.UpdateEvolvableTokenHandler (version 1)
?[m?[37m[INFO] 18:18:11,118 [Test worker] internal.NodeFlowManager. - Registered com.r3.corda.lib.tokens.workflows.internal.flows.distribution.RequestAdditionToDistributionList$Initiator to initiate com.r3.corda.lib.tokens.workflows.internal.flows.distribution.RequestAdditionToDistributionList$Responder (version 1)
?[m?[37m[INFO] 18:18:11,118 [Test worker] internal.NodeFlowManager. - Registered com.r3.corda.lib.tokens.workflows.internal.flows.distribution.UpdateDistributionListFlow to initiate com.r3.corda.lib.tokens.workflows.internal.flows.distribution.UpdateDistributionListFlowHandler (version 1)
?[m?[37m[INFO] 18:18:11,118 [Test worker] internal.NodeFlowManager. - Registered com.r3.corda.lib.tokens.workflows.internal.testflows.DvPFlow to initiate com.r3.corda.lib.tokens.workflows.internal.testflows.DvPFlowHandler (version 1)
?[m?[37m[INFO] 18:18:11,118 [Test worker] internal.NodeFlowManager. - Registered net.corda.samples.tokenizedhouse.flows.RealEstateEvolvableFungibleTokenFlow$MoveHouseTokenFlow to initiate net.corda.samples.tokenizedhouse.flows.RealEstateEvolvableFungibleTokenFlow$MoveEvolvableFungibleTokenFlowResponder (version 1)
?[m?[37m[INFO] 18:18:11,127 [Test worker] internal.InternalMockNetwork$MockNode. - Loaded network parameters: NetworkParameters {
      minimumPlatformVersion=4
      notaries=[NotaryInfo(identity=O=Notary, L=London, C=GB, validating=true)]
      maxMessageSize=10485760
      maxTransactionSize=52428800
      whitelistedContractImplementations {
        
      }
      eventHorizon=PT51539607528H
      packageOwnership {
        
      }
      modifiedTime=2022-12-19T21:18:10.886Z
      epoch=1
  }
?[m?[37m[INFO] 18:18:11,127 [Test worker] hikari.HikariDataSource. - HikariPool-4 - Starting...
?[m?[37m[INFO] 18:18:11,136 [Test worker] hikari.HikariDataSource. - HikariPool-4 - Start completed.
?[m?[37m[INFO] 18:18:11,330 [Test worker] jvm.JdbcExecutor. - SELECT MD5SUM FROM PUBLIC.DATABASECHANGELOG WHERE MD5SUM IS NOT NULL
?[m?[37m[INFO] 18:18:11,330 [Test worker] jvm.JdbcExecutor. - SELECT COUNT(*) FROM PUBLIC.DATABASECHANGELOG
?[m?[37m[INFO] 18:18:11,330 [Test worker] changelog.StandardChangeLogHistoryService. - Reading from PUBLIC.DATABASECHANGELOG
?[m?[37m[INFO] 18:18:11,330 [Test worker] jvm.JdbcExecutor. - SELECT * FROM PUBLIC.DATABASECHANGELOG ORDER BY DATEEXECUTED ASC, ORDEREXECUTED ASC
?[m?[37m[INFO] 18:18:11,331 [Test worker] jvm.JdbcExecutor. - SELECT COUNT(*) FROM PUBLIC.DATABASECHANGELOGLOCK
?[m?[37m[INFO] 18:18:11,331 [Test worker] jvm.JdbcExecutor. - SELECT COUNT(*) FROM PUBLIC.DATABASECHANGELOGLOCK
?[m?[37m[INFO] 18:18:11,339 [Test worker] visitor.ValidatingVisitor. - Skipping change set migration/vault-schema.changelog-v13.xml::vault_transaction_id_size_non-clustered_pk-1::R3.Corda due to validation error(s): clustered is not allowed on h2 {changeSet=migration/vault-schema.changelog-v13.xml::vault_transaction_id_size_non-clustered_pk-1::R3.Corda, databaseChangeLog=master.changelog.json}
?[m?[37m[INFO] 18:18:11,339 [Test worker] visitor.ValidatingVisitor. - Skipping change set migration/vault-schema.changelog-v13.xml::vault_transaction_id_size_non-clustered_pk-2::R3.Corda due to validation error(s): clustered is not allowed on h2 {changeSet=migration/vault-schema.changelog-v13.xml::vault_transaction_id_size_non-clustered_pk-2::R3.Corda, databaseChangeLog=master.changelog.json}
?[m?[37m[INFO] 18:18:11,339 [Test worker] visitor.ValidatingVisitor. - Skipping change set migration/vault-schema.changelog-v13.xml::vault_transaction_id_size_non-clustered_pk-3::R3.Corda due to validation error(s): clustered is not allowed on h2 {changeSet=migration/vault-schema.changelog-v13.xml::vault_transaction_id_size_non-clustered_pk-3::R3.Corda, databaseChangeLog=master.changelog.json}
?[m?[37m[INFO] 18:18:11,352 [Test worker] visitor.ValidatingVisitor. - Skipping change set migration/node-core.changelog-v21.xml::node_transaction_id_size_non-clustered_pk::R3.Corda due to validation error(s): clustered is not allowed on h2 {changeSet=migration/node-core.changelog-v21.xml::node_transaction_id_size_non-clustered_pk::R3.Corda, databaseChangeLog=master.changelog.json}
?[m?[37m[INFO] 18:18:11,354 [Test worker] visitor.ValidatingVisitor. - Skipping change set migration/node-notary.changelog-pkey.xml::non-clustered_pk-notary_state::R3.Corda due to validation error(s): clustered is not allowed on h2 {changeSet=migration/node-notary.changelog-pkey.xml::non-clustered_pk-notary_state::R3.Corda, databaseChangeLog=master.changelog.json}
?[m?[37m[INFO] 18:18:11,356 [Test worker] visitor.ValidatingVisitor. - Skipping change set migration/node-notary.changelog-v4.xml::node_notary_transaction_id_size-non-clustered_pk::R3.Corda due to validation error(s): clustered is not allowed on h2 {changeSet=migration/node-notary.changelog-v4.xml::node_notary_transaction_id_size-non-clustered_pk::R3.Corda, databaseChangeLog=master.changelog.json}
?[m?[37m[INFO] 18:18:11,357 [Test worker] jvm.JdbcExecutor. - SELECT LOCKED FROM PUBLIC.DATABASECHANGELOGLOCK WHERE ID=1
?[m?[37m[INFO] 18:18:11,358 [Test worker] lockservice.StandardLockService. - Successfully acquired change log lock
?[m?[37m[INFO] 18:18:11,359 [Test worker] visitor.ValidatingVisitor. - Skipping change set migration/vault-schema.changelog-v13.xml::vault_transaction_id_size_non-clustered_pk-1::R3.Corda due to validation error(s): clustered is not allowed on h2 {changeSet=migration/vault-schema.changelog-v13.xml::vault_transaction_id_size_non-clustered_pk-1::R3.Corda, databaseChangeLog=master.changelog.json}
?[m?[37m[INFO] 18:18:11,359 [Test worker] visitor.ValidatingVisitor. - Skipping change set migration/vault-schema.changelog-v13.xml::vault_transaction_id_size_non-clustered_pk-2::R3.Corda due to validation error(s): clustered is not allowed on h2 {changeSet=migration/vault-schema.changelog-v13.xml::vault_transaction_id_size_non-clustered_pk-2::R3.Corda, databaseChangeLog=master.changelog.json}
?[m?[37m[INFO] 18:18:11,359 [Test worker] visitor.ValidatingVisitor. - Skipping change set migration/vault-schema.changelog-v13.xml::vault_transaction_id_size_non-clustered_pk-3::R3.Corda due to validation error(s): clustered is not allowed on h2 {changeSet=migration/vault-schema.changelog-v13.xml::vault_transaction_id_size_non-clustered_pk-3::R3.Corda, databaseChangeLog=master.changelog.json}
?[m?[37m[INFO] 18:18:11,360 [Test worker] visitor.ValidatingVisitor. - Skipping change set migration/node-core.changelog-v21.xml::node_transaction_id_size_non-clustered_pk::R3.Corda due to validation error(s): clustered is not allowed on h2 {changeSet=migration/node-core.changelog-v21.xml::node_transaction_id_size_non-clustered_pk::R3.Corda, databaseChangeLog=master.changelog.json}
?[m?[37m[INFO] 18:18:11,361 [Test worker] visitor.ValidatingVisitor. - Skipping change set migration/node-notary.changelog-pkey.xml::non-clustered_pk-notary_state::R3.Corda due to validation error(s): clustered is not allowed on h2 {changeSet=migration/node-notary.changelog-pkey.xml::non-clustered_pk-notary_state::R3.Corda, databaseChangeLog=master.changelog.json}
?[m?[37m[INFO] 18:18:11,362 [Test worker] visitor.ValidatingVisitor. - Skipping change set migration/node-notary.changelog-v4.xml::node_notary_transaction_id_size-non-clustered_pk::R3.Corda due to validation error(s): clustered is not allowed on h2 {changeSet=migration/node-notary.changelog-v4.xml::node_notary_transaction_id_size-non-clustered_pk::R3.Corda, databaseChangeLog=master.changelog.json}
?[m?[37m[INFO] 18:18:11,362 [Test worker] jvm.JdbcExecutor. - DROP VIEW PUBLIC.v_pkey_hash_ex_id_map {changeSet=migration/vault-schema.changelog-v13.xml::vault_transaction_id_size::R3.Corda, databaseChangeLog=master.changelog.json}
?[m?[37m[INFO] 18:18:11,363 [Test worker] changelog.ChangeSet. - View v_pkey_hash_ex_id_map dropped {changeSet=migration/vault-schema.changelog-v13.xml::vault_transaction_id_size::R3.Corda, databaseChangeLog=master.changelog.json}
?[m?[37m[INFO] 18:18:11,363 [Test worker] jvm.JdbcExecutor. - ALTER TABLE PUBLIC.vault_fungible_states_parts DROP CONSTRAINT FK__fung_st_parts__fung_st {changeSet=migration/vault-schema.changelog-v13.xml::vault_transaction_id_size::R3.Corda, databaseChangeLog=master.changelog.json}
?[m?[37m[INFO] 18:18:11,363 [Test worker] changelog.ChangeSet. - Foreign key FK__fung_st_parts__fung_st dropped {changeSet=migration/vault-schema.changelog-v13.xml::vault_transaction_id_size::R3.Corda, databaseChangeLog=master.changelog.json}
?[m?[37m[INFO] 18:18:11,363 [Test worker] jvm.JdbcExecutor. - ALTER TABLE PUBLIC.vault_linear_states_parts DROP CONSTRAINT FK__lin_stat_parts__lin_stat {changeSet=migration/vault-schema.changelog-v13.xml::vault_transaction_id_size::R3.Corda, databaseChangeLog=master.changelog.json}
?[m?[37m[INFO] 18:18:11,363 [Test worker] changelog.ChangeSet. - Foreign key FK__lin_stat_parts__lin_stat dropped {changeSet=migration/vault-schema.changelog-v13.xml::vault_transaction_id_size::R3.Corda, databaseChangeLog=master.changelog.json}
?[m?[37m[INFO] 18:18:11,363 [Test worker] jvm.JdbcExecutor. - ALTER TABLE PUBLIC.vault_fungible_states DROP PRIMARY KEY {changeSet=migration/vault-schema.changelog-v13.xml::vault_transaction_id_size::R3.Corda, databaseChangeLog=master.changelog.json}
?[m?[37m[INFO] 18:18:11,363 [Test worker] changelog.ChangeSet. - Primary key dropped from vault_fungible_states {changeSet=migration/vault-schema.changelog-v13.xml::vault_transaction_id_size::R3.Corda, databaseChangeLog=master.changelog.json}
?[m?[37m[INFO] 18:18:11,363 [Test worker] jvm.JdbcExecutor. - ALTER TABLE PUBLIC.vault_linear_states DROP PRIMARY KEY {changeSet=migration/vault-schema.changelog-v13.xml::vault_transaction_id_size::R3.Corda, databaseChangeLog=master.changelog.json}
?[m?[37m[INFO] 18:18:11,364 [Test worker] changelog.ChangeSet. - Primary key dropped from vault_linear_states {changeSet=migration/vault-schema.changelog-v13.xml::vault_transaction_id_size::R3.Corda, databaseChangeLog=master.changelog.json}
?[m?[37m[INFO] 18:18:11,364 [Test worker] jvm.JdbcExecutor. - ALTER TABLE PUBLIC.vault_states DROP PRIMARY KEY {changeSet=migration/vault-schema.changelog-v13.xml::vault_transaction_id_size::R3.Corda, databaseChangeLog=master.changelog.json}
?[m?[37m[INFO] 18:18:11,364 [Test worker] changelog.ChangeSet. - Primary key dropped from vault_states {changeSet=migration/vault-schema.changelog-v13.xml::vault_transaction_id_size::R3.Corda, databaseChangeLog=master.changelog.json}
?[m?[37m[INFO] 18:18:11,364 [Test worker] jvm.JdbcExecutor. - DROP INDEX PUBLIC.transaction_id_index {changeSet=migration/vault-schema.changelog-v13.xml::vault_transaction_id_size::R3.Corda, databaseChangeLog=master.changelog.json}
?[m?[37m[INFO] 18:18:11,364 [Test worker] changelog.ChangeSet. - Index transaction_id_index dropped from table vault_transaction_notes {changeSet=migration/vault-schema.changelog-v13.xml::vault_transaction_id_size::R3.Corda, databaseChangeLog=master.changelog.json}
?[m?[37m[INFO] 18:18:11,364 [Test worker] jvm.JdbcExecutor. - ALTER TABLE PUBLIC.vault_fungible_states ALTER COLUMN transaction_id SET NULL {changeSet=migration/vault-schema.changelog-v13.xml::vault_transaction_id_size::R3.Corda, databaseChangeLog=master.changelog.json}
?[m?[37m[INFO] 18:18:11,364 [Test worker] changelog.ChangeSet. - Null constraint dropped from vault_fungible_states.transaction_id {changeSet=migration/vault-schema.changelog-v13.xml::vault_transaction_id_size::R3.Corda, databaseChangeLog=master.changelog.json}
?[m?[37m[INFO] 18:18:11,364 [Test worker] jvm.JdbcExecutor. - ALTER TABLE PUBLIC.vault_fungible_states_parts ALTER COLUMN transaction_id SET NULL {changeSet=migration/vault-schema.changelog-v13.xml::vault_transaction_id_size::R3.Corda, databaseChangeLog=master.changelog.json}
?[m?[37m[INFO] 18:18:11,365 [Test worker] changelog.ChangeSet. - Null constraint dropped from vault_fungible_states_parts.transaction_id {changeSet=migration/vault-schema.changelog-v13.xml::vault_transaction_id_size::R3.Corda, databaseChangeLog=master.changelog.json}
?[m?[37m[INFO] 18:18:11,365 [Test worker] jvm.JdbcExecutor. - ALTER TABLE PUBLIC.vault_linear_states ALTER COLUMN transaction_id SET NULL {changeSet=migration/vault-schema.changelog-v13.xml::vault_transaction_id_size::R3.Corda, databaseChangeLog=master.changelog.json}
?[m?[37m[INFO] 18:18:11,365 [Test worker] changelog.ChangeSet. - Null constraint dropped from vault_linear_states.transaction_id {changeSet=migration/vault-schema.changelog-v13.xml::vault_transaction_id_size::R3.Corda, databaseChangeLog=master.changelog.json}
?[m?[37m[INFO] 18:18:11,365 [Test worker] jvm.JdbcExecutor. - ALTER TABLE PUBLIC.vault_linear_states_parts ALTER COLUMN transaction_id SET NULL {changeSet=migration/vault-schema.changelog-v13.xml::vault_transaction_id_size::R3.Corda, databaseChangeLog=master.changelog.json}
?[m?[37m[INFO] 18:18:11,365 [Test worker] changelog.ChangeSet. - Null constraint dropped from vault_linear_states_parts.transaction_id {changeSet=migration/vault-schema.changelog-v13.xml::vault_transaction_id_size::R3.Corda, databaseChangeLog=master.changelog.json}
?[m?[37m[INFO] 18:18:11,365 [Test worker] jvm.JdbcExecutor. - ALTER TABLE PUBLIC.vault_states ALTER COLUMN transaction_id SET NULL {changeSet=migration/vault-schema.changelog-v13.xml::vault_transaction_id_size::R3.Corda, databaseChangeLog=master.changelog.json}
?[m?[37m[INFO] 18:18:11,365 [Test worker] changelog.ChangeSet. - Null constraint dropped from vault_states.transaction_id {changeSet=migration/vault-schema.changelog-v13.xml::vault_transaction_id_size::R3.Corda, databaseChangeLog=master.changelog.json}
?[m?[37m[INFO] 18:18:11,365 [Test worker] jvm.JdbcExecutor. - ALTER TABLE PUBLIC.vault_fungible_states ALTER COLUMN transaction_id NVARCHAR(144) {changeSet=migration/vault-schema.changelog-v13.xml::vault_transaction_id_size::R3.Corda, databaseChangeLog=master.changelog.json}
?[m?[37m[INFO] 18:18:11,366 [Test worker] changelog.ChangeSet. - vault_fungible_states.transaction_id datatype was changed to NVARCHAR(144) {changeSet=migration/vault-schema.changelog-v13.xml::vault_transaction_id_size::R3.Corda, databaseChangeLog=master.changelog.json}
?[m?[37m[INFO] 18:18:11,367 [Test worker] jvm.JdbcExecutor. - ALTER TABLE PUBLIC.vault_fungible_states_parts ALTER COLUMN transaction_id NVARCHAR(144) {changeSet=migration/vault-schema.changelog-v13.xml::vault_transaction_id_size::R3.Corda, databaseChangeLog=master.changelog.json}
?[m?[37m[INFO] 18:18:11,368 [Test worker] changelog.ChangeSet. - vault_fungible_states_parts.transaction_id datatype was changed to NVARCHAR(144) {changeSet=migration/vault-schema.changelog-v13.xml::vault_transaction_id_size::R3.Corda, databaseChangeLog=master.changelog.json}
?[m?[37m[INFO] 18:18:11,368 [Test worker] jvm.JdbcExecutor. - ALTER TABLE PUBLIC.vault_linear_states ALTER COLUMN transaction_id NVARCHAR(144) {changeSet=migration/vault-schema.changelog-v13.xml::vault_transaction_id_size::R3.Corda, databaseChangeLog=master.changelog.json}
?[m?[37m[INFO] 18:18:11,369 [Test worker] changelog.ChangeSet. - vault_linear_states.transaction_id datatype was changed to NVARCHAR(144) {changeSet=migration/vault-schema.changelog-v13.xml::vault_transaction_id_size::R3.Corda, databaseChangeLog=master.changelog.json}
?[m?[37m[INFO] 18:18:11,369 [Test worker] jvm.JdbcExecutor. - ALTER TABLE PUBLIC.vault_linear_states_parts ALTER COLUMN transaction_id NVARCHAR(144) {changeSet=migration/vault-schema.changelog-v13.xml::vault_transaction_id_size::R3.Corda, databaseChangeLog=master.changelog.json}
?[m?[37m[INFO] 18:18:11,369 [Test worker] changelog.ChangeSet. - vault_linear_states_parts.transaction_id datatype was changed to NVARCHAR(144) {changeSet=migration/vault-schema.changelog-v13.xml::vault_transaction_id_size::R3.Corda, databaseChangeLog=master.changelog.json}
?[m?[37m[INFO] 18:18:11,370 [Test worker] jvm.JdbcExecutor. - ALTER TABLE PUBLIC.vault_states ALTER COLUMN transaction_id NVARCHAR(144) {changeSet=migration/vault-schema.changelog-v13.xml::vault_transaction_id_size::R3.Corda, databaseChangeLog=master.changelog.json}
?[m?[37m[INFO] 18:18:11,371 [Test worker] changelog.ChangeSet. - vault_states.transaction_id datatype was changed to NVARCHAR(144) {changeSet=migration/vault-schema.changelog-v13.xml::vault_transaction_id_size::R3.Corda, databaseChangeLog=master.changelog.json}
?[m?[37m[INFO] 18:18:11,371 [Test worker] jvm.JdbcExecutor. - ALTER TABLE PUBLIC.vault_transaction_notes ALTER COLUMN transaction_id NVARCHAR(144) {changeSet=migration/vault-schema.changelog-v13.xml::vault_transaction_id_size::R3.Corda, databaseChangeLog=master.changelog.json}
?[m?[37m[INFO] 18:18:11,373 [Test worker] changelog.ChangeSet. - vault_transaction_notes.transaction_id datatype was changed to NVARCHAR(144) {changeSet=migration/vault-schema.changelog-v13.xml::vault_transaction_id_size::R3.Corda, databaseChangeLog=master.changelog.json}
?[m?[37m[INFO] 18:18:11,373 [Test worker] jvm.JdbcExecutor. - ALTER TABLE PUBLIC.state_party ALTER COLUMN transaction_id NVARCHAR(144) {changeSet=migration/vault-schema.changelog-v13.xml::vault_transaction_id_size::R3.Corda, databaseChangeLog=master.changelog.json}
?[m?[37m[INFO] 18:18:11,374 [Test worker] changelog.ChangeSet. - state_party.transaction_id datatype was changed to NVARCHAR(144) {changeSet=migration/vault-schema.changelog-v13.xml::vault_transaction_id_size::R3.Corda, databaseChangeLog=master.changelog.json}
?[m?[37m[INFO] 18:18:11,375 [Test worker] jvm.JdbcExecutor. - ALTER TABLE PUBLIC.vault_fungible_states ALTER COLUMN transaction_id SET NOT NULL {changeSet=migration/vault-schema.changelog-v13.xml::vault_transaction_id_size::R3.Corda, databaseChangeLog=master.changelog.json}
?[m?[37m[INFO] 18:18:11,375 [Test worker] changelog.ChangeSet. - NOT NULL constraint has been added to vault_fungible_states.transaction_id {changeSet=migration/vault-schema.changelog-v13.xml::vault_transaction_id_size::R3.Corda, databaseChangeLog=master.changelog.json}
?[m?[37m[INFO] 18:18:11,375 [Test worker] jvm.JdbcExecutor. - ALTER TABLE PUBLIC.vault_fungible_states_parts ALTER COLUMN transaction_id SET NOT NULL {changeSet=migration/vault-schema.changelog-v13.xml::vault_transaction_id_size::R3.Corda, databaseChangeLog=master.changelog.json}
?[m?[37m[INFO] 18:18:11,375 [Test worker] changelog.ChangeSet. - NOT NULL constraint has been added to vault_fungible_states_parts.transaction_id {changeSet=migration/vault-schema.changelog-v13.xml::vault_transaction_id_size::R3.Corda, databaseChangeLog=master.changelog.json}
?[m?[37m[INFO] 18:18:11,375 [Test worker] jvm.JdbcExecutor. - ALTER TABLE PUBLIC.vault_linear_states ALTER COLUMN transaction_id SET NOT NULL {changeSet=migration/vault-schema.changelog-v13.xml::vault_transaction_id_size::R3.Corda, databaseChangeLog=master.changelog.json}
?[m?[37m[INFO] 18:18:11,375 [Test worker] changelog.ChangeSet. - NOT NULL constraint has been added to vault_linear_states.transaction_id {changeSet=migration/vault-schema.changelog-v13.xml::vault_transaction_id_size::R3.Corda, databaseChangeLog=master.changelog.json}
?[m?[37m[INFO] 18:18:11,375 [Test worker] jvm.JdbcExecutor. - ALTER TABLE PUBLIC.vault_linear_states_parts ALTER COLUMN transaction_id SET NOT NULL {changeSet=migration/vault-schema.changelog-v13.xml::vault_transaction_id_size::R3.Corda, databaseChangeLog=master.changelog.json}
?[m?[37m[INFO] 18:18:11,375 [Test worker] changelog.ChangeSet. - NOT NULL constraint has been added to vault_linear_states_parts.transaction_id {changeSet=migration/vault-schema.changelog-v13.xml::vault_transaction_id_size::R3.Corda, databaseChangeLog=master.changelog.json}
?[m?[37m[INFO] 18:18:11,375 [Test worker] jvm.JdbcExecutor. - ALTER TABLE PUBLIC.vault_states ALTER COLUMN transaction_id SET NOT NULL {changeSet=migration/vault-schema.changelog-v13.xml::vault_transaction_id_size::R3.Corda, databaseChangeLog=master.changelog.json}
?[m?[37m[INFO] 18:18:11,376 [Test worker] changelog.ChangeSet. - NOT NULL constraint has been added to vault_states.transaction_id {changeSet=migration/vault-schema.changelog-v13.xml::vault_transaction_id_size::R3.Corda, databaseChangeLog=master.changelog.json}
?[m?[37m[INFO] 18:18:11,376 [Test worker] jvm.JdbcExecutor. - ALTER TABLE PUBLIC.vault_fungible_states ADD CONSTRAINT vault_fungible_states_pkey PRIMARY KEY (transaction_id, output_index) {changeSet=migration/vault-schema.changelog-v13.xml::vault_transaction_id_size::R3.Corda, databaseChangeLog=master.changelog.json}
?[m?[37m[INFO] 18:18:11,376 [Test worker] changelog.ChangeSet. - Primary key added to vault_fungible_states (transaction_id, output_index) {changeSet=migration/vault-schema.changelog-v13.xml::vault_transaction_id_size::R3.Corda, databaseChangeLog=master.changelog.json}
?[m?[37m[INFO] 18:18:11,376 [Test worker] jvm.JdbcExecutor. - ALTER TABLE PUBLIC.vault_linear_states ADD CONSTRAINT vault_linear_states_pkey PRIMARY KEY (transaction_id, output_index) {changeSet=migration/vault-schema.changelog-v13.xml::vault_transaction_id_size::R3.Corda, databaseChangeLog=master.changelog.json}
?[m?[37m[INFO] 18:18:11,376 [Test worker] changelog.ChangeSet. - Primary key added to vault_linear_states (transaction_id, output_index) {changeSet=migration/vault-schema.changelog-v13.xml::vault_transaction_id_size::R3.Corda, databaseChangeLog=master.changelog.json}
?[m?[37m[INFO] 18:18:11,376 [Test worker] jvm.JdbcExecutor. - ALTER TABLE PUBLIC.vault_states ADD CONSTRAINT vault_states_pkey PRIMARY KEY (transaction_id, output_index) {changeSet=migration/vault-schema.changelog-v13.xml::vault_transaction_id_size::R3.Corda, databaseChangeLog=master.changelog.json}
?[m?[37m[INFO] 18:18:11,376 [Test worker] changelog.ChangeSet. - Primary key added to vault_states (transaction_id, output_index) {changeSet=migration/vault-schema.changelog-v13.xml::vault_transaction_id_size::R3.Corda, databaseChangeLog=master.changelog.json}
?[m?[37m[INFO] 18:18:11,376 [Test worker] jvm.JdbcExecutor. - CREATE INDEX PUBLIC.transaction_id_index ON PUBLIC.vault_transaction_notes(transaction_id) {changeSet=migration/vault-schema.changelog-v13.xml::vault_transaction_id_size::R3.Corda, databaseChangeLog=master.changelog.json}
?[m?[37m[INFO] 18:18:11,377 [Test worker] changelog.ChangeSet. - Index transaction_id_index created {changeSet=migration/vault-schema.changelog-v13.xml::vault_transaction_id_size::R3.Corda, databaseChangeLog=master.changelog.json}
?[m?[37m[INFO] 18:18:11,377 [Test worker] changelog.ChangeSet. - ChangeSet migration/vault-schema.changelog-v13.xml::vault_transaction_id_size::R3.Corda ran successfully in 15ms {changeSet=migration/vault-schema.changelog-v13.xml::vault_transaction_id_size::R3.Corda, databaseChangeLog=master.changelog.json}
?[m?[37m[INFO] 18:18:11,377 [Test worker] jvm.JdbcExecutor. - SELECT MAX(ORDEREXECUTED) FROM PUBLIC.DATABASECHANGELOG {changeSet=migration/vault-schema.changelog-v13.xml::vault_transaction_id_size::R3.Corda, databaseChangeLog=master.changelog.json}
?[m?[37m[INFO] 18:18:11,378 [Test worker] jvm.JdbcExecutor. - INSERT INTO PUBLIC.DATABASECHANGELOG (ID, AUTHOR, FILENAME, DATEEXECUTED, ORDEREXECUTED, MD5SUM, DESCRIPTION, COMMENTS, EXECTYPE, CONTEXTS, LABELS, LIQUIBASE, DEPLOYMENT_ID) VALUES ('vault_transaction_id_size', 'R3.Corda', 'migration/vault-schema.changelog-v13.xml', NOW(), 94, '8:6251c962c4f12e03040c4fceecdc07e0', 'dropView viewName=v_pkey_hash_ex_id_map; dropForeignKeyConstraint baseTableName=vault_fungible_states_parts, constraintName=FK__fung_st_parts__fung_st; dropForeignKeyConstraint baseTableName=vault_linear_states_parts, constraintName=FK__lin_stat_p...', '', 'EXECUTED', NULL, NULL, '3.6.3', '1484691358') {changeSet=migration/vault-schema.changelog-v13.xml::vault_transaction_id_size::R3.Corda, databaseChangeLog=master.changelog.json}
?[m?[37m[INFO] 18:18:11,380 [Test worker] jvm.JdbcExecutor. - INSERT INTO PUBLIC.DATABASECHANGELOG (ID, AUTHOR, FILENAME, DATEEXECUTED, ORDEREXECUTED, MD5SUM, DESCRIPTION, COMMENTS, EXECTYPE, CONTEXTS, LABELS, LIQUIBASE, DEPLOYMENT_ID) VALUES ('vault_transaction_id_size_non-clustered_pk-1', 'R3.Corda', 'migration/vault-schema.changelog-v13.xml', NOW(), 95, '8:d9c822bbaf7c5eea4cd2559f94a17eba', 'dropPrimaryKey constraintName=vault_fungible_states_pkey, tableName=vault_fungible_states; addPrimaryKey constraintName=vault_fungible_states_pkey, tableName=vault_fungible_states', '', 'MARK_RAN', NULL, NULL, '3.6.3', '1484691358') {changeSet=migration/vault-schema.changelog-v13.xml::vault_transaction_id_size_non-clustered_pk-1::R3.Corda, databaseChangeLog=master.changelog.json}
?[m?[37m[INFO] 18:18:11,381 [Test worker] jvm.JdbcExecutor. - INSERT INTO PUBLIC.DATABASECHANGELOG (ID, AUTHOR, FILENAME, DATEEXECUTED, ORDEREXECUTED, MD5SUM, DESCRIPTION, COMMENTS, EXECTYPE, CONTEXTS, LABELS, LIQUIBASE, DEPLOYMENT_ID) VALUES ('vault_transaction_id_size_non-clustered_pk-2', 'R3.Corda', 'migration/vault-schema.changelog-v13.xml', NOW(), 96, '8:fb2cd4970e95f7c7936b9754a6438da5', 'dropPrimaryKey constraintName=vault_linear_states_pkey, tableName=vault_linear_states; addPrimaryKey constraintName=vault_linear_states_pkey, tableName=vault_linear_states', '', 'MARK_RAN', NULL, NULL, '3.6.3', '1484691358') {changeSet=migration/vault-schema.changelog-v13.xml::vault_transaction_id_size_non-clustered_pk-2::R3.Corda, databaseChangeLog=master.changelog.json}
?[m?[37m[INFO] 18:18:11,382 [Test worker] jvm.JdbcExecutor. - INSERT INTO PUBLIC.DATABASECHANGELOG (ID, AUTHOR, FILENAME, DATEEXECUTED, ORDEREXECUTED, MD5SUM, DESCRIPTION, COMMENTS, EXECTYPE, CONTEXTS, LABELS, LIQUIBASE, DEPLOYMENT_ID) VALUES ('vault_transaction_id_size_non-clustered_pk-3', 'R3.Corda', 'migration/vault-schema.changelog-v13.xml', NOW(), 97, '8:54bd9c17ce296bb02c369a5cfbedd866', 'dropPrimaryKey constraintName=vault_states_pkey, tableName=vault_states; addPrimaryKey constraintName=vault_states_pkey, tableName=vault_states', '', 'MARK_RAN', NULL, NULL, '3.6.3', '1484691358') {changeSet=migration/vault-schema.changelog-v13.xml::vault_transaction_id_size_non-clustered_pk-3::R3.Corda, databaseChangeLog=master.changelog.json}
?[m?[37m[INFO] 18:18:11,383 [Test worker] jvm.JdbcExecutor. - ALTER TABLE PUBLIC.vault_fungible_states_parts ADD CONSTRAINT FK__fung_st_parts__fung_st FOREIGN KEY (transaction_id, output_index) REFERENCES PUBLIC.vault_fungible_states (transaction_id, output_index) {changeSet=migration/vault-schema.changelog-v13.xml::vault_transaction_id_size_2::R3.Corda, databaseChangeLog=master.changelog.json}
?[m?[37m[INFO] 18:18:11,384 [Test worker] changelog.ChangeSet. - Foreign key constraint added to vault_fungible_states_parts (transaction_id,output_index) {changeSet=migration/vault-schema.changelog-v13.xml::vault_transaction_id_size_2::R3.Corda, databaseChangeLog=master.changelog.json}
?[m?[37m[INFO] 18:18:11,384 [Test worker] jvm.JdbcExecutor. - ALTER TABLE PUBLIC.vault_linear_states_parts ADD CONSTRAINT FK__lin_stat_parts__lin_stat FOREIGN KEY (transaction_id, output_index) REFERENCES PUBLIC.vault_linear_states (transaction_id, output_index) {changeSet=migration/vault-schema.changelog-v13.xml::vault_transaction_id_size_2::R3.Corda, databaseChangeLog=master.changelog.json}
?[m?[37m[INFO] 18:18:11,384 [Test worker] changelog.ChangeSet. - Foreign key constraint added to vault_linear_states_parts (transaction_id,output_index) {changeSet=migration/vault-schema.changelog-v13.xml::vault_transaction_id_size_2::R3.Corda, databaseChangeLog=master.changelog.json}
?[m?[37m[INFO] 18:18:11,385 [Test worker] jvm.JdbcExecutor. - CREATE VIEW PUBLIC.v_pkey_hash_ex_id_map AS select
            state_party.public_key_hash,
            state_party.transaction_id,
            state_party.output_index,
            pk_hash_to_ext_id_map.external_id
            from state_party
            join pk_hash_to_ext_id_map
            on state_party.public_key_hash = pk_hash_to_ext_id_map.public_key_hash {changeSet=migration/vault-schema.changelog-v13.xml::vault_transaction_id_size_2::R3.Corda, databaseChangeLog=master.changelog.json}
?[m?[37m[INFO] 18:18:11,385 [Test worker] changelog.ChangeSet. - View v_pkey_hash_ex_id_map created {changeSet=migration/vault-schema.changelog-v13.xml::vault_transaction_id_size_2::R3.Corda, databaseChangeLog=master.changelog.json}
?[m?[37m[INFO] 18:18:11,385 [Test worker] changelog.ChangeSet. - ChangeSet migration/vault-schema.changelog-v13.xml::vault_transaction_id_size_2::R3.Corda ran successfully in 2ms {changeSet=migration/vault-schema.changelog-v13.xml::vault_transaction_id_size_2::R3.Corda, databaseChangeLog=master.changelog.json}
?[m?[37m[INFO] 18:18:11,386 [Test worker] jvm.JdbcExecutor. - INSERT INTO PUBLIC.DATABASECHANGELOG (ID, AUTHOR, FILENAME, DATEEXECUTED, ORDEREXECUTED, MD5SUM, DESCRIPTION, COMMENTS, EXECTYPE, CONTEXTS, LABELS, LIQUIBASE, DEPLOYMENT_ID) VALUES ('vault_transaction_id_size_2', 'R3.Corda', 'migration/vault-schema.changelog-v13.xml', NOW(), 98, '8:39d3cb14fba7c771c1fd93a8ec497365', 'addForeignKeyConstraint baseTableName=vault_fungible_states_parts, constraintName=FK__fung_st_parts__fung_st, referencedTableName=vault_fungible_states; addForeignKeyConstraint baseTableName=vault_linear_states_parts, constraintName=FK__lin_stat_p...', '', 'EXECUTED', NULL, NULL, '3.6.3', '1484691358') {changeSet=migration/vault-schema.changelog-v13.xml::vault_transaction_id_size_2::R3.Corda, databaseChangeLog=master.changelog.json}
?[m?[37m[INFO] 18:18:11,387 [Test worker] jvm.JdbcExecutor. - ALTER TABLE PUBLIC.node_identities_no_cert ADD owning_pk_hash NVARCHAR(130) {changeSet=migration/node-services.changelog-init.xml::identity_service_key_rotation::R3.Corda, databaseChangeLog=master.changelog.json}
?[m?[37m[INFO] 18:18:11,388 [Test worker] changelog.ChangeSet. - Columns owning_pk_hash(NVARCHAR(130)) added to node_identities_no_cert {changeSet=migration/node-services.changelog-init.xml::identity_service_key_rotation::R3.Corda, databaseChangeLog=master.changelog.json}
?[m?[37m[INFO] 18:18:11,388 [Test worker] jvm.JdbcExecutor. - UPDATE node_identities_no_cert SET owning_pk_hash =
            (SELECT pk_hash FROM node_named_identities WHERE node_named_identities.name = node_identities_no_cert.name) {changeSet=migration/node-services.changelog-init.xml::identity_service_key_rotation::R3.Corda, databaseChangeLog=master.changelog.json}
?[m?[37m[INFO] 18:18:11,388 [Test worker] changelog.ChangeSet. - Custom SQL executed {changeSet=migration/node-services.changelog-init.xml::identity_service_key_rotation::R3.Corda, databaseChangeLog=master.changelog.json}
?[m?[37m[INFO] 18:18:11,389 [Test worker] jvm.JdbcExecutor. - UPDATE node_identities_no_cert SET owning_pk_hash = 'unresolved' WHERE owning_pk_hash IS NULL {changeSet=migration/node-services.changelog-init.xml::identity_service_key_rotation::R3.Corda, databaseChangeLog=master.changelog.json}
?[m?[37m[INFO] 18:18:11,389 [Test worker] changelog.ChangeSet. - Custom SQL executed {changeSet=migration/node-services.changelog-init.xml::identity_service_key_rotation::R3.Corda, databaseChangeLog=master.changelog.json}
?[m?[37m[INFO] 18:18:11,389 [Test worker] jvm.JdbcExecutor. - ALTER TABLE PUBLIC.node_identities_no_cert ALTER COLUMN owning_pk_hash SET NOT NULL {changeSet=migration/node-services.changelog-init.xml::identity_service_key_rotation::R3.Corda, databaseChangeLog=master.changelog.json}
?[m?[37m[INFO] 18:18:11,389 [Test worker] changelog.ChangeSet. - NOT NULL constraint has been added to node_identities_no_cert.owning_pk_hash {changeSet=migration/node-services.changelog-init.xml::identity_service_key_rotation::R3.Corda, databaseChangeLog=master.changelog.json}
?[m?[37m[INFO] 18:18:11,389 [Test worker] jvm.JdbcExecutor. - DROP TABLE PUBLIC.node_named_identities {changeSet=migration/node-services.changelog-init.xml::identity_service_key_rotation::R3.Corda, databaseChangeLog=master.changelog.json}
?[m?[37m[INFO] 18:18:11,389 [Test worker] changelog.ChangeSet. - Table node_named_identities dropped {changeSet=migration/node-services.changelog-init.xml::identity_service_key_rotation::R3.Corda, databaseChangeLog=master.changelog.json}
?[m?[37m[INFO] 18:18:11,389 [Test worker] changelog.ChangeSet. - ChangeSet migration/node-services.changelog-init.xml::identity_service_key_rotation::R3.Corda ran successfully in 2ms {changeSet=migration/node-services.changelog-init.xml::identity_service_key_rotation::R3.Corda, databaseChangeLog=master.changelog.json}
?[m?[37m[INFO] 18:18:11,390 [Test worker] jvm.JdbcExecutor. - INSERT INTO PUBLIC.DATABASECHANGELOG (ID, AUTHOR, FILENAME, DATEEXECUTED, ORDEREXECUTED, MD5SUM, DESCRIPTION, COMMENTS, EXECTYPE, CONTEXTS, LABELS, LIQUIBASE, DEPLOYMENT_ID) VALUES ('identity_service_key_rotation', 'R3.Corda', 'migration/node-services.changelog-init.xml', NOW(), 99, '8:45514f858c3ac818303f4ef9950eda23', 'addColumn tableName=node_identities_no_cert; sql; sql; addNotNullConstraint columnName=owning_pk_hash, tableName=node_identities_no_cert; dropTable tableName=node_named_identities', '', 'EXECUTED', NULL, NULL, '3.6.3', '1484691358') {changeSet=migration/node-services.changelog-init.xml::identity_service_key_rotation::R3.Corda, databaseChangeLog=master.changelog.json}
?[m?[37m[INFO] 18:18:11,391 [Test worker] jvm.JdbcExecutor. - CREATE TABLE PUBLIC.node_named_identities (name NVARCHAR(128) NOT NULL, pk_hash NVARCHAR(130)) {changeSet=migration/node-core.changelog-v22.xml::add_node_named_identities_table_back_in::R3.Corda, databaseChangeLog=master.changelog.json}
?[m?[37m[INFO] 18:18:11,391 [Test worker] changelog.ChangeSet. - Table node_named_identities created {changeSet=migration/node-core.changelog-v22.xml::add_node_named_identities_table_back_in::R3.Corda, databaseChangeLog=master.changelog.json}
?[m?[37m[INFO] 18:18:11,391 [Test worker] changelog.ChangeSet. - ChangeSet migration/node-core.changelog-v22.xml::add_node_named_identities_table_back_in::R3.Corda ran successfully in 1ms {changeSet=migration/node-core.changelog-v22.xml::add_node_named_identities_table_back_in::R3.Corda, databaseChangeLog=master.changelog.json}
?[m?[37m[INFO] 18:18:11,392 [Test worker] jvm.JdbcExecutor. - INSERT INTO PUBLIC.DATABASECHANGELOG (ID, AUTHOR, FILENAME, DATEEXECUTED, ORDEREXECUTED, MD5SUM, DESCRIPTION, COMMENTS, EXECTYPE, CONTEXTS, LABELS, LIQUIBASE, DEPLOYMENT_ID) VALUES ('add_node_named_identities_table_back_in', 'R3.Corda', 'migration/node-core.changelog-v22.xml', NOW(), 100, '8:bf6ca4e45e140b225f6f934935dd2f34', 'createTable tableName=node_named_identities', '', 'EXECUTED', NULL, NULL, '3.6.3', '1484691358') {changeSet=migration/node-core.changelog-v22.xml::add_node_named_identities_table_back_in::R3.Corda, databaseChangeLog=master.changelog.json}
?[m?[37m[INFO] 18:18:11,393 [Test worker] jvm.JdbcExecutor. - DROP TABLE PUBLIC.node_checkpoints {changeSet=migration/node-services.changelog-init.xml::add_new_checkpoints_table::R3.Corda, databaseChangeLog=master.changelog.json}
?[m?[37m[INFO] 18:18:11,393 [Test worker] changelog.ChangeSet. - Table node_checkpoints dropped {changeSet=migration/node-services.changelog-init.xml::add_new_checkpoints_table::R3.Corda, databaseChangeLog=master.changelog.json}
?[m?[37m[INFO] 18:18:11,393 [Test worker] jvm.JdbcExecutor. - CREATE TABLE PUBLIC.node_checkpoints (flow_id NVARCHAR(64) NOT NULL, status INT NOT NULL, compatible BOOLEAN NOT NULL, progress_step NVARCHAR(256), flow_io_request NVARCHAR(128), timestamp TIMESTAMP NOT NULL) {changeSet=migration/node-services.changelog-init.xml::add_new_checkpoints_table::R3.Corda, databaseChangeLog=master.changelog.json}
?[m?[37m[INFO] 18:18:11,393 [Test worker] changelog.ChangeSet. - Table node_checkpoints created {changeSet=migration/node-services.changelog-init.xml::add_new_checkpoints_table::R3.Corda, databaseChangeLog=master.changelog.json}
?[m?[37m[INFO] 18:18:11,393 [Test worker] changelog.ChangeSet. - ChangeSet migration/node-services.changelog-init.xml::add_new_checkpoints_table::R3.Corda ran successfully in 1ms {changeSet=migration/node-services.changelog-init.xml::add_new_checkpoints_table::R3.Corda, databaseChangeLog=master.changelog.json}
?[m?[37m[INFO] 18:18:11,394 [Test worker] jvm.JdbcExecutor. - INSERT INTO PUBLIC.DATABASECHANGELOG (ID, AUTHOR, FILENAME, DATEEXECUTED, ORDEREXECUTED, MD5SUM, DESCRIPTION, COMMENTS, EXECTYPE, CONTEXTS, LABELS, LIQUIBASE, DEPLOYMENT_ID) VALUES ('add_new_checkpoints_table', 'R3.Corda', 'migration/node-services.changelog-init.xml', NOW(), 101, '8:cc00474f248a40e330cf0f42c5b7e1a6', 'dropTable tableName=node_checkpoints; createTable tableName=node_checkpoints', '', 'EXECUTED', NULL, NULL, '3.6.3', '1484691358') {changeSet=migration/node-services.changelog-init.xml::add_new_checkpoints_table::R3.Corda, databaseChangeLog=master.changelog.json}
?[m?[37m[INFO] 18:18:11,394 [Test worker] jvm.JdbcExecutor. - CREATE TABLE PUBLIC.node_checkpoint_blobs (flow_id NVARCHAR(64) NOT NULL, checkpoint_value BLOB NOT NULL, flow_state BLOB, timestamp TIMESTAMP NOT NULL, hmac VARBINARY(32) NOT NULL) {changeSet=migration/node-services.changelog-init.xml::add_new_checkpoint_blob_table::R3.Corda, databaseChangeLog=master.changelog.json}
?[m?[37m[INFO] 18:18:11,395 [Test worker] changelog.ChangeSet. - Table node_checkpoint_blobs created {changeSet=migration/node-services.changelog-init.xml::add_new_checkpoint_blob_table::R3.Corda, databaseChangeLog=master.changelog.json}
?[m?[37m[INFO] 18:18:11,395 [Test worker] changelog.ChangeSet. - ChangeSet migration/node-services.changelog-init.xml::add_new_checkpoint_blob_table::R3.Corda ran successfully in 1ms {changeSet=migration/node-services.changelog-init.xml::add_new_checkpoint_blob_table::R3.Corda, databaseChangeLog=master.changelog.json}
?[m?[37m[INFO] 18:18:11,395 [Test worker] jvm.JdbcExecutor. - INSERT INTO PUBLIC.DATABASECHANGELOG (ID, AUTHOR, FILENAME, DATEEXECUTED, ORDEREXECUTED, MD5SUM, DESCRIPTION, COMMENTS, EXECTYPE, CONTEXTS, LABELS, LIQUIBASE, DEPLOYMENT_ID) VALUES ('add_new_checkpoint_blob_table', 'R3.Corda', 'migration/node-services.changelog-init.xml', NOW(), 102, '8:e973d6b794fe4753423964b13fe9fbe6', 'createTable tableName=node_checkpoint_blobs', '', 'EXECUTED', NULL, NULL, '3.6.3', '1484691358') {changeSet=migration/node-services.changelog-init.xml::add_new_checkpoint_blob_table::R3.Corda, databaseChangeLog=master.changelog.json}
?[m?[37m[INFO] 18:18:11,396 [Test worker] jvm.JdbcExecutor. - CREATE TABLE PUBLIC.node_flow_results (flow_id NVARCHAR(64) NOT NULL, result_value BLOB, timestamp TIMESTAMP NOT NULL) {changeSet=migration/node-services.changelog-init.xml::add_new_flow_result_table::R3.Corda, databaseChangeLog=master.changelog.json}
?[m?[37m[INFO] 18:18:11,396 [Test worker] changelog.ChangeSet. - Table node_flow_results created {changeSet=migration/node-services.changelog-init.xml::add_new_flow_result_table::R3.Corda, databaseChangeLog=master.changelog.json}
?[m?[37m[INFO] 18:18:11,396 [Test worker] changelog.ChangeSet. - ChangeSet migration/node-services.changelog-init.xml::add_new_flow_result_table::R3.Corda ran successfully in 0ms {changeSet=migration/node-services.changelog-init.xml::add_new_flow_result_table::R3.Corda, databaseChangeLog=master.changelog.json}
?[m?[37m[INFO] 18:18:11,397 [Test worker] jvm.JdbcExecutor. - INSERT INTO PUBLIC.DATABASECHANGELOG (ID, AUTHOR, FILENAME, DATEEXECUTED, ORDEREXECUTED, MD5SUM, DESCRIPTION, COMMENTS, EXECTYPE, CONTEXTS, LABELS, LIQUIBASE, DEPLOYMENT_ID) VALUES ('add_new_flow_result_table', 'R3.Corda', 'migration/node-services.changelog-init.xml', NOW(), 103, '8:79f1c80610f26db24d6ab757f57e68b7', 'createTable tableName=node_flow_results', '', 'EXECUTED', NULL, NULL, '3.6.3', '1484691358') {changeSet=migration/node-services.changelog-init.xml::add_new_flow_result_table::R3.Corda, databaseChangeLog=master.changelog.json}
?[m?[37m[INFO] 18:18:11,398 [Test worker] jvm.JdbcExecutor. - CREATE TABLE PUBLIC.node_flow_exceptions (flow_id NVARCHAR(64) NOT NULL, type NVARCHAR(256) NOT NULL, exception_message NVARCHAR(2000), stack_trace NVARCHAR(2000) NOT NULL, exception_value BLOB, timestamp TIMESTAMP NOT NULL) {changeSet=migration/node-services.changelog-init.xml::add_new_flow_exceptions_table::R3.Corda, databaseChangeLog=master.changelog.json}
?[m?[37m[INFO] 18:18:11,398 [Test worker] changelog.ChangeSet. - Table node_flow_exceptions created {changeSet=migration/node-services.changelog-init.xml::add_new_flow_exceptions_table::R3.Corda, databaseChangeLog=master.changelog.json}
?[m?[37m[INFO] 18:18:11,398 [Test worker] changelog.ChangeSet. - ChangeSet migration/node-services.changelog-init.xml::add_new_flow_exceptions_table::R3.Corda ran successfully in 0ms {changeSet=migration/node-services.changelog-init.xml::add_new_flow_exceptions_table::R3.Corda, databaseChangeLog=master.changelog.json}
?[m?[37m[INFO] 18:18:11,399 [Test worker] jvm.JdbcExecutor. - INSERT INTO PUBLIC.DATABASECHANGELOG (ID, AUTHOR, FILENAME, DATEEXECUTED, ORDEREXECUTED, MD5SUM, DESCRIPTION, COMMENTS, EXECTYPE, CONTEXTS, LABELS, LIQUIBASE, DEPLOYMENT_ID) VALUES ('add_new_flow_exceptions_table', 'R3.Corda', 'migration/node-services.changelog-init.xml', NOW(), 104, '8:fb0d523c5cf42025c566f105731b34a2', 'createTable tableName=node_flow_exceptions', '', 'EXECUTED', NULL, NULL, '3.6.3', '1484691358') {changeSet=migration/node-services.changelog-init.xml::add_new_flow_exceptions_table::R3.Corda, databaseChangeLog=master.changelog.json}
?[m?[37m[INFO] 18:18:11,400 [Test worker] jvm.JdbcExecutor. - CREATE TABLE PUBLIC.node_flow_metadata (flow_id NVARCHAR(64) NOT NULL, invocation_id NVARCHAR(128) NOT NULL, flow_name NVARCHAR(128) NOT NULL, flow_identifier NVARCHAR(512), started_type INT NOT NULL, flow_parameters BLOB NOT NULL, cordapp_name NVARCHAR(128) NOT NULL, platform_version INT NOT NULL, started_by NVARCHAR(128) NOT NULL, invocation_time TIMESTAMP NOT NULL, start_time TIMESTAMP NOT NULL, finish_time TIMESTAMP) {changeSet=migration/node-services.changelog-init.xml::add_new_flow_metadata_table::R3.Corda, databaseChangeLog=master.changelog.json}
?[m?[37m[INFO] 18:18:11,400 [Test worker] changelog.ChangeSet. - Table node_flow_metadata created {changeSet=migration/node-services.changelog-init.xml::add_new_flow_metadata_table::R3.Corda, databaseChangeLog=master.changelog.json}
?[m?[37m[INFO] 18:18:11,400 [Test worker] changelog.ChangeSet. - ChangeSet migration/node-services.changelog-init.xml::add_new_flow_metadata_table::R3.Corda ran successfully in 0ms {changeSet=migration/node-services.changelog-init.xml::add_new_flow_metadata_table::R3.Corda, databaseChangeLog=master.changelog.json}
?[m?[37m[INFO] 18:18:11,401 [Test worker] jvm.JdbcExecutor. - INSERT INTO PUBLIC.DATABASECHANGELOG (ID, AUTHOR, FILENAME, DATEEXECUTED, ORDEREXECUTED, MD5SUM, DESCRIPTION, COMMENTS, EXECTYPE, CONTEXTS, LABELS, LIQUIBASE, DEPLOYMENT_ID) VALUES ('add_new_flow_metadata_table', 'R3.Corda', 'migration/node-services.changelog-init.xml', NOW(), 105, '8:edede3ddf0425fb6d012735a7415013e', 'createTable tableName=node_flow_metadata', '', 'EXECUTED', NULL, NULL, '3.6.3', '1484691358') {changeSet=migration/node-services.changelog-init.xml::add_new_flow_metadata_table::R3.Corda, databaseChangeLog=master.changelog.json}
?[m?[37m[INFO] 18:18:11,401 [Test worker] jvm.JdbcExecutor. - ALTER TABLE PUBLIC.node_checkpoints ADD CONSTRAINT node_checkpoints_pk PRIMARY KEY (flow_id) {changeSet=migration/node-services.changelog-init.xml::add_new_checkpoint_schema_primary_keys-h2_postgres_oracle::R3.Corda, databaseChangeLog=master.changelog.json}
?[m?[37m[INFO] 18:18:11,402 [Test worker] changelog.ChangeSet. - Primary key added to node_checkpoints (flow_id) {changeSet=migration/node-services.changelog-init.xml::add_new_checkpoint_schema_primary_keys-h2_postgres_oracle::R3.Corda, databaseChangeLog=master.changelog.json}
?[m?[37m[INFO] 18:18:11,402 [Test worker] changelog.ChangeSet. - ChangeSet migration/node-services.changelog-init.xml::add_new_checkpoint_schema_primary_keys-h2_postgres_oracle::R3.Corda ran successfully in 1ms {changeSet=migration/node-services.changelog-init.xml::add_new_checkpoint_schema_primary_keys-h2_postgres_oracle::R3.Corda, databaseChangeLog=master.changelog.json}
?[m?[37m[INFO] 18:18:11,402 [Test worker] jvm.JdbcExecutor. - INSERT INTO PUBLIC.DATABASECHANGELOG (ID, AUTHOR, FILENAME, DATEEXECUTED, ORDEREXECUTED, MD5SUM, DESCRIPTION, COMMENTS, EXECTYPE, CONTEXTS, LABELS, LIQUIBASE, DEPLOYMENT_ID) VALUES ('add_new_checkpoint_schema_primary_keys-h2_postgres_oracle', 'R3.Corda', 'migration/node-services.changelog-init.xml', NOW(), 106, '8:23141f3e3b5917c1cd0196f7b03b8f71', 'addPrimaryKey constraintName=node_checkpoints_pk, tableName=node_checkpoints', '', 'EXECUTED', NULL, NULL, '3.6.3', '1484691358') {changeSet=migration/node-services.changelog-init.xml::add_new_checkpoint_schema_primary_keys-h2_postgres_oracle::R3.Corda, databaseChangeLog=master.changelog.json}
?[m?[37m[INFO] 18:18:11,403 [Test worker] jvm.JdbcExecutor. - CREATE UNIQUE INDEX PUBLIC.node_checkpoint_blobs_idx ON PUBLIC.node_checkpoint_blobs(flow_id) {changeSet=migration/node-services.changelog-init.xml::add_new_checkpoint_schema_indexes::R3.Corda, databaseChangeLog=master.changelog.json}
?[m?[37m[INFO] 18:18:11,403 [Test worker] changelog.ChangeSet. - Index node_checkpoint_blobs_idx created {changeSet=migration/node-services.changelog-init.xml::add_new_checkpoint_schema_indexes::R3.Corda, databaseChangeLog=master.changelog.json}
?[m?[37m[INFO] 18:18:11,403 [Test worker] jvm.JdbcExecutor. - CREATE UNIQUE INDEX PUBLIC.node_flow_results_idx ON PUBLIC.node_flow_results(flow_id) {changeSet=migration/node-services.changelog-init.xml::add_new_checkpoint_schema_indexes::R3.Corda, databaseChangeLog=master.changelog.json}
?[m?[37m[INFO] 18:18:11,404 [Test worker] changelog.ChangeSet. - Index node_flow_results_idx created {changeSet=migration/node-services.changelog-init.xml::add_new_checkpoint_schema_indexes::R3.Corda, databaseChangeLog=master.changelog.json}
?[m?[37m[INFO] 18:18:11,404 [Test worker] jvm.JdbcExecutor. - CREATE UNIQUE INDEX PUBLIC.node_flow_exceptions_idx ON PUBLIC.node_flow_exceptions(flow_id) {changeSet=migration/node-services.changelog-init.xml::add_new_checkpoint_schema_indexes::R3.Corda, databaseChangeLog=master.changelog.json}
?[m?[37m[INFO] 18:18:11,404 [Test worker] changelog.ChangeSet. - Index node_flow_exceptions_idx created {changeSet=migration/node-services.changelog-init.xml::add_new_checkpoint_schema_indexes::R3.Corda, databaseChangeLog=master.changelog.json}
?[m?[37m[INFO] 18:18:11,404 [Test worker] jvm.JdbcExecutor. - CREATE UNIQUE INDEX PUBLIC.node_flow_metadata_idx ON PUBLIC.node_flow_metadata(flow_id) {changeSet=migration/node-services.changelog-init.xml::add_new_checkpoint_schema_indexes::R3.Corda, databaseChangeLog=master.changelog.json}
?[m?[37m[INFO] 18:18:11,404 [Test worker] changelog.ChangeSet. - Index node_flow_metadata_idx created {changeSet=migration/node-services.changelog-init.xml::add_new_checkpoint_schema_indexes::R3.Corda, databaseChangeLog=master.changelog.json}
?[m?[37m[INFO] 18:18:11,404 [Test worker] changelog.ChangeSet. - ChangeSet migration/node-services.changelog-init.xml::add_new_checkpoint_schema_indexes::R3.Corda ran successfully in 1ms {changeSet=migration/node-services.changelog-init.xml::add_new_checkpoint_schema_indexes::R3.Corda, databaseChangeLog=master.changelog.json}
?[m?[37m[INFO] 18:18:11,405 [Test worker] jvm.JdbcExecutor. - INSERT INTO PUBLIC.DATABASECHANGELOG (ID, AUTHOR, FILENAME, DATEEXECUTED, ORDEREXECUTED, MD5SUM, DESCRIPTION, COMMENTS, EXECTYPE, CONTEXTS, LABELS, LIQUIBASE, DEPLOYMENT_ID) VALUES ('add_new_checkpoint_schema_indexes', 'R3.Corda', 'migration/node-services.changelog-init.xml', NOW(), 107, '8:56612ddd39f61523990e27c1b429f467', 'createIndex indexName=node_checkpoint_blobs_idx, tableName=node_checkpoint_blobs; createIndex indexName=node_flow_results_idx, tableName=node_flow_results; createIndex indexName=node_flow_exceptions_idx, tableName=node_flow_exceptions; createIndex...', '', 'EXECUTED', NULL, NULL, '3.6.3', '1484691358') {changeSet=migration/node-services.changelog-init.xml::add_new_checkpoint_schema_indexes::R3.Corda, databaseChangeLog=master.changelog.json}
?[m?[37m[INFO] 18:18:11,406 [Test worker] jvm.JdbcExecutor. - ALTER TABLE PUBLIC.node_transactions DROP PRIMARY KEY {changeSet=migration/node-core.changelog-v21.xml::node_transaction_id_size::R3.Corda, databaseChangeLog=master.changelog.json}
?[m?[37m[INFO] 18:18:11,406 [Test worker] changelog.ChangeSet. - Primary key dropped from node_transactions {changeSet=migration/node-core.changelog-v21.xml::node_transaction_id_size::R3.Corda, databaseChangeLog=master.changelog.json}
?[m?[37m[INFO] 18:18:11,406 [Test worker] jvm.JdbcExecutor. - ALTER TABLE PUBLIC.node_scheduled_states DROP PRIMARY KEY {changeSet=migration/node-core.changelog-v21.xml::node_transaction_id_size::R3.Corda, databaseChangeLog=master.changelog.json}
?[m?[37m[INFO] 18:18:11,406 [Test worker] changelog.ChangeSet. - Primary key dropped from node_scheduled_states {changeSet=migration/node-core.changelog-v21.xml::node_transaction_id_size::R3.Corda, databaseChangeLog=master.changelog.json}
?[m?[37m[INFO] 18:18:11,406 [Test worker] jvm.JdbcExecutor. - ALTER TABLE PUBLIC.node_transactions ALTER COLUMN tx_id SET NULL {changeSet=migration/node-core.changelog-v21.xml::node_transaction_id_size::R3.Corda, databaseChangeLog=master.changelog.json}
?[m?[37m[INFO] 18:18:11,407 [Test worker] changelog.ChangeSet. - Null constraint dropped from node_transactions.tx_id {changeSet=migration/node-core.changelog-v21.xml::node_transaction_id_size::R3.Corda, databaseChangeLog=master.changelog.json}
?[m?[37m[INFO] 18:18:11,407 [Test worker] jvm.JdbcExecutor. - ALTER TABLE PUBLIC.node_scheduled_states ALTER COLUMN transaction_id SET NULL {changeSet=migration/node-core.changelog-v21.xml::node_transaction_id_size::R3.Corda, databaseChangeLog=master.changelog.json}
?[m?[37m[INFO] 18:18:11,407 [Test worker] changelog.ChangeSet. - Null constraint dropped from node_scheduled_states.transaction_id {changeSet=migration/node-core.changelog-v21.xml::node_transaction_id_size::R3.Corda, databaseChangeLog=master.changelog.json}
?[m?[37m[INFO] 18:18:11,407 [Test worker] jvm.JdbcExecutor. - ALTER TABLE PUBLIC.node_transactions ALTER COLUMN tx_id NVARCHAR(144) {changeSet=migration/node-core.changelog-v21.xml::node_transaction_id_size::R3.Corda, databaseChangeLog=master.changelog.json}
?[m?[37m[INFO] 18:18:11,408 [Test worker] changelog.ChangeSet. - node_transactions.tx_id datatype was changed to NVARCHAR(144) {changeSet=migration/node-core.changelog-v21.xml::node_transaction_id_size::R3.Corda, databaseChangeLog=master.changelog.json}
?[m?[37m[INFO] 18:18:11,408 [Test worker] jvm.JdbcExecutor. - ALTER TABLE PUBLIC.node_scheduled_states ALTER COLUMN transaction_id NVARCHAR(144) {changeSet=migration/node-core.changelog-v21.xml::node_transaction_id_size::R3.Corda, databaseChangeLog=master.changelog.json}
?[m?[37m[INFO] 18:18:11,409 [Test worker] changelog.ChangeSet. - node_scheduled_states.transaction_id datatype was changed to NVARCHAR(144) {changeSet=migration/node-core.changelog-v21.xml::node_transaction_id_size::R3.Corda, databaseChangeLog=master.changelog.json}
?[m?[37m[INFO] 18:18:11,409 [Test worker] jvm.JdbcExecutor. - ALTER TABLE PUBLIC.node_transactions ALTER COLUMN tx_id SET NOT NULL {changeSet=migration/node-core.changelog-v21.xml::node_transaction_id_size::R3.Corda, databaseChangeLog=master.changelog.json}
?[m?[37m[INFO] 18:18:11,409 [Test worker] changelog.ChangeSet. - NOT NULL constraint has been added to node_transactions.tx_id {changeSet=migration/node-core.changelog-v21.xml::node_transaction_id_size::R3.Corda, databaseChangeLog=master.changelog.json}
?[m?[37m[INFO] 18:18:11,409 [Test worker] jvm.JdbcExecutor. - ALTER TABLE PUBLIC.node_scheduled_states ALTER COLUMN transaction_id SET NOT NULL {changeSet=migration/node-core.changelog-v21.xml::node_transaction_id_size::R3.Corda, databaseChangeLog=master.changelog.json}
?[m?[37m[INFO] 18:18:11,409 [Test worker] changelog.ChangeSet. - NOT NULL constraint has been added to node_scheduled_states.transaction_id {changeSet=migration/node-core.changelog-v21.xml::node_transaction_id_size::R3.Corda, databaseChangeLog=master.changelog.json}
?[m?[37m[INFO] 18:18:11,409 [Test worker] jvm.JdbcExecutor. - ALTER TABLE PUBLIC.node_transactions ADD CONSTRAINT node_transactions_pkey PRIMARY KEY (tx_id) {changeSet=migration/node-core.changelog-v21.xml::node_transaction_id_size::R3.Corda, databaseChangeLog=master.changelog.json}
?[m?[37m[INFO] 18:18:11,409 [Test worker] changelog.ChangeSet. - Primary key added to node_transactions (tx_id) {changeSet=migration/node-core.changelog-v21.xml::node_transaction_id_size::R3.Corda, databaseChangeLog=master.changelog.json}
?[m?[37m[INFO] 18:18:11,409 [Test worker] jvm.JdbcExecutor. - ALTER TABLE PUBLIC.node_scheduled_states ADD CONSTRAINT node_scheduled_states_pkey PRIMARY KEY (output_index, transaction_id) {changeSet=migration/node-core.changelog-v21.xml::node_transaction_id_size::R3.Corda, databaseChangeLog=master.changelog.json}
?[m?[37m[INFO] 18:18:11,410 [Test worker] changelog.ChangeSet. - Primary key added to node_scheduled_states (output_index, transaction_id) {changeSet=migration/node-core.changelog-v21.xml::node_transaction_id_size::R3.Corda, databaseChangeLog=master.changelog.json}
?[m?[37m[INFO] 18:18:11,410 [Test worker] changelog.ChangeSet. - ChangeSet migration/node-core.changelog-v21.xml::node_transaction_id_size::R3.Corda ran successfully in 5ms {changeSet=migration/node-core.changelog-v21.xml::node_transaction_id_size::R3.Corda, databaseChangeLog=master.changelog.json}
?[m?[37m[INFO] 18:18:11,410 [Test worker] jvm.JdbcExecutor. - INSERT INTO PUBLIC.DATABASECHANGELOG (ID, AUTHOR, FILENAME, DATEEXECUTED, ORDEREXECUTED, MD5SUM, DESCRIPTION, COMMENTS, EXECTYPE, CONTEXTS, LABELS, LIQUIBASE, DEPLOYMENT_ID) VALUES ('node_transaction_id_size', 'R3.Corda', 'migration/node-core.changelog-v21.xml', NOW(), 108, '8:9267fdf76dd8a7da392f65d5422718c3', 'dropPrimaryKey constraintName=node_transactions_pkey, tableName=node_transactions; dropPrimaryKey constraintName=node_scheduled_states_pkey, tableName=node_scheduled_states; dropNotNullConstraint columnName=tx_id, tableName=node_transactions; drop...', '', 'EXECUTED', NULL, NULL, '3.6.3', '1484691358') {changeSet=migration/node-core.changelog-v21.xml::node_transaction_id_size::R3.Corda, databaseChangeLog=master.changelog.json}
?[m?[37m[INFO] 18:18:11,412 [Test worker] jvm.JdbcExecutor. - INSERT INTO PUBLIC.DATABASECHANGELOG (ID, AUTHOR, FILENAME, DATEEXECUTED, ORDEREXECUTED, MD5SUM, DESCRIPTION, COMMENTS, EXECTYPE, CONTEXTS, LABELS, LIQUIBASE, DEPLOYMENT_ID) VALUES ('node_transaction_id_size_non-clustered_pk', 'R3.Corda', 'migration/node-core.changelog-v21.xml', NOW(), 109, '8:64773359f27e2f85fe6df6097823ce69', 'dropPrimaryKey constraintName=node_transactions_pkey, tableName=node_transactions; addPrimaryKey constraintName=node_transactions_pkey, tableName=node_transactions', '', 'MARK_RAN', NULL, NULL, '3.6.3', '1484691358') {changeSet=migration/node-core.changelog-v21.xml::node_transaction_id_size_non-clustered_pk::R3.Corda, databaseChangeLog=master.changelog.json}
?[m?[37m[INFO] 18:18:11,413 [Test worker] jvm.JdbcExecutor. - ALTER TABLE PUBLIC.node_contract_upgrades DROP PRIMARY KEY {changeSet=migration/node-core.changelog-v21.xml::node_contract_upgrades_state_ref_size::R3.Corda, databaseChangeLog=master.changelog.json}
?[m?[37m[INFO] 18:18:11,413 [Test worker] changelog.ChangeSet. - Primary key dropped from node_contract_upgrades {changeSet=migration/node-core.changelog-v21.xml::node_contract_upgrades_state_ref_size::R3.Corda, databaseChangeLog=master.changelog.json}
?[m?[37m[INFO] 18:18:11,413 [Test worker] jvm.JdbcExecutor. - ALTER TABLE PUBLIC.node_contract_upgrades ALTER COLUMN state_ref SET NULL {changeSet=migration/node-core.changelog-v21.xml::node_contract_upgrades_state_ref_size::R3.Corda, databaseChangeLog=master.changelog.json}
?[m?[37m[INFO] 18:18:11,413 [Test worker] changelog.ChangeSet. - Null constraint dropped from node_contract_upgrades.state_ref {changeSet=migration/node-core.changelog-v21.xml::node_contract_upgrades_state_ref_size::R3.Corda, databaseChangeLog=master.changelog.json}
?[m?[37m[INFO] 18:18:11,413 [Test worker] jvm.JdbcExecutor. - ALTER TABLE PUBLIC.node_contract_upgrades ALTER COLUMN state_ref NVARCHAR(176) {changeSet=migration/node-core.changelog-v21.xml::node_contract_upgrades_state_ref_size::R3.Corda, databaseChangeLog=master.changelog.json}
?[m?[37m[INFO] 18:18:11,414 [Test worker] changelog.ChangeSet. - node_contract_upgrades.state_ref datatype was changed to NVARCHAR(176) {changeSet=migration/node-core.changelog-v21.xml::node_contract_upgrades_state_ref_size::R3.Corda, databaseChangeLog=master.changelog.json}
?[m?[37m[INFO] 18:18:11,414 [Test worker] jvm.JdbcExecutor. - ALTER TABLE PUBLIC.node_contract_upgrades ALTER COLUMN state_ref SET NOT NULL {changeSet=migration/node-core.changelog-v21.xml::node_contract_upgrades_state_ref_size::R3.Corda, databaseChangeLog=master.changelog.json}
?[m?[37m[INFO] 18:18:11,414 [Test worker] changelog.ChangeSet. - NOT NULL constraint has been added to node_contract_upgrades.state_ref {changeSet=migration/node-core.changelog-v21.xml::node_contract_upgrades_state_ref_size::R3.Corda, databaseChangeLog=master.changelog.json}
?[m?[37m[INFO] 18:18:11,414 [Test worker] jvm.JdbcExecutor. - ALTER TABLE PUBLIC.node_contract_upgrades ADD CONSTRAINT node_contract_upgrades_pkey PRIMARY KEY (state_ref) {changeSet=migration/node-core.changelog-v21.xml::node_contract_upgrades_state_ref_size::R3.Corda, databaseChangeLog=master.changelog.json}
?[m?[37m[INFO] 18:18:11,414 [Test worker] changelog.ChangeSet. - Primary key added to node_contract_upgrades (state_ref) {changeSet=migration/node-core.changelog-v21.xml::node_contract_upgrades_state_ref_size::R3.Corda, databaseChangeLog=master.changelog.json}
?[m?[37m[INFO] 18:18:11,414 [Test worker] changelog.ChangeSet. - ChangeSet migration/node-core.changelog-v21.xml::node_contract_upgrades_state_ref_size::R3.Corda ran successfully in 2ms {changeSet=migration/node-core.changelog-v21.xml::node_contract_upgrades_state_ref_size::R3.Corda, databaseChangeLog=master.changelog.json}
?[m?[37m[INFO] 18:18:11,415 [Test worker] jvm.JdbcExecutor. - INSERT INTO PUBLIC.DATABASECHANGELOG (ID, AUTHOR, FILENAME, DATEEXECUTED, ORDEREXECUTED, MD5SUM, DESCRIPTION, COMMENTS, EXECTYPE, CONTEXTS, LABELS, LIQUIBASE, DEPLOYMENT_ID) VALUES ('node_contract_upgrades_state_ref_size', 'R3.Corda', 'migration/node-core.changelog-v21.xml', NOW(), 110, '8:25a17205698e008ce77364ab975aa8b3', 'dropPrimaryKey constraintName=node_contract_upgrades_pkey, tableName=node_contract_upgrades; dropNotNullConstraint columnName=state_ref, tableName=node_contract_upgrades; modifyDataType columnName=state_ref, tableName=node_contract_upgrades; addNo...', '', 'EXECUTED', NULL, NULL, '3.6.3', '1484691358') {changeSet=migration/node-core.changelog-v21.xml::node_contract_upgrades_state_ref_size::R3.Corda, databaseChangeLog=master.changelog.json}
?[m?[37m[INFO] 18:18:11,416 [Test worker] jvm.JdbcExecutor. - CREATE TABLE PUBLIC.node_notary_committed_states (output_index INT NOT NULL, transaction_id NVARCHAR(64) NOT NULL, consuming_transaction_id NVARCHAR(64)) {changeSet=migration/node-services.changelog-init.xml::1511451595465-16::R3.Corda, databaseChangeLog=master.changelog.json}
?[m?[37m[INFO] 18:18:11,416 [Test worker] changelog.ChangeSet. - Table node_notary_committed_states created {changeSet=migration/node-services.changelog-init.xml::1511451595465-16::R3.Corda, databaseChangeLog=master.changelog.json}
?[m?[37m[INFO] 18:18:11,416 [Test worker] changelog.ChangeSet. - ChangeSet migration/node-services.changelog-init.xml::1511451595465-16::R3.Corda ran successfully in 0ms {changeSet=migration/node-services.changelog-init.xml::1511451595465-16::R3.Corda, databaseChangeLog=master.changelog.json}
?[m?[37m[INFO] 18:18:11,416 [Test worker] jvm.JdbcExecutor. - INSERT INTO PUBLIC.DATABASECHANGELOG (ID, AUTHOR, FILENAME, DATEEXECUTED, ORDEREXECUTED, MD5SUM, DESCRIPTION, COMMENTS, EXECTYPE, CONTEXTS, LABELS, LIQUIBASE, DEPLOYMENT_ID) VALUES ('1511451595465-16', 'R3.Corda', 'migration/node-services.changelog-init.xml', NOW(), 111, '8:202eb6144ca2ddf982810c5b333117b8', 'createTable tableName=node_notary_committed_states', '', 'EXECUTED', NULL, NULL, '3.6.3', '1484691358') {changeSet=migration/node-services.changelog-init.xml::1511451595465-16::R3.Corda, databaseChangeLog=master.changelog.json}
?[m?[37m[INFO] 18:18:11,417 [Test worker] jvm.JdbcExecutor. - CREATE TABLE PUBLIC.node_notary_request_log (id INT NOT NULL, consuming_transaction_id NVARCHAR(64) NOT NULL, requesting_party_name NVARCHAR(255) NOT NULL, request_timestamp TIMESTAMP NOT NULL, request_signature BLOB NOT NULL) {changeSet=migration/node-services.changelog-init.xml::1521131680317-17::R3.Corda, databaseChangeLog=master.changelog.json}
?[m?[37m[INFO] 18:18:11,417 [Test worker] changelog.ChangeSet. - Table node_notary_request_log created {changeSet=migration/node-services.changelog-init.xml::1521131680317-17::R3.Corda, databaseChangeLog=master.changelog.json}
?[m?[37m[INFO] 18:18:11,417 [Test worker] changelog.ChangeSet. - ChangeSet migration/node-services.changelog-init.xml::1521131680317-17::R3.Corda ran successfully in 0ms {changeSet=migration/node-services.changelog-init.xml::1521131680317-17::R3.Corda, databaseChangeLog=master.changelog.json}
?[m?[37m[INFO] 18:18:11,418 [Test worker] jvm.JdbcExecutor. - INSERT INTO PUBLIC.DATABASECHANGELOG (ID, AUTHOR, FILENAME, DATEEXECUTED, ORDEREXECUTED, MD5SUM, DESCRIPTION, COMMENTS, EXECTYPE, CONTEXTS, LABELS, LIQUIBASE, DEPLOYMENT_ID) VALUES ('1521131680317-17', 'R3.Corda', 'migration/node-services.changelog-init.xml', NOW(), 112, '8:da67caf796d1a61c253ac38815a6fa6b', 'createTable tableName=node_notary_request_log', '', 'EXECUTED', NULL, NULL, '3.6.3', '1484691358') {changeSet=migration/node-services.changelog-init.xml::1521131680317-17::R3.Corda, databaseChangeLog=master.changelog.json}
?[m?[37m[INFO] 18:18:11,418 [Test worker] jvm.JdbcExecutor. - ALTER TABLE PUBLIC.node_notary_committed_states ADD CONSTRAINT node_notary_states_pkey PRIMARY KEY (output_index, transaction_id) {changeSet=migration/node-services.changelog-init.xml::1511451595465-41::R3.Corda, databaseChangeLog=master.changelog.json}
?[m?[37m[INFO] 18:18:11,418 [Test worker] changelog.ChangeSet. - Primary key added to node_notary_committed_states (output_index, transaction_id) {changeSet=migration/node-services.changelog-init.xml::1511451595465-41::R3.Corda, databaseChangeLog=master.changelog.json}
?[m?[37m[INFO] 18:18:11,418 [Test worker] changelog.ChangeSet. - ChangeSet migration/node-services.changelog-init.xml::1511451595465-41::R3.Corda ran successfully in 0ms {changeSet=migration/node-services.changelog-init.xml::1511451595465-41::R3.Corda, databaseChangeLog=master.changelog.json}
?[m?[37m[INFO] 18:18:11,419 [Test worker] jvm.JdbcExecutor. - INSERT INTO PUBLIC.DATABASECHANGELOG (ID, AUTHOR, FILENAME, DATEEXECUTED, ORDEREXECUTED, MD5SUM, DESCRIPTION, COMMENTS, EXECTYPE, CONTEXTS, LABELS, LIQUIBASE, DEPLOYMENT_ID) VALUES ('1511451595465-41', 'R3.Corda', 'migration/node-services.changelog-init.xml', NOW(), 113, '8:73a5b14473602a38c02858208ef2af9d', 'addPrimaryKey constraintName=node_notary_states_pkey, tableName=node_notary_committed_states', '', 'EXECUTED', NULL, NULL, '3.6.3', '1484691358') {changeSet=migration/node-services.changelog-init.xml::1511451595465-41::R3.Corda, databaseChangeLog=master.changelog.json}
?[m?[37m[INFO] 18:18:11,419 [Test worker] jvm.JdbcExecutor. - ALTER TABLE PUBLIC.node_notary_request_log ADD CONSTRAINT node_notary_request_log_pkey PRIMARY KEY (id) {changeSet=migration/node-services.changelog-init.xml::1521131680317-48::R3.Corda, databaseChangeLog=master.changelog.json}
?[m?[37m[INFO] 18:18:11,419 [Test worker] changelog.ChangeSet. - Primary key added to node_notary_request_log (id) {changeSet=migration/node-services.changelog-init.xml::1521131680317-48::R3.Corda, databaseChangeLog=master.changelog.json}
?[m?[37m[INFO] 18:18:11,419 [Test worker] changelog.ChangeSet. - ChangeSet migration/node-services.changelog-init.xml::1521131680317-48::R3.Corda ran successfully in 0ms {changeSet=migration/node-services.changelog-init.xml::1521131680317-48::R3.Corda, databaseChangeLog=master.changelog.json}
?[m?[37m[INFO] 18:18:11,420 [Test worker] jvm.JdbcExecutor. - INSERT INTO PUBLIC.DATABASECHANGELOG (ID, AUTHOR, FILENAME, DATEEXECUTED, ORDEREXECUTED, MD5SUM, DESCRIPTION, COMMENTS, EXECTYPE, CONTEXTS, LABELS, LIQUIBASE, DEPLOYMENT_ID) VALUES ('1521131680317-48', 'R3.Corda', 'migration/node-services.changelog-init.xml', NOW(), 114, '8:7b2392b8e69fe748f22e678d1e8b1d3e', 'addPrimaryKey constraintName=node_notary_request_log_pkey, tableName=node_notary_request_log', '', 'EXECUTED', NULL, NULL, '3.6.3', '1484691358') {changeSet=migration/node-services.changelog-init.xml::1521131680317-48::R3.Corda, databaseChangeLog=master.changelog.json}
?[m?[37m[INFO] 18:18:11,420 [Test worker] jvm.JdbcExecutor. - ALTER TABLE PUBLIC.node_notary_committed_states ALTER COLUMN consuming_transaction_id SET NOT NULL {changeSet=migration/node-services.changelog-init.xml::nullability::R3.Corda, databaseChangeLog=master.changelog.json}
?[m?[37m[INFO] 18:18:11,421 [Test worker] changelog.ChangeSet. - NOT NULL constraint has been added to node_notary_committed_states.consuming_transaction_id {changeSet=migration/node-services.changelog-init.xml::nullability::R3.Corda, databaseChangeLog=master.changelog.json}
?[m?[37m[INFO] 18:18:11,421 [Test worker] changelog.ChangeSet. - ChangeSet migration/node-services.changelog-init.xml::nullability::R3.Corda ran successfully in 1ms {changeSet=migration/node-services.changelog-init.xml::nullability::R3.Corda, databaseChangeLog=master.changelog.json}
?[m?[37m[INFO] 18:18:11,421 [Test worker] jvm.JdbcExecutor. - INSERT INTO PUBLIC.DATABASECHANGELOG (ID, AUTHOR, FILENAME, DATEEXECUTED, ORDEREXECUTED, MD5SUM, DESCRIPTION, COMMENTS, EXECTYPE, CONTEXTS, LABELS, LIQUIBASE, DEPLOYMENT_ID) VALUES ('nullability', 'R3.Corda', 'migration/node-services.changelog-init.xml', NOW(), 115, '8:3a26bc5f7d8e2feba54946ed0460d0a6', 'addNotNullConstraint columnName=consuming_transaction_id, tableName=node_notary_committed_states', '', 'EXECUTED', NULL, NULL, '3.6.3', '1484691358') {changeSet=migration/node-services.changelog-init.xml::nullability::R3.Corda, databaseChangeLog=master.changelog.json}
?[m?[37m[INFO] 18:18:11,425 [Test worker] changelog.ChangeSet. - Marking ChangeSet: migration/node-notary.changelog-v2.xml::rename-table-notary-commit-log::R3.Corda ran despite precondition failure due to onFail='MARK_RAN': 
          master.changelog.json : Table PUBLIC.node_notary_commit_log does not exist
 {changeSet=migration/node-notary.changelog-v2.xml::rename-table-notary-commit-log::R3.Corda, databaseChangeLog=master.changelog.json}
?[m?[37m[INFO] 18:18:11,426 [Test worker] jvm.JdbcExecutor. - INSERT INTO PUBLIC.DATABASECHANGELOG (ID, AUTHOR, FILENAME, DATEEXECUTED, ORDEREXECUTED, MD5SUM, DESCRIPTION, COMMENTS, EXECTYPE, CONTEXTS, LABELS, LIQUIBASE, DEPLOYMENT_ID) VALUES ('rename-table-notary-commit-log', 'R3.Corda', 'migration/node-notary.changelog-v2.xml', NOW(), 116, '8:18c525e013adbd6f729983990933c4f4', 'renameTable newTableName=node_notary_committed_states, oldTableName=node_notary_commit_log', '', 'MARK_RAN', NULL, NULL, '3.6.3', '1484691358') {changeSet=migration/node-notary.changelog-v2.xml::rename-table-notary-commit-log::R3.Corda, databaseChangeLog=master.changelog.json}
?[m?[37m[INFO] 18:18:11,427 [Test worker] changelog.ChangeSet. - Marking ChangeSet: migration/node-notary.changelog-v2.xml::create-notary-request-log-table::R3.Corda ran despite precondition failure due to onFail='MARK_RAN': 
          master.changelog.json : Not precondition failed
 {changeSet=migration/node-notary.changelog-v2.xml::create-notary-request-log-table::R3.Corda, databaseChangeLog=master.changelog.json}
?[m?[37m[INFO] 18:18:11,428 [Test worker] jvm.JdbcExecutor. - INSERT INTO PUBLIC.DATABASECHANGELOG (ID, AUTHOR, FILENAME, DATEEXECUTED, ORDEREXECUTED, MD5SUM, DESCRIPTION, COMMENTS, EXECTYPE, CONTEXTS, LABELS, LIQUIBASE, DEPLOYMENT_ID) VALUES ('create-notary-request-log-table', 'R3.Corda', 'migration/node-notary.changelog-v2.xml', NOW(), 117, '8:d25c67b0275b7f205b89a85407bf51d0', 'createTable tableName=node_notary_request_log; addPrimaryKey constraintName=node_notary_request_log_pkey, tableName=node_notary_request_log', '', 'MARK_RAN', NULL, NULL, '3.6.3', '1484691358') {changeSet=migration/node-notary.changelog-v2.xml::create-notary-request-log-table::R3.Corda, databaseChangeLog=master.changelog.json}
?[m?[37m[INFO] 18:18:11,429 [Test worker] jvm.JdbcExecutor. - INSERT INTO PUBLIC.DATABASECHANGELOG (ID, AUTHOR, FILENAME, DATEEXECUTED, ORDEREXECUTED, MD5SUM, DESCRIPTION, COMMENTS, EXECTYPE, CONTEXTS, LABELS, LIQUIBASE, DEPLOYMENT_ID) VALUES ('non-clustered_pk-notary_state', 'R3.Corda', 'migration/node-notary.changelog-pkey.xml', NOW(), 118, '8:5b30922594a05dde8768e8af608451f5', 'dropPrimaryKey constraintName=node_notary_states_pkey, tableName=node_notary_committed_states; addPrimaryKey constraintName=node_notary_states_pkey, tableName=node_notary_committed_states', '', 'MARK_RAN', NULL, NULL, '3.6.3', '1484691358') {changeSet=migration/node-notary.changelog-pkey.xml::non-clustered_pk-notary_state::R3.Corda, databaseChangeLog=master.changelog.json}
?[m?[37m[INFO] 18:18:11,430 [Test worker] jvm.JdbcExecutor. - CREATE TABLE PUBLIC.node_notary_committed_txs (transaction_id NVARCHAR(64) NOT NULL) {changeSet=migration/node-notary.changelog-committed-transactions-table.xml::create-notary-committed-transactions-table::R3.Corda, databaseChangeLog=master.changelog.json}
?[m?[37m[INFO] 18:18:11,430 [Test worker] changelog.ChangeSet. - Table node_notary_committed_txs created {changeSet=migration/node-notary.changelog-committed-transactions-table.xml::create-notary-committed-transactions-table::R3.Corda, databaseChangeLog=master.changelog.json}
?[m?[37m[INFO] 18:18:11,430 [Test worker] jvm.JdbcExecutor. - ALTER TABLE PUBLIC.node_notary_committed_txs ADD CONSTRAINT node_notary_transactions_pkey PRIMARY KEY (transaction_id) {changeSet=migration/node-notary.changelog-committed-transactions-table.xml::create-notary-committed-transactions-table::R3.Corda, databaseChangeLog=master.changelog.json}
?[m?[37m[INFO] 18:18:11,431 [Test worker] changelog.ChangeSet. - Primary key added to node_notary_committed_txs (transaction_id) {changeSet=migration/node-notary.changelog-committed-transactions-table.xml::create-notary-committed-transactions-table::R3.Corda, databaseChangeLog=master.changelog.json}
?[m?[37m[INFO] 18:18:11,431 [Test worker] changelog.ChangeSet. - ChangeSet migration/node-notary.changelog-committed-transactions-table.xml::create-notary-committed-transactions-table::R3.Corda ran successfully in 1ms {changeSet=migration/node-notary.changelog-committed-transactions-table.xml::create-notary-committed-transactions-table::R3.Corda, databaseChangeLog=master.changelog.json}
?[m?[37m[INFO] 18:18:11,431 [Test worker] jvm.JdbcExecutor. - INSERT INTO PUBLIC.DATABASECHANGELOG (ID, AUTHOR, FILENAME, DATEEXECUTED, ORDEREXECUTED, MD5SUM, DESCRIPTION, COMMENTS, EXECTYPE, CONTEXTS, LABELS, LIQUIBASE, DEPLOYMENT_ID) VALUES ('create-notary-committed-transactions-table', 'R3.Corda', 'migration/node-notary.changelog-committed-transactions-table.xml', NOW(), 119, '8:ab59160cd3f0ceb591177364f90aa039', 'createTable tableName=node_notary_committed_txs; addPrimaryKey constraintName=node_notary_transactions_pkey, tableName=node_notary_committed_txs', '', 'EXECUTED', NULL, NULL, '3.6.3', '1484691358') {changeSet=migration/node-notary.changelog-committed-transactions-table.xml::create-notary-committed-transactions-table::R3.Corda, databaseChangeLog=master.changelog.json}
?[m?[37m[INFO] 18:18:11,432 [Test worker] changelog.ChangeSet. - Marking ChangeSet: migration/node-notary.changelog-v3.xml::notary-request-log-change-id-type-oracle::R3.Corda ran despite precondition failure due to onFail='MARK_RAN': 
          master.changelog.json : DBMS Precondition failed: expected oracle, got h2
 {changeSet=migration/node-notary.changelog-v3.xml::notary-request-log-change-id-type-oracle::R3.Corda, databaseChangeLog=master.changelog.json}
?[m?[37m[INFO] 18:18:11,433 [Test worker] jvm.JdbcExecutor. - INSERT INTO PUBLIC.DATABASECHANGELOG (ID, AUTHOR, FILENAME, DATEEXECUTED, ORDEREXECUTED, MD5SUM, DESCRIPTION, COMMENTS, EXECTYPE, CONTEXTS, LABELS, LIQUIBASE, DEPLOYMENT_ID) VALUES ('notary-request-log-change-id-type-oracle', 'R3.Corda', 'migration/node-notary.changelog-v3.xml', NOW(), 120, '8:b69dc22ed24041b6f852d1c0393dd5db', 'addColumn tableName=node_notary_request_log; sql; dropPrimaryKey constraintName=node_notary_request_log_pkey, tableName=node_notary_request_log; dropColumn columnName=id, tableName=node_notary_request_log; renameColumn newColumnName=id, oldColumnN...', '', 'MARK_RAN', NULL, NULL, '3.6.3', '1484691358') {changeSet=migration/node-notary.changelog-v3.xml::notary-request-log-change-id-type-oracle::R3.Corda, databaseChangeLog=master.changelog.json}
?[m?[37m[INFO] 18:18:11,434 [Test worker] jvm.JdbcExecutor. - ALTER TABLE PUBLIC.node_notary_request_log DROP PRIMARY KEY {changeSet=migration/node-notary.changelog-v3.xml::notary-request-log-change-id-type-others::R3.Corda, databaseChangeLog=master.changelog.json}
?[m?[37m[INFO] 18:18:11,440 [Test worker] changelog.ChangeSet. - Primary key dropped from node_notary_request_log {changeSet=migration/node-notary.changelog-v3.xml::notary-request-log-change-id-type-others::R3.Corda, databaseChangeLog=master.changelog.json}
?[m?[37m[INFO] 18:18:11,440 [Test worker] jvm.JdbcExecutor. - ALTER TABLE PUBLIC.node_notary_request_log ALTER COLUMN id NVARCHAR(76) NOT NULL {changeSet=migration/node-notary.changelog-v3.xml::notary-request-log-change-id-type-others::R3.Corda, databaseChangeLog=master.changelog.json}
?[m?[37m[INFO] 18:18:11,441 [Test worker] changelog.ChangeSet. - node_notary_request_log.id datatype was changed to NVARCHAR(76) NOT NULL {changeSet=migration/node-notary.changelog-v3.xml::notary-request-log-change-id-type-others::R3.Corda, databaseChangeLog=master.changelog.json}
?[m?[37m[INFO] 18:18:11,441 [Test worker] jvm.JdbcExecutor. - ALTER TABLE PUBLIC.node_notary_request_log ADD CONSTRAINT node_notary_request_log_pkey PRIMARY KEY (id) {changeSet=migration/node-notary.changelog-v3.xml::notary-request-log-change-id-type-others::R3.Corda, databaseChangeLog=master.changelog.json}
?[m?[37m[INFO] 18:18:11,442 [Test worker] changelog.ChangeSet. - Primary key added to node_notary_request_log (id) {changeSet=migration/node-notary.changelog-v3.xml::notary-request-log-change-id-type-others::R3.Corda, databaseChangeLog=master.changelog.json}
?[m?[37m[INFO] 18:18:11,442 [Test worker] changelog.ChangeSet. - ChangeSet migration/node-notary.changelog-v3.xml::notary-request-log-change-id-type-others::R3.Corda ran successfully in 8ms {changeSet=migration/node-notary.changelog-v3.xml::notary-request-log-change-id-type-others::R3.Corda, databaseChangeLog=master.changelog.json}
?[m?[37m[INFO] 18:18:11,443 [Test worker] jvm.JdbcExecutor. - INSERT INTO PUBLIC.DATABASECHANGELOG (ID, AUTHOR, FILENAME, DATEEXECUTED, ORDEREXECUTED, MD5SUM, DESCRIPTION, COMMENTS, EXECTYPE, CONTEXTS, LABELS, LIQUIBASE, DEPLOYMENT_ID) VALUES ('notary-request-log-change-id-type-others', 'R3.Corda', 'migration/node-notary.changelog-v3.xml', NOW(), 121, '8:a753963cc30ce326678e51ae5fd7e529', 'dropPrimaryKey constraintName=node_notary_request_log_pkey, tableName=node_notary_request_log; modifyDataType columnName=id, tableName=node_notary_request_log; addPrimaryKey constraintName=node_notary_request_log_pkey, tableName=node_notary_reques...', '', 'EXECUTED', NULL, NULL, '3.6.3', '1484691358') {changeSet=migration/node-notary.changelog-v3.xml::notary-request-log-change-id-type-others::R3.Corda, databaseChangeLog=master.changelog.json}
?[m?[37m[INFO] 18:18:11,443 [Test worker] jvm.JdbcExecutor. - ALTER TABLE PUBLIC.node_notary_request_log ADD worker_node_x500_name NVARCHAR(255) {changeSet=migration/node-notary.changelog-worker-logging.xml::worker-logging::R3.Corda, databaseChangeLog=master.changelog.json}
?[m?[37m[INFO] 18:18:11,445 [Test worker] changelog.ChangeSet. - Columns worker_node_x500_name(NVARCHAR(255)) added to node_notary_request_log {changeSet=migration/node-notary.changelog-worker-logging.xml::worker-logging::R3.Corda, databaseChangeLog=master.changelog.json}
?[m?[37m[INFO] 18:18:11,445 [Test worker] changelog.ChangeSet. - ChangeSet migration/node-notary.changelog-worker-logging.xml::worker-logging::R3.Corda ran successfully in 2ms {changeSet=migration/node-notary.changelog-worker-logging.xml::worker-logging::R3.Corda, databaseChangeLog=master.changelog.json}
?[m?[37m[INFO] 18:18:11,445 [Test worker] jvm.JdbcExecutor. - INSERT INTO PUBLIC.DATABASECHANGELOG (ID, AUTHOR, FILENAME, DATEEXECUTED, ORDEREXECUTED, MD5SUM, DESCRIPTION, COMMENTS, EXECTYPE, CONTEXTS, LABELS, LIQUIBASE, DEPLOYMENT_ID) VALUES ('worker-logging', 'R3.Corda', 'migration/node-notary.changelog-worker-logging.xml', NOW(), 122, '8:2d4a2d176d83695cdbd3fad929c6c24b', 'addColumn tableName=node_notary_request_log', '', 'EXECUTED', NULL, NULL, '3.6.3', '1484691358') {changeSet=migration/node-notary.changelog-worker-logging.xml::worker-logging::R3.Corda, databaseChangeLog=master.changelog.json}
?[m?[37m[INFO] 18:18:11,446 [Test worker] jvm.JdbcExecutor. - ALTER TABLE PUBLIC.node_notary_committed_txs DROP PRIMARY KEY {changeSet=migration/node-notary.changelog-v4.xml::node_notary_transaction_id_size::R3.Corda, databaseChangeLog=master.changelog.json}
?[m?[37m[INFO] 18:18:11,446 [Test worker] changelog.ChangeSet. - Primary key dropped from node_notary_committed_txs {changeSet=migration/node-notary.changelog-v4.xml::node_notary_transaction_id_size::R3.Corda, databaseChangeLog=master.changelog.json}
?[m?[37m[INFO] 18:18:11,446 [Test worker] jvm.JdbcExecutor. - ALTER TABLE PUBLIC.node_notary_committed_states DROP PRIMARY KEY {changeSet=migration/node-notary.changelog-v4.xml::node_notary_transaction_id_size::R3.Corda, databaseChangeLog=master.changelog.json}
?[m?[37m[INFO] 18:18:11,446 [Test worker] changelog.ChangeSet. - Primary key dropped from node_notary_committed_states {changeSet=migration/node-notary.changelog-v4.xml::node_notary_transaction_id_size::R3.Corda, databaseChangeLog=master.changelog.json}
?[m?[37m[INFO] 18:18:11,446 [Test worker] jvm.JdbcExecutor. - ALTER TABLE PUBLIC.node_notary_committed_txs ALTER COLUMN transaction_id SET NULL {changeSet=migration/node-notary.changelog-v4.xml::node_notary_transaction_id_size::R3.Corda, databaseChangeLog=master.changelog.json}
?[m?[37m[INFO] 18:18:11,446 [Test worker] changelog.ChangeSet. - Null constraint dropped from node_notary_committed_txs.transaction_id {changeSet=migration/node-notary.changelog-v4.xml::node_notary_transaction_id_size::R3.Corda, databaseChangeLog=master.changelog.json}
?[m?[37m[INFO] 18:18:11,446 [Test worker] jvm.JdbcExecutor. - ALTER TABLE PUBLIC.node_notary_committed_states ALTER COLUMN transaction_id SET NULL {changeSet=migration/node-notary.changelog-v4.xml::node_notary_transaction_id_size::R3.Corda, databaseChangeLog=master.changelog.json}
?[m?[37m[INFO] 18:18:11,446 [Test worker] changelog.ChangeSet. - Null constraint dropped from node_notary_committed_states.transaction_id {changeSet=migration/node-notary.changelog-v4.xml::node_notary_transaction_id_size::R3.Corda, databaseChangeLog=master.changelog.json}
?[m?[37m[INFO] 18:18:11,446 [Test worker] jvm.JdbcExecutor. - ALTER TABLE PUBLIC.node_notary_committed_states ALTER COLUMN consuming_transaction_id SET NULL {changeSet=migration/node-notary.changelog-v4.xml::node_notary_transaction_id_size::R3.Corda, databaseChangeLog=master.changelog.json}
?[m?[37m[INFO] 18:18:11,447 [Test worker] changelog.ChangeSet. - Null constraint dropped from node_notary_committed_states.consuming_transaction_id {changeSet=migration/node-notary.changelog-v4.xml::node_notary_transaction_id_size::R3.Corda, databaseChangeLog=master.changelog.json}
?[m?[37m[INFO] 18:18:11,447 [Test worker] jvm.JdbcExecutor. - ALTER TABLE PUBLIC.node_notary_request_log ALTER COLUMN consuming_transaction_id SET NULL {changeSet=migration/node-notary.changelog-v4.xml::node_notary_transaction_id_size::R3.Corda, databaseChangeLog=master.changelog.json}
?[m?[37m[INFO] 18:18:11,447 [Test worker] changelog.ChangeSet. - Null constraint dropped from node_notary_request_log.consuming_transaction_id {changeSet=migration/node-notary.changelog-v4.xml::node_notary_transaction_id_size::R3.Corda, databaseChangeLog=master.changelog.json}
?[m?[37m[INFO] 18:18:11,447 [Test worker] jvm.JdbcExecutor. - ALTER TABLE PUBLIC.node_notary_committed_txs ALTER COLUMN transaction_id NVARCHAR(144) {changeSet=migration/node-notary.changelog-v4.xml::node_notary_transaction_id_size::R3.Corda, databaseChangeLog=master.changelog.json}
?[m?[37m[INFO] 18:18:11,447 [Test worker] changelog.ChangeSet. - node_notary_committed_txs.transaction_id datatype was changed to NVARCHAR(144) {changeSet=migration/node-notary.changelog-v4.xml::node_notary_transaction_id_size::R3.Corda, databaseChangeLog=master.changelog.json}
?[m?[37m[INFO] 18:18:11,447 [Test worker] jvm.JdbcExecutor. - ALTER TABLE PUBLIC.node_notary_committed_states ALTER COLUMN transaction_id NVARCHAR(144) {changeSet=migration/node-notary.changelog-v4.xml::node_notary_transaction_id_size::R3.Corda, databaseChangeLog=master.changelog.json}
?[m?[37m[INFO] 18:18:11,448 [Test worker] changelog.ChangeSet. - node_notary_committed_states.transaction_id datatype was changed to NVARCHAR(144) {changeSet=migration/node-notary.changelog-v4.xml::node_notary_transaction_id_size::R3.Corda, databaseChangeLog=master.changelog.json}
?[m?[37m[INFO] 18:18:11,448 [Test worker] jvm.JdbcExecutor. - ALTER TABLE PUBLIC.node_notary_committed_states ALTER COLUMN consuming_transaction_id NVARCHAR(144) {changeSet=migration/node-notary.changelog-v4.xml::node_notary_transaction_id_size::R3.Corda, databaseChangeLog=master.changelog.json}
?[m?[37m[INFO] 18:18:11,449 [Test worker] changelog.ChangeSet. - node_notary_committed_states.consuming_transaction_id datatype was changed to NVARCHAR(144) {changeSet=migration/node-notary.changelog-v4.xml::node_notary_transaction_id_size::R3.Corda, databaseChangeLog=master.changelog.json}
?[m?[37m[INFO] 18:18:11,449 [Test worker] jvm.JdbcExecutor. - ALTER TABLE PUBLIC.node_notary_request_log ALTER COLUMN consuming_transaction_id NVARCHAR(144) {changeSet=migration/node-notary.changelog-v4.xml::node_notary_transaction_id_size::R3.Corda, databaseChangeLog=master.changelog.json}
?[m?[37m[INFO] 18:18:11,450 [Test worker] changelog.ChangeSet. - node_notary_request_log.consuming_transaction_id datatype was changed to NVARCHAR(144) {changeSet=migration/node-notary.changelog-v4.xml::node_notary_transaction_id_size::R3.Corda, databaseChangeLog=master.changelog.json}
?[m?[37m[INFO] 18:18:11,450 [Test worker] jvm.JdbcExecutor. - ALTER TABLE PUBLIC.node_notary_committed_txs ALTER COLUMN transaction_id SET NOT NULL {changeSet=migration/node-notary.changelog-v4.xml::node_notary_transaction_id_size::R3.Corda, databaseChangeLog=master.changelog.json}
?[m?[37m[INFO] 18:18:11,450 [Test worker] changelog.ChangeSet. - NOT NULL constraint has been added to node_notary_committed_txs.transaction_id {changeSet=migration/node-notary.changelog-v4.xml::node_notary_transaction_id_size::R3.Corda, databaseChangeLog=master.changelog.json}
?[m?[37m[INFO] 18:18:11,450 [Test worker] jvm.JdbcExecutor. - ALTER TABLE PUBLIC.node_notary_committed_states ALTER COLUMN transaction_id SET NOT NULL {changeSet=migration/node-notary.changelog-v4.xml::node_notary_transaction_id_size::R3.Corda, databaseChangeLog=master.changelog.json}
?[m?[37m[INFO] 18:18:11,450 [Test worker] changelog.ChangeSet. - NOT NULL constraint has been added to node_notary_committed_states.transaction_id {changeSet=migration/node-notary.changelog-v4.xml::node_notary_transaction_id_size::R3.Corda, databaseChangeLog=master.changelog.json}
?[m?[37m[INFO] 18:18:11,450 [Test worker] jvm.JdbcExecutor. - ALTER TABLE PUBLIC.node_notary_committed_states ALTER COLUMN consuming_transaction_id SET NOT NULL {changeSet=migration/node-notary.changelog-v4.xml::node_notary_transaction_id_size::R3.Corda, databaseChangeLog=master.changelog.json}
?[m?[37m[INFO] 18:18:11,451 [Test worker] changelog.ChangeSet. - NOT NULL constraint has been added to node_notary_committed_states.consuming_transaction_id {changeSet=migration/node-notary.changelog-v4.xml::node_notary_transaction_id_size::R3.Corda, databaseChangeLog=master.changelog.json}
?[m?[37m[INFO] 18:18:11,451 [Test worker] jvm.JdbcExecutor. - ALTER TABLE PUBLIC.node_notary_request_log ALTER COLUMN consuming_transaction_id SET NOT NULL {changeSet=migration/node-notary.changelog-v4.xml::node_notary_transaction_id_size::R3.Corda, databaseChangeLog=master.changelog.json}
?[m?[37m[INFO] 18:18:11,451 [Test worker] changelog.ChangeSet. - NOT NULL constraint has been added to node_notary_request_log.consuming_transaction_id {changeSet=migration/node-notary.changelog-v4.xml::node_notary_transaction_id_size::R3.Corda, databaseChangeLog=master.changelog.json}
?[m?[37m[INFO] 18:18:11,451 [Test worker] jvm.JdbcExecutor. - ALTER TABLE PUBLIC.node_notary_committed_txs ADD CONSTRAINT node_notary_transactions_pkey PRIMARY KEY (transaction_id) {changeSet=migration/node-notary.changelog-v4.xml::node_notary_transaction_id_size::R3.Corda, databaseChangeLog=master.changelog.json}
?[m?[37m[INFO] 18:18:11,452 [Test worker] changelog.ChangeSet. - Primary key added to node_notary_committed_txs (transaction_id) {changeSet=migration/node-notary.changelog-v4.xml::node_notary_transaction_id_size::R3.Corda, databaseChangeLog=master.changelog.json}
?[m?[37m[INFO] 18:18:11,452 [Test worker] jvm.JdbcExecutor. - ALTER TABLE PUBLIC.node_notary_committed_states ADD CONSTRAINT node_notary_states_pkey PRIMARY KEY (output_index, transaction_id) {changeSet=migration/node-notary.changelog-v4.xml::node_notary_transaction_id_size::R3.Corda, databaseChangeLog=master.changelog.json}
?[m?[37m[INFO] 18:18:11,452 [Test worker] changelog.ChangeSet. - Primary key added to node_notary_committed_states (output_index, transaction_id) {changeSet=migration/node-notary.changelog-v4.xml::node_notary_transaction_id_size::R3.Corda, databaseChangeLog=master.changelog.json}
?[m?[37m[INFO] 18:18:11,452 [Test worker] changelog.ChangeSet. - ChangeSet migration/node-notary.changelog-v4.xml::node_notary_transaction_id_size::R3.Corda ran successfully in 6ms {changeSet=migration/node-notary.changelog-v4.xml::node_notary_transaction_id_size::R3.Corda, databaseChangeLog=master.changelog.json}
?[m?[37m[INFO] 18:18:11,453 [Test worker] jvm.JdbcExecutor. - INSERT INTO PUBLIC.DATABASECHANGELOG (ID, AUTHOR, FILENAME, DATEEXECUTED, ORDEREXECUTED, MD5SUM, DESCRIPTION, COMMENTS, EXECTYPE, CONTEXTS, LABELS, LIQUIBASE, DEPLOYMENT_ID) VALUES ('node_notary_transaction_id_size', 'R3.Corda', 'migration/node-notary.changelog-v4.xml', NOW(), 123, '8:31f414081683e56e41cadb1c33e8cbe7', 'dropPrimaryKey constraintName=node_notary_transactions_pkey, tableName=node_notary_committed_txs; dropPrimaryKey constraintName=node_notary_states_pkey, tableName=node_notary_committed_states; dropNotNullConstraint columnName=transaction_id, table...', '', 'EXECUTED', NULL, NULL, '3.6.3', '1484691358') {changeSet=migration/node-notary.changelog-v4.xml::node_notary_transaction_id_size::R3.Corda, databaseChangeLog=master.changelog.json}
?[m?[37m[INFO] 18:18:11,454 [Test worker] jvm.JdbcExecutor. - INSERT INTO PUBLIC.DATABASECHANGELOG (ID, AUTHOR, FILENAME, DATEEXECUTED, ORDEREXECUTED, MD5SUM, DESCRIPTION, COMMENTS, EXECTYPE, CONTEXTS, LABELS, LIQUIBASE, DEPLOYMENT_ID) VALUES ('node_notary_transaction_id_size-non-clustered_pk', 'R3.Corda', 'migration/node-notary.changelog-v4.xml', NOW(), 124, '8:5b30922594a05dde8768e8af608451f5', 'dropPrimaryKey constraintName=node_notary_states_pkey, tableName=node_notary_committed_states; addPrimaryKey constraintName=node_notary_states_pkey, tableName=node_notary_committed_states', '', 'MARK_RAN', NULL, NULL, '3.6.3', '1484691358') {changeSet=migration/node-notary.changelog-v4.xml::node_notary_transaction_id_size-non-clustered_pk::R3.Corda, databaseChangeLog=master.changelog.json}
?[m?[37m[INFO] 18:18:11,455 [Test worker] lockservice.StandardLockService. - Successfully released change log lock
?[m?[37m[INFO] 18:18:11,489 [Test worker] jvm.JdbcExecutor. - SELECT MD5SUM FROM PUBLIC.DATABASECHANGELOG WHERE MD5SUM IS NOT NULL
?[m?[37m[INFO] 18:18:11,490 [Test worker] jvm.JdbcExecutor. - SELECT COUNT(*) FROM PUBLIC.DATABASECHANGELOG
?[m?[37m[INFO] 18:18:11,490 [Test worker] changelog.StandardChangeLogHistoryService. - Reading from PUBLIC.DATABASECHANGELOG
?[m?[37m[INFO] 18:18:11,490 [Test worker] jvm.JdbcExecutor. - SELECT * FROM PUBLIC.DATABASECHANGELOG ORDER BY DATEEXECUTED ASC, ORDEREXECUTED ASC
?[m?[37m[INFO] 18:18:11,491 [Test worker] jvm.JdbcExecutor. - SELECT COUNT(*) FROM PUBLIC.DATABASECHANGELOGLOCK
?[m?[37m[INFO] 18:18:11,491 [Test worker] jvm.JdbcExecutor. - SELECT COUNT(*) FROM PUBLIC.DATABASECHANGELOGLOCK
?[m?[37m[INFO] 18:18:11,495 [Test worker] jvm.JdbcExecutor. - SELECT LOCKED FROM PUBLIC.DATABASECHANGELOGLOCK WHERE ID=1
?[m?[37m[INFO] 18:18:11,496 [Test worker] lockservice.StandardLockService. - Successfully acquired change log lock
?[m?[37m[INFO] 18:18:11,497 [Test worker] jvm.JdbcExecutor. - CREATE TABLE PUBLIC.fungible_token (output_index INT NOT NULL, transaction_id NVARCHAR(64) NOT NULL, amount BIGINT NOT NULL, holder NVARCHAR(255) NOT NULL, issuer NVARCHAR(255) NOT NULL, token_class NVARCHAR(255) NOT NULL, token_identifier NVARCHAR(255) NOT NULL) {changeSet=migration/fungible-token-schema.changelog-init.xml::create_fungible_token_table_id::R3.Corda, databaseChangeLog=master.changelog.json}
?[m?[37m[INFO] 18:18:11,497 [Test worker] changelog.ChangeSet. - Table fungible_token created {changeSet=migration/fungible-token-schema.changelog-init.xml::create_fungible_token_table_id::R3.Corda, databaseChangeLog=master.changelog.json}
?[m?[37m[INFO] 18:18:11,497 [Test worker] changelog.ChangeSet. - ChangeSet migration/fungible-token-schema.changelog-init.xml::create_fungible_token_table_id::R3.Corda ran successfully in 0ms {changeSet=migration/fungible-token-schema.changelog-init.xml::create_fungible_token_table_id::R3.Corda, databaseChangeLog=master.changelog.json}
?[m?[37m[INFO] 18:18:11,497 [Test worker] jvm.JdbcExecutor. - SELECT MAX(ORDEREXECUTED) FROM PUBLIC.DATABASECHANGELOG {changeSet=migration/fungible-token-schema.changelog-init.xml::create_fungible_token_table_id::R3.Corda, databaseChangeLog=master.changelog.json}
?[m?[37m[INFO] 18:18:11,498 [Test worker] jvm.JdbcExecutor. - INSERT INTO PUBLIC.DATABASECHANGELOG (ID, AUTHOR, FILENAME, DATEEXECUTED, ORDEREXECUTED, MD5SUM, DESCRIPTION, COMMENTS, EXECTYPE, CONTEXTS, LABELS, LIQUIBASE, DEPLOYMENT_ID) VALUES ('create_fungible_token_table_id', 'R3.Corda', 'migration/fungible-token-schema.changelog-init.xml', NOW(), 125, '8:708f2a949e8783d30c0cc4b33ea5bfcd', 'createTable tableName=fungible_token', '', 'EXECUTED', NULL, NULL, '3.6.3', '1484691496') {changeSet=migration/fungible-token-schema.changelog-init.xml::create_fungible_token_table_id::R3.Corda, databaseChangeLog=master.changelog.json}
?[m?[37m[INFO] 18:18:11,499 [Test worker] jvm.JdbcExecutor. - ALTER TABLE PUBLIC.fungible_token ADD CONSTRAINT fungible_token_pkey PRIMARY KEY (output_index, transaction_id) {changeSet=migration/fungible-token-schema.changelog-init.xml::fungible_token_pkey_id::R3.Corda, databaseChangeLog=master.changelog.json}
?[m?[37m[INFO] 18:18:11,499 [Test worker] changelog.ChangeSet. - Primary key added to fungible_token (output_index, transaction_id) {changeSet=migration/fungible-token-schema.changelog-init.xml::fungible_token_pkey_id::R3.Corda, databaseChangeLog=master.changelog.json}
?[m?[37m[INFO] 18:18:11,499 [Test worker] changelog.ChangeSet. - ChangeSet migration/fungible-token-schema.changelog-init.xml::fungible_token_pkey_id::R3.Corda ran successfully in 1ms {changeSet=migration/fungible-token-schema.changelog-init.xml::fungible_token_pkey_id::R3.Corda, databaseChangeLog=master.changelog.json}
?[m?[37m[INFO] 18:18:11,500 [Test worker] jvm.JdbcExecutor. - INSERT INTO PUBLIC.DATABASECHANGELOG (ID, AUTHOR, FILENAME, DATEEXECUTED, ORDEREXECUTED, MD5SUM, DESCRIPTION, COMMENTS, EXECTYPE, CONTEXTS, LABELS, LIQUIBASE, DEPLOYMENT_ID) VALUES ('fungible_token_pkey_id', 'R3.Corda', 'migration/fungible-token-schema.changelog-init.xml', NOW(), 126, '8:6a623895e620b0cec9857d9f16bfec15', 'addPrimaryKey constraintName=fungible_token_pkey, tableName=fungible_token', '', 'EXECUTED', NULL, NULL, '3.6.3', '1484691496') {changeSet=migration/fungible-token-schema.changelog-init.xml::fungible_token_pkey_id::R3.Corda, databaseChangeLog=master.changelog.json}
?[m?[37m[INFO] 18:18:11,500 [Test worker] jvm.JdbcExecutor. - CREATE INDEX PUBLIC.amount_idx ON PUBLIC.fungible_token(amount) {changeSet=migration/fungible-token-schema.changelog-init.xml::amount_idx_id::R3.Corda, databaseChangeLog=master.changelog.json}
?[m?[37m[INFO] 18:18:11,501 [Test worker] changelog.ChangeSet. - Index amount_idx created {changeSet=migration/fungible-token-schema.changelog-init.xml::amount_idx_id::R3.Corda, databaseChangeLog=master.changelog.json}
?[m?[37m[INFO] 18:18:11,501 [Test worker] changelog.ChangeSet. - ChangeSet migration/fungible-token-schema.changelog-init.xml::amount_idx_id::R3.Corda ran successfully in 1ms {changeSet=migration/fungible-token-schema.changelog-init.xml::amount_idx_id::R3.Corda, databaseChangeLog=master.changelog.json}
?[m?[37m[INFO] 18:18:11,501 [Test worker] jvm.JdbcExecutor. - INSERT INTO PUBLIC.DATABASECHANGELOG (ID, AUTHOR, FILENAME, DATEEXECUTED, ORDEREXECUTED, MD5SUM, DESCRIPTION, COMMENTS, EXECTYPE, CONTEXTS, LABELS, LIQUIBASE, DEPLOYMENT_ID) VALUES ('amount_idx_id', 'R3.Corda', 'migration/fungible-token-schema.changelog-init.xml', NOW(), 127, '8:1ae6fc41a1462d4038cdb056e384dfa9', 'createIndex indexName=amount_idx, tableName=fungible_token', '', 'EXECUTED', NULL, NULL, '3.6.3', '1484691496') {changeSet=migration/fungible-token-schema.changelog-init.xml::amount_idx_id::R3.Corda, databaseChangeLog=master.changelog.json}
?[m?[37m[INFO] 18:18:11,502 [Test worker] jvm.JdbcExecutor. - CREATE INDEX PUBLIC.held_token_amount_idx ON PUBLIC.fungible_token(token_class, token_identifier) {changeSet=migration/fungible-token-schema.changelog-init.xml::held_token_amount_idx_id::R3.Corda, databaseChangeLog=master.changelog.json}
?[m?[37m[INFO] 18:18:11,502 [Test worker] changelog.ChangeSet. - Index held_token_amount_idx created {changeSet=migration/fungible-token-schema.changelog-init.xml::held_token_amount_idx_id::R3.Corda, databaseChangeLog=master.changelog.json}
?[m?[37m[INFO] 18:18:11,502 [Test worker] changelog.ChangeSet. - ChangeSet migration/fungible-token-schema.changelog-init.xml::held_token_amount_idx_id::R3.Corda ran successfully in 0ms {changeSet=migration/fungible-token-schema.changelog-init.xml::held_token_amount_idx_id::R3.Corda, databaseChangeLog=master.changelog.json}
?[m?[37m[INFO] 18:18:11,502 [Test worker] jvm.JdbcExecutor. - INSERT INTO PUBLIC.DATABASECHANGELOG (ID, AUTHOR, FILENAME, DATEEXECUTED, ORDEREXECUTED, MD5SUM, DESCRIPTION, COMMENTS, EXECTYPE, CONTEXTS, LABELS, LIQUIBASE, DEPLOYMENT_ID) VALUES ('held_token_amount_idx_id', 'R3.Corda', 'migration/fungible-token-schema.changelog-init.xml', NOW(), 128, '8:55ffda313ce1eca16721488c8b35ee79', 'createIndex indexName=held_token_amount_idx, tableName=fungible_token', '', 'EXECUTED', NULL, NULL, '3.6.3', '1484691496') {changeSet=migration/fungible-token-schema.changelog-init.xml::held_token_amount_idx_id::R3.Corda, databaseChangeLog=master.changelog.json}
?[m?[37m[INFO] 18:18:11,503 [Test worker] jvm.JdbcExecutor. - ALTER TABLE PUBLIC.fungible_token ADD holding_key NVARCHAR(64) {changeSet=migration/fungible-token-schema.changelog-1.xml::create_fungible_token_owner_column::R3.Corda, databaseChangeLog=master.changelog.json}
?[m?[37m[INFO] 18:18:11,504 [Test worker] changelog.ChangeSet. - Columns holding_key(NVARCHAR(64)) added to fungible_token {changeSet=migration/fungible-token-schema.changelog-1.xml::create_fungible_token_owner_column::R3.Corda, databaseChangeLog=master.changelog.json}
?[m?[37m[INFO] 18:18:11,504 [Test worker] changelog.ChangeSet. - ChangeSet migration/fungible-token-schema.changelog-1.xml::create_fungible_token_owner_column::R3.Corda ran successfully in 1ms {changeSet=migration/fungible-token-schema.changelog-1.xml::create_fungible_token_owner_column::R3.Corda, databaseChangeLog=master.changelog.json}
?[m?[37m[INFO] 18:18:11,505 [Test worker] jvm.JdbcExecutor. - INSERT INTO PUBLIC.DATABASECHANGELOG (ID, AUTHOR, FILENAME, DATEEXECUTED, ORDEREXECUTED, MD5SUM, DESCRIPTION, COMMENTS, EXECTYPE, CONTEXTS, LABELS, LIQUIBASE, DEPLOYMENT_ID) VALUES ('create_fungible_token_owner_column', 'R3.Corda', 'migration/fungible-token-schema.changelog-1.xml', NOW(), 129, '8:96ca96f1426465990f153b138b0dad7a', 'addColumn tableName=fungible_token', '', 'EXECUTED', NULL, NULL, '3.6.3', '1484691496') {changeSet=migration/fungible-token-schema.changelog-1.xml::create_fungible_token_owner_column::R3.Corda, databaseChangeLog=master.changelog.json}
?[m?[37m[INFO] 18:18:11,506 [Test worker] jvm.JdbcExecutor. - CREATE INDEX PUBLIC.holding_key_idx ON PUBLIC.fungible_token(holding_key) {changeSet=migration/fungible-token-schema.changelog-1.xml::create_holding_key_idx::R3.Corda, databaseChangeLog=master.changelog.json}
?[m?[37m[INFO] 18:18:11,506 [Test worker] changelog.ChangeSet. - Index holding_key_idx created {changeSet=migration/fungible-token-schema.changelog-1.xml::create_holding_key_idx::R3.Corda, databaseChangeLog=master.changelog.json}
?[m?[37m[INFO] 18:18:11,506 [Test worker] changelog.ChangeSet. - ChangeSet migration/fungible-token-schema.changelog-1.xml::create_holding_key_idx::R3.Corda ran successfully in 1ms {changeSet=migration/fungible-token-schema.changelog-1.xml::create_holding_key_idx::R3.Corda, databaseChangeLog=master.changelog.json}
?[m?[37m[INFO] 18:18:11,506 [Test worker] jvm.JdbcExecutor. - INSERT INTO PUBLIC.DATABASECHANGELOG (ID, AUTHOR, FILENAME, DATEEXECUTED, ORDEREXECUTED, MD5SUM, DESCRIPTION, COMMENTS, EXECTYPE, CONTEXTS, LABELS, LIQUIBASE, DEPLOYMENT_ID) VALUES ('create_holding_key_idx', 'R3.Corda', 'migration/fungible-token-schema.changelog-1.xml', NOW(), 130, '8:67e32a9250726807340c01844edeaf69', 'createIndex indexName=holding_key_idx, tableName=fungible_token', '', 'EXECUTED', NULL, NULL, '3.6.3', '1484691496') {changeSet=migration/fungible-token-schema.changelog-1.xml::create_holding_key_idx::R3.Corda, databaseChangeLog=master.changelog.json}
?[m?[37m[INFO] 18:18:11,507 [Test worker] changelog.ChangeSet. - null {changeSet=migration/fungible-token-schema.changelog-1.xml::map_owning_keys_from_transactionstore::R3.Corda, databaseChangeLog=master.changelog.json}
?[m?[37m[INFO] 18:18:11,507 [Test worker] changelog.ChangeSet. - ChangeSet migration/fungible-token-schema.changelog-1.xml::map_owning_keys_from_transactionstore::R3.Corda ran successfully in 0ms {changeSet=migration/fungible-token-schema.changelog-1.xml::map_owning_keys_from_transactionstore::R3.Corda, databaseChangeLog=master.changelog.json}
?[m?[37m[INFO] 18:18:11,508 [Test worker] jvm.JdbcExecutor. - INSERT INTO PUBLIC.DATABASECHANGELOG (ID, AUTHOR, FILENAME, DATEEXECUTED, ORDEREXECUTED, MD5SUM, DESCRIPTION, COMMENTS, EXECTYPE, CONTEXTS, LABELS, LIQUIBASE, DEPLOYMENT_ID) VALUES ('map_owning_keys_from_transactionstore', 'R3.Corda', 'migration/fungible-token-schema.changelog-1.xml', NOW(), 131, '8:df80639d10d7c4f59d49908643f4c85f', 'customChange', '', 'EXECUTED', NULL, NULL, '3.6.3', '1484691496') {changeSet=migration/fungible-token-schema.changelog-1.xml::map_owning_keys_from_transactionstore::R3.Corda, databaseChangeLog=master.changelog.json}
?[m?[37m[INFO] 18:18:11,508 [Test worker] jvm.JdbcExecutor. - CREATE TABLE PUBLIC.non_fungible_token (output_index INT NOT NULL, transaction_id NVARCHAR(64) NOT NULL, holder NVARCHAR(255) NOT NULL, issuer NVARCHAR(255) NOT NULL, token_class NVARCHAR(255) NOT NULL, token_identifier NVARCHAR(255)) {changeSet=migration/non-fungible-token-schema.changelog-init.xml::create_non_fungible_token_table_id::R3.Corda, databaseChangeLog=master.changelog.json}
?[m?[37m[INFO] 18:18:11,508 [Test worker] changelog.ChangeSet. - Table non_fungible_token created {changeSet=migration/non-fungible-token-schema.changelog-init.xml::create_non_fungible_token_table_id::R3.Corda, databaseChangeLog=master.changelog.json}
?[m?[37m[INFO] 18:18:11,508 [Test worker] changelog.ChangeSet. - ChangeSet migration/non-fungible-token-schema.changelog-init.xml::create_non_fungible_token_table_id::R3.Corda ran successfully in 0ms {changeSet=migration/non-fungible-token-schema.changelog-init.xml::create_non_fungible_token_table_id::R3.Corda, databaseChangeLog=master.changelog.json}
?[m?[37m[INFO] 18:18:11,509 [Test worker] jvm.JdbcExecutor. - INSERT INTO PUBLIC.DATABASECHANGELOG (ID, AUTHOR, FILENAME, DATEEXECUTED, ORDEREXECUTED, MD5SUM, DESCRIPTION, COMMENTS, EXECTYPE, CONTEXTS, LABELS, LIQUIBASE, DEPLOYMENT_ID) VALUES ('create_non_fungible_token_table_id', 'R3.Corda', 'migration/non-fungible-token-schema.changelog-init.xml', NOW(), 132, '8:537d4553becbc43bb11c0817e1639eae', 'createTable tableName=non_fungible_token', '', 'EXECUTED', NULL, NULL, '3.6.3', '1484691496') {changeSet=migration/non-fungible-token-schema.changelog-init.xml::create_non_fungible_token_table_id::R3.Corda, databaseChangeLog=master.changelog.json}
?[m?[37m[INFO] 18:18:11,510 [Test worker] jvm.JdbcExecutor. - ALTER TABLE PUBLIC.non_fungible_token ADD CONSTRAINT non_fungible_token_pkey PRIMARY KEY (output_index, transaction_id) {changeSet=migration/non-fungible-token-schema.changelog-init.xml::non_fungible_token_pkey_id::R3.Corda, databaseChangeLog=master.changelog.json}
?[m?[37m[INFO] 18:18:11,510 [Test worker] changelog.ChangeSet. - Primary key added to non_fungible_token (output_index, transaction_id) {changeSet=migration/non-fungible-token-schema.changelog-init.xml::non_fungible_token_pkey_id::R3.Corda, databaseChangeLog=master.changelog.json}
?[m?[37m[INFO] 18:18:11,510 [Test worker] changelog.ChangeSet. - ChangeSet migration/non-fungible-token-schema.changelog-init.xml::non_fungible_token_pkey_id::R3.Corda ran successfully in 1ms {changeSet=migration/non-fungible-token-schema.changelog-init.xml::non_fungible_token_pkey_id::R3.Corda, databaseChangeLog=master.changelog.json}
?[m?[37m[INFO] 18:18:11,511 [Test worker] jvm.JdbcExecutor. - INSERT INTO PUBLIC.DATABASECHANGELOG (ID, AUTHOR, FILENAME, DATEEXECUTED, ORDEREXECUTED, MD5SUM, DESCRIPTION, COMMENTS, EXECTYPE, CONTEXTS, LABELS, LIQUIBASE, DEPLOYMENT_ID) VALUES ('non_fungible_token_pkey_id', 'R3.Corda', 'migration/non-fungible-token-schema.changelog-init.xml', NOW(), 133, '8:d08935cf27a24a32cb4c14cec40b4c30', 'addPrimaryKey constraintName=non_fungible_token_pkey, tableName=non_fungible_token', '', 'EXECUTED', NULL, NULL, '3.6.3', '1484691496') {changeSet=migration/non-fungible-token-schema.changelog-init.xml::non_fungible_token_pkey_id::R3.Corda, databaseChangeLog=master.changelog.json}
?[m?[37m[INFO] 18:18:11,511 [Test worker] jvm.JdbcExecutor. - CREATE INDEX PUBLIC.held_token_idx ON PUBLIC.non_fungible_token(token_class, token_identifier) {changeSet=migration/non-fungible-token-schema.changelog-init.xml::held_token_idx_id::R3.Corda, databaseChangeLog=master.changelog.json}
?[m?[37m[INFO] 18:18:11,511 [Test worker] changelog.ChangeSet. - Index held_token_idx created {changeSet=migration/non-fungible-token-schema.changelog-init.xml::held_token_idx_id::R3.Corda, databaseChangeLog=master.changelog.json}
?[m?[37m[INFO] 18:18:11,511 [Test worker] changelog.ChangeSet. - ChangeSet migration/non-fungible-token-schema.changelog-init.xml::held_token_idx_id::R3.Corda ran successfully in 0ms {changeSet=migration/non-fungible-token-schema.changelog-init.xml::held_token_idx_id::R3.Corda, databaseChangeLog=master.changelog.json}
?[m?[37m[INFO] 18:18:11,512 [Test worker] jvm.JdbcExecutor. - INSERT INTO PUBLIC.DATABASECHANGELOG (ID, AUTHOR, FILENAME, DATEEXECUTED, ORDEREXECUTED, MD5SUM, DESCRIPTION, COMMENTS, EXECTYPE, CONTEXTS, LABELS, LIQUIBASE, DEPLOYMENT_ID) VALUES ('held_token_idx_id', 'R3.Corda', 'migration/non-fungible-token-schema.changelog-init.xml', NOW(), 134, '8:a13b131f129e2b15eeea3fd36b572fe4', 'createIndex indexName=held_token_idx, tableName=non_fungible_token', '', 'EXECUTED', NULL, NULL, '3.6.3', '1484691496') {changeSet=migration/non-fungible-token-schema.changelog-init.xml::held_token_idx_id::R3.Corda, databaseChangeLog=master.changelog.json}
?[m?[37m[INFO] 18:18:11,513 [Test worker] jvm.JdbcExecutor. - CREATE TABLE PUBLIC.distribution_record (id BIGINT NOT NULL, linear_id VARCHAR(255) NOT NULL, party NVARCHAR(255) NOT NULL) {changeSet=migration/distribution-record-schema.changelog-init.xml::create_distribution_record_table_id::R3.Corda, databaseChangeLog=master.changelog.json}
?[m?[37m[INFO] 18:18:11,513 [Test worker] changelog.ChangeSet. - Table distribution_record created {changeSet=migration/distribution-record-schema.changelog-init.xml::create_distribution_record_table_id::R3.Corda, databaseChangeLog=master.changelog.json}
?[m?[37m[INFO] 18:18:11,513 [Test worker] changelog.ChangeSet. - ChangeSet migration/distribution-record-schema.changelog-init.xml::create_distribution_record_table_id::R3.Corda ran successfully in 1ms {changeSet=migration/distribution-record-schema.changelog-init.xml::create_distribution_record_table_id::R3.Corda, databaseChangeLog=master.changelog.json}
?[m?[37m[INFO] 18:18:11,513 [Test worker] jvm.JdbcExecutor. - INSERT INTO PUBLIC.DATABASECHANGELOG (ID, AUTHOR, FILENAME, DATEEXECUTED, ORDEREXECUTED, MD5SUM, DESCRIPTION, COMMENTS, EXECTYPE, CONTEXTS, LABELS, LIQUIBASE, DEPLOYMENT_ID) VALUES ('create_distribution_record_table_id', 'R3.Corda', 'migration/distribution-record-schema.changelog-init.xml', NOW(), 135, '8:58bbe0f002fa9a550dbc9aa60a7fda96', 'createTable tableName=distribution_record', '', 'EXECUTED', NULL, NULL, '3.6.3', '1484691496') {changeSet=migration/distribution-record-schema.changelog-init.xml::create_distribution_record_table_id::R3.Corda, databaseChangeLog=master.changelog.json}
?[m?[37m[INFO] 18:18:11,514 [Test worker] jvm.JdbcExecutor. - ALTER TABLE PUBLIC.distribution_record ADD CONSTRAINT distribution_record_pkey PRIMARY KEY (id) {changeSet=migration/distribution-record-schema.changelog-init.xml::distribution_record_pkey_id::R3.Corda, databaseChangeLog=master.changelog.json}
?[m?[37m[INFO] 18:18:11,514 [Test worker] changelog.ChangeSet. - Primary key added to distribution_record (id) {changeSet=migration/distribution-record-schema.changelog-init.xml::distribution_record_pkey_id::R3.Corda, databaseChangeLog=master.changelog.json}
?[m?[37m[INFO] 18:18:11,514 [Test worker] changelog.ChangeSet. - ChangeSet migration/distribution-record-schema.changelog-init.xml::distribution_record_pkey_id::R3.Corda ran successfully in 0ms {changeSet=migration/distribution-record-schema.changelog-init.xml::distribution_record_pkey_id::R3.Corda, databaseChangeLog=master.changelog.json}
?[m?[37m[INFO] 18:18:11,514 [Test worker] jvm.JdbcExecutor. - INSERT INTO PUBLIC.DATABASECHANGELOG (ID, AUTHOR, FILENAME, DATEEXECUTED, ORDEREXECUTED, MD5SUM, DESCRIPTION, COMMENTS, EXECTYPE, CONTEXTS, LABELS, LIQUIBASE, DEPLOYMENT_ID) VALUES ('distribution_record_pkey_id', 'R3.Corda', 'migration/distribution-record-schema.changelog-init.xml', NOW(), 136, '8:0ac8470d7e72d959df72a2f31db8916f', 'addPrimaryKey constraintName=distribution_record_pkey, tableName=distribution_record', '', 'EXECUTED', NULL, NULL, '3.6.3', '1484691496') {changeSet=migration/distribution-record-schema.changelog-init.xml::distribution_record_pkey_id::R3.Corda, databaseChangeLog=master.changelog.json}
?[m?[37m[INFO] 18:18:11,515 [Test worker] jvm.JdbcExecutor. - CREATE INDEX PUBLIC.dist_record_idx ON PUBLIC.distribution_record(linear_id) {changeSet=migration/distribution-record-schema.changelog-init.xml::dist_record_idx_id::R3.Corda, databaseChangeLog=master.changelog.json}
?[m?[37m[INFO] 18:18:11,515 [Test worker] changelog.ChangeSet. - Index dist_record_idx created {changeSet=migration/distribution-record-schema.changelog-init.xml::dist_record_idx_id::R3.Corda, databaseChangeLog=master.changelog.json}
?[m?[37m[INFO] 18:18:11,515 [Test worker] changelog.ChangeSet. - ChangeSet migration/distribution-record-schema.changelog-init.xml::dist_record_idx_id::R3.Corda ran successfully in 0ms {changeSet=migration/distribution-record-schema.changelog-init.xml::dist_record_idx_id::R3.Corda, databaseChangeLog=master.changelog.json}
?[m?[37m[INFO] 18:18:11,516 [Test worker] jvm.JdbcExecutor. - INSERT INTO PUBLIC.DATABASECHANGELOG (ID, AUTHOR, FILENAME, DATEEXECUTED, ORDEREXECUTED, MD5SUM, DESCRIPTION, COMMENTS, EXECTYPE, CONTEXTS, LABELS, LIQUIBASE, DEPLOYMENT_ID) VALUES ('dist_record_idx_id', 'R3.Corda', 'migration/distribution-record-schema.changelog-init.xml', NOW(), 137, '8:0e8c85eaeb998b9c455afeaed17a20a8', 'createIndex indexName=dist_record_idx, tableName=distribution_record', '', 'EXECUTED', NULL, NULL, '3.6.3', '1484691496') {changeSet=migration/distribution-record-schema.changelog-init.xml::dist_record_idx_id::R3.Corda, databaseChangeLog=master.changelog.json}
?[m?[37m[INFO] 18:18:11,517 [Test worker] lockservice.StandardLockService. - Successfully released change log lock
?[m?[37m[INFO] 18:18:11,517 [Test worker] internal.InternalMockNetwork$MockNode. - Connected to H2 database.
?[m?[37m[INFO] 18:18:11,518 [Test worker] persistence.HibernateConfiguration. - Init HibernateConfiguration for schemas: [CommonSchemaV1(name=net.corda.core.schemas.CommonSchema, version=1), VaultSchemaV1(name=net.corda.node.services.vault.VaultSchema, version=1), NodeInfoSchemaV1(name=net.corda.node.internal.schemas.NodeInfoSchema, version=1), NodeCoreV1(name=net.corda.node.services.schema.NodeSchemaService$NodeCore, version=1), FungibleTokenSchemaV1(name=com.r3.corda.lib.tokens.contracts.internal.schemas.FungibleTokenSchema, version=1), NonFungibleTokenSchemaV1(name=com.r3.corda.lib.tokens.contracts.internal.schemas.NonFungibleTokenSchema, version=1), TokenSchemaV1(name=com.r3.corda.lib.tokens.contracts.schemas.TokenSchema, version=1), DistributionRecordSchemaV1(name=com.r3.corda.lib.tokens.workflows.internal.schemas.DistributionRecordSchema, version=1), JPANotarySchemaV1(name=net.corda.notary.jpa.JPANotarySchema, version=1)]
?[m?[37m[INFO] 18:18:11,518 [Test worker] factory.BaseSessionFactoryFactory. - Creating session factory for schemas: [CommonSchemaV1(name=net.corda.core.schemas.CommonSchema, version=1), VaultSchemaV1(name=net.corda.node.services.vault.VaultSchema, version=1), NodeInfoSchemaV1(name=net.corda.node.internal.schemas.NodeInfoSchema, version=1), NodeCoreV1(name=net.corda.node.services.schema.NodeSchemaService$NodeCore, version=1), FungibleTokenSchemaV1(name=com.r3.corda.lib.tokens.contracts.internal.schemas.FungibleTokenSchema, version=1), NonFungibleTokenSchemaV1(name=com.r3.corda.lib.tokens.contracts.internal.schemas.NonFungibleTokenSchema, version=1), TokenSchemaV1(name=com.r3.corda.lib.tokens.contracts.schemas.TokenSchema, version=1), DistributionRecordSchemaV1(name=com.r3.corda.lib.tokens.workflows.internal.schemas.DistributionRecordSchema, version=1), JPANotarySchemaV1(name=net.corda.notary.jpa.JPANotarySchema, version=1)]
?[m?[37m[INFO] 18:18:11,523 [Test worker] internal.ConnectionProviderInitiator. - HHH000130: Instantiating explicit connection provider: net.corda.nodeapi.internal.persistence.HibernateConfiguration$NodeDatabaseConnectionProvider
?[m?[37m[INFO] 18:18:11,523 [Test worker] dialect.Dialect. - HHH000400: Using dialect: org.hibernate.dialect.H2Dialect
?[m?[37m[INFO] 18:18:11,594 [Test worker] connections.access. - HHH10001501: Connection obtained from JdbcConnectionAccess [org.hibernate.engine.jdbc.env.internal.JdbcEnvironmentInitiator$ConnectionProviderJdbcConnectionAccess@219c7808] for (non-JTA) DDL execution was not in auto-commit mode; the Connection 'local transaction' will be committed and the Connection will be set into auto-commit mode.
?[m?[37m[INFO] 18:18:11,621 [Test worker] internal.JtaPlatformInitiator. - HHH000490: Using JtaPlatform implementation: [org.hibernate.engine.transaction.jta.platform.internal.NoJtaPlatform]
?[m?[37m[INFO] 18:18:11,622 [Test worker] factory.BaseSessionFactoryFactory. - Created session factory for schemas: [CommonSchemaV1(name=net.corda.core.schemas.CommonSchema, version=1), VaultSchemaV1(name=net.corda.node.services.vault.VaultSchema, version=1), NodeInfoSchemaV1(name=net.corda.node.internal.schemas.NodeInfoSchema, version=1), NodeCoreV1(name=net.corda.node.services.schema.NodeSchemaService$NodeCore, version=1), FungibleTokenSchemaV1(name=com.r3.corda.lib.tokens.contracts.internal.schemas.FungibleTokenSchema, version=1), NonFungibleTokenSchemaV1(name=com.r3.corda.lib.tokens.contracts.internal.schemas.NonFungibleTokenSchema, version=1), TokenSchemaV1(name=com.r3.corda.lib.tokens.contracts.schemas.TokenSchema, version=1), DistributionRecordSchemaV1(name=com.r3.corda.lib.tokens.workflows.internal.schemas.DistributionRecordSchema, version=1), JPANotarySchemaV1(name=net.corda.notary.jpa.JPANotarySchema, version=1)]
?[m?[37m[INFO] 18:18:11,626 [Test worker] internal.InternalMockNetwork$MockNode. - Node-info has changed so submitting update. Old node-info was null
?[m?[37m[INFO] 18:18:11,628 [Test worker] network.PersistentNetworkMapCache. - Adding node with info: NodeInfo(addresses=[mock.node:1000], legalIdentitiesAndCerts=[O=Notary, L=London, C=GB], platformVersion=11, serial=1671484691626), owningKey=DL5EerrdNexawBUtwgmNijXcAGCq4d6pLSncotVR1SVjrD
?[m?[37m[INFO] 18:18:11,628 [Test worker] network.PersistentNetworkMapCache. - No previous node found for O=Notary, L=London, C=GB
?[m?[37m[INFO] 18:18:11,639 [Test worker] internal.InternalMockNetwork$MockNode. - New node-info: NodeInfo(addresses=[mock.node:1000], legalIdentitiesAndCerts=[O=Notary, L=London, C=GB], platformVersion=11, serial=1671484691626)
?[m?[37m[INFO] 18:18:11,647 [Test worker] network.NetworkMapUpdater. - Auto-accept enabled for network parameter changes which modify only: [epoch, modifiedTime, packageOwnership, whitelistedContractImplementations]
?[m?[37m[INFO] 18:18:11,647 [Test worker] internal.MockNodeMessagingService. - Status change to true
?[m?[37m[INFO] 18:18:11,647 [Test worker] internal.InternalMockNetwork$MockNode. - MessagingService active change to: true
?[m?[37m[INFO] 18:18:11,659 [MockNode-4-2] network.PersistentNetworkMapCache. - Adding node with info: NodeInfo(addresses=[mock.node:1000], legalIdentitiesAndCerts=[O=Notary, L=London, C=GB], platformVersion=11, serial=1671484691626), owningKey=DL5EerrdNexawBUtwgmNijXcAGCq4d6pLSncotVR1SVjrD
?[m?[37m[INFO] 18:18:11,659 [MockNode-4-2] network.PersistentNetworkMapCache. - Previous node was identical to incoming one - doing nothing
?[m?[37m[INFO] 18:18:11,664 [Test worker] ClassloaderUtils. - Contracts loading for 'C:\Users\diogo\AppData\Local\Temp\attachment5683490745665563895.jar' took 2 msec
?[m?[37m[INFO] 18:18:11,670 [Test worker] persistence.NodeAttachmentService. - Stored new attachment: id=CE8DE26FD6C21FE1E3966284DEF8E748A454C21F0BD9836854DE4DA4544311BC uploader=app filename=tokenizedhouse CorDapp
?[m?[37m[INFO] 18:18:11,675 [Test worker] ClassloaderUtils. - Contracts loading for 'C:\Users\diogo\AppData\Local\Temp\attachment6519307851719362899.jar' took 3 msec
?[m?[37m[INFO] 18:18:11,686 [Test worker] persistence.NodeAttachmentService. - Stored new attachment: id=34705DC9A2C8599998BBDBA7C3D13609AF04D8B3A772F7134D685ECC926D8320 uploader=app filename=Token SDK Contracts
?[m?[37m[INFO] 18:18:11,688 [Test worker] internal.InternalMockNetwork$MockNode. - Installed com.r3.corda.lib.tokens.selection.memory.services.VaultMigratorService Corda service
?[m?[37m[INFO] 18:18:11,689 [Test worker] cordapp.CordappConfigFileProvider. - Found config for cordapp tokens-workflows-1.2 in build\mock-network\20221219-211810.886-6C3A4298C7E11A46\nodes\0\cordapps\config\tokens-workflows-1.2.conf
?[m?[31m[WARN] 18:18:11,689 [Test worker] inMemoryConfigSelectionLogger. - Did not detect a configuration for InMemory selection - enabling memory usage for token indexing. Please set stateSelection.inMemory.enabled to "false" to disable this
?[m?[31m[WARN] 18:18:11,689 [Test worker] inMemoryConfigSelectionLogger. - No indexing method specified. Indexes will be created at run-time for each invocation of selectTokens
?[m?[37m[INFO] 18:18:11,689 [Test worker] inMemoryConfigSelectionLogger. - Found in memory token selection configuration with values indexing strategy: [], cacheSize: 1024
?[m?[31m[WARN] 18:18:11,689 [Test worker] vault.NodeVaultService. - trackBy is called with an already existing, open DB transaction. As a result, there might be states missing from both the snapshot and observable, included in the returned data feed, because of race conditions.
?[m?[31m[WARN] 18:18:11,692 [Test worker] inMemoryConfigSelectionLogger. - Did not detect a configuration for InMemory selection - enabling memory usage for token indexing. Please set stateSelection.inMemory.enabled to "false" to disable this
?[m?[31m[WARN] 18:18:11,692 [Test worker] inMemoryConfigSelectionLogger. - No indexing method specified. Indexes will be created at run-time for each invocation of selectTokens
?[m?[37m[INFO] 18:18:11,692 [Test worker] inMemoryConfigSelectionLogger. - Found in memory token selection configuration with values indexing strategy: [], cacheSize: 1024
?[m?[37m[INFO] 18:18:11,692 [Test worker] services.VaultWatcherService. - Starting async token loading from vault
?[m?[37m[INFO] 18:18:11,692 [Test worker] internal.InternalMockNetwork$MockNode. - Installed com.r3.corda.lib.tokens.selection.memory.services.VaultWatcherService Corda service
?[m?[37m[INFO] 18:18:11,692 [Test worker] utilities.NotaryLoader. - Starting notary service: class net.corda.notary.jpa.JPANotaryService
?[m?[37m[INFO] 18:18:11,696 [pool-12-thread-1] services.VaultWatcherService. - publishing 0 to async state loading callback
?[m?[37m[INFO] 18:18:11,696 [pool-12-thread-1] services.VaultWatcherService. - received token vault update with 0 consumed states and: 0 produced states
?[m?[37m[INFO] 18:18:11,696 [pool-12-thread-1] services.VaultWatcherService. - finished token loading
?[m?[37m[INFO] 18:18:11,704 [Test worker] statemachine.SingleThreadedStateMachineManager. - Node ready, info: NodeInfo(addresses=[mock.node:1000], legalIdentitiesAndCerts=[O=Notary, L=London, C=GB], platformVersion=11, serial=1671484691626)
?[m?[37m[INFO] 18:18:11,704 [Test worker] network.PersistentNetworkMapCache. - Adding node with info: NodeInfo(addresses=[mock.node:1000], legalIdentitiesAndCerts=[O=Notary, L=London, C=GB], platformVersion=11, serial=1671484691626), owningKey=DL5EerrdNexawBUtwgmNijXcAGCq4d6pLSncotVR1SVjrD
?[m?[37m[INFO] 18:18:11,704 [Test worker] network.PersistentNetworkMapCache. - Previous node was identical to incoming one - doing nothing
?[m?[37m[INFO] 18:18:11,704 [Test worker] network.PersistentNetworkMapCache. - Adding node with info: NodeInfo(addresses=[mock.node:1000], legalIdentitiesAndCerts=[O=Notary, L=London, C=GB], platformVersion=11, serial=1671484691626), owningKey=DL5EerrdNexawBUtwgmNijXcAGCq4d6pLSncotVR1SVjrD
?[m?[37m[INFO] 18:18:11,704 [Test worker] network.PersistentNetworkMapCache. - Previous node was identical to incoming one - doing nothing
?[m?[37m[INFO] 18:18:11,714 [Test worker] cordapp.JarScanningCordappLoader. - Looking for CorDapps in [build\mock-network\20221219-211810.886-6C3A4298C7E11A46\nodes\1\cordapps]
?[m?[37m[INFO] 18:18:11,715 [Test worker] cordapp.JarScanningCordappLoader. - Loading CorDapps from RestrictedURL(url=file:/F:/diogo/Documents/Diogo_Programação/2-FungibleToken-Issue-and-Swap/workflows/build/mock-network/20221219-211810.886-6C3A4298C7E11A46/nodes/1/cordapps/contracts-1.0.jar, rootPackageName=null), RestrictedURL(url=file:/F:/diogo/Documents/Diogo_Programação/2-FungibleToken-Issue-and-Swap/workflows/build/mock-network/20221219-211810.886-6C3A4298C7E11A46/nodes/1/cordapps/tokens-contracts-1.2.jar, rootPackageName=null), RestrictedURL(url=file:/F:/diogo/Documents/Diogo_Programação/2-FungibleToken-Issue-and-Swap/workflows/build/mock-network/20221219-211810.886-6C3A4298C7E11A46/nodes/1/cordapps/tokens-workflows-1.2.jar, rootPackageName=null), RestrictedURL(url=file:/F:/diogo/Documents/Diogo_Programação/2-FungibleToken-Issue-and-Swap/workflows/build/mock-network/20221219-211810.886-6C3A4298C7E11A46/nodes/1/cordapps/workflows-1.0.jar, rootPackageName=null)
?[m?[37m[INFO] 18:18:11,715 [Test worker] cordapp.JarScanningCordappLoader. - Scanning CorDapp in file:/F:/diogo/Documents/Diogo_Programação/2-FungibleToken-Issue-and-Swap/workflows/build/mock-network/20221219-211810.886-6C3A4298C7E11A46/nodes/1/cordapps/contracts-1.0.jar
?[m?[37m[INFO] 18:18:11,781 [Test worker] cordapp.JarScanningCordappLoader. - Scanning CorDapp in file:/F:/diogo/Documents/Diogo_Programação/2-FungibleToken-Issue-and-Swap/workflows/build/mock-network/20221219-211810.886-6C3A4298C7E11A46/nodes/1/cordapps/tokens-contracts-1.2.jar
?[m?[37m[INFO] 18:18:11,793 [Test worker] cordapp.JarScanningCordappLoader. - Scanning CorDapp in file:/F:/diogo/Documents/Diogo_Programação/2-FungibleToken-Issue-and-Swap/workflows/build/mock-network/20221219-211810.886-6C3A4298C7E11A46/nodes/1/cordapps/tokens-workflows-1.2.jar
?[m?[37m[INFO] 18:18:11,811 [Test worker] cordapp.JarScanningCordappLoader. - Scanning CorDapp in file:/F:/diogo/Documents/Diogo_Programação/2-FungibleToken-Issue-and-Swap/workflows/build/mock-network/20221219-211810.886-6C3A4298C7E11A46/nodes/1/cordapps/workflows-1.0.jar
?[m?[37m[INFO] 18:18:11,827 [Test worker] internal.InternalMockNetwork$MockNode. - MessagingService active change to: false
?[m?[37m[INFO] 18:18:11,828 [Test worker] internal.InternalMockNetwork$MockNode. - Flow external operation executor has a max of 2 threads
?[m?[37m[INFO] 18:18:11,828 [Test worker] internal.InternalMockNetwork$MockNode. - Node starting up ...
?[m?[37m[INFO] 18:18:11,867 [Test worker] internal.KeyStoreHandler. - Loaded trusted root certificate: DL7fwxLm5xbiMD8adUuYTsPZHAict46Ng4w6RNcySt5vAw, alias: cordarootca
?[m?[37m[INFO] 18:18:11,868 [Test worker] internal.KeyStoreHandler. - Loaded node identity key: DL8VPzqjks3tXBMqvAXhDQJmjLTChGuoXDoHXC91ALdiqW, alias: identity-private-key
?[m?[37m[INFO] 18:18:11,871 [Test worker] internal.NodeFlowManager. - Registered com.r3.corda.lib.tokens.workflows.flows.rpc.ConfidentialIssueTokens to initiate com.r3.corda.lib.tokens.workflows.flows.rpc.ConfidentialIssueTokensHandler (version 1)
?[m?[37m[INFO] 18:18:11,871 [Test worker] internal.NodeFlowManager. - Registered com.r3.corda.lib.tokens.workflows.flows.rpc.ConfidentialMoveFungibleTokens to initiate com.r3.corda.lib.tokens.workflows.flows.rpc.ConfidentialMoveFungibleTokensHandler (version 1)
?[m?[37m[INFO] 18:18:11,872 [Test worker] internal.NodeFlowManager. - Registered com.r3.corda.lib.tokens.workflows.flows.rpc.ConfidentialMoveNonFungibleTokens to initiate com.r3.corda.lib.tokens.workflows.flows.rpc.ConfidentialMoveNonFungibleTokensHandler (version 1)
?[m?[37m[INFO] 18:18:11,872 [Test worker] internal.NodeFlowManager. - Registered com.r3.corda.lib.tokens.workflows.flows.rpc.ConfidentialRedeemFungibleTokens to initiate com.r3.corda.lib.tokens.workflows.flows.rpc.ConfidentialRedeemFungibleTokensHandler (version 1)
?[m?[37m[INFO] 18:18:11,872 [Test worker] internal.NodeFlowManager. - Registered com.r3.corda.lib.tokens.workflows.flows.rpc.CreateEvolvableTokens to initiate com.r3.corda.lib.tokens.workflows.flows.rpc.CreateEvolvableTokensHandler (version 1)
?[m?[37m[INFO] 18:18:11,872 [Test worker] internal.NodeFlowManager. - Registered com.r3.corda.lib.tokens.workflows.flows.rpc.IssueTokens to initiate com.r3.corda.lib.tokens.workflows.flows.rpc.IssueTokensHandler (version 1)
?[m?[37m[INFO] 18:18:11,872 [Test worker] internal.NodeFlowManager. - Registered com.r3.corda.lib.tokens.workflows.flows.rpc.MoveFungibleTokens to initiate com.r3.corda.lib.tokens.workflows.flows.rpc.MoveFungibleTokensHandler (version 1)
?[m?[37m[INFO] 18:18:11,872 [Test worker] internal.NodeFlowManager. - Registered com.r3.corda.lib.tokens.workflows.flows.rpc.MoveNonFungibleTokens to initiate com.r3.corda.lib.tokens.workflows.flows.rpc.MoveNonFungibleTokensHandler (version 1)
?[m?[37m[INFO] 18:18:11,872 [Test worker] internal.NodeFlowManager. - Registered com.r3.corda.lib.tokens.workflows.flows.rpc.RedeemFungibleTokens to initiate com.r3.corda.lib.tokens.workflows.flows.rpc.RedeemFungibleTokensHandler (version 1)
?[m?[37m[INFO] 18:18:11,872 [Test worker] internal.NodeFlowManager. - Registered com.r3.corda.lib.tokens.workflows.flows.rpc.RedeemNonFungibleTokens to initiate com.r3.corda.lib.tokens.workflows.flows.rpc.RedeemNonFungibleTokensHandler (version 1)
?[m?[37m[INFO] 18:18:11,873 [Test worker] internal.NodeFlowManager. - Registered com.r3.corda.lib.tokens.workflows.flows.rpc.UpdateEvolvableToken to initiate com.r3.corda.lib.tokens.workflows.flows.rpc.UpdateEvolvableTokenHandler (version 1)
?[m?[37m[INFO] 18:18:11,873 [Test worker] internal.NodeFlowManager. - Registered com.r3.corda.lib.tokens.workflows.internal.flows.distribution.RequestAdditionToDistributionList$Initiator to initiate com.r3.corda.lib.tokens.workflows.internal.flows.distribution.RequestAdditionToDistributionList$Responder (version 1)
?[m?[37m[INFO] 18:18:11,873 [Test worker] internal.NodeFlowManager. - Registered com.r3.corda.lib.tokens.workflows.internal.flows.distribution.UpdateDistributionListFlow to initiate com.r3.corda.lib.tokens.workflows.internal.flows.distribution.UpdateDistributionListFlowHandler (version 1)
?[m?[37m[INFO] 18:18:11,873 [Test worker] internal.NodeFlowManager. - Registered com.r3.corda.lib.tokens.workflows.internal.testflows.DvPFlow to initiate com.r3.corda.lib.tokens.workflows.internal.testflows.DvPFlowHandler (version 1)
?[m?[37m[INFO] 18:18:11,873 [Test worker] internal.NodeFlowManager. - Registered net.corda.samples.tokenizedhouse.flows.RealEstateEvolvableFungibleTokenFlow$MoveHouseTokenFlow to initiate net.corda.samples.tokenizedhouse.flows.RealEstateEvolvableFungibleTokenFlow$MoveEvolvableFungibleTokenFlowResponder (version 1)
?[m?[37m[INFO] 18:18:11,876 [Test worker] internal.InternalMockNetwork$MockNode. - Loaded network parameters: NetworkParameters {
      minimumPlatformVersion=4
      notaries=[NotaryInfo(identity=O=Notary, L=London, C=GB, validating=true)]
      maxMessageSize=10485760
      maxTransactionSize=52428800
      whitelistedContractImplementations {
        
      }
      eventHorizon=PT51539607528H
      packageOwnership {
        
      }
      modifiedTime=2022-12-19T21:18:10.886Z
      epoch=1
  }
?[m?[37m[INFO] 18:18:11,876 [Test worker] hikari.HikariDataSource. - HikariPool-5 - Starting...
?[m?[37m[INFO] 18:18:11,885 [Test worker] hikari.HikariDataSource. - HikariPool-5 - Start completed.
?[m?[37m[INFO] 18:18:12,032 [Test worker] jvm.JdbcExecutor. - SELECT MD5SUM FROM PUBLIC.DATABASECHANGELOG WHERE MD5SUM IS NOT NULL
?[m?[37m[INFO] 18:18:12,033 [Test worker] jvm.JdbcExecutor. - SELECT COUNT(*) FROM PUBLIC.DATABASECHANGELOG
?[m?[37m[INFO] 18:18:12,033 [Test worker] changelog.StandardChangeLogHistoryService. - Reading from PUBLIC.DATABASECHANGELOG
?[m?[37m[INFO] 18:18:12,033 [Test worker] jvm.JdbcExecutor. - SELECT * FROM PUBLIC.DATABASECHANGELOG ORDER BY DATEEXECUTED ASC, ORDEREXECUTED ASC
?[m?[37m[INFO] 18:18:12,034 [Test worker] jvm.JdbcExecutor. - SELECT COUNT(*) FROM PUBLIC.DATABASECHANGELOGLOCK
?[m?[37m[INFO] 18:18:12,034 [Test worker] jvm.JdbcExecutor. - SELECT COUNT(*) FROM PUBLIC.DATABASECHANGELOGLOCK
?[m?[37m[INFO] 18:18:12,046 [Test worker] visitor.ValidatingVisitor. - Skipping change set migration/vault-schema.changelog-v13.xml::vault_transaction_id_size_non-clustered_pk-1::R3.Corda due to validation error(s): clustered is not allowed on h2 {changeSet=migration/vault-schema.changelog-v13.xml::vault_transaction_id_size_non-clustered_pk-1::R3.Corda, databaseChangeLog=master.changelog.json}
?[m?[37m[INFO] 18:18:12,046 [Test worker] visitor.ValidatingVisitor. - Skipping change set migration/vault-schema.changelog-v13.xml::vault_transaction_id_size_non-clustered_pk-2::R3.Corda due to validation error(s): clustered is not allowed on h2 {changeSet=migration/vault-schema.changelog-v13.xml::vault_transaction_id_size_non-clustered_pk-2::R3.Corda, databaseChangeLog=master.changelog.json}
?[m?[37m[INFO] 18:18:12,046 [Test worker] visitor.ValidatingVisitor. - Skipping change set migration/vault-schema.changelog-v13.xml::vault_transaction_id_size_non-clustered_pk-3::R3.Corda due to validation error(s): clustered is not allowed on h2 {changeSet=migration/vault-schema.changelog-v13.xml::vault_transaction_id_size_non-clustered_pk-3::R3.Corda, databaseChangeLog=master.changelog.json}
?[m?[37m[INFO] 18:18:12,058 [Test worker] visitor.ValidatingVisitor. - Skipping change set migration/node-core.changelog-v21.xml::node_transaction_id_size_non-clustered_pk::R3.Corda due to validation error(s): clustered is not allowed on h2 {changeSet=migration/node-core.changelog-v21.xml::node_transaction_id_size_non-clustered_pk::R3.Corda, databaseChangeLog=master.changelog.json}
?[m?[37m[INFO] 18:18:12,059 [Test worker] jvm.JdbcExecutor. - SELECT LOCKED FROM PUBLIC.DATABASECHANGELOGLOCK WHERE ID=1
?[m?[37m[INFO] 18:18:12,059 [Test worker] lockservice.StandardLockService. - Successfully acquired change log lock
?[m?[37m[INFO] 18:18:12,060 [Test worker] visitor.ValidatingVisitor. - Skipping change set migration/vault-schema.changelog-v13.xml::vault_transaction_id_size_non-clustered_pk-1::R3.Corda due to validation error(s): clustered is not allowed on h2 {changeSet=migration/vault-schema.changelog-v13.xml::vault_transaction_id_size_non-clustered_pk-1::R3.Corda, databaseChangeLog=master.changelog.json}
?[m?[37m[INFO] 18:18:12,060 [Test worker] visitor.ValidatingVisitor. - Skipping change set migration/vault-schema.changelog-v13.xml::vault_transaction_id_size_non-clustered_pk-2::R3.Corda due to validation error(s): clustered is not allowed on h2 {changeSet=migration/vault-schema.changelog-v13.xml::vault_transaction_id_size_non-clustered_pk-2::R3.Corda, databaseChangeLog=master.changelog.json}
?[m?[37m[INFO] 18:18:12,060 [Test worker] visitor.ValidatingVisitor. - Skipping change set migration/vault-schema.changelog-v13.xml::vault_transaction_id_size_non-clustered_pk-3::R3.Corda due to validation error(s): clustered is not allowed on h2 {changeSet=migration/vault-schema.changelog-v13.xml::vault_transaction_id_size_non-clustered_pk-3::R3.Corda, databaseChangeLog=master.changelog.json}
?[m?[37m[INFO] 18:18:12,063 [Test worker] visitor.ValidatingVisitor. - Skipping change set migration/node-core.changelog-v21.xml::node_transaction_id_size_non-clustered_pk::R3.Corda due to validation error(s): clustered is not allowed on h2 {changeSet=migration/node-core.changelog-v21.xml::node_transaction_id_size_non-clustered_pk::R3.Corda, databaseChangeLog=master.changelog.json}
?[m?[37m[INFO] 18:18:12,063 [Test worker] jvm.JdbcExecutor. - DROP VIEW PUBLIC.v_pkey_hash_ex_id_map {changeSet=migration/vault-schema.changelog-v13.xml::vault_transaction_id_size::R3.Corda, databaseChangeLog=master.changelog.json}
?[m?[37m[INFO] 18:18:12,064 [Test worker] changelog.ChangeSet. - View v_pkey_hash_ex_id_map dropped {changeSet=migration/vault-schema.changelog-v13.xml::vault_transaction_id_size::R3.Corda, databaseChangeLog=master.changelog.json}
?[m?[37m[INFO] 18:18:12,064 [Test worker] jvm.JdbcExecutor. - ALTER TABLE PUBLIC.vault_fungible_states_parts DROP CONSTRAINT FK__fung_st_parts__fung_st {changeSet=migration/vault-schema.changelog-v13.xml::vault_transaction_id_size::R3.Corda, databaseChangeLog=master.changelog.json}
?[m?[37m[INFO] 18:18:12,064 [Test worker] changelog.ChangeSet. - Foreign key FK__fung_st_parts__fung_st dropped {changeSet=migration/vault-schema.changelog-v13.xml::vault_transaction_id_size::R3.Corda, databaseChangeLog=master.changelog.json}
?[m?[37m[INFO] 18:18:12,064 [Test worker] jvm.JdbcExecutor. - ALTER TABLE PUBLIC.vault_linear_states_parts DROP CONSTRAINT FK__lin_stat_parts__lin_stat {changeSet=migration/vault-schema.changelog-v13.xml::vault_transaction_id_size::R3.Corda, databaseChangeLog=master.changelog.json}
?[m?[37m[INFO] 18:18:12,064 [Test worker] changelog.ChangeSet. - Foreign key FK__lin_stat_parts__lin_stat dropped {changeSet=migration/vault-schema.changelog-v13.xml::vault_transaction_id_size::R3.Corda, databaseChangeLog=master.changelog.json}
?[m?[37m[INFO] 18:18:12,064 [Test worker] jvm.JdbcExecutor. - ALTER TABLE PUBLIC.vault_fungible_states DROP PRIMARY KEY {changeSet=migration/vault-schema.changelog-v13.xml::vault_transaction_id_size::R3.Corda, databaseChangeLog=master.changelog.json}
?[m?[37m[INFO] 18:18:12,064 [Test worker] changelog.ChangeSet. - Primary key dropped from vault_fungible_states {changeSet=migration/vault-schema.changelog-v13.xml::vault_transaction_id_size::R3.Corda, databaseChangeLog=master.changelog.json}
?[m?[37m[INFO] 18:18:12,064 [Test worker] jvm.JdbcExecutor. - ALTER TABLE PUBLIC.vault_linear_states DROP PRIMARY KEY {changeSet=migration/vault-schema.changelog-v13.xml::vault_transaction_id_size::R3.Corda, databaseChangeLog=master.changelog.json}
?[m?[37m[INFO] 18:18:12,064 [Test worker] changelog.ChangeSet. - Primary key dropped from vault_linear_states {changeSet=migration/vault-schema.changelog-v13.xml::vault_transaction_id_size::R3.Corda, databaseChangeLog=master.changelog.json}
?[m?[37m[INFO] 18:18:12,064 [Test worker] jvm.JdbcExecutor. - ALTER TABLE PUBLIC.vault_states DROP PRIMARY KEY {changeSet=migration/vault-schema.changelog-v13.xml::vault_transaction_id_size::R3.Corda, databaseChangeLog=master.changelog.json}
?[m?[37m[INFO] 18:18:12,065 [Test worker] changelog.ChangeSet. - Primary key dropped from vault_states {changeSet=migration/vault-schema.changelog-v13.xml::vault_transaction_id_size::R3.Corda, databaseChangeLog=master.changelog.json}
?[m?[37m[INFO] 18:18:12,065 [Test worker] jvm.JdbcExecutor. - DROP INDEX PUBLIC.transaction_id_index {changeSet=migration/vault-schema.changelog-v13.xml::vault_transaction_id_size::R3.Corda, databaseChangeLog=master.changelog.json}
?[m?[37m[INFO] 18:18:12,065 [Test worker] changelog.ChangeSet. - Index transaction_id_index dropped from table vault_transaction_notes {changeSet=migration/vault-schema.changelog-v13.xml::vault_transaction_id_size::R3.Corda, databaseChangeLog=master.changelog.json}
?[m?[37m[INFO] 18:18:12,065 [Test worker] jvm.JdbcExecutor. - ALTER TABLE PUBLIC.vault_fungible_states ALTER COLUMN transaction_id SET NULL {changeSet=migration/vault-schema.changelog-v13.xml::vault_transaction_id_size::R3.Corda, databaseChangeLog=master.changelog.json}
?[m?[37m[INFO] 18:18:12,065 [Test worker] changelog.ChangeSet. - Null constraint dropped from vault_fungible_states.transaction_id {changeSet=migration/vault-schema.changelog-v13.xml::vault_transaction_id_size::R3.Corda, databaseChangeLog=master.changelog.json}
?[m?[37m[INFO] 18:18:12,065 [Test worker] jvm.JdbcExecutor. - ALTER TABLE PUBLIC.vault_fungible_states_parts ALTER COLUMN transaction_id SET NULL {changeSet=migration/vault-schema.changelog-v13.xml::vault_transaction_id_size::R3.Corda, databaseChangeLog=master.changelog.json}
?[m?[37m[INFO] 18:18:12,065 [Test worker] changelog.ChangeSet. - Null constraint dropped from vault_fungible_states_parts.transaction_id {changeSet=migration/vault-schema.changelog-v13.xml::vault_transaction_id_size::R3.Corda, databaseChangeLog=master.changelog.json}
?[m?[37m[INFO] 18:18:12,065 [Test worker] jvm.JdbcExecutor. - ALTER TABLE PUBLIC.vault_linear_states ALTER COLUMN transaction_id SET NULL {changeSet=migration/vault-schema.changelog-v13.xml::vault_transaction_id_size::R3.Corda, databaseChangeLog=master.changelog.json}
?[m?[37m[INFO] 18:18:12,065 [Test worker] changelog.ChangeSet. - Null constraint dropped from vault_linear_states.transaction_id {changeSet=migration/vault-schema.changelog-v13.xml::vault_transaction_id_size::R3.Corda, databaseChangeLog=master.changelog.json}
?[m?[37m[INFO] 18:18:12,065 [Test worker] jvm.JdbcExecutor. - ALTER TABLE PUBLIC.vault_linear_states_parts ALTER COLUMN transaction_id SET NULL {changeSet=migration/vault-schema.changelog-v13.xml::vault_transaction_id_size::R3.Corda, databaseChangeLog=master.changelog.json}
?[m?[37m[INFO] 18:18:12,065 [Test worker] changelog.ChangeSet. - Null constraint dropped from vault_linear_states_parts.transaction_id {changeSet=migration/vault-schema.changelog-v13.xml::vault_transaction_id_size::R3.Corda, databaseChangeLog=master.changelog.json}
?[m?[37m[INFO] 18:18:12,066 [Test worker] jvm.JdbcExecutor. - ALTER TABLE PUBLIC.vault_states ALTER COLUMN transaction_id SET NULL {changeSet=migration/vault-schema.changelog-v13.xml::vault_transaction_id_size::R3.Corda, databaseChangeLog=master.changelog.json}
?[m?[37m[INFO] 18:18:12,066 [Test worker] changelog.ChangeSet. - Null constraint dropped from vault_states.transaction_id {changeSet=migration/vault-schema.changelog-v13.xml::vault_transaction_id_size::R3.Corda, databaseChangeLog=master.changelog.json}
?[m?[37m[INFO] 18:18:12,066 [Test worker] jvm.JdbcExecutor. - ALTER TABLE PUBLIC.vault_fungible_states ALTER COLUMN transaction_id NVARCHAR(144) {changeSet=migration/vault-schema.changelog-v13.xml::vault_transaction_id_size::R3.Corda, databaseChangeLog=master.changelog.json}
?[m?[37m[INFO] 18:18:12,066 [Test worker] changelog.ChangeSet. - vault_fungible_states.transaction_id datatype was changed to NVARCHAR(144) {changeSet=migration/vault-schema.changelog-v13.xml::vault_transaction_id_size::R3.Corda, databaseChangeLog=master.changelog.json}
?[m?[37m[INFO] 18:18:12,067 [Test worker] jvm.JdbcExecutor. - ALTER TABLE PUBLIC.vault_fungible_states_parts ALTER COLUMN transaction_id NVARCHAR(144) {changeSet=migration/vault-schema.changelog-v13.xml::vault_transaction_id_size::R3.Corda, databaseChangeLog=master.changelog.json}
?[m?[37m[INFO] 18:18:12,067 [Test worker] changelog.ChangeSet. - vault_fungible_states_parts.transaction_id datatype was changed to NVARCHAR(144) {changeSet=migration/vault-schema.changelog-v13.xml::vault_transaction_id_size::R3.Corda, databaseChangeLog=master.changelog.json}
?[m?[37m[INFO] 18:18:12,067 [Test worker] jvm.JdbcExecutor. - ALTER TABLE PUBLIC.vault_linear_states ALTER COLUMN transaction_id NVARCHAR(144) {changeSet=migration/vault-schema.changelog-v13.xml::vault_transaction_id_size::R3.Corda, databaseChangeLog=master.changelog.json}
?[m?[37m[INFO] 18:18:12,068 [Test worker] changelog.ChangeSet. - vault_linear_states.transaction_id datatype was changed to NVARCHAR(144) {changeSet=migration/vault-schema.changelog-v13.xml::vault_transaction_id_size::R3.Corda, databaseChangeLog=master.changelog.json}
?[m?[37m[INFO] 18:18:12,068 [Test worker] jvm.JdbcExecutor. - ALTER TABLE PUBLIC.vault_linear_states_parts ALTER COLUMN transaction_id NVARCHAR(144) {changeSet=migration/vault-schema.changelog-v13.xml::vault_transaction_id_size::R3.Corda, databaseChangeLog=master.changelog.json}
?[m?[37m[INFO] 18:18:12,069 [Test worker] changelog.ChangeSet. - vault_linear_states_parts.transaction_id datatype was changed to NVARCHAR(144) {changeSet=migration/vault-schema.changelog-v13.xml::vault_transaction_id_size::R3.Corda, databaseChangeLog=master.changelog.json}
?[m?[37m[INFO] 18:18:12,069 [Test worker] jvm.JdbcExecutor. - ALTER TABLE PUBLIC.vault_states ALTER COLUMN transaction_id NVARCHAR(144) {changeSet=migration/vault-schema.changelog-v13.xml::vault_transaction_id_size::R3.Corda, databaseChangeLog=master.changelog.json}
?[m?[37m[INFO] 18:18:12,070 [Test worker] changelog.ChangeSet. - vault_states.transaction_id datatype was changed to NVARCHAR(144) {changeSet=migration/vault-schema.changelog-v13.xml::vault_transaction_id_size::R3.Corda, databaseChangeLog=master.changelog.json}
?[m?[37m[INFO] 18:18:12,070 [Test worker] jvm.JdbcExecutor. - ALTER TABLE PUBLIC.vault_transaction_notes ALTER COLUMN transaction_id NVARCHAR(144) {changeSet=migration/vault-schema.changelog-v13.xml::vault_transaction_id_size::R3.Corda, databaseChangeLog=master.changelog.json}
?[m?[37m[INFO] 18:18:12,071 [Test worker] changelog.ChangeSet. - vault_transaction_notes.transaction_id datatype was changed to NVARCHAR(144) {changeSet=migration/vault-schema.changelog-v13.xml::vault_transaction_id_size::R3.Corda, databaseChangeLog=master.changelog.json}
?[m?[37m[INFO] 18:18:12,072 [Test worker] jvm.JdbcExecutor. - ALTER TABLE PUBLIC.state_party ALTER COLUMN transaction_id NVARCHAR(144) {changeSet=migration/vault-schema.changelog-v13.xml::vault_transaction_id_size::R3.Corda, databaseChangeLog=master.changelog.json}
?[m?[37m[INFO] 18:18:12,073 [Test worker] changelog.ChangeSet. - state_party.transaction_id datatype was changed to NVARCHAR(144) {changeSet=migration/vault-schema.changelog-v13.xml::vault_transaction_id_size::R3.Corda, databaseChangeLog=master.changelog.json}
?[m?[37m[INFO] 18:18:12,073 [Test worker] jvm.JdbcExecutor. - ALTER TABLE PUBLIC.vault_fungible_states ALTER COLUMN transaction_id SET NOT NULL {changeSet=migration/vault-schema.changelog-v13.xml::vault_transaction_id_size::R3.Corda, databaseChangeLog=master.changelog.json}
?[m?[37m[INFO] 18:18:12,073 [Test worker] changelog.ChangeSet. - NOT NULL constraint has been added to vault_fungible_states.transaction_id {changeSet=migration/vault-schema.changelog-v13.xml::vault_transaction_id_size::R3.Corda, databaseChangeLog=master.changelog.json}
?[m?[37m[INFO] 18:18:12,073 [Test worker] jvm.JdbcExecutor. - ALTER TABLE PUBLIC.vault_fungible_states_parts ALTER COLUMN transaction_id SET NOT NULL {changeSet=migration/vault-schema.changelog-v13.xml::vault_transaction_id_size::R3.Corda, databaseChangeLog=master.changelog.json}
?[m?[37m[INFO] 18:18:12,073 [Test worker] changelog.ChangeSet. - NOT NULL constraint has been added to vault_fungible_states_parts.transaction_id {changeSet=migration/vault-schema.changelog-v13.xml::vault_transaction_id_size::R3.Corda, databaseChangeLog=master.changelog.json}
?[m?[37m[INFO] 18:18:12,073 [Test worker] jvm.JdbcExecutor. - ALTER TABLE PUBLIC.vault_linear_states ALTER COLUMN transaction_id SET NOT NULL {changeSet=migration/vault-schema.changelog-v13.xml::vault_transaction_id_size::R3.Corda, databaseChangeLog=master.changelog.json}
?[m?[37m[INFO] 18:18:12,073 [Test worker] changelog.ChangeSet. - NOT NULL constraint has been added to vault_linear_states.transaction_id {changeSet=migration/vault-schema.changelog-v13.xml::vault_transaction_id_size::R3.Corda, databaseChangeLog=master.changelog.json}
?[m?[37m[INFO] 18:18:12,073 [Test worker] jvm.JdbcExecutor. - ALTER TABLE PUBLIC.vault_linear_states_parts ALTER COLUMN transaction_id SET NOT NULL {changeSet=migration/vault-schema.changelog-v13.xml::vault_transaction_id_size::R3.Corda, databaseChangeLog=master.changelog.json}
?[m?[37m[INFO] 18:18:12,074 [Test worker] changelog.ChangeSet. - NOT NULL constraint has been added to vault_linear_states_parts.transaction_id {changeSet=migration/vault-schema.changelog-v13.xml::vault_transaction_id_size::R3.Corda, databaseChangeLog=master.changelog.json}
?[m?[37m[INFO] 18:18:12,074 [Test worker] jvm.JdbcExecutor. - ALTER TABLE PUBLIC.vault_states ALTER COLUMN transaction_id SET NOT NULL {changeSet=migration/vault-schema.changelog-v13.xml::vault_transaction_id_size::R3.Corda, databaseChangeLog=master.changelog.json}
?[m?[37m[INFO] 18:18:12,074 [Test worker] changelog.ChangeSet. - NOT NULL constraint has been added to vault_states.transaction_id {changeSet=migration/vault-schema.changelog-v13.xml::vault_transaction_id_size::R3.Corda, databaseChangeLog=master.changelog.json}
?[m?[37m[INFO] 18:18:12,074 [Test worker] jvm.JdbcExecutor. - ALTER TABLE PUBLIC.vault_fungible_states ADD CONSTRAINT vault_fungible_states_pkey PRIMARY KEY (transaction_id, output_index) {changeSet=migration/vault-schema.changelog-v13.xml::vault_transaction_id_size::R3.Corda, databaseChangeLog=master.changelog.json}
?[m?[37m[INFO] 18:18:12,074 [Test worker] changelog.ChangeSet. - Primary key added to vault_fungible_states (transaction_id, output_index) {changeSet=migration/vault-schema.changelog-v13.xml::vault_transaction_id_size::R3.Corda, databaseChangeLog=master.changelog.json}
?[m?[37m[INFO] 18:18:12,074 [Test worker] jvm.JdbcExecutor. - ALTER TABLE PUBLIC.vault_linear_states ADD CONSTRAINT vault_linear_states_pkey PRIMARY KEY (transaction_id, output_index) {changeSet=migration/vault-schema.changelog-v13.xml::vault_transaction_id_size::R3.Corda, databaseChangeLog=master.changelog.json}
?[m?[37m[INFO] 18:18:12,074 [Test worker] changelog.ChangeSet. - Primary key added to vault_linear_states (transaction_id, output_index) {changeSet=migration/vault-schema.changelog-v13.xml::vault_transaction_id_size::R3.Corda, databaseChangeLog=master.changelog.json}
?[m?[37m[INFO] 18:18:12,074 [Test worker] jvm.JdbcExecutor. - ALTER TABLE PUBLIC.vault_states ADD CONSTRAINT vault_states_pkey PRIMARY KEY (transaction_id, output_index) {changeSet=migration/vault-schema.changelog-v13.xml::vault_transaction_id_size::R3.Corda, databaseChangeLog=master.changelog.json}
?[m?[37m[INFO] 18:18:12,074 [Test worker] changelog.ChangeSet. - Primary key added to vault_states (transaction_id, output_index) {changeSet=migration/vault-schema.changelog-v13.xml::vault_transaction_id_size::R3.Corda, databaseChangeLog=master.changelog.json}
?[m?[37m[INFO] 18:18:12,075 [Test worker] jvm.JdbcExecutor. - CREATE INDEX PUBLIC.transaction_id_index ON PUBLIC.vault_transaction_notes(transaction_id) {changeSet=migration/vault-schema.changelog-v13.xml::vault_transaction_id_size::R3.Corda, databaseChangeLog=master.changelog.json}
?[m?[37m[INFO] 18:18:12,075 [Test worker] changelog.ChangeSet. - Index transaction_id_index created {changeSet=migration/vault-schema.changelog-v13.xml::vault_transaction_id_size::R3.Corda, databaseChangeLog=master.changelog.json}
?[m?[37m[INFO] 18:18:12,075 [Test worker] changelog.ChangeSet. - ChangeSet migration/vault-schema.changelog-v13.xml::vault_transaction_id_size::R3.Corda ran successfully in 12ms {changeSet=migration/vault-schema.changelog-v13.xml::vault_transaction_id_size::R3.Corda, databaseChangeLog=master.changelog.json}
?[m?[37m[INFO] 18:18:12,075 [Test worker] jvm.JdbcExecutor. - SELECT MAX(ORDEREXECUTED) FROM PUBLIC.DATABASECHANGELOG {changeSet=migration/vault-schema.changelog-v13.xml::vault_transaction_id_size::R3.Corda, databaseChangeLog=master.changelog.json}
?[m?[37m[INFO] 18:18:12,077 [Test worker] jvm.JdbcExecutor. - INSERT INTO PUBLIC.DATABASECHANGELOG (ID, AUTHOR, FILENAME, DATEEXECUTED, ORDEREXECUTED, MD5SUM, DESCRIPTION, COMMENTS, EXECTYPE, CONTEXTS, LABELS, LIQUIBASE, DEPLOYMENT_ID) VALUES ('vault_transaction_id_size', 'R3.Corda', 'migration/vault-schema.changelog-v13.xml', NOW(), 94, '8:6251c962c4f12e03040c4fceecdc07e0', 'dropView viewName=v_pkey_hash_ex_id_map; dropForeignKeyConstraint baseTableName=vault_fungible_states_parts, constraintName=FK__fung_st_parts__fung_st; dropForeignKeyConstraint baseTableName=vault_linear_states_parts, constraintName=FK__lin_stat_p...', '', 'EXECUTED', NULL, NULL, '3.6.3', '1484692059') {changeSet=migration/vault-schema.changelog-v13.xml::vault_transaction_id_size::R3.Corda, databaseChangeLog=master.changelog.json}
?[m?[37m[INFO] 18:18:12,078 [Test worker] jvm.JdbcExecutor. - INSERT INTO PUBLIC.DATABASECHANGELOG (ID, AUTHOR, FILENAME, DATEEXECUTED, ORDEREXECUTED, MD5SUM, DESCRIPTION, COMMENTS, EXECTYPE, CONTEXTS, LABELS, LIQUIBASE, DEPLOYMENT_ID) VALUES ('vault_transaction_id_size_non-clustered_pk-1', 'R3.Corda', 'migration/vault-schema.changelog-v13.xml', NOW(), 95, '8:d9c822bbaf7c5eea4cd2559f94a17eba', 'dropPrimaryKey constraintName=vault_fungible_states_pkey, tableName=vault_fungible_states; addPrimaryKey constraintName=vault_fungible_states_pkey, tableName=vault_fungible_states', '', 'MARK_RAN', NULL, NULL, '3.6.3', '1484692059') {changeSet=migration/vault-schema.changelog-v13.xml::vault_transaction_id_size_non-clustered_pk-1::R3.Corda, databaseChangeLog=master.changelog.json}
?[m?[37m[INFO] 18:18:12,079 [Test worker] jvm.JdbcExecutor. - INSERT INTO PUBLIC.DATABASECHANGELOG (ID, AUTHOR, FILENAME, DATEEXECUTED, ORDEREXECUTED, MD5SUM, DESCRIPTION, COMMENTS, EXECTYPE, CONTEXTS, LABELS, LIQUIBASE, DEPLOYMENT_ID) VALUES ('vault_transaction_id_size_non-clustered_pk-2', 'R3.Corda', 'migration/vault-schema.changelog-v13.xml', NOW(), 96, '8:fb2cd4970e95f7c7936b9754a6438da5', 'dropPrimaryKey constraintName=vault_linear_states_pkey, tableName=vault_linear_states; addPrimaryKey constraintName=vault_linear_states_pkey, tableName=vault_linear_states', '', 'MARK_RAN', NULL, NULL, '3.6.3', '1484692059') {changeSet=migration/vault-schema.changelog-v13.xml::vault_transaction_id_size_non-clustered_pk-2::R3.Corda, databaseChangeLog=master.changelog.json}
?[m?[37m[INFO] 18:18:12,080 [Test worker] jvm.JdbcExecutor. - INSERT INTO PUBLIC.DATABASECHANGELOG (ID, AUTHOR, FILENAME, DATEEXECUTED, ORDEREXECUTED, MD5SUM, DESCRIPTION, COMMENTS, EXECTYPE, CONTEXTS, LABELS, LIQUIBASE, DEPLOYMENT_ID) VALUES ('vault_transaction_id_size_non-clustered_pk-3', 'R3.Corda', 'migration/vault-schema.changelog-v13.xml', NOW(), 97, '8:54bd9c17ce296bb02c369a5cfbedd866', 'dropPrimaryKey constraintName=vault_states_pkey, tableName=vault_states; addPrimaryKey constraintName=vault_states_pkey, tableName=vault_states', '', 'MARK_RAN', NULL, NULL, '3.6.3', '1484692059') {changeSet=migration/vault-schema.changelog-v13.xml::vault_transaction_id_size_non-clustered_pk-3::R3.Corda, databaseChangeLog=master.changelog.json}
?[m?[37m[INFO] 18:18:12,080 [Test worker] jvm.JdbcExecutor. - ALTER TABLE PUBLIC.vault_fungible_states_parts ADD CONSTRAINT FK__fung_st_parts__fung_st FOREIGN KEY (transaction_id, output_index) REFERENCES PUBLIC.vault_fungible_states (transaction_id, output_index) {changeSet=migration/vault-schema.changelog-v13.xml::vault_transaction_id_size_2::R3.Corda, databaseChangeLog=master.changelog.json}
?[m?[37m[INFO] 18:18:12,081 [Test worker] changelog.ChangeSet. - Foreign key constraint added to vault_fungible_states_parts (transaction_id,output_index) {changeSet=migration/vault-schema.changelog-v13.xml::vault_transaction_id_size_2::R3.Corda, databaseChangeLog=master.changelog.json}
?[m?[37m[INFO] 18:18:12,081 [Test worker] jvm.JdbcExecutor. - ALTER TABLE PUBLIC.vault_linear_states_parts ADD CONSTRAINT FK__lin_stat_parts__lin_stat FOREIGN KEY (transaction_id, output_index) REFERENCES PUBLIC.vault_linear_states (transaction_id, output_index) {changeSet=migration/vault-schema.changelog-v13.xml::vault_transaction_id_size_2::R3.Corda, databaseChangeLog=master.changelog.json}
?[m?[37m[INFO] 18:18:12,081 [Test worker] changelog.ChangeSet. - Foreign key constraint added to vault_linear_states_parts (transaction_id,output_index) {changeSet=migration/vault-schema.changelog-v13.xml::vault_transaction_id_size_2::R3.Corda, databaseChangeLog=master.changelog.json}
?[m?[37m[INFO] 18:18:12,082 [Test worker] jvm.JdbcExecutor. - CREATE VIEW PUBLIC.v_pkey_hash_ex_id_map AS select
            state_party.public_key_hash,
            state_party.transaction_id,
            state_party.output_index,
            pk_hash_to_ext_id_map.external_id
            from state_party
            join pk_hash_to_ext_id_map
            on state_party.public_key_hash = pk_hash_to_ext_id_map.public_key_hash {changeSet=migration/vault-schema.changelog-v13.xml::vault_transaction_id_size_2::R3.Corda, databaseChangeLog=master.changelog.json}
?[m?[37m[INFO] 18:18:12,082 [Test worker] changelog.ChangeSet. - View v_pkey_hash_ex_id_map created {changeSet=migration/vault-schema.changelog-v13.xml::vault_transaction_id_size_2::R3.Corda, databaseChangeLog=master.changelog.json}
?[m?[37m[INFO] 18:18:12,082 [Test worker] changelog.ChangeSet. - ChangeSet migration/vault-schema.changelog-v13.xml::vault_transaction_id_size_2::R3.Corda ran successfully in 2ms {changeSet=migration/vault-schema.changelog-v13.xml::vault_transaction_id_size_2::R3.Corda, databaseChangeLog=master.changelog.json}
?[m?[37m[INFO] 18:18:12,083 [Test worker] jvm.JdbcExecutor. - INSERT INTO PUBLIC.DATABASECHANGELOG (ID, AUTHOR, FILENAME, DATEEXECUTED, ORDEREXECUTED, MD5SUM, DESCRIPTION, COMMENTS, EXECTYPE, CONTEXTS, LABELS, LIQUIBASE, DEPLOYMENT_ID) VALUES ('vault_transaction_id_size_2', 'R3.Corda', 'migration/vault-schema.changelog-v13.xml', NOW(), 98, '8:39d3cb14fba7c771c1fd93a8ec497365', 'addForeignKeyConstraint baseTableName=vault_fungible_states_parts, constraintName=FK__fung_st_parts__fung_st, referencedTableName=vault_fungible_states; addForeignKeyConstraint baseTableName=vault_linear_states_parts, constraintName=FK__lin_stat_p...', '', 'EXECUTED', NULL, NULL, '3.6.3', '1484692059') {changeSet=migration/vault-schema.changelog-v13.xml::vault_transaction_id_size_2::R3.Corda, databaseChangeLog=master.changelog.json}
?[m?[37m[INFO] 18:18:12,084 [Test worker] jvm.JdbcExecutor. - ALTER TABLE PUBLIC.node_identities_no_cert ADD owning_pk_hash NVARCHAR(130) {changeSet=migration/node-services.changelog-init.xml::identity_service_key_rotation::R3.Corda, databaseChangeLog=master.changelog.json}
?[m?[37m[INFO] 18:18:12,085 [Test worker] changelog.ChangeSet. - Columns owning_pk_hash(NVARCHAR(130)) added to node_identities_no_cert {changeSet=migration/node-services.changelog-init.xml::identity_service_key_rotation::R3.Corda, databaseChangeLog=master.changelog.json}
?[m?[37m[INFO] 18:18:12,085 [Test worker] jvm.JdbcExecutor. - UPDATE node_identities_no_cert SET owning_pk_hash =
            (SELECT pk_hash FROM node_named_identities WHERE node_named_identities.name = node_identities_no_cert.name) {changeSet=migration/node-services.changelog-init.xml::identity_service_key_rotation::R3.Corda, databaseChangeLog=master.changelog.json}
?[m?[37m[INFO] 18:18:12,086 [Test worker] changelog.ChangeSet. - Custom SQL executed {changeSet=migration/node-services.changelog-init.xml::identity_service_key_rotation::R3.Corda, databaseChangeLog=master.changelog.json}
?[m?[37m[INFO] 18:18:12,086 [Test worker] jvm.JdbcExecutor. - UPDATE node_identities_no_cert SET owning_pk_hash = 'unresolved' WHERE owning_pk_hash IS NULL {changeSet=migration/node-services.changelog-init.xml::identity_service_key_rotation::R3.Corda, databaseChangeLog=master.changelog.json}
?[m?[37m[INFO] 18:18:12,086 [Test worker] changelog.ChangeSet. - Custom SQL executed {changeSet=migration/node-services.changelog-init.xml::identity_service_key_rotation::R3.Corda, databaseChangeLog=master.changelog.json}
?[m?[37m[INFO] 18:18:12,086 [Test worker] jvm.JdbcExecutor. - ALTER TABLE PUBLIC.node_identities_no_cert ALTER COLUMN owning_pk_hash SET NOT NULL {changeSet=migration/node-services.changelog-init.xml::identity_service_key_rotation::R3.Corda, databaseChangeLog=master.changelog.json}
?[m?[37m[INFO] 18:18:12,086 [Test worker] changelog.ChangeSet. - NOT NULL constraint has been added to node_identities_no_cert.owning_pk_hash {changeSet=migration/node-services.changelog-init.xml::identity_service_key_rotation::R3.Corda, databaseChangeLog=master.changelog.json}
?[m?[37m[INFO] 18:18:12,086 [Test worker] jvm.JdbcExecutor. - DROP TABLE PUBLIC.node_named_identities {changeSet=migration/node-services.changelog-init.xml::identity_service_key_rotation::R3.Corda, databaseChangeLog=master.changelog.json}
?[m?[37m[INFO] 18:18:12,086 [Test worker] changelog.ChangeSet. - Table node_named_identities dropped {changeSet=migration/node-services.changelog-init.xml::identity_service_key_rotation::R3.Corda, databaseChangeLog=master.changelog.json}
?[m?[37m[INFO] 18:18:12,086 [Test worker] changelog.ChangeSet. - ChangeSet migration/node-services.changelog-init.xml::identity_service_key_rotation::R3.Corda ran successfully in 2ms {changeSet=migration/node-services.changelog-init.xml::identity_service_key_rotation::R3.Corda, databaseChangeLog=master.changelog.json}
?[m?[37m[INFO] 18:18:12,088 [Test worker] jvm.JdbcExecutor. - INSERT INTO PUBLIC.DATABASECHANGELOG (ID, AUTHOR, FILENAME, DATEEXECUTED, ORDEREXECUTED, MD5SUM, DESCRIPTION, COMMENTS, EXECTYPE, CONTEXTS, LABELS, LIQUIBASE, DEPLOYMENT_ID) VALUES ('identity_service_key_rotation', 'R3.Corda', 'migration/node-services.changelog-init.xml', NOW(), 99, '8:45514f858c3ac818303f4ef9950eda23', 'addColumn tableName=node_identities_no_cert; sql; sql; addNotNullConstraint columnName=owning_pk_hash, tableName=node_identities_no_cert; dropTable tableName=node_named_identities', '', 'EXECUTED', NULL, NULL, '3.6.3', '1484692059') {changeSet=migration/node-services.changelog-init.xml::identity_service_key_rotation::R3.Corda, databaseChangeLog=master.changelog.json}
?[m?[37m[INFO] 18:18:12,089 [Test worker] jvm.JdbcExecutor. - CREATE TABLE PUBLIC.node_named_identities (name NVARCHAR(128) NOT NULL, pk_hash NVARCHAR(130)) {changeSet=migration/node-core.changelog-v22.xml::add_node_named_identities_table_back_in::R3.Corda, databaseChangeLog=master.changelog.json}
?[m?[37m[INFO] 18:18:12,089 [Test worker] changelog.ChangeSet. - Table node_named_identities created {changeSet=migration/node-core.changelog-v22.xml::add_node_named_identities_table_back_in::R3.Corda, databaseChangeLog=master.changelog.json}
?[m?[37m[INFO] 18:18:12,089 [Test worker] changelog.ChangeSet. - ChangeSet migration/node-core.changelog-v22.xml::add_node_named_identities_table_back_in::R3.Corda ran successfully in 1ms {changeSet=migration/node-core.changelog-v22.xml::add_node_named_identities_table_back_in::R3.Corda, databaseChangeLog=master.changelog.json}
?[m?[37m[INFO] 18:18:12,090 [Test worker] jvm.JdbcExecutor. - INSERT INTO PUBLIC.DATABASECHANGELOG (ID, AUTHOR, FILENAME, DATEEXECUTED, ORDEREXECUTED, MD5SUM, DESCRIPTION, COMMENTS, EXECTYPE, CONTEXTS, LABELS, LIQUIBASE, DEPLOYMENT_ID) VALUES ('add_node_named_identities_table_back_in', 'R3.Corda', 'migration/node-core.changelog-v22.xml', NOW(), 100, '8:bf6ca4e45e140b225f6f934935dd2f34', 'createTable tableName=node_named_identities', '', 'EXECUTED', NULL, NULL, '3.6.3', '1484692059') {changeSet=migration/node-core.changelog-v22.xml::add_node_named_identities_table_back_in::R3.Corda, databaseChangeLog=master.changelog.json}
?[m?[37m[INFO] 18:18:12,090 [Test worker] jvm.JdbcExecutor. - DROP TABLE PUBLIC.node_checkpoints {changeSet=migration/node-services.changelog-init.xml::add_new_checkpoints_table::R3.Corda, databaseChangeLog=master.changelog.json}
?[m?[37m[INFO] 18:18:12,091 [Test worker] changelog.ChangeSet. - Table node_checkpoints dropped {changeSet=migration/node-services.changelog-init.xml::add_new_checkpoints_table::R3.Corda, databaseChangeLog=master.changelog.json}
?[m?[37m[INFO] 18:18:12,091 [Test worker] jvm.JdbcExecutor. - CREATE TABLE PUBLIC.node_checkpoints (flow_id NVARCHAR(64) NOT NULL, status INT NOT NULL, compatible BOOLEAN NOT NULL, progress_step NVARCHAR(256), flow_io_request NVARCHAR(128), timestamp TIMESTAMP NOT NULL) {changeSet=migration/node-services.changelog-init.xml::add_new_checkpoints_table::R3.Corda, databaseChangeLog=master.changelog.json}
?[m?[37m[INFO] 18:18:12,091 [Test worker] changelog.ChangeSet. - Table node_checkpoints created {changeSet=migration/node-services.changelog-init.xml::add_new_checkpoints_table::R3.Corda, databaseChangeLog=master.changelog.json}
?[m?[37m[INFO] 18:18:12,091 [Test worker] changelog.ChangeSet. - ChangeSet migration/node-services.changelog-init.xml::add_new_checkpoints_table::R3.Corda ran successfully in 1ms {changeSet=migration/node-services.changelog-init.xml::add_new_checkpoints_table::R3.Corda, databaseChangeLog=master.changelog.json}
?[m?[37m[INFO] 18:18:12,093 [Test worker] jvm.JdbcExecutor. - INSERT INTO PUBLIC.DATABASECHANGELOG (ID, AUTHOR, FILENAME, DATEEXECUTED, ORDEREXECUTED, MD5SUM, DESCRIPTION, COMMENTS, EXECTYPE, CONTEXTS, LABELS, LIQUIBASE, DEPLOYMENT_ID) VALUES ('add_new_checkpoints_table', 'R3.Corda', 'migration/node-services.changelog-init.xml', NOW(), 101, '8:cc00474f248a40e330cf0f42c5b7e1a6', 'dropTable tableName=node_checkpoints; createTable tableName=node_checkpoints', '', 'EXECUTED', NULL, NULL, '3.6.3', '1484692059') {changeSet=migration/node-services.changelog-init.xml::add_new_checkpoints_table::R3.Corda, databaseChangeLog=master.changelog.json}
?[m?[37m[INFO] 18:18:12,094 [Test worker] jvm.JdbcExecutor. - CREATE TABLE PUBLIC.node_checkpoint_blobs (flow_id NVARCHAR(64) NOT NULL, checkpoint_value BLOB NOT NULL, flow_state BLOB, timestamp TIMESTAMP NOT NULL, hmac VARBINARY(32) NOT NULL) {changeSet=migration/node-services.changelog-init.xml::add_new_checkpoint_blob_table::R3.Corda, databaseChangeLog=master.changelog.json}
?[m?[37m[INFO] 18:18:12,095 [Test worker] changelog.ChangeSet. - Table node_checkpoint_blobs created {changeSet=migration/node-services.changelog-init.xml::add_new_checkpoint_blob_table::R3.Corda, databaseChangeLog=master.changelog.json}
?[m?[37m[INFO] 18:18:12,095 [Test worker] changelog.ChangeSet. - ChangeSet migration/node-services.changelog-init.xml::add_new_checkpoint_blob_table::R3.Corda ran successfully in 1ms {changeSet=migration/node-services.changelog-init.xml::add_new_checkpoint_blob_table::R3.Corda, databaseChangeLog=master.changelog.json}
?[m?[37m[INFO] 18:18:12,096 [Test worker] jvm.JdbcExecutor. - INSERT INTO PUBLIC.DATABASECHANGELOG (ID, AUTHOR, FILENAME, DATEEXECUTED, ORDEREXECUTED, MD5SUM, DESCRIPTION, COMMENTS, EXECTYPE, CONTEXTS, LABELS, LIQUIBASE, DEPLOYMENT_ID) VALUES ('add_new_checkpoint_blob_table', 'R3.Corda', 'migration/node-services.changelog-init.xml', NOW(), 102, '8:e973d6b794fe4753423964b13fe9fbe6', 'createTable tableName=node_checkpoint_blobs', '', 'EXECUTED', NULL, NULL, '3.6.3', '1484692059') {changeSet=migration/node-services.changelog-init.xml::add_new_checkpoint_blob_table::R3.Corda, databaseChangeLog=master.changelog.json}
?[m?[37m[INFO] 18:18:12,096 [Test worker] jvm.JdbcExecutor. - CREATE TABLE PUBLIC.node_flow_results (flow_id NVARCHAR(64) NOT NULL, result_value BLOB, timestamp TIMESTAMP NOT NULL) {changeSet=migration/node-services.changelog-init.xml::add_new_flow_result_table::R3.Corda, databaseChangeLog=master.changelog.json}
?[m?[37m[INFO] 18:18:12,097 [Test worker] changelog.ChangeSet. - Table node_flow_results created {changeSet=migration/node-services.changelog-init.xml::add_new_flow_result_table::R3.Corda, databaseChangeLog=master.changelog.json}
?[m?[37m[INFO] 18:18:12,097 [Test worker] changelog.ChangeSet. - ChangeSet migration/node-services.changelog-init.xml::add_new_flow_result_table::R3.Corda ran successfully in 1ms {changeSet=migration/node-services.changelog-init.xml::add_new_flow_result_table::R3.Corda, databaseChangeLog=master.changelog.json}
?[m?[37m[INFO] 18:18:12,097 [Test worker] jvm.JdbcExecutor. - INSERT INTO PUBLIC.DATABASECHANGELOG (ID, AUTHOR, FILENAME, DATEEXECUTED, ORDEREXECUTED, MD5SUM, DESCRIPTION, COMMENTS, EXECTYPE, CONTEXTS, LABELS, LIQUIBASE, DEPLOYMENT_ID) VALUES ('add_new_flow_result_table', 'R3.Corda', 'migration/node-services.changelog-init.xml', NOW(), 103, '8:79f1c80610f26db24d6ab757f57e68b7', 'createTable tableName=node_flow_results', '', 'EXECUTED', NULL, NULL, '3.6.3', '1484692059') {changeSet=migration/node-services.changelog-init.xml::add_new_flow_result_table::R3.Corda, databaseChangeLog=master.changelog.json}
?[m?[37m[INFO] 18:18:12,098 [Test worker] jvm.JdbcExecutor. - CREATE TABLE PUBLIC.node_flow_exceptions (flow_id NVARCHAR(64) NOT NULL, type NVARCHAR(256) NOT NULL, exception_message NVARCHAR(2000), stack_trace NVARCHAR(2000) NOT NULL, exception_value BLOB, timestamp TIMESTAMP NOT NULL) {changeSet=migration/node-services.changelog-init.xml::add_new_flow_exceptions_table::R3.Corda, databaseChangeLog=master.changelog.json}
?[m?[37m[INFO] 18:18:12,098 [Test worker] changelog.ChangeSet. - Table node_flow_exceptions created {changeSet=migration/node-services.changelog-init.xml::add_new_flow_exceptions_table::R3.Corda, databaseChangeLog=master.changelog.json}
?[m?[37m[INFO] 18:18:12,098 [Test worker] changelog.ChangeSet. - ChangeSet migration/node-services.changelog-init.xml::add_new_flow_exceptions_table::R3.Corda ran successfully in 1ms {changeSet=migration/node-services.changelog-init.xml::add_new_flow_exceptions_table::R3.Corda, databaseChangeLog=master.changelog.json}
?[m?[37m[INFO] 18:18:12,099 [Test worker] jvm.JdbcExecutor. - INSERT INTO PUBLIC.DATABASECHANGELOG (ID, AUTHOR, FILENAME, DATEEXECUTED, ORDEREXECUTED, MD5SUM, DESCRIPTION, COMMENTS, EXECTYPE, CONTEXTS, LABELS, LIQUIBASE, DEPLOYMENT_ID) VALUES ('add_new_flow_exceptions_table', 'R3.Corda', 'migration/node-services.changelog-init.xml', NOW(), 104, '8:fb0d523c5cf42025c566f105731b34a2', 'createTable tableName=node_flow_exceptions', '', 'EXECUTED', NULL, NULL, '3.6.3', '1484692059') {changeSet=migration/node-services.changelog-init.xml::add_new_flow_exceptions_table::R3.Corda, databaseChangeLog=master.changelog.json}
?[m?[37m[INFO] 18:18:12,099 [Test worker] jvm.JdbcExecutor. - CREATE TABLE PUBLIC.node_flow_metadata (flow_id NVARCHAR(64) NOT NULL, invocation_id NVARCHAR(128) NOT NULL, flow_name NVARCHAR(128) NOT NULL, flow_identifier NVARCHAR(512), started_type INT NOT NULL, flow_parameters BLOB NOT NULL, cordapp_name NVARCHAR(128) NOT NULL, platform_version INT NOT NULL, started_by NVARCHAR(128) NOT NULL, invocation_time TIMESTAMP NOT NULL, start_time TIMESTAMP NOT NULL, finish_time TIMESTAMP) {changeSet=migration/node-services.changelog-init.xml::add_new_flow_metadata_table::R3.Corda, databaseChangeLog=master.changelog.json}
?[m?[37m[INFO] 18:18:12,100 [Test worker] changelog.ChangeSet. - Table node_flow_metadata created {changeSet=migration/node-services.changelog-init.xml::add_new_flow_metadata_table::R3.Corda, databaseChangeLog=master.changelog.json}
?[m?[37m[INFO] 18:18:12,100 [Test worker] changelog.ChangeSet. - ChangeSet migration/node-services.changelog-init.xml::add_new_flow_metadata_table::R3.Corda ran successfully in 1ms {changeSet=migration/node-services.changelog-init.xml::add_new_flow_metadata_table::R3.Corda, databaseChangeLog=master.changelog.json}
?[m?[37m[INFO] 18:18:12,100 [Test worker] jvm.JdbcExecutor. - INSERT INTO PUBLIC.DATABASECHANGELOG (ID, AUTHOR, FILENAME, DATEEXECUTED, ORDEREXECUTED, MD5SUM, DESCRIPTION, COMMENTS, EXECTYPE, CONTEXTS, LABELS, LIQUIBASE, DEPLOYMENT_ID) VALUES ('add_new_flow_metadata_table', 'R3.Corda', 'migration/node-services.changelog-init.xml', NOW(), 105, '8:edede3ddf0425fb6d012735a7415013e', 'createTable tableName=node_flow_metadata', '', 'EXECUTED', NULL, NULL, '3.6.3', '1484692059') {changeSet=migration/node-services.changelog-init.xml::add_new_flow_metadata_table::R3.Corda, databaseChangeLog=master.changelog.json}
?[m?[37m[INFO] 18:18:12,101 [Test worker] jvm.JdbcExecutor. - ALTER TABLE PUBLIC.node_checkpoints ADD CONSTRAINT node_checkpoints_pk PRIMARY KEY (flow_id) {changeSet=migration/node-services.changelog-init.xml::add_new_checkpoint_schema_primary_keys-h2_postgres_oracle::R3.Corda, databaseChangeLog=master.changelog.json}
?[m?[37m[INFO] 18:18:12,101 [Test worker] changelog.ChangeSet. - Primary key added to node_checkpoints (flow_id) {changeSet=migration/node-services.changelog-init.xml::add_new_checkpoint_schema_primary_keys-h2_postgres_oracle::R3.Corda, databaseChangeLog=master.changelog.json}
?[m?[37m[INFO] 18:18:12,101 [Test worker] changelog.ChangeSet. - ChangeSet migration/node-services.changelog-init.xml::add_new_checkpoint_schema_primary_keys-h2_postgres_oracle::R3.Corda ran successfully in 0ms {changeSet=migration/node-services.changelog-init.xml::add_new_checkpoint_schema_primary_keys-h2_postgres_oracle::R3.Corda, databaseChangeLog=master.changelog.json}
?[m?[37m[INFO] 18:18:12,102 [Test worker] jvm.JdbcExecutor. - INSERT INTO PUBLIC.DATABASECHANGELOG (ID, AUTHOR, FILENAME, DATEEXECUTED, ORDEREXECUTED, MD5SUM, DESCRIPTION, COMMENTS, EXECTYPE, CONTEXTS, LABELS, LIQUIBASE, DEPLOYMENT_ID) VALUES ('add_new_checkpoint_schema_primary_keys-h2_postgres_oracle', 'R3.Corda', 'migration/node-services.changelog-init.xml', NOW(), 106, '8:23141f3e3b5917c1cd0196f7b03b8f71', 'addPrimaryKey constraintName=node_checkpoints_pk, tableName=node_checkpoints', '', 'EXECUTED', NULL, NULL, '3.6.3', '1484692059') {changeSet=migration/node-services.changelog-init.xml::add_new_checkpoint_schema_primary_keys-h2_postgres_oracle::R3.Corda, databaseChangeLog=master.changelog.json}
?[m?[37m[INFO] 18:18:12,102 [Test worker] jvm.JdbcExecutor. - CREATE UNIQUE INDEX PUBLIC.node_checkpoint_blobs_idx ON PUBLIC.node_checkpoint_blobs(flow_id) {changeSet=migration/node-services.changelog-init.xml::add_new_checkpoint_schema_indexes::R3.Corda, databaseChangeLog=master.changelog.json}
?[m?[37m[INFO] 18:18:12,103 [Test worker] changelog.ChangeSet. - Index node_checkpoint_blobs_idx created {changeSet=migration/node-services.changelog-init.xml::add_new_checkpoint_schema_indexes::R3.Corda, databaseChangeLog=master.changelog.json}
?[m?[37m[INFO] 18:18:12,103 [Test worker] jvm.JdbcExecutor. - CREATE UNIQUE INDEX PUBLIC.node_flow_results_idx ON PUBLIC.node_flow_results(flow_id) {changeSet=migration/node-services.changelog-init.xml::add_new_checkpoint_schema_indexes::R3.Corda, databaseChangeLog=master.changelog.json}
?[m?[37m[INFO] 18:18:12,103 [Test worker] changelog.ChangeSet. - Index node_flow_results_idx created {changeSet=migration/node-services.changelog-init.xml::add_new_checkpoint_schema_indexes::R3.Corda, databaseChangeLog=master.changelog.json}
?[m?[37m[INFO] 18:18:12,103 [Test worker] jvm.JdbcExecutor. - CREATE UNIQUE INDEX PUBLIC.node_flow_exceptions_idx ON PUBLIC.node_flow_exceptions(flow_id) {changeSet=migration/node-services.changelog-init.xml::add_new_checkpoint_schema_indexes::R3.Corda, databaseChangeLog=master.changelog.json}
?[m?[37m[INFO] 18:18:12,103 [Test worker] changelog.ChangeSet. - Index node_flow_exceptions_idx created {changeSet=migration/node-services.changelog-init.xml::add_new_checkpoint_schema_indexes::R3.Corda, databaseChangeLog=master.changelog.json}
?[m?[37m[INFO] 18:18:12,103 [Test worker] jvm.JdbcExecutor. - CREATE UNIQUE INDEX PUBLIC.node_flow_metadata_idx ON PUBLIC.node_flow_metadata(flow_id) {changeSet=migration/node-services.changelog-init.xml::add_new_checkpoint_schema_indexes::R3.Corda, databaseChangeLog=master.changelog.json}
?[m?[37m[INFO] 18:18:12,103 [Test worker] changelog.ChangeSet. - Index node_flow_metadata_idx created {changeSet=migration/node-services.changelog-init.xml::add_new_checkpoint_schema_indexes::R3.Corda, databaseChangeLog=master.changelog.json}
?[m?[37m[INFO] 18:18:12,103 [Test worker] changelog.ChangeSet. - ChangeSet migration/node-services.changelog-init.xml::add_new_checkpoint_schema_indexes::R3.Corda ran successfully in 1ms {changeSet=migration/node-services.changelog-init.xml::add_new_checkpoint_schema_indexes::R3.Corda, databaseChangeLog=master.changelog.json}
?[m?[37m[INFO] 18:18:12,104 [Test worker] jvm.JdbcExecutor. - INSERT INTO PUBLIC.DATABASECHANGELOG (ID, AUTHOR, FILENAME, DATEEXECUTED, ORDEREXECUTED, MD5SUM, DESCRIPTION, COMMENTS, EXECTYPE, CONTEXTS, LABELS, LIQUIBASE, DEPLOYMENT_ID) VALUES ('add_new_checkpoint_schema_indexes', 'R3.Corda', 'migration/node-services.changelog-init.xml', NOW(), 107, '8:56612ddd39f61523990e27c1b429f467', 'createIndex indexName=node_checkpoint_blobs_idx, tableName=node_checkpoint_blobs; createIndex indexName=node_flow_results_idx, tableName=node_flow_results; createIndex indexName=node_flow_exceptions_idx, tableName=node_flow_exceptions; createIndex...', '', 'EXECUTED', NULL, NULL, '3.6.3', '1484692059') {changeSet=migration/node-services.changelog-init.xml::add_new_checkpoint_schema_indexes::R3.Corda, databaseChangeLog=master.changelog.json}
?[m?[37m[INFO] 18:18:12,104 [Test worker] jvm.JdbcExecutor. - ALTER TABLE PUBLIC.node_transactions DROP PRIMARY KEY {changeSet=migration/node-core.changelog-v21.xml::node_transaction_id_size::R3.Corda, databaseChangeLog=master.changelog.json}
?[m?[37m[INFO] 18:18:12,105 [Test worker] changelog.ChangeSet. - Primary key dropped from node_transactions {changeSet=migration/node-core.changelog-v21.xml::node_transaction_id_size::R3.Corda, databaseChangeLog=master.changelog.json}
?[m?[37m[INFO] 18:18:12,105 [Test worker] jvm.JdbcExecutor. - ALTER TABLE PUBLIC.node_scheduled_states DROP PRIMARY KEY {changeSet=migration/node-core.changelog-v21.xml::node_transaction_id_size::R3.Corda, databaseChangeLog=master.changelog.json}
?[m?[37m[INFO] 18:18:12,105 [Test worker] changelog.ChangeSet. - Primary key dropped from node_scheduled_states {changeSet=migration/node-core.changelog-v21.xml::node_transaction_id_size::R3.Corda, databaseChangeLog=master.changelog.json}
?[m?[37m[INFO] 18:18:12,105 [Test worker] jvm.JdbcExecutor. - ALTER TABLE PUBLIC.node_transactions ALTER COLUMN tx_id SET NULL {changeSet=migration/node-core.changelog-v21.xml::node_transaction_id_size::R3.Corda, databaseChangeLog=master.changelog.json}
?[m?[37m[INFO] 18:18:12,105 [Test worker] changelog.ChangeSet. - Null constraint dropped from node_transactions.tx_id {changeSet=migration/node-core.changelog-v21.xml::node_transaction_id_size::R3.Corda, databaseChangeLog=master.changelog.json}
?[m?[37m[INFO] 18:18:12,105 [Test worker] jvm.JdbcExecutor. - ALTER TABLE PUBLIC.node_scheduled_states ALTER COLUMN transaction_id SET NULL {changeSet=migration/node-core.changelog-v21.xml::node_transaction_id_size::R3.Corda, databaseChangeLog=master.changelog.json}
?[m?[37m[INFO] 18:18:12,105 [Test worker] changelog.ChangeSet. - Null constraint dropped from node_scheduled_states.transaction_id {changeSet=migration/node-core.changelog-v21.xml::node_transaction_id_size::R3.Corda, databaseChangeLog=master.changelog.json}
?[m?[37m[INFO] 18:18:12,105 [Test worker] jvm.JdbcExecutor. - ALTER TABLE PUBLIC.node_transactions ALTER COLUMN tx_id NVARCHAR(144) {changeSet=migration/node-core.changelog-v21.xml::node_transaction_id_size::R3.Corda, databaseChangeLog=master.changelog.json}
?[m?[37m[INFO] 18:18:12,106 [Test worker] changelog.ChangeSet. - node_transactions.tx_id datatype was changed to NVARCHAR(144) {changeSet=migration/node-core.changelog-v21.xml::node_transaction_id_size::R3.Corda, databaseChangeLog=master.changelog.json}
?[m?[37m[INFO] 18:18:12,107 [Test worker] jvm.JdbcExecutor. - ALTER TABLE PUBLIC.node_scheduled_states ALTER COLUMN transaction_id NVARCHAR(144) {changeSet=migration/node-core.changelog-v21.xml::node_transaction_id_size::R3.Corda, databaseChangeLog=master.changelog.json}
?[m?[37m[INFO] 18:18:12,107 [Test worker] changelog.ChangeSet. - node_scheduled_states.transaction_id datatype was changed to NVARCHAR(144) {changeSet=migration/node-core.changelog-v21.xml::node_transaction_id_size::R3.Corda, databaseChangeLog=master.changelog.json}
?[m?[37m[INFO] 18:18:12,108 [Test worker] jvm.JdbcExecutor. - ALTER TABLE PUBLIC.node_transactions ALTER COLUMN tx_id SET NOT NULL {changeSet=migration/node-core.changelog-v21.xml::node_transaction_id_size::R3.Corda, databaseChangeLog=master.changelog.json}
?[m?[37m[INFO] 18:18:12,108 [Test worker] changelog.ChangeSet. - NOT NULL constraint has been added to node_transactions.tx_id {changeSet=migration/node-core.changelog-v21.xml::node_transaction_id_size::R3.Corda, databaseChangeLog=master.changelog.json}
?[m?[37m[INFO] 18:18:12,108 [Test worker] jvm.JdbcExecutor. - ALTER TABLE PUBLIC.node_scheduled_states ALTER COLUMN transaction_id SET NOT NULL {changeSet=migration/node-core.changelog-v21.xml::node_transaction_id_size::R3.Corda, databaseChangeLog=master.changelog.json}
?[m?[37m[INFO] 18:18:12,108 [Test worker] changelog.ChangeSet. - NOT NULL constraint has been added to node_scheduled_states.transaction_id {changeSet=migration/node-core.changelog-v21.xml::node_transaction_id_size::R3.Corda, databaseChangeLog=master.changelog.json}
?[m?[37m[INFO] 18:18:12,108 [Test worker] jvm.JdbcExecutor. - ALTER TABLE PUBLIC.node_transactions ADD CONSTRAINT node_transactions_pkey PRIMARY KEY (tx_id) {changeSet=migration/node-core.changelog-v21.xml::node_transaction_id_size::R3.Corda, databaseChangeLog=master.changelog.json}
?[m?[37m[INFO] 18:18:12,108 [Test worker] changelog.ChangeSet. - Primary key added to node_transactions (tx_id) {changeSet=migration/node-core.changelog-v21.xml::node_transaction_id_size::R3.Corda, databaseChangeLog=master.changelog.json}
?[m?[37m[INFO] 18:18:12,108 [Test worker] jvm.JdbcExecutor. - ALTER TABLE PUBLIC.node_scheduled_states ADD CONSTRAINT node_scheduled_states_pkey PRIMARY KEY (output_index, transaction_id) {changeSet=migration/node-core.changelog-v21.xml::node_transaction_id_size::R3.Corda, databaseChangeLog=master.changelog.json}
?[m?[37m[INFO] 18:18:12,109 [Test worker] changelog.ChangeSet. - Primary key added to node_scheduled_states (output_index, transaction_id) {changeSet=migration/node-core.changelog-v21.xml::node_transaction_id_size::R3.Corda, databaseChangeLog=master.changelog.json}
?[m?[37m[INFO] 18:18:12,109 [Test worker] changelog.ChangeSet. - ChangeSet migration/node-core.changelog-v21.xml::node_transaction_id_size::R3.Corda ran successfully in 5ms {changeSet=migration/node-core.changelog-v21.xml::node_transaction_id_size::R3.Corda, databaseChangeLog=master.changelog.json}
?[m?[37m[INFO] 18:18:12,109 [Test worker] jvm.JdbcExecutor. - INSERT INTO PUBLIC.DATABASECHANGELOG (ID, AUTHOR, FILENAME, DATEEXECUTED, ORDEREXECUTED, MD5SUM, DESCRIPTION, COMMENTS, EXECTYPE, CONTEXTS, LABELS, LIQUIBASE, DEPLOYMENT_ID) VALUES ('node_transaction_id_size', 'R3.Corda', 'migration/node-core.changelog-v21.xml', NOW(), 108, '8:9267fdf76dd8a7da392f65d5422718c3', 'dropPrimaryKey constraintName=node_transactions_pkey, tableName=node_transactions; dropPrimaryKey constraintName=node_scheduled_states_pkey, tableName=node_scheduled_states; dropNotNullConstraint columnName=tx_id, tableName=node_transactions; drop...', '', 'EXECUTED', NULL, NULL, '3.6.3', '1484692059') {changeSet=migration/node-core.changelog-v21.xml::node_transaction_id_size::R3.Corda, databaseChangeLog=master.changelog.json}
?[m?[37m[INFO] 18:18:12,111 [Test worker] jvm.JdbcExecutor. - INSERT INTO PUBLIC.DATABASECHANGELOG (ID, AUTHOR, FILENAME, DATEEXECUTED, ORDEREXECUTED, MD5SUM, DESCRIPTION, COMMENTS, EXECTYPE, CONTEXTS, LABELS, LIQUIBASE, DEPLOYMENT_ID) VALUES ('node_transaction_id_size_non-clustered_pk', 'R3.Corda', 'migration/node-core.changelog-v21.xml', NOW(), 109, '8:64773359f27e2f85fe6df6097823ce69', 'dropPrimaryKey constraintName=node_transactions_pkey, tableName=node_transactions; addPrimaryKey constraintName=node_transactions_pkey, tableName=node_transactions', '', 'MARK_RAN', NULL, NULL, '3.6.3', '1484692059') {changeSet=migration/node-core.changelog-v21.xml::node_transaction_id_size_non-clustered_pk::R3.Corda, databaseChangeLog=master.changelog.json}
?[m?[37m[INFO] 18:18:12,111 [Test worker] jvm.JdbcExecutor. - ALTER TABLE PUBLIC.node_contract_upgrades DROP PRIMARY KEY {changeSet=migration/node-core.changelog-v21.xml::node_contract_upgrades_state_ref_size::R3.Corda, databaseChangeLog=master.changelog.json}
?[m?[37m[INFO] 18:18:12,112 [Test worker] changelog.ChangeSet. - Primary key dropped from node_contract_upgrades {changeSet=migration/node-core.changelog-v21.xml::node_contract_upgrades_state_ref_size::R3.Corda, databaseChangeLog=master.changelog.json}
?[m?[37m[INFO] 18:18:12,112 [Test worker] jvm.JdbcExecutor. - ALTER TABLE PUBLIC.node_contract_upgrades ALTER COLUMN state_ref SET NULL {changeSet=migration/node-core.changelog-v21.xml::node_contract_upgrades_state_ref_size::R3.Corda, databaseChangeLog=master.changelog.json}
?[m?[37m[INFO] 18:18:12,112 [Test worker] changelog.ChangeSet. - Null constraint dropped from node_contract_upgrades.state_ref {changeSet=migration/node-core.changelog-v21.xml::node_contract_upgrades_state_ref_size::R3.Corda, databaseChangeLog=master.changelog.json}
?[m?[37m[INFO] 18:18:12,112 [Test worker] jvm.JdbcExecutor. - ALTER TABLE PUBLIC.node_contract_upgrades ALTER COLUMN state_ref NVARCHAR(176) {changeSet=migration/node-core.changelog-v21.xml::node_contract_upgrades_state_ref_size::R3.Corda, databaseChangeLog=master.changelog.json}
?[m?[37m[INFO] 18:18:12,113 [Test worker] changelog.ChangeSet. - node_contract_upgrades.state_ref datatype was changed to NVARCHAR(176) {changeSet=migration/node-core.changelog-v21.xml::node_contract_upgrades_state_ref_size::R3.Corda, databaseChangeLog=master.changelog.json}
?[m?[37m[INFO] 18:18:12,113 [Test worker] jvm.JdbcExecutor. - ALTER TABLE PUBLIC.node_contract_upgrades ALTER COLUMN state_ref SET NOT NULL {changeSet=migration/node-core.changelog-v21.xml::node_contract_upgrades_state_ref_size::R3.Corda, databaseChangeLog=master.changelog.json}
?[m?[37m[INFO] 18:18:12,113 [Test worker] changelog.ChangeSet. - NOT NULL constraint has been added to node_contract_upgrades.state_ref {changeSet=migration/node-core.changelog-v21.xml::node_contract_upgrades_state_ref_size::R3.Corda, databaseChangeLog=master.changelog.json}
?[m?[37m[INFO] 18:18:12,113 [Test worker] jvm.JdbcExecutor. - ALTER TABLE PUBLIC.node_contract_upgrades ADD CONSTRAINT node_contract_upgrades_pkey PRIMARY KEY (state_ref) {changeSet=migration/node-core.changelog-v21.xml::node_contract_upgrades_state_ref_size::R3.Corda, databaseChangeLog=master.changelog.json}
?[m?[37m[INFO] 18:18:12,113 [Test worker] changelog.ChangeSet. - Primary key added to node_contract_upgrades (state_ref) {changeSet=migration/node-core.changelog-v21.xml::node_contract_upgrades_state_ref_size::R3.Corda, databaseChangeLog=master.changelog.json}
?[m?[37m[INFO] 18:18:12,113 [Test worker] changelog.ChangeSet. - ChangeSet migration/node-core.changelog-v21.xml::node_contract_upgrades_state_ref_size::R3.Corda ran successfully in 2ms {changeSet=migration/node-core.changelog-v21.xml::node_contract_upgrades_state_ref_size::R3.Corda, databaseChangeLog=master.changelog.json}
?[m?[37m[INFO] 18:18:12,114 [Test worker] jvm.JdbcExecutor. - INSERT INTO PUBLIC.DATABASECHANGELOG (ID, AUTHOR, FILENAME, DATEEXECUTED, ORDEREXECUTED, MD5SUM, DESCRIPTION, COMMENTS, EXECTYPE, CONTEXTS, LABELS, LIQUIBASE, DEPLOYMENT_ID) VALUES ('node_contract_upgrades_state_ref_size', 'R3.Corda', 'migration/node-core.changelog-v21.xml', NOW(), 110, '8:25a17205698e008ce77364ab975aa8b3', 'dropPrimaryKey constraintName=node_contract_upgrades_pkey, tableName=node_contract_upgrades; dropNotNullConstraint columnName=state_ref, tableName=node_contract_upgrades; modifyDataType columnName=state_ref, tableName=node_contract_upgrades; addNo...', '', 'EXECUTED', NULL, NULL, '3.6.3', '1484692059') {changeSet=migration/node-core.changelog-v21.xml::node_contract_upgrades_state_ref_size::R3.Corda, databaseChangeLog=master.changelog.json}
?[m?[37m[INFO] 18:18:12,115 [Test worker] lockservice.StandardLockService. - Successfully released change log lock
?[m?[37m[INFO] 18:18:12,150 [Test worker] jvm.JdbcExecutor. - SELECT MD5SUM FROM PUBLIC.DATABASECHANGELOG WHERE MD5SUM IS NOT NULL
?[m?[37m[INFO] 18:18:12,150 [Test worker] jvm.JdbcExecutor. - SELECT COUNT(*) FROM PUBLIC.DATABASECHANGELOG
?[m?[37m[INFO] 18:18:12,150 [Test worker] changelog.StandardChangeLogHistoryService. - Reading from PUBLIC.DATABASECHANGELOG
?[m?[37m[INFO] 18:18:12,151 [Test worker] jvm.JdbcExecutor. - SELECT * FROM PUBLIC.DATABASECHANGELOG ORDER BY DATEEXECUTED ASC, ORDEREXECUTED ASC
?[m?[37m[INFO] 18:18:12,151 [Test worker] jvm.JdbcExecutor. - SELECT COUNT(*) FROM PUBLIC.DATABASECHANGELOGLOCK
?[m?[37m[INFO] 18:18:12,152 [Test worker] jvm.JdbcExecutor. - SELECT COUNT(*) FROM PUBLIC.DATABASECHANGELOGLOCK
?[m?[37m[INFO] 18:18:12,155 [Test worker] jvm.JdbcExecutor. - SELECT LOCKED FROM PUBLIC.DATABASECHANGELOGLOCK WHERE ID=1
?[m?[37m[INFO] 18:18:12,156 [Test worker] lockservice.StandardLockService. - Successfully acquired change log lock
?[m?[37m[INFO] 18:18:12,157 [Test worker] jvm.JdbcExecutor. - CREATE TABLE PUBLIC.fungible_token (output_index INT NOT NULL, transaction_id NVARCHAR(64) NOT NULL, amount BIGINT NOT NULL, holder NVARCHAR(255) NOT NULL, issuer NVARCHAR(255) NOT NULL, token_class NVARCHAR(255) NOT NULL, token_identifier NVARCHAR(255) NOT NULL) {changeSet=migration/fungible-token-schema.changelog-init.xml::create_fungible_token_table_id::R3.Corda, databaseChangeLog=master.changelog.json}
?[m?[37m[INFO] 18:18:12,158 [Test worker] changelog.ChangeSet. - Table fungible_token created {changeSet=migration/fungible-token-schema.changelog-init.xml::create_fungible_token_table_id::R3.Corda, databaseChangeLog=master.changelog.json}
?[m?[37m[INFO] 18:18:12,158 [Test worker] changelog.ChangeSet. - ChangeSet migration/fungible-token-schema.changelog-init.xml::create_fungible_token_table_id::R3.Corda ran successfully in 1ms {changeSet=migration/fungible-token-schema.changelog-init.xml::create_fungible_token_table_id::R3.Corda, databaseChangeLog=master.changelog.json}
?[m?[37m[INFO] 18:18:12,158 [Test worker] jvm.JdbcExecutor. - SELECT MAX(ORDEREXECUTED) FROM PUBLIC.DATABASECHANGELOG {changeSet=migration/fungible-token-schema.changelog-init.xml::create_fungible_token_table_id::R3.Corda, databaseChangeLog=master.changelog.json}
?[m?[37m[INFO] 18:18:12,159 [Test worker] jvm.JdbcExecutor. - INSERT INTO PUBLIC.DATABASECHANGELOG (ID, AUTHOR, FILENAME, DATEEXECUTED, ORDEREXECUTED, MD5SUM, DESCRIPTION, COMMENTS, EXECTYPE, CONTEXTS, LABELS, LIQUIBASE, DEPLOYMENT_ID) VALUES ('create_fungible_token_table_id', 'R3.Corda', 'migration/fungible-token-schema.changelog-init.xml', NOW(), 111, '8:708f2a949e8783d30c0cc4b33ea5bfcd', 'createTable tableName=fungible_token', '', 'EXECUTED', NULL, NULL, '3.6.3', '1484692156') {changeSet=migration/fungible-token-schema.changelog-init.xml::create_fungible_token_table_id::R3.Corda, databaseChangeLog=master.changelog.json}
?[m?[37m[INFO] 18:18:12,159 [Test worker] jvm.JdbcExecutor. - ALTER TABLE PUBLIC.fungible_token ADD CONSTRAINT fungible_token_pkey PRIMARY KEY (output_index, transaction_id) {changeSet=migration/fungible-token-schema.changelog-init.xml::fungible_token_pkey_id::R3.Corda, databaseChangeLog=master.changelog.json}
?[m?[37m[INFO] 18:18:12,159 [Test worker] changelog.ChangeSet. - Primary key added to fungible_token (output_index, transaction_id) {changeSet=migration/fungible-token-schema.changelog-init.xml::fungible_token_pkey_id::R3.Corda, databaseChangeLog=master.changelog.json}
?[m?[37m[INFO] 18:18:12,159 [Test worker] changelog.ChangeSet. - ChangeSet migration/fungible-token-schema.changelog-init.xml::fungible_token_pkey_id::R3.Corda ran successfully in 0ms {changeSet=migration/fungible-token-schema.changelog-init.xml::fungible_token_pkey_id::R3.Corda, databaseChangeLog=master.changelog.json}
?[m?[37m[INFO] 18:18:12,161 [Test worker] jvm.JdbcExecutor. - INSERT INTO PUBLIC.DATABASECHANGELOG (ID, AUTHOR, FILENAME, DATEEXECUTED, ORDEREXECUTED, MD5SUM, DESCRIPTION, COMMENTS, EXECTYPE, CONTEXTS, LABELS, LIQUIBASE, DEPLOYMENT_ID) VALUES ('fungible_token_pkey_id', 'R3.Corda', 'migration/fungible-token-schema.changelog-init.xml', NOW(), 112, '8:6a623895e620b0cec9857d9f16bfec15', 'addPrimaryKey constraintName=fungible_token_pkey, tableName=fungible_token', '', 'EXECUTED', NULL, NULL, '3.6.3', '1484692156') {changeSet=migration/fungible-token-schema.changelog-init.xml::fungible_token_pkey_id::R3.Corda, databaseChangeLog=master.changelog.json}
?[m?[37m[INFO] 18:18:12,161 [Test worker] jvm.JdbcExecutor. - CREATE INDEX PUBLIC.amount_idx ON PUBLIC.fungible_token(amount) {changeSet=migration/fungible-token-schema.changelog-init.xml::amount_idx_id::R3.Corda, databaseChangeLog=master.changelog.json}
?[m?[37m[INFO] 18:18:12,161 [Test worker] changelog.ChangeSet. - Index amount_idx created {changeSet=migration/fungible-token-schema.changelog-init.xml::amount_idx_id::R3.Corda, databaseChangeLog=master.changelog.json}
?[m?[37m[INFO] 18:18:12,161 [Test worker] changelog.ChangeSet. - ChangeSet migration/fungible-token-schema.changelog-init.xml::amount_idx_id::R3.Corda ran successfully in 0ms {changeSet=migration/fungible-token-schema.changelog-init.xml::amount_idx_id::R3.Corda, databaseChangeLog=master.changelog.json}
?[m?[37m[INFO] 18:18:12,162 [Test worker] jvm.JdbcExecutor. - INSERT INTO PUBLIC.DATABASECHANGELOG (ID, AUTHOR, FILENAME, DATEEXECUTED, ORDEREXECUTED, MD5SUM, DESCRIPTION, COMMENTS, EXECTYPE, CONTEXTS, LABELS, LIQUIBASE, DEPLOYMENT_ID) VALUES ('amount_idx_id', 'R3.Corda', 'migration/fungible-token-schema.changelog-init.xml', NOW(), 113, '8:1ae6fc41a1462d4038cdb056e384dfa9', 'createIndex indexName=amount_idx, tableName=fungible_token', '', 'EXECUTED', NULL, NULL, '3.6.3', '1484692156') {changeSet=migration/fungible-token-schema.changelog-init.xml::amount_idx_id::R3.Corda, databaseChangeLog=master.changelog.json}
?[m?[37m[INFO] 18:18:12,163 [Test worker] jvm.JdbcExecutor. - CREATE INDEX PUBLIC.held_token_amount_idx ON PUBLIC.fungible_token(token_class, token_identifier) {changeSet=migration/fungible-token-schema.changelog-init.xml::held_token_amount_idx_id::R3.Corda, databaseChangeLog=master.changelog.json}
?[m?[37m[INFO] 18:18:12,163 [Test worker] changelog.ChangeSet. - Index held_token_amount_idx created {changeSet=migration/fungible-token-schema.changelog-init.xml::held_token_amount_idx_id::R3.Corda, databaseChangeLog=master.changelog.json}
?[m?[37m[INFO] 18:18:12,163 [Test worker] changelog.ChangeSet. - ChangeSet migration/fungible-token-schema.changelog-init.xml::held_token_amount_idx_id::R3.Corda ran successfully in 0ms {changeSet=migration/fungible-token-schema.changelog-init.xml::held_token_amount_idx_id::R3.Corda, databaseChangeLog=master.changelog.json}
?[m?[37m[INFO] 18:18:12,163 [Test worker] jvm.JdbcExecutor. - INSERT INTO PUBLIC.DATABASECHANGELOG (ID, AUTHOR, FILENAME, DATEEXECUTED, ORDEREXECUTED, MD5SUM, DESCRIPTION, COMMENTS, EXECTYPE, CONTEXTS, LABELS, LIQUIBASE, DEPLOYMENT_ID) VALUES ('held_token_amount_idx_id', 'R3.Corda', 'migration/fungible-token-schema.changelog-init.xml', NOW(), 114, '8:55ffda313ce1eca16721488c8b35ee79', 'createIndex indexName=held_token_amount_idx, tableName=fungible_token', '', 'EXECUTED', NULL, NULL, '3.6.3', '1484692156') {changeSet=migration/fungible-token-schema.changelog-init.xml::held_token_amount_idx_id::R3.Corda, databaseChangeLog=master.changelog.json}
?[m?[37m[INFO] 18:18:12,164 [Test worker] jvm.JdbcExecutor. - ALTER TABLE PUBLIC.fungible_token ADD holding_key NVARCHAR(64) {changeSet=migration/fungible-token-schema.changelog-1.xml::create_fungible_token_owner_column::R3.Corda, databaseChangeLog=master.changelog.json}
?[m?[37m[INFO] 18:18:12,165 [Test worker] changelog.ChangeSet. - Columns holding_key(NVARCHAR(64)) added to fungible_token {changeSet=migration/fungible-token-schema.changelog-1.xml::create_fungible_token_owner_column::R3.Corda, databaseChangeLog=master.changelog.json}
?[m?[37m[INFO] 18:18:12,165 [Test worker] changelog.ChangeSet. - ChangeSet migration/fungible-token-schema.changelog-1.xml::create_fungible_token_owner_column::R3.Corda ran successfully in 1ms {changeSet=migration/fungible-token-schema.changelog-1.xml::create_fungible_token_owner_column::R3.Corda, databaseChangeLog=master.changelog.json}
?[m?[37m[INFO] 18:18:12,166 [Test worker] jvm.JdbcExecutor. - INSERT INTO PUBLIC.DATABASECHANGELOG (ID, AUTHOR, FILENAME, DATEEXECUTED, ORDEREXECUTED, MD5SUM, DESCRIPTION, COMMENTS, EXECTYPE, CONTEXTS, LABELS, LIQUIBASE, DEPLOYMENT_ID) VALUES ('create_fungible_token_owner_column', 'R3.Corda', 'migration/fungible-token-schema.changelog-1.xml', NOW(), 115, '8:96ca96f1426465990f153b138b0dad7a', 'addColumn tableName=fungible_token', '', 'EXECUTED', NULL, NULL, '3.6.3', '1484692156') {changeSet=migration/fungible-token-schema.changelog-1.xml::create_fungible_token_owner_column::R3.Corda, databaseChangeLog=master.changelog.json}
?[m?[37m[INFO] 18:18:12,166 [Test worker] jvm.JdbcExecutor. - CREATE INDEX PUBLIC.holding_key_idx ON PUBLIC.fungible_token(holding_key) {changeSet=migration/fungible-token-schema.changelog-1.xml::create_holding_key_idx::R3.Corda, databaseChangeLog=master.changelog.json}
?[m?[37m[INFO] 18:18:12,167 [Test worker] changelog.ChangeSet. - Index holding_key_idx created {changeSet=migration/fungible-token-schema.changelog-1.xml::create_holding_key_idx::R3.Corda, databaseChangeLog=master.changelog.json}
?[m?[37m[INFO] 18:18:12,167 [Test worker] changelog.ChangeSet. - ChangeSet migration/fungible-token-schema.changelog-1.xml::create_holding_key_idx::R3.Corda ran successfully in 1ms {changeSet=migration/fungible-token-schema.changelog-1.xml::create_holding_key_idx::R3.Corda, databaseChangeLog=master.changelog.json}
?[m?[37m[INFO] 18:18:12,167 [Test worker] jvm.JdbcExecutor. - INSERT INTO PUBLIC.DATABASECHANGELOG (ID, AUTHOR, FILENAME, DATEEXECUTED, ORDEREXECUTED, MD5SUM, DESCRIPTION, COMMENTS, EXECTYPE, CONTEXTS, LABELS, LIQUIBASE, DEPLOYMENT_ID) VALUES ('create_holding_key_idx', 'R3.Corda', 'migration/fungible-token-schema.changelog-1.xml', NOW(), 116, '8:67e32a9250726807340c01844edeaf69', 'createIndex indexName=holding_key_idx, tableName=fungible_token', '', 'EXECUTED', NULL, NULL, '3.6.3', '1484692156') {changeSet=migration/fungible-token-schema.changelog-1.xml::create_holding_key_idx::R3.Corda, databaseChangeLog=master.changelog.json}
?[m?[37m[INFO] 18:18:12,168 [Test worker] changelog.ChangeSet. - null {changeSet=migration/fungible-token-schema.changelog-1.xml::map_owning_keys_from_transactionstore::R3.Corda, databaseChangeLog=master.changelog.json}
?[m?[37m[INFO] 18:18:12,168 [Test worker] changelog.ChangeSet. - ChangeSet migration/fungible-token-schema.changelog-1.xml::map_owning_keys_from_transactionstore::R3.Corda ran successfully in 0ms {changeSet=migration/fungible-token-schema.changelog-1.xml::map_owning_keys_from_transactionstore::R3.Corda, databaseChangeLog=master.changelog.json}
?[m?[37m[INFO] 18:18:12,169 [Test worker] jvm.JdbcExecutor. - INSERT INTO PUBLIC.DATABASECHANGELOG (ID, AUTHOR, FILENAME, DATEEXECUTED, ORDEREXECUTED, MD5SUM, DESCRIPTION, COMMENTS, EXECTYPE, CONTEXTS, LABELS, LIQUIBASE, DEPLOYMENT_ID) VALUES ('map_owning_keys_from_transactionstore', 'R3.Corda', 'migration/fungible-token-schema.changelog-1.xml', NOW(), 117, '8:df80639d10d7c4f59d49908643f4c85f', 'customChange', '', 'EXECUTED', NULL, NULL, '3.6.3', '1484692156') {changeSet=migration/fungible-token-schema.changelog-1.xml::map_owning_keys_from_transactionstore::R3.Corda, databaseChangeLog=master.changelog.json}
?[m?[37m[INFO] 18:18:12,169 [Test worker] jvm.JdbcExecutor. - CREATE TABLE PUBLIC.non_fungible_token (output_index INT NOT NULL, transaction_id NVARCHAR(64) NOT NULL, holder NVARCHAR(255) NOT NULL, issuer NVARCHAR(255) NOT NULL, token_class NVARCHAR(255) NOT NULL, token_identifier NVARCHAR(255)) {changeSet=migration/non-fungible-token-schema.changelog-init.xml::create_non_fungible_token_table_id::R3.Corda, databaseChangeLog=master.changelog.json}
?[m?[37m[INFO] 18:18:12,170 [Test worker] changelog.ChangeSet. - Table non_fungible_token created {changeSet=migration/non-fungible-token-schema.changelog-init.xml::create_non_fungible_token_table_id::R3.Corda, databaseChangeLog=master.changelog.json}
?[m?[37m[INFO] 18:18:12,170 [Test worker] changelog.ChangeSet. - ChangeSet migration/non-fungible-token-schema.changelog-init.xml::create_non_fungible_token_table_id::R3.Corda ran successfully in 1ms {changeSet=migration/non-fungible-token-schema.changelog-init.xml::create_non_fungible_token_table_id::R3.Corda, databaseChangeLog=master.changelog.json}
?[m?[37m[INFO] 18:18:12,171 [Test worker] jvm.JdbcExecutor. - INSERT INTO PUBLIC.DATABASECHANGELOG (ID, AUTHOR, FILENAME, DATEEXECUTED, ORDEREXECUTED, MD5SUM, DESCRIPTION, COMMENTS, EXECTYPE, CONTEXTS, LABELS, LIQUIBASE, DEPLOYMENT_ID) VALUES ('create_non_fungible_token_table_id', 'R3.Corda', 'migration/non-fungible-token-schema.changelog-init.xml', NOW(), 118, '8:537d4553becbc43bb11c0817e1639eae', 'createTable tableName=non_fungible_token', '', 'EXECUTED', NULL, NULL, '3.6.3', '1484692156') {changeSet=migration/non-fungible-token-schema.changelog-init.xml::create_non_fungible_token_table_id::R3.Corda, databaseChangeLog=master.changelog.json}
?[m?[37m[INFO] 18:18:12,172 [Test worker] jvm.JdbcExecutor. - ALTER TABLE PUBLIC.non_fungible_token ADD CONSTRAINT non_fungible_token_pkey PRIMARY KEY (output_index, transaction_id) {changeSet=migration/non-fungible-token-schema.changelog-init.xml::non_fungible_token_pkey_id::R3.Corda, databaseChangeLog=master.changelog.json}
?[m?[37m[INFO] 18:18:12,172 [Test worker] changelog.ChangeSet. - Primary key added to non_fungible_token (output_index, transaction_id) {changeSet=migration/non-fungible-token-schema.changelog-init.xml::non_fungible_token_pkey_id::R3.Corda, databaseChangeLog=master.changelog.json}
?[m?[37m[INFO] 18:18:12,172 [Test worker] changelog.ChangeSet. - ChangeSet migration/non-fungible-token-schema.changelog-init.xml::non_fungible_token_pkey_id::R3.Corda ran successfully in 1ms {changeSet=migration/non-fungible-token-schema.changelog-init.xml::non_fungible_token_pkey_id::R3.Corda, databaseChangeLog=master.changelog.json}
?[m?[37m[INFO] 18:18:12,173 [Test worker] jvm.JdbcExecutor. - INSERT INTO PUBLIC.DATABASECHANGELOG (ID, AUTHOR, FILENAME, DATEEXECUTED, ORDEREXECUTED, MD5SUM, DESCRIPTION, COMMENTS, EXECTYPE, CONTEXTS, LABELS, LIQUIBASE, DEPLOYMENT_ID) VALUES ('non_fungible_token_pkey_id', 'R3.Corda', 'migration/non-fungible-token-schema.changelog-init.xml', NOW(), 119, '8:d08935cf27a24a32cb4c14cec40b4c30', 'addPrimaryKey constraintName=non_fungible_token_pkey, tableName=non_fungible_token', '', 'EXECUTED', NULL, NULL, '3.6.3', '1484692156') {changeSet=migration/non-fungible-token-schema.changelog-init.xml::non_fungible_token_pkey_id::R3.Corda, databaseChangeLog=master.changelog.json}
?[m?[37m[INFO] 18:18:12,174 [Test worker] jvm.JdbcExecutor. - CREATE INDEX PUBLIC.held_token_idx ON PUBLIC.non_fungible_token(token_class, token_identifier) {changeSet=migration/non-fungible-token-schema.changelog-init.xml::held_token_idx_id::R3.Corda, databaseChangeLog=master.changelog.json}
?[m?[37m[INFO] 18:18:12,174 [Test worker] changelog.ChangeSet. - Index held_token_idx created {changeSet=migration/non-fungible-token-schema.changelog-init.xml::held_token_idx_id::R3.Corda, databaseChangeLog=master.changelog.json}
?[m?[37m[INFO] 18:18:12,174 [Test worker] changelog.ChangeSet. - ChangeSet migration/non-fungible-token-schema.changelog-init.xml::held_token_idx_id::R3.Corda ran successfully in 1ms {changeSet=migration/non-fungible-token-schema.changelog-init.xml::held_token_idx_id::R3.Corda, databaseChangeLog=master.changelog.json}
?[m?[37m[INFO] 18:18:12,175 [Test worker] jvm.JdbcExecutor. - INSERT INTO PUBLIC.DATABASECHANGELOG (ID, AUTHOR, FILENAME, DATEEXECUTED, ORDEREXECUTED, MD5SUM, DESCRIPTION, COMMENTS, EXECTYPE, CONTEXTS, LABELS, LIQUIBASE, DEPLOYMENT_ID) VALUES ('held_token_idx_id', 'R3.Corda', 'migration/non-fungible-token-schema.changelog-init.xml', NOW(), 120, '8:a13b131f129e2b15eeea3fd36b572fe4', 'createIndex indexName=held_token_idx, tableName=non_fungible_token', '', 'EXECUTED', NULL, NULL, '3.6.3', '1484692156') {changeSet=migration/non-fungible-token-schema.changelog-init.xml::held_token_idx_id::R3.Corda, databaseChangeLog=master.changelog.json}
?[m?[37m[INFO] 18:18:12,175 [Test worker] jvm.JdbcExecutor. - CREATE TABLE PUBLIC.distribution_record (id BIGINT NOT NULL, linear_id VARCHAR(255) NOT NULL, party NVARCHAR(255) NOT NULL) {changeSet=migration/distribution-record-schema.changelog-init.xml::create_distribution_record_table_id::R3.Corda, databaseChangeLog=master.changelog.json}
?[m?[37m[INFO] 18:18:12,175 [Test worker] changelog.ChangeSet. - Table distribution_record created {changeSet=migration/distribution-record-schema.changelog-init.xml::create_distribution_record_table_id::R3.Corda, databaseChangeLog=master.changelog.json}
?[m?[37m[INFO] 18:18:12,175 [Test worker] changelog.ChangeSet. - ChangeSet migration/distribution-record-schema.changelog-init.xml::create_distribution_record_table_id::R3.Corda ran successfully in 0ms {changeSet=migration/distribution-record-schema.changelog-init.xml::create_distribution_record_table_id::R3.Corda, databaseChangeLog=master.changelog.json}
?[m?[37m[INFO] 18:18:12,176 [Test worker] jvm.JdbcExecutor. - INSERT INTO PUBLIC.DATABASECHANGELOG (ID, AUTHOR, FILENAME, DATEEXECUTED, ORDEREXECUTED, MD5SUM, DESCRIPTION, COMMENTS, EXECTYPE, CONTEXTS, LABELS, LIQUIBASE, DEPLOYMENT_ID) VALUES ('create_distribution_record_table_id', 'R3.Corda', 'migration/distribution-record-schema.changelog-init.xml', NOW(), 121, '8:58bbe0f002fa9a550dbc9aa60a7fda96', 'createTable tableName=distribution_record', '', 'EXECUTED', NULL, NULL, '3.6.3', '1484692156') {changeSet=migration/distribution-record-schema.changelog-init.xml::create_distribution_record_table_id::R3.Corda, databaseChangeLog=master.changelog.json}
?[m?[37m[INFO] 18:18:12,176 [Test worker] jvm.JdbcExecutor. - ALTER TABLE PUBLIC.distribution_record ADD CONSTRAINT distribution_record_pkey PRIMARY KEY (id) {changeSet=migration/distribution-record-schema.changelog-init.xml::distribution_record_pkey_id::R3.Corda, databaseChangeLog=master.changelog.json}
?[m?[37m[INFO] 18:18:12,176 [Test worker] changelog.ChangeSet. - Primary key added to distribution_record (id) {changeSet=migration/distribution-record-schema.changelog-init.xml::distribution_record_pkey_id::R3.Corda, databaseChangeLog=master.changelog.json}
?[m?[37m[INFO] 18:18:12,176 [Test worker] changelog.ChangeSet. - ChangeSet migration/distribution-record-schema.changelog-init.xml::distribution_record_pkey_id::R3.Corda ran successfully in 0ms {changeSet=migration/distribution-record-schema.changelog-init.xml::distribution_record_pkey_id::R3.Corda, databaseChangeLog=master.changelog.json}
?[m?[37m[INFO] 18:18:12,177 [Test worker] jvm.JdbcExecutor. - INSERT INTO PUBLIC.DATABASECHANGELOG (ID, AUTHOR, FILENAME, DATEEXECUTED, ORDEREXECUTED, MD5SUM, DESCRIPTION, COMMENTS, EXECTYPE, CONTEXTS, LABELS, LIQUIBASE, DEPLOYMENT_ID) VALUES ('distribution_record_pkey_id', 'R3.Corda', 'migration/distribution-record-schema.changelog-init.xml', NOW(), 122, '8:0ac8470d7e72d959df72a2f31db8916f', 'addPrimaryKey constraintName=distribution_record_pkey, tableName=distribution_record', '', 'EXECUTED', NULL, NULL, '3.6.3', '1484692156') {changeSet=migration/distribution-record-schema.changelog-init.xml::distribution_record_pkey_id::R3.Corda, databaseChangeLog=master.changelog.json}
?[m?[37m[INFO] 18:18:12,177 [Test worker] jvm.JdbcExecutor. - CREATE INDEX PUBLIC.dist_record_idx ON PUBLIC.distribution_record(linear_id) {changeSet=migration/distribution-record-schema.changelog-init.xml::dist_record_idx_id::R3.Corda, databaseChangeLog=master.changelog.json}
?[m?[37m[INFO] 18:18:12,178 [Test worker] changelog.ChangeSet. - Index dist_record_idx created {changeSet=migration/distribution-record-schema.changelog-init.xml::dist_record_idx_id::R3.Corda, databaseChangeLog=master.changelog.json}
?[m?[37m[INFO] 18:18:12,178 [Test worker] changelog.ChangeSet. - ChangeSet migration/distribution-record-schema.changelog-init.xml::dist_record_idx_id::R3.Corda ran successfully in 1ms {changeSet=migration/distribution-record-schema.changelog-init.xml::dist_record_idx_id::R3.Corda, databaseChangeLog=master.changelog.json}
?[m?[37m[INFO] 18:18:12,178 [Test worker] jvm.JdbcExecutor. - INSERT INTO PUBLIC.DATABASECHANGELOG (ID, AUTHOR, FILENAME, DATEEXECUTED, ORDEREXECUTED, MD5SUM, DESCRIPTION, COMMENTS, EXECTYPE, CONTEXTS, LABELS, LIQUIBASE, DEPLOYMENT_ID) VALUES ('dist_record_idx_id', 'R3.Corda', 'migration/distribution-record-schema.changelog-init.xml', NOW(), 123, '8:0e8c85eaeb998b9c455afeaed17a20a8', 'createIndex indexName=dist_record_idx, tableName=distribution_record', '', 'EXECUTED', NULL, NULL, '3.6.3', '1484692156') {changeSet=migration/distribution-record-schema.changelog-init.xml::dist_record_idx_id::R3.Corda, databaseChangeLog=master.changelog.json}
?[m?[37m[INFO] 18:18:12,178 [Test worker] lockservice.StandardLockService. - Successfully released change log lock
?[m?[37m[INFO] 18:18:12,179 [Test worker] internal.InternalMockNetwork$MockNode. - Connected to H2 database.
?[m?[37m[INFO] 18:18:12,180 [Test worker] persistence.HibernateConfiguration. - Init HibernateConfiguration for schemas: [CommonSchemaV1(name=net.corda.core.schemas.CommonSchema, version=1), VaultSchemaV1(name=net.corda.node.services.vault.VaultSchema, version=1), NodeInfoSchemaV1(name=net.corda.node.internal.schemas.NodeInfoSchema, version=1), NodeCoreV1(name=net.corda.node.services.schema.NodeSchemaService$NodeCore, version=1), FungibleTokenSchemaV1(name=com.r3.corda.lib.tokens.contracts.internal.schemas.FungibleTokenSchema, version=1), NonFungibleTokenSchemaV1(name=com.r3.corda.lib.tokens.contracts.internal.schemas.NonFungibleTokenSchema, version=1), TokenSchemaV1(name=com.r3.corda.lib.tokens.contracts.schemas.TokenSchema, version=1), DistributionRecordSchemaV1(name=com.r3.corda.lib.tokens.workflows.internal.schemas.DistributionRecordSchema, version=1)]
?[m?[37m[INFO] 18:18:12,180 [Test worker] factory.BaseSessionFactoryFactory. - Creating session factory for schemas: [CommonSchemaV1(name=net.corda.core.schemas.CommonSchema, version=1), VaultSchemaV1(name=net.corda.node.services.vault.VaultSchema, version=1), NodeInfoSchemaV1(name=net.corda.node.internal.schemas.NodeInfoSchema, version=1), NodeCoreV1(name=net.corda.node.services.schema.NodeSchemaService$NodeCore, version=1), FungibleTokenSchemaV1(name=com.r3.corda.lib.tokens.contracts.internal.schemas.FungibleTokenSchema, version=1), NonFungibleTokenSchemaV1(name=com.r3.corda.lib.tokens.contracts.internal.schemas.NonFungibleTokenSchema, version=1), TokenSchemaV1(name=com.r3.corda.lib.tokens.contracts.schemas.TokenSchema, version=1), DistributionRecordSchemaV1(name=com.r3.corda.lib.tokens.workflows.internal.schemas.DistributionRecordSchema, version=1)]
?[m?[37m[INFO] 18:18:12,186 [Test worker] internal.ConnectionProviderInitiator. - HHH000130: Instantiating explicit connection provider: net.corda.nodeapi.internal.persistence.HibernateConfiguration$NodeDatabaseConnectionProvider
?[m?[37m[INFO] 18:18:12,186 [Test worker] dialect.Dialect. - HHH000400: Using dialect: org.hibernate.dialect.H2Dialect
?[m?[37m[INFO] 18:18:12,273 [Test worker] connections.access. - HHH10001501: Connection obtained from JdbcConnectionAccess [org.hibernate.engine.jdbc.env.internal.JdbcEnvironmentInitiator$ConnectionProviderJdbcConnectionAccess@b3c81cf] for (non-JTA) DDL execution was not in auto-commit mode; the Connection 'local transaction' will be committed and the Connection will be set into auto-commit mode.
?[m?[37m[INFO] 18:18:12,313 [Test worker] internal.JtaPlatformInitiator. - HHH000490: Using JtaPlatform implementation: [org.hibernate.engine.transaction.jta.platform.internal.NoJtaPlatform]
?[m?[37m[INFO] 18:18:12,313 [Test worker] factory.BaseSessionFactoryFactory. - Created session factory for schemas: [CommonSchemaV1(name=net.corda.core.schemas.CommonSchema, version=1), VaultSchemaV1(name=net.corda.node.services.vault.VaultSchema, version=1), NodeInfoSchemaV1(name=net.corda.node.internal.schemas.NodeInfoSchema, version=1), NodeCoreV1(name=net.corda.node.services.schema.NodeSchemaService$NodeCore, version=1), FungibleTokenSchemaV1(name=com.r3.corda.lib.tokens.contracts.internal.schemas.FungibleTokenSchema, version=1), NonFungibleTokenSchemaV1(name=com.r3.corda.lib.tokens.contracts.internal.schemas.NonFungibleTokenSchema, version=1), TokenSchemaV1(name=com.r3.corda.lib.tokens.contracts.schemas.TokenSchema, version=1), DistributionRecordSchemaV1(name=com.r3.corda.lib.tokens.workflows.internal.schemas.DistributionRecordSchema, version=1)]
?[m?[37m[INFO] 18:18:12,317 [Test worker] internal.InternalMockNetwork$MockNode. - Node-info has changed so submitting update. Old node-info was null
?[m?[37m[INFO] 18:18:12,319 [Test worker] network.PersistentNetworkMapCache. - Adding node with info: NodeInfo(addresses=[mock.node:1000], legalIdentitiesAndCerts=[O=Mock Company 1, L=London, C=GB], platformVersion=11, serial=1671484692317), owningKey=DL8VPzqjks3tXBMqvAXhDQJmjLTChGuoXDoHXC91ALdiqW
?[m?[37m[INFO] 18:18:12,319 [Test worker] network.PersistentNetworkMapCache. - No previous node found for O=Mock Company 1, L=London, C=GB
?[m?[37m[INFO] 18:18:12,323 [Test worker] internal.InternalMockNetwork$MockNode. - New node-info: NodeInfo(addresses=[mock.node:1000], legalIdentitiesAndCerts=[O=Mock Company 1, L=London, C=GB], platformVersion=11, serial=1671484692317)
?[m?[37m[INFO] 18:18:12,328 [Test worker] network.NetworkMapUpdater. - Auto-accept enabled for network parameter changes which modify only: [epoch, modifiedTime, packageOwnership, whitelistedContractImplementations]
?[m?[37m[INFO] 18:18:12,329 [Test worker] internal.MockNodeMessagingService. - Status change to true
?[m?[37m[INFO] 18:18:12,329 [Test worker] internal.InternalMockNetwork$MockNode. - MessagingService active change to: true
?[m?[37m[INFO] 18:18:12,342 [MockNode-5-2] network.PersistentNetworkMapCache. - Adding node with info: NodeInfo(addresses=[mock.node:1000], legalIdentitiesAndCerts=[O=Mock Company 1, L=London, C=GB], platformVersion=11, serial=1671484692317), owningKey=DL8VPzqjks3tXBMqvAXhDQJmjLTChGuoXDoHXC91ALdiqW
?[m?[37m[INFO] 18:18:12,342 [MockNode-5-2] network.PersistentNetworkMapCache. - Previous node was identical to incoming one - doing nothing
?[m?[37m[INFO] 18:18:12,348 [Test worker] ClassloaderUtils. - Contracts loading for 'C:\Users\diogo\AppData\Local\Temp\attachment4037979839408086225.jar' took 4 msec
?[m?[37m[INFO] 18:18:12,354 [Test worker] persistence.NodeAttachmentService. - Stored new attachment: id=CE8DE26FD6C21FE1E3966284DEF8E748A454C21F0BD9836854DE4DA4544311BC uploader=app filename=tokenizedhouse CorDapp
?[m?[37m[INFO] 18:18:12,360 [Test worker] ClassloaderUtils. - Contracts loading for 'C:\Users\diogo\AppData\Local\Temp\attachment1259801288399033614.jar' took 4 msec
?[m?[37m[INFO] 18:18:12,373 [Test worker] persistence.NodeAttachmentService. - Stored new attachment: id=34705DC9A2C8599998BBDBA7C3D13609AF04D8B3A772F7134D685ECC926D8320 uploader=app filename=Token SDK Contracts
?[m?[37m[INFO] 18:18:12,375 [Test worker] internal.InternalMockNetwork$MockNode. - Installed com.r3.corda.lib.tokens.selection.memory.services.VaultMigratorService Corda service
?[m?[37m[INFO] 18:18:12,375 [Test worker] cordapp.CordappConfigFileProvider. - Found config for cordapp tokens-workflows-1.2 in build\mock-network\20221219-211810.886-6C3A4298C7E11A46\nodes\1\cordapps\config\tokens-workflows-1.2.conf
?[m?[31m[WARN] 18:18:12,375 [Test worker] inMemoryConfigSelectionLogger. - Did not detect a configuration for InMemory selection - enabling memory usage for token indexing. Please set stateSelection.inMemory.enabled to "false" to disable this
?[m?[31m[WARN] 18:18:12,375 [Test worker] inMemoryConfigSelectionLogger. - No indexing method specified. Indexes will be created at run-time for each invocation of selectTokens
?[m?[37m[INFO] 18:18:12,375 [Test worker] inMemoryConfigSelectionLogger. - Found in memory token selection configuration with values indexing strategy: [], cacheSize: 1024
?[m?[31m[WARN] 18:18:12,375 [Test worker] vault.NodeVaultService. - trackBy is called with an already existing, open DB transaction. As a result, there might be states missing from both the snapshot and observable, included in the returned data feed, because of race conditions.
?[m?[31m[WARN] 18:18:12,378 [Test worker] inMemoryConfigSelectionLogger. - Did not detect a configuration for InMemory selection - enabling memory usage for token indexing. Please set stateSelection.inMemory.enabled to "false" to disable this
?[m?[31m[WARN] 18:18:12,378 [Test worker] inMemoryConfigSelectionLogger. - No indexing method specified. Indexes will be created at run-time for each invocation of selectTokens
?[m?[37m[INFO] 18:18:12,378 [Test worker] inMemoryConfigSelectionLogger. - Found in memory token selection configuration with values indexing strategy: [], cacheSize: 1024
?[m?[37m[INFO] 18:18:12,378 [Test worker] services.VaultWatcherService. - Starting async token loading from vault
?[m?[37m[INFO] 18:18:12,378 [Test worker] internal.InternalMockNetwork$MockNode. - Installed com.r3.corda.lib.tokens.selection.memory.services.VaultWatcherService Corda service
?[m?[37m[INFO] 18:18:12,382 [pool-12-thread-1] services.VaultWatcherService. - publishing 0 to async state loading callback
?[m?[37m[INFO] 18:18:12,382 [pool-12-thread-1] services.VaultWatcherService. - received token vault update with 0 consumed states and: 0 produced states
?[m?[37m[INFO] 18:18:12,382 [pool-12-thread-1] services.VaultWatcherService. - finished token loading
?[m?[37m[INFO] 18:18:12,392 [Test worker] statemachine.SingleThreadedStateMachineManager. - Node ready, info: NodeInfo(addresses=[mock.node:1000], legalIdentitiesAndCerts=[O=Mock Company 1, L=London, C=GB], platformVersion=11, serial=1671484692317)
?[m?[37m[INFO] 18:18:12,394 [Test worker] network.PersistentNetworkMapCache. - Adding node with info: NodeInfo(addresses=[mock.node:1000], legalIdentitiesAndCerts=[O=Notary, L=London, C=GB], platformVersion=11, serial=1671484691626), owningKey=DL5EerrdNexawBUtwgmNijXcAGCq4d6pLSncotVR1SVjrD
?[m?[37m[INFO] 18:18:12,394 [Test worker] network.PersistentNetworkMapCache. - No previous node found for O=Notary, L=London, C=GB
?[m?[37m[INFO] 18:18:12,401 [Test worker] network.PersistentNetworkMapCache. - Adding node with info: NodeInfo(addresses=[mock.node:1000], legalIdentitiesAndCerts=[O=Mock Company 1, L=London, C=GB], platformVersion=11, serial=1671484692317), owningKey=DL8VPzqjks3tXBMqvAXhDQJmjLTChGuoXDoHXC91ALdiqW
?[m?[37m[INFO] 18:18:12,401 [Test worker] network.PersistentNetworkMapCache. - No previous node found for O=Mock Company 1, L=London, C=GB
?[m?[37m[INFO] 18:18:12,406 [Test worker] network.PersistentNetworkMapCache. - Adding node with info: NodeInfo(addresses=[mock.node:1000], legalIdentitiesAndCerts=[O=Mock Company 1, L=London, C=GB], platformVersion=11, serial=1671484692317), owningKey=DL8VPzqjks3tXBMqvAXhDQJmjLTChGuoXDoHXC91ALdiqW
?[m?[37m[INFO] 18:18:12,406 [Test worker] network.PersistentNetworkMapCache. - Previous node was identical to incoming one - doing nothing
?[m?[37m[INFO] 18:18:12,407 [Test worker] network.PersistentNetworkMapCache. - Adding node with info: NodeInfo(addresses=[mock.node:1000], legalIdentitiesAndCerts=[O=Mock Company 1, L=London, C=GB], platformVersion=11, serial=1671484692317), owningKey=DL8VPzqjks3tXBMqvAXhDQJmjLTChGuoXDoHXC91ALdiqW
?[m?[37m[INFO] 18:18:12,407 [Test worker] network.PersistentNetworkMapCache. - Previous node was identical to incoming one - doing nothing
?[m?[37m[INFO] 18:18:12,417 [Test worker] cordapp.JarScanningCordappLoader. - Looking for CorDapps in [build\mock-network\20221219-211810.886-6C3A4298C7E11A46\nodes\2\cordapps]
?[m?[37m[INFO] 18:18:12,418 [Test worker] cordapp.JarScanningCordappLoader. - Loading CorDapps from RestrictedURL(url=file:/F:/diogo/Documents/Diogo_Programação/2-FungibleToken-Issue-and-Swap/workflows/build/mock-network/20221219-211810.886-6C3A4298C7E11A46/nodes/2/cordapps/contracts-1.0.jar, rootPackageName=null), RestrictedURL(url=file:/F:/diogo/Documents/Diogo_Programação/2-FungibleToken-Issue-and-Swap/workflows/build/mock-network/20221219-211810.886-6C3A4298C7E11A46/nodes/2/cordapps/tokens-contracts-1.2.jar, rootPackageName=null), RestrictedURL(url=file:/F:/diogo/Documents/Diogo_Programação/2-FungibleToken-Issue-and-Swap/workflows/build/mock-network/20221219-211810.886-6C3A4298C7E11A46/nodes/2/cordapps/tokens-workflows-1.2.jar, rootPackageName=null), RestrictedURL(url=file:/F:/diogo/Documents/Diogo_Programação/2-FungibleToken-Issue-and-Swap/workflows/build/mock-network/20221219-211810.886-6C3A4298C7E11A46/nodes/2/cordapps/workflows-1.0.jar, rootPackageName=null)
?[m?[37m[INFO] 18:18:12,418 [Test worker] cordapp.JarScanningCordappLoader. - Scanning CorDapp in file:/F:/diogo/Documents/Diogo_Programação/2-FungibleToken-Issue-and-Swap/workflows/build/mock-network/20221219-211810.886-6C3A4298C7E11A46/nodes/2/cordapps/contracts-1.0.jar
?[m?[37m[INFO] 18:18:12,493 [Test worker] cordapp.JarScanningCordappLoader. - Scanning CorDapp in file:/F:/diogo/Documents/Diogo_Programação/2-FungibleToken-Issue-and-Swap/workflows/build/mock-network/20221219-211810.886-6C3A4298C7E11A46/nodes/2/cordapps/tokens-contracts-1.2.jar
?[m?[37m[INFO] 18:18:12,499 [Test worker] cordapp.JarScanningCordappLoader. - Scanning CorDapp in file:/F:/diogo/Documents/Diogo_Programação/2-FungibleToken-Issue-and-Swap/workflows/build/mock-network/20221219-211810.886-6C3A4298C7E11A46/nodes/2/cordapps/tokens-workflows-1.2.jar
?[m?[37m[INFO] 18:18:12,518 [Test worker] cordapp.JarScanningCordappLoader. - Scanning CorDapp in file:/F:/diogo/Documents/Diogo_Programação/2-FungibleToken-Issue-and-Swap/workflows/build/mock-network/20221219-211810.886-6C3A4298C7E11A46/nodes/2/cordapps/workflows-1.0.jar
?[m?[37m[INFO] 18:18:12,538 [Test worker] internal.InternalMockNetwork$MockNode. - MessagingService active change to: false
?[m?[37m[INFO] 18:18:12,538 [Test worker] internal.InternalMockNetwork$MockNode. - Flow external operation executor has a max of 2 threads
?[m?[37m[INFO] 18:18:12,539 [Test worker] internal.InternalMockNetwork$MockNode. - Node starting up ...
?[m?[37m[INFO] 18:18:12,578 [Test worker] internal.KeyStoreHandler. - Loaded trusted root certificate: DL7fwxLm5xbiMD8adUuYTsPZHAict46Ng4w6RNcySt5vAw, alias: cordarootca
?[m?[37m[INFO] 18:18:12,578 [Test worker] internal.KeyStoreHandler. - Loaded node identity key: DLH1gpgeYqNJUwhaX45xa8rBxut9SNcVpp4ZnSoSKnv7kL, alias: identity-private-key
?[m?[37m[INFO] 18:18:12,582 [Test worker] internal.NodeFlowManager. - Registered com.r3.corda.lib.tokens.workflows.flows.rpc.ConfidentialIssueTokens to initiate com.r3.corda.lib.tokens.workflows.flows.rpc.ConfidentialIssueTokensHandler (version 1)
?[m?[37m[INFO] 18:18:12,582 [Test worker] internal.NodeFlowManager. - Registered com.r3.corda.lib.tokens.workflows.flows.rpc.ConfidentialMoveFungibleTokens to initiate com.r3.corda.lib.tokens.workflows.flows.rpc.ConfidentialMoveFungibleTokensHandler (version 1)
?[m?[37m[INFO] 18:18:12,583 [Test worker] internal.NodeFlowManager. - Registered com.r3.corda.lib.tokens.workflows.flows.rpc.ConfidentialMoveNonFungibleTokens to initiate com.r3.corda.lib.tokens.workflows.flows.rpc.ConfidentialMoveNonFungibleTokensHandler (version 1)
?[m?[37m[INFO] 18:18:12,583 [Test worker] internal.NodeFlowManager. - Registered com.r3.corda.lib.tokens.workflows.flows.rpc.ConfidentialRedeemFungibleTokens to initiate com.r3.corda.lib.tokens.workflows.flows.rpc.ConfidentialRedeemFungibleTokensHandler (version 1)
?[m?[37m[INFO] 18:18:12,583 [Test worker] internal.NodeFlowManager. - Registered com.r3.corda.lib.tokens.workflows.flows.rpc.CreateEvolvableTokens to initiate com.r3.corda.lib.tokens.workflows.flows.rpc.CreateEvolvableTokensHandler (version 1)
?[m?[37m[INFO] 18:18:12,583 [Test worker] internal.NodeFlowManager. - Registered com.r3.corda.lib.tokens.workflows.flows.rpc.IssueTokens to initiate com.r3.corda.lib.tokens.workflows.flows.rpc.IssueTokensHandler (version 1)
?[m?[37m[INFO] 18:18:12,583 [Test worker] internal.NodeFlowManager. - Registered com.r3.corda.lib.tokens.workflows.flows.rpc.MoveFungibleTokens to initiate com.r3.corda.lib.tokens.workflows.flows.rpc.MoveFungibleTokensHandler (version 1)
?[m?[37m[INFO] 18:18:12,583 [Test worker] internal.NodeFlowManager. - Registered com.r3.corda.lib.tokens.workflows.flows.rpc.MoveNonFungibleTokens to initiate com.r3.corda.lib.tokens.workflows.flows.rpc.MoveNonFungibleTokensHandler (version 1)
?[m?[37m[INFO] 18:18:12,583 [Test worker] internal.NodeFlowManager. - Registered com.r3.corda.lib.tokens.workflows.flows.rpc.RedeemFungibleTokens to initiate com.r3.corda.lib.tokens.workflows.flows.rpc.RedeemFungibleTokensHandler (version 1)
?[m?[37m[INFO] 18:18:12,583 [Test worker] internal.NodeFlowManager. - Registered com.r3.corda.lib.tokens.workflows.flows.rpc.RedeemNonFungibleTokens to initiate com.r3.corda.lib.tokens.workflows.flows.rpc.RedeemNonFungibleTokensHandler (version 1)
?[m?[37m[INFO] 18:18:12,583 [Test worker] internal.NodeFlowManager. - Registered com.r3.corda.lib.tokens.workflows.flows.rpc.UpdateEvolvableToken to initiate com.r3.corda.lib.tokens.workflows.flows.rpc.UpdateEvolvableTokenHandler (version 1)
?[m?[37m[INFO] 18:18:12,583 [Test worker] internal.NodeFlowManager. - Registered com.r3.corda.lib.tokens.workflows.internal.flows.distribution.RequestAdditionToDistributionList$Initiator to initiate com.r3.corda.lib.tokens.workflows.internal.flows.distribution.RequestAdditionToDistributionList$Responder (version 1)
?[m?[37m[INFO] 18:18:12,583 [Test worker] internal.NodeFlowManager. - Registered com.r3.corda.lib.tokens.workflows.internal.flows.distribution.UpdateDistributionListFlow to initiate com.r3.corda.lib.tokens.workflows.internal.flows.distribution.UpdateDistributionListFlowHandler (version 1)
?[m?[37m[INFO] 18:18:12,583 [Test worker] internal.NodeFlowManager. - Registered com.r3.corda.lib.tokens.workflows.internal.testflows.DvPFlow to initiate com.r3.corda.lib.tokens.workflows.internal.testflows.DvPFlowHandler (version 1)
?[m?[37m[INFO] 18:18:12,583 [Test worker] internal.NodeFlowManager. - Registered net.corda.samples.tokenizedhouse.flows.RealEstateEvolvableFungibleTokenFlow$MoveHouseTokenFlow to initiate net.corda.samples.tokenizedhouse.flows.RealEstateEvolvableFungibleTokenFlow$MoveEvolvableFungibleTokenFlowResponder (version 1)
?[m?[37m[INFO] 18:18:12,586 [Test worker] internal.InternalMockNetwork$MockNode. - Loaded network parameters: NetworkParameters {
      minimumPlatformVersion=4
      notaries=[NotaryInfo(identity=O=Notary, L=London, C=GB, validating=true)]
      maxMessageSize=10485760
      maxTransactionSize=52428800
      whitelistedContractImplementations {
        
      }
      eventHorizon=PT51539607528H
      packageOwnership {
        
      }
      modifiedTime=2022-12-19T21:18:10.886Z
      epoch=1
  }
?[m?[37m[INFO] 18:18:12,586 [Test worker] hikari.HikariDataSource. - HikariPool-6 - Starting...
?[m?[37m[INFO] 18:18:12,595 [Test worker] hikari.HikariDataSource. - HikariPool-6 - Start completed.
?[m?[37m[INFO] 18:18:12,759 [Test worker] jvm.JdbcExecutor. - SELECT MD5SUM FROM PUBLIC.DATABASECHANGELOG WHERE MD5SUM IS NOT NULL
?[m?[37m[INFO] 18:18:12,759 [Test worker] jvm.JdbcExecutor. - SELECT COUNT(*) FROM PUBLIC.DATABASECHANGELOG
?[m?[37m[INFO] 18:18:12,759 [Test worker] changelog.StandardChangeLogHistoryService. - Reading from PUBLIC.DATABASECHANGELOG
?[m?[37m[INFO] 18:18:12,759 [Test worker] jvm.JdbcExecutor. - SELECT * FROM PUBLIC.DATABASECHANGELOG ORDER BY DATEEXECUTED ASC, ORDEREXECUTED ASC
?[m?[37m[INFO] 18:18:12,760 [Test worker] jvm.JdbcExecutor. - SELECT COUNT(*) FROM PUBLIC.DATABASECHANGELOGLOCK
?[m?[37m[INFO] 18:18:12,760 [Test worker] jvm.JdbcExecutor. - SELECT COUNT(*) FROM PUBLIC.DATABASECHANGELOGLOCK
?[m?[37m[INFO] 18:18:12,767 [Test worker] visitor.ValidatingVisitor. - Skipping change set migration/vault-schema.changelog-v13.xml::vault_transaction_id_size_non-clustered_pk-1::R3.Corda due to validation error(s): clustered is not allowed on h2 {changeSet=migration/vault-schema.changelog-v13.xml::vault_transaction_id_size_non-clustered_pk-1::R3.Corda, databaseChangeLog=master.changelog.json}
?[m?[37m[INFO] 18:18:12,767 [Test worker] visitor.ValidatingVisitor. - Skipping change set migration/vault-schema.changelog-v13.xml::vault_transaction_id_size_non-clustered_pk-2::R3.Corda due to validation error(s): clustered is not allowed on h2 {changeSet=migration/vault-schema.changelog-v13.xml::vault_transaction_id_size_non-clustered_pk-2::R3.Corda, databaseChangeLog=master.changelog.json}
?[m?[37m[INFO] 18:18:12,767 [Test worker] visitor.ValidatingVisitor. - Skipping change set migration/vault-schema.changelog-v13.xml::vault_transaction_id_size_non-clustered_pk-3::R3.Corda due to validation error(s): clustered is not allowed on h2 {changeSet=migration/vault-schema.changelog-v13.xml::vault_transaction_id_size_non-clustered_pk-3::R3.Corda, databaseChangeLog=master.changelog.json}
?[m?[37m[INFO] 18:18:12,780 [Test worker] visitor.ValidatingVisitor. - Skipping change set migration/node-core.changelog-v21.xml::node_transaction_id_size_non-clustered_pk::R3.Corda due to validation error(s): clustered is not allowed on h2 {changeSet=migration/node-core.changelog-v21.xml::node_transaction_id_size_non-clustered_pk::R3.Corda, databaseChangeLog=master.changelog.json}
?[m?[37m[INFO] 18:18:12,781 [Test worker] jvm.JdbcExecutor. - SELECT LOCKED FROM PUBLIC.DATABASECHANGELOGLOCK WHERE ID=1
?[m?[37m[INFO] 18:18:12,781 [Test worker] lockservice.StandardLockService. - Successfully acquired change log lock
?[m?[37m[INFO] 18:18:12,782 [Test worker] visitor.ValidatingVisitor. - Skipping change set migration/vault-schema.changelog-v13.xml::vault_transaction_id_size_non-clustered_pk-1::R3.Corda due to validation error(s): clustered is not allowed on h2 {changeSet=migration/vault-schema.changelog-v13.xml::vault_transaction_id_size_non-clustered_pk-1::R3.Corda, databaseChangeLog=master.changelog.json}
?[m?[37m[INFO] 18:18:12,782 [Test worker] visitor.ValidatingVisitor. - Skipping change set migration/vault-schema.changelog-v13.xml::vault_transaction_id_size_non-clustered_pk-2::R3.Corda due to validation error(s): clustered is not allowed on h2 {changeSet=migration/vault-schema.changelog-v13.xml::vault_transaction_id_size_non-clustered_pk-2::R3.Corda, databaseChangeLog=master.changelog.json}
?[m?[37m[INFO] 18:18:12,782 [Test worker] visitor.ValidatingVisitor. - Skipping change set migration/vault-schema.changelog-v13.xml::vault_transaction_id_size_non-clustered_pk-3::R3.Corda due to validation error(s): clustered is not allowed on h2 {changeSet=migration/vault-schema.changelog-v13.xml::vault_transaction_id_size_non-clustered_pk-3::R3.Corda, databaseChangeLog=master.changelog.json}
?[m?[37m[INFO] 18:18:12,784 [Test worker] visitor.ValidatingVisitor. - Skipping change set migration/node-core.changelog-v21.xml::node_transaction_id_size_non-clustered_pk::R3.Corda due to validation error(s): clustered is not allowed on h2 {changeSet=migration/node-core.changelog-v21.xml::node_transaction_id_size_non-clustered_pk::R3.Corda, databaseChangeLog=master.changelog.json}
?[m?[37m[INFO] 18:18:12,785 [Test worker] jvm.JdbcExecutor. - DROP VIEW PUBLIC.v_pkey_hash_ex_id_map {changeSet=migration/vault-schema.changelog-v13.xml::vault_transaction_id_size::R3.Corda, databaseChangeLog=master.changelog.json}
?[m?[37m[INFO] 18:18:12,785 [Test worker] changelog.ChangeSet. - View v_pkey_hash_ex_id_map dropped {changeSet=migration/vault-schema.changelog-v13.xml::vault_transaction_id_size::R3.Corda, databaseChangeLog=master.changelog.json}
?[m?[37m[INFO] 18:18:12,785 [Test worker] jvm.JdbcExecutor. - ALTER TABLE PUBLIC.vault_fungible_states_parts DROP CONSTRAINT FK__fung_st_parts__fung_st {changeSet=migration/vault-schema.changelog-v13.xml::vault_transaction_id_size::R3.Corda, databaseChangeLog=master.changelog.json}
?[m?[37m[INFO] 18:18:12,785 [Test worker] changelog.ChangeSet. - Foreign key FK__fung_st_parts__fung_st dropped {changeSet=migration/vault-schema.changelog-v13.xml::vault_transaction_id_size::R3.Corda, databaseChangeLog=master.changelog.json}
?[m?[37m[INFO] 18:18:12,785 [Test worker] jvm.JdbcExecutor. - ALTER TABLE PUBLIC.vault_linear_states_parts DROP CONSTRAINT FK__lin_stat_parts__lin_stat {changeSet=migration/vault-schema.changelog-v13.xml::vault_transaction_id_size::R3.Corda, databaseChangeLog=master.changelog.json}
?[m?[37m[INFO] 18:18:12,786 [Test worker] changelog.ChangeSet. - Foreign key FK__lin_stat_parts__lin_stat dropped {changeSet=migration/vault-schema.changelog-v13.xml::vault_transaction_id_size::R3.Corda, databaseChangeLog=master.changelog.json}
?[m?[37m[INFO] 18:18:12,786 [Test worker] jvm.JdbcExecutor. - ALTER TABLE PUBLIC.vault_fungible_states DROP PRIMARY KEY {changeSet=migration/vault-schema.changelog-v13.xml::vault_transaction_id_size::R3.Corda, databaseChangeLog=master.changelog.json}
?[m?[37m[INFO] 18:18:12,786 [Test worker] changelog.ChangeSet. - Primary key dropped from vault_fungible_states {changeSet=migration/vault-schema.changelog-v13.xml::vault_transaction_id_size::R3.Corda, databaseChangeLog=master.changelog.json}
?[m?[37m[INFO] 18:18:12,786 [Test worker] jvm.JdbcExecutor. - ALTER TABLE PUBLIC.vault_linear_states DROP PRIMARY KEY {changeSet=migration/vault-schema.changelog-v13.xml::vault_transaction_id_size::R3.Corda, databaseChangeLog=master.changelog.json}
?[m?[37m[INFO] 18:18:12,786 [Test worker] changelog.ChangeSet. - Primary key dropped from vault_linear_states {changeSet=migration/vault-schema.changelog-v13.xml::vault_transaction_id_size::R3.Corda, databaseChangeLog=master.changelog.json}
?[m?[37m[INFO] 18:18:12,786 [Test worker] jvm.JdbcExecutor. - ALTER TABLE PUBLIC.vault_states DROP PRIMARY KEY {changeSet=migration/vault-schema.changelog-v13.xml::vault_transaction_id_size::R3.Corda, databaseChangeLog=master.changelog.json}
?[m?[37m[INFO] 18:18:12,786 [Test worker] changelog.ChangeSet. - Primary key dropped from vault_states {changeSet=migration/vault-schema.changelog-v13.xml::vault_transaction_id_size::R3.Corda, databaseChangeLog=master.changelog.json}
?[m?[37m[INFO] 18:18:12,786 [Test worker] jvm.JdbcExecutor. - DROP INDEX PUBLIC.transaction_id_index {changeSet=migration/vault-schema.changelog-v13.xml::vault_transaction_id_size::R3.Corda, databaseChangeLog=master.changelog.json}
?[m?[37m[INFO] 18:18:12,786 [Test worker] changelog.ChangeSet. - Index transaction_id_index dropped from table vault_transaction_notes {changeSet=migration/vault-schema.changelog-v13.xml::vault_transaction_id_size::R3.Corda, databaseChangeLog=master.changelog.json}
?[m?[37m[INFO] 18:18:12,786 [Test worker] jvm.JdbcExecutor. - ALTER TABLE PUBLIC.vault_fungible_states ALTER COLUMN transaction_id SET NULL {changeSet=migration/vault-schema.changelog-v13.xml::vault_transaction_id_size::R3.Corda, databaseChangeLog=master.changelog.json}
?[m?[37m[INFO] 18:18:12,787 [Test worker] changelog.ChangeSet. - Null constraint dropped from vault_fungible_states.transaction_id {changeSet=migration/vault-schema.changelog-v13.xml::vault_transaction_id_size::R3.Corda, databaseChangeLog=master.changelog.json}
?[m?[37m[INFO] 18:18:12,787 [Test worker] jvm.JdbcExecutor. - ALTER TABLE PUBLIC.vault_fungible_states_parts ALTER COLUMN transaction_id SET NULL {changeSet=migration/vault-schema.changelog-v13.xml::vault_transaction_id_size::R3.Corda, databaseChangeLog=master.changelog.json}
?[m?[37m[INFO] 18:18:12,787 [Test worker] changelog.ChangeSet. - Null constraint dropped from vault_fungible_states_parts.transaction_id {changeSet=migration/vault-schema.changelog-v13.xml::vault_transaction_id_size::R3.Corda, databaseChangeLog=master.changelog.json}
?[m?[37m[INFO] 18:18:12,787 [Test worker] jvm.JdbcExecutor. - ALTER TABLE PUBLIC.vault_linear_states ALTER COLUMN transaction_id SET NULL {changeSet=migration/vault-schema.changelog-v13.xml::vault_transaction_id_size::R3.Corda, databaseChangeLog=master.changelog.json}
?[m?[37m[INFO] 18:18:12,787 [Test worker] changelog.ChangeSet. - Null constraint dropped from vault_linear_states.transaction_id {changeSet=migration/vault-schema.changelog-v13.xml::vault_transaction_id_size::R3.Corda, databaseChangeLog=master.changelog.json}
?[m?[37m[INFO] 18:18:12,787 [Test worker] jvm.JdbcExecutor. - ALTER TABLE PUBLIC.vault_linear_states_parts ALTER COLUMN transaction_id SET NULL {changeSet=migration/vault-schema.changelog-v13.xml::vault_transaction_id_size::R3.Corda, databaseChangeLog=master.changelog.json}
?[m?[37m[INFO] 18:18:12,787 [Test worker] changelog.ChangeSet. - Null constraint dropped from vault_linear_states_parts.transaction_id {changeSet=migration/vault-schema.changelog-v13.xml::vault_transaction_id_size::R3.Corda, databaseChangeLog=master.changelog.json}
?[m?[37m[INFO] 18:18:12,787 [Test worker] jvm.JdbcExecutor. - ALTER TABLE PUBLIC.vault_states ALTER COLUMN transaction_id SET NULL {changeSet=migration/vault-schema.changelog-v13.xml::vault_transaction_id_size::R3.Corda, databaseChangeLog=master.changelog.json}
?[m?[37m[INFO] 18:18:12,787 [Test worker] changelog.ChangeSet. - Null constraint dropped from vault_states.transaction_id {changeSet=migration/vault-schema.changelog-v13.xml::vault_transaction_id_size::R3.Corda, databaseChangeLog=master.changelog.json}
?[m?[37m[INFO] 18:18:12,788 [Test worker] jvm.JdbcExecutor. - ALTER TABLE PUBLIC.vault_fungible_states ALTER COLUMN transaction_id NVARCHAR(144) {changeSet=migration/vault-schema.changelog-v13.xml::vault_transaction_id_size::R3.Corda, databaseChangeLog=master.changelog.json}
?[m?[37m[INFO] 18:18:12,788 [Test worker] changelog.ChangeSet. - vault_fungible_states.transaction_id datatype was changed to NVARCHAR(144) {changeSet=migration/vault-schema.changelog-v13.xml::vault_transaction_id_size::R3.Corda, databaseChangeLog=master.changelog.json}
?[m?[37m[INFO] 18:18:12,788 [Test worker] jvm.JdbcExecutor. - ALTER TABLE PUBLIC.vault_fungible_states_parts ALTER COLUMN transaction_id NVARCHAR(144) {changeSet=migration/vault-schema.changelog-v13.xml::vault_transaction_id_size::R3.Corda, databaseChangeLog=master.changelog.json}
?[m?[37m[INFO] 18:18:12,789 [Test worker] changelog.ChangeSet. - vault_fungible_states_parts.transaction_id datatype was changed to NVARCHAR(144) {changeSet=migration/vault-schema.changelog-v13.xml::vault_transaction_id_size::R3.Corda, databaseChangeLog=master.changelog.json}
?[m?[37m[INFO] 18:18:12,789 [Test worker] jvm.JdbcExecutor. - ALTER TABLE PUBLIC.vault_linear_states ALTER COLUMN transaction_id NVARCHAR(144) {changeSet=migration/vault-schema.changelog-v13.xml::vault_transaction_id_size::R3.Corda, databaseChangeLog=master.changelog.json}
?[m?[37m[INFO] 18:18:12,790 [Test worker] changelog.ChangeSet. - vault_linear_states.transaction_id datatype was changed to NVARCHAR(144) {changeSet=migration/vault-schema.changelog-v13.xml::vault_transaction_id_size::R3.Corda, databaseChangeLog=master.changelog.json}
?[m?[37m[INFO] 18:18:12,790 [Test worker] jvm.JdbcExecutor. - ALTER TABLE PUBLIC.vault_linear_states_parts ALTER COLUMN transaction_id NVARCHAR(144) {changeSet=migration/vault-schema.changelog-v13.xml::vault_transaction_id_size::R3.Corda, databaseChangeLog=master.changelog.json}
?[m?[37m[INFO] 18:18:12,791 [Test worker] changelog.ChangeSet. - vault_linear_states_parts.transaction_id datatype was changed to NVARCHAR(144) {changeSet=migration/vault-schema.changelog-v13.xml::vault_transaction_id_size::R3.Corda, databaseChangeLog=master.changelog.json}
?[m?[37m[INFO] 18:18:12,791 [Test worker] jvm.JdbcExecutor. - ALTER TABLE PUBLIC.vault_states ALTER COLUMN transaction_id NVARCHAR(144) {changeSet=migration/vault-schema.changelog-v13.xml::vault_transaction_id_size::R3.Corda, databaseChangeLog=master.changelog.json}
?[m?[37m[INFO] 18:18:12,792 [Test worker] changelog.ChangeSet. - vault_states.transaction_id datatype was changed to NVARCHAR(144) {changeSet=migration/vault-schema.changelog-v13.xml::vault_transaction_id_size::R3.Corda, databaseChangeLog=master.changelog.json}
?[m?[37m[INFO] 18:18:12,792 [Test worker] jvm.JdbcExecutor. - ALTER TABLE PUBLIC.vault_transaction_notes ALTER COLUMN transaction_id NVARCHAR(144) {changeSet=migration/vault-schema.changelog-v13.xml::vault_transaction_id_size::R3.Corda, databaseChangeLog=master.changelog.json}
?[m?[37m[INFO] 18:18:12,793 [Test worker] changelog.ChangeSet. - vault_transaction_notes.transaction_id datatype was changed to NVARCHAR(144) {changeSet=migration/vault-schema.changelog-v13.xml::vault_transaction_id_size::R3.Corda, databaseChangeLog=master.changelog.json}
?[m?[37m[INFO] 18:18:12,793 [Test worker] jvm.JdbcExecutor. - ALTER TABLE PUBLIC.state_party ALTER COLUMN transaction_id NVARCHAR(144) {changeSet=migration/vault-schema.changelog-v13.xml::vault_transaction_id_size::R3.Corda, databaseChangeLog=master.changelog.json}
?[m?[37m[INFO] 18:18:12,795 [Test worker] changelog.ChangeSet. - state_party.transaction_id datatype was changed to NVARCHAR(144) {changeSet=migration/vault-schema.changelog-v13.xml::vault_transaction_id_size::R3.Corda, databaseChangeLog=master.changelog.json}
?[m?[37m[INFO] 18:18:12,795 [Test worker] jvm.JdbcExecutor. - ALTER TABLE PUBLIC.vault_fungible_states ALTER COLUMN transaction_id SET NOT NULL {changeSet=migration/vault-schema.changelog-v13.xml::vault_transaction_id_size::R3.Corda, databaseChangeLog=master.changelog.json}
?[m?[37m[INFO] 18:18:12,795 [Test worker] changelog.ChangeSet. - NOT NULL constraint has been added to vault_fungible_states.transaction_id {changeSet=migration/vault-schema.changelog-v13.xml::vault_transaction_id_size::R3.Corda, databaseChangeLog=master.changelog.json}
?[m?[37m[INFO] 18:18:12,795 [Test worker] jvm.JdbcExecutor. - ALTER TABLE PUBLIC.vault_fungible_states_parts ALTER COLUMN transaction_id SET NOT NULL {changeSet=migration/vault-schema.changelog-v13.xml::vault_transaction_id_size::R3.Corda, databaseChangeLog=master.changelog.json}
?[m?[37m[INFO] 18:18:12,795 [Test worker] changelog.ChangeSet. - NOT NULL constraint has been added to vault_fungible_states_parts.transaction_id {changeSet=migration/vault-schema.changelog-v13.xml::vault_transaction_id_size::R3.Corda, databaseChangeLog=master.changelog.json}
?[m?[37m[INFO] 18:18:12,795 [Test worker] jvm.JdbcExecutor. - ALTER TABLE PUBLIC.vault_linear_states ALTER COLUMN transaction_id SET NOT NULL {changeSet=migration/vault-schema.changelog-v13.xml::vault_transaction_id_size::R3.Corda, databaseChangeLog=master.changelog.json}
?[m?[37m[INFO] 18:18:12,796 [Test worker] changelog.ChangeSet. - NOT NULL constraint has been added to vault_linear_states.transaction_id {changeSet=migration/vault-schema.changelog-v13.xml::vault_transaction_id_size::R3.Corda, databaseChangeLog=master.changelog.json}
?[m?[37m[INFO] 18:18:12,796 [Test worker] jvm.JdbcExecutor. - ALTER TABLE PUBLIC.vault_linear_states_parts ALTER COLUMN transaction_id SET NOT NULL {changeSet=migration/vault-schema.changelog-v13.xml::vault_transaction_id_size::R3.Corda, databaseChangeLog=master.changelog.json}
?[m?[37m[INFO] 18:18:12,796 [Test worker] changelog.ChangeSet. - NOT NULL constraint has been added to vault_linear_states_parts.transaction_id {changeSet=migration/vault-schema.changelog-v13.xml::vault_transaction_id_size::R3.Corda, databaseChangeLog=master.changelog.json}
?[m?[37m[INFO] 18:18:12,796 [Test worker] jvm.JdbcExecutor. - ALTER TABLE PUBLIC.vault_states ALTER COLUMN transaction_id SET NOT NULL {changeSet=migration/vault-schema.changelog-v13.xml::vault_transaction_id_size::R3.Corda, databaseChangeLog=master.changelog.json}
?[m?[37m[INFO] 18:18:12,796 [Test worker] changelog.ChangeSet. - NOT NULL constraint has been added to vault_states.transaction_id {changeSet=migration/vault-schema.changelog-v13.xml::vault_transaction_id_size::R3.Corda, databaseChangeLog=master.changelog.json}
?[m?[37m[INFO] 18:18:12,796 [Test worker] jvm.JdbcExecutor. - ALTER TABLE PUBLIC.vault_fungible_states ADD CONSTRAINT vault_fungible_states_pkey PRIMARY KEY (transaction_id, output_index) {changeSet=migration/vault-schema.changelog-v13.xml::vault_transaction_id_size::R3.Corda, databaseChangeLog=master.changelog.json}
?[m?[37m[INFO] 18:18:12,796 [Test worker] changelog.ChangeSet. - Primary key added to vault_fungible_states (transaction_id, output_index) {changeSet=migration/vault-schema.changelog-v13.xml::vault_transaction_id_size::R3.Corda, databaseChangeLog=master.changelog.json}
?[m?[37m[INFO] 18:18:12,796 [Test worker] jvm.JdbcExecutor. - ALTER TABLE PUBLIC.vault_linear_states ADD CONSTRAINT vault_linear_states_pkey PRIMARY KEY (transaction_id, output_index) {changeSet=migration/vault-schema.changelog-v13.xml::vault_transaction_id_size::R3.Corda, databaseChangeLog=master.changelog.json}
?[m?[37m[INFO] 18:18:12,796 [Test worker] changelog.ChangeSet. - Primary key added to vault_linear_states (transaction_id, output_index) {changeSet=migration/vault-schema.changelog-v13.xml::vault_transaction_id_size::R3.Corda, databaseChangeLog=master.changelog.json}
?[m?[37m[INFO] 18:18:12,796 [Test worker] jvm.JdbcExecutor. - ALTER TABLE PUBLIC.vault_states ADD CONSTRAINT vault_states_pkey PRIMARY KEY (transaction_id, output_index) {changeSet=migration/vault-schema.changelog-v13.xml::vault_transaction_id_size::R3.Corda, databaseChangeLog=master.changelog.json}
?[m?[37m[INFO] 18:18:12,797 [Test worker] changelog.ChangeSet. - Primary key added to vault_states (transaction_id, output_index) {changeSet=migration/vault-schema.changelog-v13.xml::vault_transaction_id_size::R3.Corda, databaseChangeLog=master.changelog.json}
?[m?[37m[INFO] 18:18:12,797 [Test worker] jvm.JdbcExecutor. - CREATE INDEX PUBLIC.transaction_id_index ON PUBLIC.vault_transaction_notes(transaction_id) {changeSet=migration/vault-schema.changelog-v13.xml::vault_transaction_id_size::R3.Corda, databaseChangeLog=master.changelog.json}
?[m?[37m[INFO] 18:18:12,797 [Test worker] changelog.ChangeSet. - Index transaction_id_index created {changeSet=migration/vault-schema.changelog-v13.xml::vault_transaction_id_size::R3.Corda, databaseChangeLog=master.changelog.json}
?[m?[37m[INFO] 18:18:12,797 [Test worker] changelog.ChangeSet. - ChangeSet migration/vault-schema.changelog-v13.xml::vault_transaction_id_size::R3.Corda ran successfully in 12ms {changeSet=migration/vault-schema.changelog-v13.xml::vault_transaction_id_size::R3.Corda, databaseChangeLog=master.changelog.json}
?[m?[37m[INFO] 18:18:12,797 [Test worker] jvm.JdbcExecutor. - SELECT MAX(ORDEREXECUTED) FROM PUBLIC.DATABASECHANGELOG {changeSet=migration/vault-schema.changelog-v13.xml::vault_transaction_id_size::R3.Corda, databaseChangeLog=master.changelog.json}
?[m?[37m[INFO] 18:18:12,798 [Test worker] jvm.JdbcExecutor. - INSERT INTO PUBLIC.DATABASECHANGELOG (ID, AUTHOR, FILENAME, DATEEXECUTED, ORDEREXECUTED, MD5SUM, DESCRIPTION, COMMENTS, EXECTYPE, CONTEXTS, LABELS, LIQUIBASE, DEPLOYMENT_ID) VALUES ('vault_transaction_id_size', 'R3.Corda', 'migration/vault-schema.changelog-v13.xml', NOW(), 94, '8:6251c962c4f12e03040c4fceecdc07e0', 'dropView viewName=v_pkey_hash_ex_id_map; dropForeignKeyConstraint baseTableName=vault_fungible_states_parts, constraintName=FK__fung_st_parts__fung_st; dropForeignKeyConstraint baseTableName=vault_linear_states_parts, constraintName=FK__lin_stat_p...', '', 'EXECUTED', NULL, NULL, '3.6.3', '1484692781') {changeSet=migration/vault-schema.changelog-v13.xml::vault_transaction_id_size::R3.Corda, databaseChangeLog=master.changelog.json}
?[m?[37m[INFO] 18:18:12,799 [Test worker] jvm.JdbcExecutor. - INSERT INTO PUBLIC.DATABASECHANGELOG (ID, AUTHOR, FILENAME, DATEEXECUTED, ORDEREXECUTED, MD5SUM, DESCRIPTION, COMMENTS, EXECTYPE, CONTEXTS, LABELS, LIQUIBASE, DEPLOYMENT_ID) VALUES ('vault_transaction_id_size_non-clustered_pk-1', 'R3.Corda', 'migration/vault-schema.changelog-v13.xml', NOW(), 95, '8:d9c822bbaf7c5eea4cd2559f94a17eba', 'dropPrimaryKey constraintName=vault_fungible_states_pkey, tableName=vault_fungible_states; addPrimaryKey constraintName=vault_fungible_states_pkey, tableName=vault_fungible_states', '', 'MARK_RAN', NULL, NULL, '3.6.3', '1484692781') {changeSet=migration/vault-schema.changelog-v13.xml::vault_transaction_id_size_non-clustered_pk-1::R3.Corda, databaseChangeLog=master.changelog.json}
?[m?[37m[INFO] 18:18:12,800 [Test worker] jvm.JdbcExecutor. - INSERT INTO PUBLIC.DATABASECHANGELOG (ID, AUTHOR, FILENAME, DATEEXECUTED, ORDEREXECUTED, MD5SUM, DESCRIPTION, COMMENTS, EXECTYPE, CONTEXTS, LABELS, LIQUIBASE, DEPLOYMENT_ID) VALUES ('vault_transaction_id_size_non-clustered_pk-2', 'R3.Corda', 'migration/vault-schema.changelog-v13.xml', NOW(), 96, '8:fb2cd4970e95f7c7936b9754a6438da5', 'dropPrimaryKey constraintName=vault_linear_states_pkey, tableName=vault_linear_states; addPrimaryKey constraintName=vault_linear_states_pkey, tableName=vault_linear_states', '', 'MARK_RAN', NULL, NULL, '3.6.3', '1484692781') {changeSet=migration/vault-schema.changelog-v13.xml::vault_transaction_id_size_non-clustered_pk-2::R3.Corda, databaseChangeLog=master.changelog.json}
?[m?[37m[INFO] 18:18:12,801 [Test worker] jvm.JdbcExecutor. - INSERT INTO PUBLIC.DATABASECHANGELOG (ID, AUTHOR, FILENAME, DATEEXECUTED, ORDEREXECUTED, MD5SUM, DESCRIPTION, COMMENTS, EXECTYPE, CONTEXTS, LABELS, LIQUIBASE, DEPLOYMENT_ID) VALUES ('vault_transaction_id_size_non-clustered_pk-3', 'R3.Corda', 'migration/vault-schema.changelog-v13.xml', NOW(), 97, '8:54bd9c17ce296bb02c369a5cfbedd866', 'dropPrimaryKey constraintName=vault_states_pkey, tableName=vault_states; addPrimaryKey constraintName=vault_states_pkey, tableName=vault_states', '', 'MARK_RAN', NULL, NULL, '3.6.3', '1484692781') {changeSet=migration/vault-schema.changelog-v13.xml::vault_transaction_id_size_non-clustered_pk-3::R3.Corda, databaseChangeLog=master.changelog.json}
?[m?[37m[INFO] 18:18:12,802 [Test worker] jvm.JdbcExecutor. - ALTER TABLE PUBLIC.vault_fungible_states_parts ADD CONSTRAINT FK__fung_st_parts__fung_st FOREIGN KEY (transaction_id, output_index) REFERENCES PUBLIC.vault_fungible_states (transaction_id, output_index) {changeSet=migration/vault-schema.changelog-v13.xml::vault_transaction_id_size_2::R3.Corda, databaseChangeLog=master.changelog.json}
?[m?[37m[INFO] 18:18:12,802 [Test worker] changelog.ChangeSet. - Foreign key constraint added to vault_fungible_states_parts (transaction_id,output_index) {changeSet=migration/vault-schema.changelog-v13.xml::vault_transaction_id_size_2::R3.Corda, databaseChangeLog=master.changelog.json}
?[m?[37m[INFO] 18:18:12,803 [Test worker] jvm.JdbcExecutor. - ALTER TABLE PUBLIC.vault_linear_states_parts ADD CONSTRAINT FK__lin_stat_parts__lin_stat FOREIGN KEY (transaction_id, output_index) REFERENCES PUBLIC.vault_linear_states (transaction_id, output_index) {changeSet=migration/vault-schema.changelog-v13.xml::vault_transaction_id_size_2::R3.Corda, databaseChangeLog=master.changelog.json}
?[m?[37m[INFO] 18:18:12,803 [Test worker] changelog.ChangeSet. - Foreign key constraint added to vault_linear_states_parts (transaction_id,output_index) {changeSet=migration/vault-schema.changelog-v13.xml::vault_transaction_id_size_2::R3.Corda, databaseChangeLog=master.changelog.json}
?[m?[37m[INFO] 18:18:12,804 [Test worker] jvm.JdbcExecutor. - CREATE VIEW PUBLIC.v_pkey_hash_ex_id_map AS select
            state_party.public_key_hash,
            state_party.transaction_id,
            state_party.output_index,
            pk_hash_to_ext_id_map.external_id
            from state_party
            join pk_hash_to_ext_id_map
            on state_party.public_key_hash = pk_hash_to_ext_id_map.public_key_hash {changeSet=migration/vault-schema.changelog-v13.xml::vault_transaction_id_size_2::R3.Corda, databaseChangeLog=master.changelog.json}
?[m?[37m[INFO] 18:18:12,804 [Test worker] changelog.ChangeSet. - View v_pkey_hash_ex_id_map created {changeSet=migration/vault-schema.changelog-v13.xml::vault_transaction_id_size_2::R3.Corda, databaseChangeLog=master.changelog.json}
?[m?[37m[INFO] 18:18:12,804 [Test worker] changelog.ChangeSet. - ChangeSet migration/vault-schema.changelog-v13.xml::vault_transaction_id_size_2::R3.Corda ran successfully in 3ms {changeSet=migration/vault-schema.changelog-v13.xml::vault_transaction_id_size_2::R3.Corda, databaseChangeLog=master.changelog.json}
?[m?[37m[INFO] 18:18:12,805 [Test worker] jvm.JdbcExecutor. - INSERT INTO PUBLIC.DATABASECHANGELOG (ID, AUTHOR, FILENAME, DATEEXECUTED, ORDEREXECUTED, MD5SUM, DESCRIPTION, COMMENTS, EXECTYPE, CONTEXTS, LABELS, LIQUIBASE, DEPLOYMENT_ID) VALUES ('vault_transaction_id_size_2', 'R3.Corda', 'migration/vault-schema.changelog-v13.xml', NOW(), 98, '8:39d3cb14fba7c771c1fd93a8ec497365', 'addForeignKeyConstraint baseTableName=vault_fungible_states_parts, constraintName=FK__fung_st_parts__fung_st, referencedTableName=vault_fungible_states; addForeignKeyConstraint baseTableName=vault_linear_states_parts, constraintName=FK__lin_stat_p...', '', 'EXECUTED', NULL, NULL, '3.6.3', '1484692781') {changeSet=migration/vault-schema.changelog-v13.xml::vault_transaction_id_size_2::R3.Corda, databaseChangeLog=master.changelog.json}
?[m?[37m[INFO] 18:18:12,806 [Test worker] jvm.JdbcExecutor. - ALTER TABLE PUBLIC.node_identities_no_cert ADD owning_pk_hash NVARCHAR(130) {changeSet=migration/node-services.changelog-init.xml::identity_service_key_rotation::R3.Corda, databaseChangeLog=master.changelog.json}
?[m?[37m[INFO] 18:18:12,807 [Test worker] changelog.ChangeSet. - Columns owning_pk_hash(NVARCHAR(130)) added to node_identities_no_cert {changeSet=migration/node-services.changelog-init.xml::identity_service_key_rotation::R3.Corda, databaseChangeLog=master.changelog.json}
?[m?[37m[INFO] 18:18:12,808 [Test worker] jvm.JdbcExecutor. - UPDATE node_identities_no_cert SET owning_pk_hash =
            (SELECT pk_hash FROM node_named_identities WHERE node_named_identities.name = node_identities_no_cert.name) {changeSet=migration/node-services.changelog-init.xml::identity_service_key_rotation::R3.Corda, databaseChangeLog=master.changelog.json}
?[m?[37m[INFO] 18:18:12,808 [Test worker] changelog.ChangeSet. - Custom SQL executed {changeSet=migration/node-services.changelog-init.xml::identity_service_key_rotation::R3.Corda, databaseChangeLog=master.changelog.json}
?[m?[37m[INFO] 18:18:12,808 [Test worker] jvm.JdbcExecutor. - UPDATE node_identities_no_cert SET owning_pk_hash = 'unresolved' WHERE owning_pk_hash IS NULL {changeSet=migration/node-services.changelog-init.xml::identity_service_key_rotation::R3.Corda, databaseChangeLog=master.changelog.json}
?[m?[37m[INFO] 18:18:12,808 [Test worker] changelog.ChangeSet. - Custom SQL executed {changeSet=migration/node-services.changelog-init.xml::identity_service_key_rotation::R3.Corda, databaseChangeLog=master.changelog.json}
?[m?[37m[INFO] 18:18:12,808 [Test worker] jvm.JdbcExecutor. - ALTER TABLE PUBLIC.node_identities_no_cert ALTER COLUMN owning_pk_hash SET NOT NULL {changeSet=migration/node-services.changelog-init.xml::identity_service_key_rotation::R3.Corda, databaseChangeLog=master.changelog.json}
?[m?[37m[INFO] 18:18:12,808 [Test worker] changelog.ChangeSet. - NOT NULL constraint has been added to node_identities_no_cert.owning_pk_hash {changeSet=migration/node-services.changelog-init.xml::identity_service_key_rotation::R3.Corda, databaseChangeLog=master.changelog.json}
?[m?[37m[INFO] 18:18:12,808 [Test worker] jvm.JdbcExecutor. - DROP TABLE PUBLIC.node_named_identities {changeSet=migration/node-services.changelog-init.xml::identity_service_key_rotation::R3.Corda, databaseChangeLog=master.changelog.json}
?[m?[37m[INFO] 18:18:12,809 [Test worker] changelog.ChangeSet. - Table node_named_identities dropped {changeSet=migration/node-services.changelog-init.xml::identity_service_key_rotation::R3.Corda, databaseChangeLog=master.changelog.json}
?[m?[37m[INFO] 18:18:12,809 [Test worker] changelog.ChangeSet. - ChangeSet migration/node-services.changelog-init.xml::identity_service_key_rotation::R3.Corda ran successfully in 3ms {changeSet=migration/node-services.changelog-init.xml::identity_service_key_rotation::R3.Corda, databaseChangeLog=master.changelog.json}
?[m?[37m[INFO] 18:18:12,809 [Test worker] jvm.JdbcExecutor. - INSERT INTO PUBLIC.DATABASECHANGELOG (ID, AUTHOR, FILENAME, DATEEXECUTED, ORDEREXECUTED, MD5SUM, DESCRIPTION, COMMENTS, EXECTYPE, CONTEXTS, LABELS, LIQUIBASE, DEPLOYMENT_ID) VALUES ('identity_service_key_rotation', 'R3.Corda', 'migration/node-services.changelog-init.xml', NOW(), 99, '8:45514f858c3ac818303f4ef9950eda23', 'addColumn tableName=node_identities_no_cert; sql; sql; addNotNullConstraint columnName=owning_pk_hash, tableName=node_identities_no_cert; dropTable tableName=node_named_identities', '', 'EXECUTED', NULL, NULL, '3.6.3', '1484692781') {changeSet=migration/node-services.changelog-init.xml::identity_service_key_rotation::R3.Corda, databaseChangeLog=master.changelog.json}
?[m?[37m[INFO] 18:18:12,810 [Test worker] jvm.JdbcExecutor. - CREATE TABLE PUBLIC.node_named_identities (name NVARCHAR(128) NOT NULL, pk_hash NVARCHAR(130)) {changeSet=migration/node-core.changelog-v22.xml::add_node_named_identities_table_back_in::R3.Corda, databaseChangeLog=master.changelog.json}
?[m?[37m[INFO] 18:18:12,810 [Test worker] changelog.ChangeSet. - Table node_named_identities created {changeSet=migration/node-core.changelog-v22.xml::add_node_named_identities_table_back_in::R3.Corda, databaseChangeLog=master.changelog.json}
?[m?[37m[INFO] 18:18:12,810 [Test worker] changelog.ChangeSet. - ChangeSet migration/node-core.changelog-v22.xml::add_node_named_identities_table_back_in::R3.Corda ran successfully in 0ms {changeSet=migration/node-core.changelog-v22.xml::add_node_named_identities_table_back_in::R3.Corda, databaseChangeLog=master.changelog.json}
?[m?[37m[INFO] 18:18:12,811 [Test worker] jvm.JdbcExecutor. - INSERT INTO PUBLIC.DATABASECHANGELOG (ID, AUTHOR, FILENAME, DATEEXECUTED, ORDEREXECUTED, MD5SUM, DESCRIPTION, COMMENTS, EXECTYPE, CONTEXTS, LABELS, LIQUIBASE, DEPLOYMENT_ID) VALUES ('add_node_named_identities_table_back_in', 'R3.Corda', 'migration/node-core.changelog-v22.xml', NOW(), 100, '8:bf6ca4e45e140b225f6f934935dd2f34', 'createTable tableName=node_named_identities', '', 'EXECUTED', NULL, NULL, '3.6.3', '1484692781') {changeSet=migration/node-core.changelog-v22.xml::add_node_named_identities_table_back_in::R3.Corda, databaseChangeLog=master.changelog.json}
?[m?[37m[INFO] 18:18:12,812 [Test worker] jvm.JdbcExecutor. - DROP TABLE PUBLIC.node_checkpoints {changeSet=migration/node-services.changelog-init.xml::add_new_checkpoints_table::R3.Corda, databaseChangeLog=master.changelog.json}
?[m?[37m[INFO] 18:18:12,812 [Test worker] changelog.ChangeSet. - Table node_checkpoints dropped {changeSet=migration/node-services.changelog-init.xml::add_new_checkpoints_table::R3.Corda, databaseChangeLog=master.changelog.json}
?[m?[37m[INFO] 18:18:12,812 [Test worker] jvm.JdbcExecutor. - CREATE TABLE PUBLIC.node_checkpoints (flow_id NVARCHAR(64) NOT NULL, status INT NOT NULL, compatible BOOLEAN NOT NULL, progress_step NVARCHAR(256), flow_io_request NVARCHAR(128), timestamp TIMESTAMP NOT NULL) {changeSet=migration/node-services.changelog-init.xml::add_new_checkpoints_table::R3.Corda, databaseChangeLog=master.changelog.json}
?[m?[37m[INFO] 18:18:12,812 [Test worker] changelog.ChangeSet. - Table node_checkpoints created {changeSet=migration/node-services.changelog-init.xml::add_new_checkpoints_table::R3.Corda, databaseChangeLog=master.changelog.json}
?[m?[37m[INFO] 18:18:12,812 [Test worker] changelog.ChangeSet. - ChangeSet migration/node-services.changelog-init.xml::add_new_checkpoints_table::R3.Corda ran successfully in 0ms {changeSet=migration/node-services.changelog-init.xml::add_new_checkpoints_table::R3.Corda, databaseChangeLog=master.changelog.json}
?[m?[37m[INFO] 18:18:12,813 [Test worker] jvm.JdbcExecutor. - INSERT INTO PUBLIC.DATABASECHANGELOG (ID, AUTHOR, FILENAME, DATEEXECUTED, ORDEREXECUTED, MD5SUM, DESCRIPTION, COMMENTS, EXECTYPE, CONTEXTS, LABELS, LIQUIBASE, DEPLOYMENT_ID) VALUES ('add_new_checkpoints_table', 'R3.Corda', 'migration/node-services.changelog-init.xml', NOW(), 101, '8:cc00474f248a40e330cf0f42c5b7e1a6', 'dropTable tableName=node_checkpoints; createTable tableName=node_checkpoints', '', 'EXECUTED', NULL, NULL, '3.6.3', '1484692781') {changeSet=migration/node-services.changelog-init.xml::add_new_checkpoints_table::R3.Corda, databaseChangeLog=master.changelog.json}
?[m?[37m[INFO] 18:18:12,814 [Test worker] jvm.JdbcExecutor. - CREATE TABLE PUBLIC.node_checkpoint_blobs (flow_id NVARCHAR(64) NOT NULL, checkpoint_value BLOB NOT NULL, flow_state BLOB, timestamp TIMESTAMP NOT NULL, hmac VARBINARY(32) NOT NULL) {changeSet=migration/node-services.changelog-init.xml::add_new_checkpoint_blob_table::R3.Corda, databaseChangeLog=master.changelog.json}
?[m?[37m[INFO] 18:18:12,814 [Test worker] changelog.ChangeSet. - Table node_checkpoint_blobs created {changeSet=migration/node-services.changelog-init.xml::add_new_checkpoint_blob_table::R3.Corda, databaseChangeLog=master.changelog.json}
?[m?[37m[INFO] 18:18:12,814 [Test worker] changelog.ChangeSet. - ChangeSet migration/node-services.changelog-init.xml::add_new_checkpoint_blob_table::R3.Corda ran successfully in 0ms {changeSet=migration/node-services.changelog-init.xml::add_new_checkpoint_blob_table::R3.Corda, databaseChangeLog=master.changelog.json}
?[m?[37m[INFO] 18:18:12,815 [Test worker] jvm.JdbcExecutor. - INSERT INTO PUBLIC.DATABASECHANGELOG (ID, AUTHOR, FILENAME, DATEEXECUTED, ORDEREXECUTED, MD5SUM, DESCRIPTION, COMMENTS, EXECTYPE, CONTEXTS, LABELS, LIQUIBASE, DEPLOYMENT_ID) VALUES ('add_new_checkpoint_blob_table', 'R3.Corda', 'migration/node-services.changelog-init.xml', NOW(), 102, '8:e973d6b794fe4753423964b13fe9fbe6', 'createTable tableName=node_checkpoint_blobs', '', 'EXECUTED', NULL, NULL, '3.6.3', '1484692781') {changeSet=migration/node-services.changelog-init.xml::add_new_checkpoint_blob_table::R3.Corda, databaseChangeLog=master.changelog.json}
?[m?[37m[INFO] 18:18:12,815 [Test worker] jvm.JdbcExecutor. - CREATE TABLE PUBLIC.node_flow_results (flow_id NVARCHAR(64) NOT NULL, result_value BLOB, timestamp TIMESTAMP NOT NULL) {changeSet=migration/node-services.changelog-init.xml::add_new_flow_result_table::R3.Corda, databaseChangeLog=master.changelog.json}
?[m?[37m[INFO] 18:18:12,815 [Test worker] changelog.ChangeSet. - Table node_flow_results created {changeSet=migration/node-services.changelog-init.xml::add_new_flow_result_table::R3.Corda, databaseChangeLog=master.changelog.json}
?[m?[37m[INFO] 18:18:12,815 [Test worker] changelog.ChangeSet. - ChangeSet migration/node-services.changelog-init.xml::add_new_flow_result_table::R3.Corda ran successfully in 0ms {changeSet=migration/node-services.changelog-init.xml::add_new_flow_result_table::R3.Corda, databaseChangeLog=master.changelog.json}
?[m?[37m[INFO] 18:18:12,816 [Test worker] jvm.JdbcExecutor. - INSERT INTO PUBLIC.DATABASECHANGELOG (ID, AUTHOR, FILENAME, DATEEXECUTED, ORDEREXECUTED, MD5SUM, DESCRIPTION, COMMENTS, EXECTYPE, CONTEXTS, LABELS, LIQUIBASE, DEPLOYMENT_ID) VALUES ('add_new_flow_result_table', 'R3.Corda', 'migration/node-services.changelog-init.xml', NOW(), 103, '8:79f1c80610f26db24d6ab757f57e68b7', 'createTable tableName=node_flow_results', '', 'EXECUTED', NULL, NULL, '3.6.3', '1484692781') {changeSet=migration/node-services.changelog-init.xml::add_new_flow_result_table::R3.Corda, databaseChangeLog=master.changelog.json}
?[m?[37m[INFO] 18:18:12,817 [Test worker] jvm.JdbcExecutor. - CREATE TABLE PUBLIC.node_flow_exceptions (flow_id NVARCHAR(64) NOT NULL, type NVARCHAR(256) NOT NULL, exception_message NVARCHAR(2000), stack_trace NVARCHAR(2000) NOT NULL, exception_value BLOB, timestamp TIMESTAMP NOT NULL) {changeSet=migration/node-services.changelog-init.xml::add_new_flow_exceptions_table::R3.Corda, databaseChangeLog=master.changelog.json}
?[m?[37m[INFO] 18:18:12,817 [Test worker] changelog.ChangeSet. - Table node_flow_exceptions created {changeSet=migration/node-services.changelog-init.xml::add_new_flow_exceptions_table::R3.Corda, databaseChangeLog=master.changelog.json}
?[m?[37m[INFO] 18:18:12,817 [Test worker] changelog.ChangeSet. - ChangeSet migration/node-services.changelog-init.xml::add_new_flow_exceptions_table::R3.Corda ran successfully in 1ms {changeSet=migration/node-services.changelog-init.xml::add_new_flow_exceptions_table::R3.Corda, databaseChangeLog=master.changelog.json}
?[m?[37m[INFO] 18:18:12,818 [Test worker] jvm.JdbcExecutor. - INSERT INTO PUBLIC.DATABASECHANGELOG (ID, AUTHOR, FILENAME, DATEEXECUTED, ORDEREXECUTED, MD5SUM, DESCRIPTION, COMMENTS, EXECTYPE, CONTEXTS, LABELS, LIQUIBASE, DEPLOYMENT_ID) VALUES ('add_new_flow_exceptions_table', 'R3.Corda', 'migration/node-services.changelog-init.xml', NOW(), 104, '8:fb0d523c5cf42025c566f105731b34a2', 'createTable tableName=node_flow_exceptions', '', 'EXECUTED', NULL, NULL, '3.6.3', '1484692781') {changeSet=migration/node-services.changelog-init.xml::add_new_flow_exceptions_table::R3.Corda, databaseChangeLog=master.changelog.json}
?[m?[37m[INFO] 18:18:12,818 [Test worker] jvm.JdbcExecutor. - CREATE TABLE PUBLIC.node_flow_metadata (flow_id NVARCHAR(64) NOT NULL, invocation_id NVARCHAR(128) NOT NULL, flow_name NVARCHAR(128) NOT NULL, flow_identifier NVARCHAR(512), started_type INT NOT NULL, flow_parameters BLOB NOT NULL, cordapp_name NVARCHAR(128) NOT NULL, platform_version INT NOT NULL, started_by NVARCHAR(128) NOT NULL, invocation_time TIMESTAMP NOT NULL, start_time TIMESTAMP NOT NULL, finish_time TIMESTAMP) {changeSet=migration/node-services.changelog-init.xml::add_new_flow_metadata_table::R3.Corda, databaseChangeLog=master.changelog.json}
?[m?[37m[INFO] 18:18:12,819 [Test worker] changelog.ChangeSet. - Table node_flow_metadata created {changeSet=migration/node-services.changelog-init.xml::add_new_flow_metadata_table::R3.Corda, databaseChangeLog=master.changelog.json}
?[m?[37m[INFO] 18:18:12,819 [Test worker] changelog.ChangeSet. - ChangeSet migration/node-services.changelog-init.xml::add_new_flow_metadata_table::R3.Corda ran successfully in 1ms {changeSet=migration/node-services.changelog-init.xml::add_new_flow_metadata_table::R3.Corda, databaseChangeLog=master.changelog.json}
?[m?[37m[INFO] 18:18:12,819 [Test worker] jvm.JdbcExecutor. - INSERT INTO PUBLIC.DATABASECHANGELOG (ID, AUTHOR, FILENAME, DATEEXECUTED, ORDEREXECUTED, MD5SUM, DESCRIPTION, COMMENTS, EXECTYPE, CONTEXTS, LABELS, LIQUIBASE, DEPLOYMENT_ID) VALUES ('add_new_flow_metadata_table', 'R3.Corda', 'migration/node-services.changelog-init.xml', NOW(), 105, '8:edede3ddf0425fb6d012735a7415013e', 'createTable tableName=node_flow_metadata', '', 'EXECUTED', NULL, NULL, '3.6.3', '1484692781') {changeSet=migration/node-services.changelog-init.xml::add_new_flow_metadata_table::R3.Corda, databaseChangeLog=master.changelog.json}
?[m?[37m[INFO] 18:18:12,819 [Test worker] jvm.JdbcExecutor. - ALTER TABLE PUBLIC.node_checkpoints ADD CONSTRAINT node_checkpoints_pk PRIMARY KEY (flow_id) {changeSet=migration/node-services.changelog-init.xml::add_new_checkpoint_schema_primary_keys-h2_postgres_oracle::R3.Corda, databaseChangeLog=master.changelog.json}
?[m?[37m[INFO] 18:18:12,820 [Test worker] changelog.ChangeSet. - Primary key added to node_checkpoints (flow_id) {changeSet=migration/node-services.changelog-init.xml::add_new_checkpoint_schema_primary_keys-h2_postgres_oracle::R3.Corda, databaseChangeLog=master.changelog.json}
?[m?[37m[INFO] 18:18:12,820 [Test worker] changelog.ChangeSet. - ChangeSet migration/node-services.changelog-init.xml::add_new_checkpoint_schema_primary_keys-h2_postgres_oracle::R3.Corda ran successfully in 1ms {changeSet=migration/node-services.changelog-init.xml::add_new_checkpoint_schema_primary_keys-h2_postgres_oracle::R3.Corda, databaseChangeLog=master.changelog.json}
?[m?[37m[INFO] 18:18:12,820 [Test worker] jvm.JdbcExecutor. - INSERT INTO PUBLIC.DATABASECHANGELOG (ID, AUTHOR, FILENAME, DATEEXECUTED, ORDEREXECUTED, MD5SUM, DESCRIPTION, COMMENTS, EXECTYPE, CONTEXTS, LABELS, LIQUIBASE, DEPLOYMENT_ID) VALUES ('add_new_checkpoint_schema_primary_keys-h2_postgres_oracle', 'R3.Corda', 'migration/node-services.changelog-init.xml', NOW(), 106, '8:23141f3e3b5917c1cd0196f7b03b8f71', 'addPrimaryKey constraintName=node_checkpoints_pk, tableName=node_checkpoints', '', 'EXECUTED', NULL, NULL, '3.6.3', '1484692781') {changeSet=migration/node-services.changelog-init.xml::add_new_checkpoint_schema_primary_keys-h2_postgres_oracle::R3.Corda, databaseChangeLog=master.changelog.json}
?[m?[37m[INFO] 18:18:12,821 [Test worker] jvm.JdbcExecutor. - CREATE UNIQUE INDEX PUBLIC.node_checkpoint_blobs_idx ON PUBLIC.node_checkpoint_blobs(flow_id) {changeSet=migration/node-services.changelog-init.xml::add_new_checkpoint_schema_indexes::R3.Corda, databaseChangeLog=master.changelog.json}
?[m?[37m[INFO] 18:18:12,821 [Test worker] changelog.ChangeSet. - Index node_checkpoint_blobs_idx created {changeSet=migration/node-services.changelog-init.xml::add_new_checkpoint_schema_indexes::R3.Corda, databaseChangeLog=master.changelog.json}
?[m?[37m[INFO] 18:18:12,821 [Test worker] jvm.JdbcExecutor. - CREATE UNIQUE INDEX PUBLIC.node_flow_results_idx ON PUBLIC.node_flow_results(flow_id) {changeSet=migration/node-services.changelog-init.xml::add_new_checkpoint_schema_indexes::R3.Corda, databaseChangeLog=master.changelog.json}
?[m?[37m[INFO] 18:18:12,821 [Test worker] changelog.ChangeSet. - Index node_flow_results_idx created {changeSet=migration/node-services.changelog-init.xml::add_new_checkpoint_schema_indexes::R3.Corda, databaseChangeLog=master.changelog.json}
?[m?[37m[INFO] 18:18:12,821 [Test worker] jvm.JdbcExecutor. - CREATE UNIQUE INDEX PUBLIC.node_flow_exceptions_idx ON PUBLIC.node_flow_exceptions(flow_id) {changeSet=migration/node-services.changelog-init.xml::add_new_checkpoint_schema_indexes::R3.Corda, databaseChangeLog=master.changelog.json}
?[m?[37m[INFO] 18:18:12,822 [Test worker] changelog.ChangeSet. - Index node_flow_exceptions_idx created {changeSet=migration/node-services.changelog-init.xml::add_new_checkpoint_schema_indexes::R3.Corda, databaseChangeLog=master.changelog.json}
?[m?[37m[INFO] 18:18:12,822 [Test worker] jvm.JdbcExecutor. - CREATE UNIQUE INDEX PUBLIC.node_flow_metadata_idx ON PUBLIC.node_flow_metadata(flow_id) {changeSet=migration/node-services.changelog-init.xml::add_new_checkpoint_schema_indexes::R3.Corda, databaseChangeLog=master.changelog.json}
?[m?[37m[INFO] 18:18:12,822 [Test worker] changelog.ChangeSet. - Index node_flow_metadata_idx created {changeSet=migration/node-services.changelog-init.xml::add_new_checkpoint_schema_indexes::R3.Corda, databaseChangeLog=master.changelog.json}
?[m?[37m[INFO] 18:18:12,822 [Test worker] changelog.ChangeSet. - ChangeSet migration/node-services.changelog-init.xml::add_new_checkpoint_schema_indexes::R3.Corda ran successfully in 1ms {changeSet=migration/node-services.changelog-init.xml::add_new_checkpoint_schema_indexes::R3.Corda, databaseChangeLog=master.changelog.json}
?[m?[37m[INFO] 18:18:12,822 [Test worker] jvm.JdbcExecutor. - INSERT INTO PUBLIC.DATABASECHANGELOG (ID, AUTHOR, FILENAME, DATEEXECUTED, ORDEREXECUTED, MD5SUM, DESCRIPTION, COMMENTS, EXECTYPE, CONTEXTS, LABELS, LIQUIBASE, DEPLOYMENT_ID) VALUES ('add_new_checkpoint_schema_indexes', 'R3.Corda', 'migration/node-services.changelog-init.xml', NOW(), 107, '8:56612ddd39f61523990e27c1b429f467', 'createIndex indexName=node_checkpoint_blobs_idx, tableName=node_checkpoint_blobs; createIndex indexName=node_flow_results_idx, tableName=node_flow_results; createIndex indexName=node_flow_exceptions_idx, tableName=node_flow_exceptions; createIndex...', '', 'EXECUTED', NULL, NULL, '3.6.3', '1484692781') {changeSet=migration/node-services.changelog-init.xml::add_new_checkpoint_schema_indexes::R3.Corda, databaseChangeLog=master.changelog.json}
?[m?[37m[INFO] 18:18:12,823 [Test worker] jvm.JdbcExecutor. - ALTER TABLE PUBLIC.node_transactions DROP PRIMARY KEY {changeSet=migration/node-core.changelog-v21.xml::node_transaction_id_size::R3.Corda, databaseChangeLog=master.changelog.json}
?[m?[37m[INFO] 18:18:12,823 [Test worker] changelog.ChangeSet. - Primary key dropped from node_transactions {changeSet=migration/node-core.changelog-v21.xml::node_transaction_id_size::R3.Corda, databaseChangeLog=master.changelog.json}
?[m?[37m[INFO] 18:18:12,823 [Test worker] jvm.JdbcExecutor. - ALTER TABLE PUBLIC.node_scheduled_states DROP PRIMARY KEY {changeSet=migration/node-core.changelog-v21.xml::node_transaction_id_size::R3.Corda, databaseChangeLog=master.changelog.json}
?[m?[37m[INFO] 18:18:12,823 [Test worker] changelog.ChangeSet. - Primary key dropped from node_scheduled_states {changeSet=migration/node-core.changelog-v21.xml::node_transaction_id_size::R3.Corda, databaseChangeLog=master.changelog.json}
?[m?[37m[INFO] 18:18:12,823 [Test worker] jvm.JdbcExecutor. - ALTER TABLE PUBLIC.node_transactions ALTER COLUMN tx_id SET NULL {changeSet=migration/node-core.changelog-v21.xml::node_transaction_id_size::R3.Corda, databaseChangeLog=master.changelog.json}
?[m?[37m[INFO] 18:18:12,823 [Test worker] changelog.ChangeSet. - Null constraint dropped from node_transactions.tx_id {changeSet=migration/node-core.changelog-v21.xml::node_transaction_id_size::R3.Corda, databaseChangeLog=master.changelog.json}
?[m?[37m[INFO] 18:18:12,824 [Test worker] jvm.JdbcExecutor. - ALTER TABLE PUBLIC.node_scheduled_states ALTER COLUMN transaction_id SET NULL {changeSet=migration/node-core.changelog-v21.xml::node_transaction_id_size::R3.Corda, databaseChangeLog=master.changelog.json}
?[m?[37m[INFO] 18:18:12,824 [Test worker] changelog.ChangeSet. - Null constraint dropped from node_scheduled_states.transaction_id {changeSet=migration/node-core.changelog-v21.xml::node_transaction_id_size::R3.Corda, databaseChangeLog=master.changelog.json}
?[m?[37m[INFO] 18:18:12,824 [Test worker] jvm.JdbcExecutor. - ALTER TABLE PUBLIC.node_transactions ALTER COLUMN tx_id NVARCHAR(144) {changeSet=migration/node-core.changelog-v21.xml::node_transaction_id_size::R3.Corda, databaseChangeLog=master.changelog.json}
?[m?[37m[INFO] 18:18:12,824 [Test worker] changelog.ChangeSet. - node_transactions.tx_id datatype was changed to NVARCHAR(144) {changeSet=migration/node-core.changelog-v21.xml::node_transaction_id_size::R3.Corda, databaseChangeLog=master.changelog.json}
?[m?[37m[INFO] 18:18:12,824 [Test worker] jvm.JdbcExecutor. - ALTER TABLE PUBLIC.node_scheduled_states ALTER COLUMN transaction_id NVARCHAR(144) {changeSet=migration/node-core.changelog-v21.xml::node_transaction_id_size::R3.Corda, databaseChangeLog=master.changelog.json}
?[m?[37m[INFO] 18:18:12,825 [Test worker] changelog.ChangeSet. - node_scheduled_states.transaction_id datatype was changed to NVARCHAR(144) {changeSet=migration/node-core.changelog-v21.xml::node_transaction_id_size::R3.Corda, databaseChangeLog=master.changelog.json}
?[m?[37m[INFO] 18:18:12,830 [Test worker] jvm.JdbcExecutor. - ALTER TABLE PUBLIC.node_transactions ALTER COLUMN tx_id SET NOT NULL {changeSet=migration/node-core.changelog-v21.xml::node_transaction_id_size::R3.Corda, databaseChangeLog=master.changelog.json}
?[m?[37m[INFO] 18:18:12,830 [Test worker] changelog.ChangeSet. - NOT NULL constraint has been added to node_transactions.tx_id {changeSet=migration/node-core.changelog-v21.xml::node_transaction_id_size::R3.Corda, databaseChangeLog=master.changelog.json}
?[m?[37m[INFO] 18:18:12,830 [Test worker] jvm.JdbcExecutor. - ALTER TABLE PUBLIC.node_scheduled_states ALTER COLUMN transaction_id SET NOT NULL {changeSet=migration/node-core.changelog-v21.xml::node_transaction_id_size::R3.Corda, databaseChangeLog=master.changelog.json}
?[m?[37m[INFO] 18:18:12,831 [Test worker] changelog.ChangeSet. - NOT NULL constraint has been added to node_scheduled_states.transaction_id {changeSet=migration/node-core.changelog-v21.xml::node_transaction_id_size::R3.Corda, databaseChangeLog=master.changelog.json}
?[m?[37m[INFO] 18:18:12,831 [Test worker] jvm.JdbcExecutor. - ALTER TABLE PUBLIC.node_transactions ADD CONSTRAINT node_transactions_pkey PRIMARY KEY (tx_id) {changeSet=migration/node-core.changelog-v21.xml::node_transaction_id_size::R3.Corda, databaseChangeLog=master.changelog.json}
?[m?[37m[INFO] 18:18:12,831 [Test worker] changelog.ChangeSet. - Primary key added to node_transactions (tx_id) {changeSet=migration/node-core.changelog-v21.xml::node_transaction_id_size::R3.Corda, databaseChangeLog=master.changelog.json}
?[m?[37m[INFO] 18:18:12,831 [Test worker] jvm.JdbcExecutor. - ALTER TABLE PUBLIC.node_scheduled_states ADD CONSTRAINT node_scheduled_states_pkey PRIMARY KEY (output_index, transaction_id) {changeSet=migration/node-core.changelog-v21.xml::node_transaction_id_size::R3.Corda, databaseChangeLog=master.changelog.json}
?[m?[37m[INFO] 18:18:12,832 [Test worker] changelog.ChangeSet. - Primary key added to node_scheduled_states (output_index, transaction_id) {changeSet=migration/node-core.changelog-v21.xml::node_transaction_id_size::R3.Corda, databaseChangeLog=master.changelog.json}
?[m?[37m[INFO] 18:18:12,832 [Test worker] changelog.ChangeSet. - ChangeSet migration/node-core.changelog-v21.xml::node_transaction_id_size::R3.Corda ran successfully in 9ms {changeSet=migration/node-core.changelog-v21.xml::node_transaction_id_size::R3.Corda, databaseChangeLog=master.changelog.json}
?[m?[37m[INFO] 18:18:12,832 [Test worker] jvm.JdbcExecutor. - INSERT INTO PUBLIC.DATABASECHANGELOG (ID, AUTHOR, FILENAME, DATEEXECUTED, ORDEREXECUTED, MD5SUM, DESCRIPTION, COMMENTS, EXECTYPE, CONTEXTS, LABELS, LIQUIBASE, DEPLOYMENT_ID) VALUES ('node_transaction_id_size', 'R3.Corda', 'migration/node-core.changelog-v21.xml', NOW(), 108, '8:9267fdf76dd8a7da392f65d5422718c3', 'dropPrimaryKey constraintName=node_transactions_pkey, tableName=node_transactions; dropPrimaryKey constraintName=node_scheduled_states_pkey, tableName=node_scheduled_states; dropNotNullConstraint columnName=tx_id, tableName=node_transactions; drop...', '', 'EXECUTED', NULL, NULL, '3.6.3', '1484692781') {changeSet=migration/node-core.changelog-v21.xml::node_transaction_id_size::R3.Corda, databaseChangeLog=master.changelog.json}
?[m?[37m[INFO] 18:18:12,835 [Test worker] jvm.JdbcExecutor. - INSERT INTO PUBLIC.DATABASECHANGELOG (ID, AUTHOR, FILENAME, DATEEXECUTED, ORDEREXECUTED, MD5SUM, DESCRIPTION, COMMENTS, EXECTYPE, CONTEXTS, LABELS, LIQUIBASE, DEPLOYMENT_ID) VALUES ('node_transaction_id_size_non-clustered_pk', 'R3.Corda', 'migration/node-core.changelog-v21.xml', NOW(), 109, '8:64773359f27e2f85fe6df6097823ce69', 'dropPrimaryKey constraintName=node_transactions_pkey, tableName=node_transactions; addPrimaryKey constraintName=node_transactions_pkey, tableName=node_transactions', '', 'MARK_RAN', NULL, NULL, '3.6.3', '1484692781') {changeSet=migration/node-core.changelog-v21.xml::node_transaction_id_size_non-clustered_pk::R3.Corda, databaseChangeLog=master.changelog.json}
?[m?[37m[INFO] 18:18:12,836 [Test worker] jvm.JdbcExecutor. - ALTER TABLE PUBLIC.node_contract_upgrades DROP PRIMARY KEY {changeSet=migration/node-core.changelog-v21.xml::node_contract_upgrades_state_ref_size::R3.Corda, databaseChangeLog=master.changelog.json}
?[m?[37m[INFO] 18:18:12,836 [Test worker] changelog.ChangeSet. - Primary key dropped from node_contract_upgrades {changeSet=migration/node-core.changelog-v21.xml::node_contract_upgrades_state_ref_size::R3.Corda, databaseChangeLog=master.changelog.json}
?[m?[37m[INFO] 18:18:12,836 [Test worker] jvm.JdbcExecutor. - ALTER TABLE PUBLIC.node_contract_upgrades ALTER COLUMN state_ref SET NULL {changeSet=migration/node-core.changelog-v21.xml::node_contract_upgrades_state_ref_size::R3.Corda, databaseChangeLog=master.changelog.json}
?[m?[37m[INFO] 18:18:12,836 [Test worker] changelog.ChangeSet. - Null constraint dropped from node_contract_upgrades.state_ref {changeSet=migration/node-core.changelog-v21.xml::node_contract_upgrades_state_ref_size::R3.Corda, databaseChangeLog=master.changelog.json}
?[m?[37m[INFO] 18:18:12,836 [Test worker] jvm.JdbcExecutor. - ALTER TABLE PUBLIC.node_contract_upgrades ALTER COLUMN state_ref NVARCHAR(176) {changeSet=migration/node-core.changelog-v21.xml::node_contract_upgrades_state_ref_size::R3.Corda, databaseChangeLog=master.changelog.json}
?[m?[37m[INFO] 18:18:12,837 [Test worker] changelog.ChangeSet. - node_contract_upgrades.state_ref datatype was changed to NVARCHAR(176) {changeSet=migration/node-core.changelog-v21.xml::node_contract_upgrades_state_ref_size::R3.Corda, databaseChangeLog=master.changelog.json}
?[m?[37m[INFO] 18:18:12,837 [Test worker] jvm.JdbcExecutor. - ALTER TABLE PUBLIC.node_contract_upgrades ALTER COLUMN state_ref SET NOT NULL {changeSet=migration/node-core.changelog-v21.xml::node_contract_upgrades_state_ref_size::R3.Corda, databaseChangeLog=master.changelog.json}
?[m?[37m[INFO] 18:18:12,837 [Test worker] changelog.ChangeSet. - NOT NULL constraint has been added to node_contract_upgrades.state_ref {changeSet=migration/node-core.changelog-v21.xml::node_contract_upgrades_state_ref_size::R3.Corda, databaseChangeLog=master.changelog.json}
?[m?[37m[INFO] 18:18:12,837 [Test worker] jvm.JdbcExecutor. - ALTER TABLE PUBLIC.node_contract_upgrades ADD CONSTRAINT node_contract_upgrades_pkey PRIMARY KEY (state_ref) {changeSet=migration/node-core.changelog-v21.xml::node_contract_upgrades_state_ref_size::R3.Corda, databaseChangeLog=master.changelog.json}
?[m?[37m[INFO] 18:18:12,837 [Test worker] changelog.ChangeSet. - Primary key added to node_contract_upgrades (state_ref) {changeSet=migration/node-core.changelog-v21.xml::node_contract_upgrades_state_ref_size::R3.Corda, databaseChangeLog=master.changelog.json}
?[m?[37m[INFO] 18:18:12,837 [Test worker] changelog.ChangeSet. - ChangeSet migration/node-core.changelog-v21.xml::node_contract_upgrades_state_ref_size::R3.Corda ran successfully in 2ms {changeSet=migration/node-core.changelog-v21.xml::node_contract_upgrades_state_ref_size::R3.Corda, databaseChangeLog=master.changelog.json}
?[m?[37m[INFO] 18:18:12,838 [Test worker] jvm.JdbcExecutor. - INSERT INTO PUBLIC.DATABASECHANGELOG (ID, AUTHOR, FILENAME, DATEEXECUTED, ORDEREXECUTED, MD5SUM, DESCRIPTION, COMMENTS, EXECTYPE, CONTEXTS, LABELS, LIQUIBASE, DEPLOYMENT_ID) VALUES ('node_contract_upgrades_state_ref_size', 'R3.Corda', 'migration/node-core.changelog-v21.xml', NOW(), 110, '8:25a17205698e008ce77364ab975aa8b3', 'dropPrimaryKey constraintName=node_contract_upgrades_pkey, tableName=node_contract_upgrades; dropNotNullConstraint columnName=state_ref, tableName=node_contract_upgrades; modifyDataType columnName=state_ref, tableName=node_contract_upgrades; addNo...', '', 'EXECUTED', NULL, NULL, '3.6.3', '1484692781') {changeSet=migration/node-core.changelog-v21.xml::node_contract_upgrades_state_ref_size::R3.Corda, databaseChangeLog=master.changelog.json}
?[m?[37m[INFO] 18:18:12,838 [Test worker] lockservice.StandardLockService. - Successfully released change log lock
?[m?[37m[INFO] 18:18:12,875 [Test worker] jvm.JdbcExecutor. - SELECT MD5SUM FROM PUBLIC.DATABASECHANGELOG WHERE MD5SUM IS NOT NULL
?[m?[37m[INFO] 18:18:12,875 [Test worker] jvm.JdbcExecutor. - SELECT COUNT(*) FROM PUBLIC.DATABASECHANGELOG
?[m?[37m[INFO] 18:18:12,876 [Test worker] changelog.StandardChangeLogHistoryService. - Reading from PUBLIC.DATABASECHANGELOG
?[m?[37m[INFO] 18:18:12,876 [Test worker] jvm.JdbcExecutor. - SELECT * FROM PUBLIC.DATABASECHANGELOG ORDER BY DATEEXECUTED ASC, ORDEREXECUTED ASC
?[m?[37m[INFO] 18:18:12,877 [Test worker] jvm.JdbcExecutor. - SELECT COUNT(*) FROM PUBLIC.DATABASECHANGELOGLOCK
?[m?[37m[INFO] 18:18:12,877 [Test worker] jvm.JdbcExecutor. - SELECT COUNT(*) FROM PUBLIC.DATABASECHANGELOGLOCK
?[m?[37m[INFO] 18:18:12,880 [Test worker] jvm.JdbcExecutor. - SELECT LOCKED FROM PUBLIC.DATABASECHANGELOGLOCK WHERE ID=1
?[m?[37m[INFO] 18:18:12,880 [Test worker] lockservice.StandardLockService. - Successfully acquired change log lock
?[m?[37m[INFO] 18:18:12,882 [Test worker] jvm.JdbcExecutor. - CREATE TABLE PUBLIC.fungible_token (output_index INT NOT NULL, transaction_id NVARCHAR(64) NOT NULL, amount BIGINT NOT NULL, holder NVARCHAR(255) NOT NULL, issuer NVARCHAR(255) NOT NULL, token_class NVARCHAR(255) NOT NULL, token_identifier NVARCHAR(255) NOT NULL) {changeSet=migration/fungible-token-schema.changelog-init.xml::create_fungible_token_table_id::R3.Corda, databaseChangeLog=master.changelog.json}
?[m?[37m[INFO] 18:18:12,882 [Test worker] changelog.ChangeSet. - Table fungible_token created {changeSet=migration/fungible-token-schema.changelog-init.xml::create_fungible_token_table_id::R3.Corda, databaseChangeLog=master.changelog.json}
?[m?[37m[INFO] 18:18:12,882 [Test worker] changelog.ChangeSet. - ChangeSet migration/fungible-token-schema.changelog-init.xml::create_fungible_token_table_id::R3.Corda ran successfully in 0ms {changeSet=migration/fungible-token-schema.changelog-init.xml::create_fungible_token_table_id::R3.Corda, databaseChangeLog=master.changelog.json}
?[m?[37m[INFO] 18:18:12,882 [Test worker] jvm.JdbcExecutor. - SELECT MAX(ORDEREXECUTED) FROM PUBLIC.DATABASECHANGELOG {changeSet=migration/fungible-token-schema.changelog-init.xml::create_fungible_token_table_id::R3.Corda, databaseChangeLog=master.changelog.json}
?[m?[37m[INFO] 18:18:12,884 [Test worker] jvm.JdbcExecutor. - INSERT INTO PUBLIC.DATABASECHANGELOG (ID, AUTHOR, FILENAME, DATEEXECUTED, ORDEREXECUTED, MD5SUM, DESCRIPTION, COMMENTS, EXECTYPE, CONTEXTS, LABELS, LIQUIBASE, DEPLOYMENT_ID) VALUES ('create_fungible_token_table_id', 'R3.Corda', 'migration/fungible-token-schema.changelog-init.xml', NOW(), 111, '8:708f2a949e8783d30c0cc4b33ea5bfcd', 'createTable tableName=fungible_token', '', 'EXECUTED', NULL, NULL, '3.6.3', '1484692880') {changeSet=migration/fungible-token-schema.changelog-init.xml::create_fungible_token_table_id::R3.Corda, databaseChangeLog=master.changelog.json}
?[m?[37m[INFO] 18:18:12,884 [Test worker] jvm.JdbcExecutor. - ALTER TABLE PUBLIC.fungible_token ADD CONSTRAINT fungible_token_pkey PRIMARY KEY (output_index, transaction_id) {changeSet=migration/fungible-token-schema.changelog-init.xml::fungible_token_pkey_id::R3.Corda, databaseChangeLog=master.changelog.json}
?[m?[37m[INFO] 18:18:12,885 [Test worker] changelog.ChangeSet. - Primary key added to fungible_token (output_index, transaction_id) {changeSet=migration/fungible-token-schema.changelog-init.xml::fungible_token_pkey_id::R3.Corda, databaseChangeLog=master.changelog.json}
?[m?[37m[INFO] 18:18:12,885 [Test worker] changelog.ChangeSet. - ChangeSet migration/fungible-token-schema.changelog-init.xml::fungible_token_pkey_id::R3.Corda ran successfully in 1ms {changeSet=migration/fungible-token-schema.changelog-init.xml::fungible_token_pkey_id::R3.Corda, databaseChangeLog=master.changelog.json}
?[m?[37m[INFO] 18:18:12,885 [Test worker] jvm.JdbcExecutor. - INSERT INTO PUBLIC.DATABASECHANGELOG (ID, AUTHOR, FILENAME, DATEEXECUTED, ORDEREXECUTED, MD5SUM, DESCRIPTION, COMMENTS, EXECTYPE, CONTEXTS, LABELS, LIQUIBASE, DEPLOYMENT_ID) VALUES ('fungible_token_pkey_id', 'R3.Corda', 'migration/fungible-token-schema.changelog-init.xml', NOW(), 112, '8:6a623895e620b0cec9857d9f16bfec15', 'addPrimaryKey constraintName=fungible_token_pkey, tableName=fungible_token', '', 'EXECUTED', NULL, NULL, '3.6.3', '1484692880') {changeSet=migration/fungible-token-schema.changelog-init.xml::fungible_token_pkey_id::R3.Corda, databaseChangeLog=master.changelog.json}
?[m?[37m[INFO] 18:18:12,886 [Test worker] jvm.JdbcExecutor. - CREATE INDEX PUBLIC.amount_idx ON PUBLIC.fungible_token(amount) {changeSet=migration/fungible-token-schema.changelog-init.xml::amount_idx_id::R3.Corda, databaseChangeLog=master.changelog.json}
?[m?[37m[INFO] 18:18:12,886 [Test worker] changelog.ChangeSet. - Index amount_idx created {changeSet=migration/fungible-token-schema.changelog-init.xml::amount_idx_id::R3.Corda, databaseChangeLog=master.changelog.json}
?[m?[37m[INFO] 18:18:12,886 [Test worker] changelog.ChangeSet. - ChangeSet migration/fungible-token-schema.changelog-init.xml::amount_idx_id::R3.Corda ran successfully in 0ms {changeSet=migration/fungible-token-schema.changelog-init.xml::amount_idx_id::R3.Corda, databaseChangeLog=master.changelog.json}
?[m?[37m[INFO] 18:18:12,887 [Test worker] jvm.JdbcExecutor. - INSERT INTO PUBLIC.DATABASECHANGELOG (ID, AUTHOR, FILENAME, DATEEXECUTED, ORDEREXECUTED, MD5SUM, DESCRIPTION, COMMENTS, EXECTYPE, CONTEXTS, LABELS, LIQUIBASE, DEPLOYMENT_ID) VALUES ('amount_idx_id', 'R3.Corda', 'migration/fungible-token-schema.changelog-init.xml', NOW(), 113, '8:1ae6fc41a1462d4038cdb056e384dfa9', 'createIndex indexName=amount_idx, tableName=fungible_token', '', 'EXECUTED', NULL, NULL, '3.6.3', '1484692880') {changeSet=migration/fungible-token-schema.changelog-init.xml::amount_idx_id::R3.Corda, databaseChangeLog=master.changelog.json}
?[m?[37m[INFO] 18:18:12,887 [Test worker] jvm.JdbcExecutor. - CREATE INDEX PUBLIC.held_token_amount_idx ON PUBLIC.fungible_token(token_class, token_identifier) {changeSet=migration/fungible-token-schema.changelog-init.xml::held_token_amount_idx_id::R3.Corda, databaseChangeLog=master.changelog.json}
?[m?[37m[INFO] 18:18:12,888 [Test worker] changelog.ChangeSet. - Index held_token_amount_idx created {changeSet=migration/fungible-token-schema.changelog-init.xml::held_token_amount_idx_id::R3.Corda, databaseChangeLog=master.changelog.json}
?[m?[37m[INFO] 18:18:12,888 [Test worker] changelog.ChangeSet. - ChangeSet migration/fungible-token-schema.changelog-init.xml::held_token_amount_idx_id::R3.Corda ran successfully in 1ms {changeSet=migration/fungible-token-schema.changelog-init.xml::held_token_amount_idx_id::R3.Corda, databaseChangeLog=master.changelog.json}
?[m?[37m[INFO] 18:18:12,889 [Test worker] jvm.JdbcExecutor. - INSERT INTO PUBLIC.DATABASECHANGELOG (ID, AUTHOR, FILENAME, DATEEXECUTED, ORDEREXECUTED, MD5SUM, DESCRIPTION, COMMENTS, EXECTYPE, CONTEXTS, LABELS, LIQUIBASE, DEPLOYMENT_ID) VALUES ('held_token_amount_idx_id', 'R3.Corda', 'migration/fungible-token-schema.changelog-init.xml', NOW(), 114, '8:55ffda313ce1eca16721488c8b35ee79', 'createIndex indexName=held_token_amount_idx, tableName=fungible_token', '', 'EXECUTED', NULL, NULL, '3.6.3', '1484692880') {changeSet=migration/fungible-token-schema.changelog-init.xml::held_token_amount_idx_id::R3.Corda, databaseChangeLog=master.changelog.json}
?[m?[37m[INFO] 18:18:12,889 [Test worker] jvm.JdbcExecutor. - ALTER TABLE PUBLIC.fungible_token ADD holding_key NVARCHAR(64) {changeSet=migration/fungible-token-schema.changelog-1.xml::create_fungible_token_owner_column::R3.Corda, databaseChangeLog=master.changelog.json}
?[m?[37m[INFO] 18:18:12,891 [Test worker] changelog.ChangeSet. - Columns holding_key(NVARCHAR(64)) added to fungible_token {changeSet=migration/fungible-token-schema.changelog-1.xml::create_fungible_token_owner_column::R3.Corda, databaseChangeLog=master.changelog.json}
?[m?[37m[INFO] 18:18:12,891 [Test worker] changelog.ChangeSet. - ChangeSet migration/fungible-token-schema.changelog-1.xml::create_fungible_token_owner_column::R3.Corda ran successfully in 2ms {changeSet=migration/fungible-token-schema.changelog-1.xml::create_fungible_token_owner_column::R3.Corda, databaseChangeLog=master.changelog.json}
?[m?[37m[INFO] 18:18:12,892 [Test worker] jvm.JdbcExecutor. - INSERT INTO PUBLIC.DATABASECHANGELOG (ID, AUTHOR, FILENAME, DATEEXECUTED, ORDEREXECUTED, MD5SUM, DESCRIPTION, COMMENTS, EXECTYPE, CONTEXTS, LABELS, LIQUIBASE, DEPLOYMENT_ID) VALUES ('create_fungible_token_owner_column', 'R3.Corda', 'migration/fungible-token-schema.changelog-1.xml', NOW(), 115, '8:96ca96f1426465990f153b138b0dad7a', 'addColumn tableName=fungible_token', '', 'EXECUTED', NULL, NULL, '3.6.3', '1484692880') {changeSet=migration/fungible-token-schema.changelog-1.xml::create_fungible_token_owner_column::R3.Corda, databaseChangeLog=master.changelog.json}
?[m?[37m[INFO] 18:18:12,893 [Test worker] jvm.JdbcExecutor. - CREATE INDEX PUBLIC.holding_key_idx ON PUBLIC.fungible_token(holding_key) {changeSet=migration/fungible-token-schema.changelog-1.xml::create_holding_key_idx::R3.Corda, databaseChangeLog=master.changelog.json}
?[m?[37m[INFO] 18:18:12,893 [Test worker] changelog.ChangeSet. - Index holding_key_idx created {changeSet=migration/fungible-token-schema.changelog-1.xml::create_holding_key_idx::R3.Corda, databaseChangeLog=master.changelog.json}
?[m?[37m[INFO] 18:18:12,893 [Test worker] changelog.ChangeSet. - ChangeSet migration/fungible-token-schema.changelog-1.xml::create_holding_key_idx::R3.Corda ran successfully in 0ms {changeSet=migration/fungible-token-schema.changelog-1.xml::create_holding_key_idx::R3.Corda, databaseChangeLog=master.changelog.json}
?[m?[37m[INFO] 18:18:12,894 [Test worker] jvm.JdbcExecutor. - INSERT INTO PUBLIC.DATABASECHANGELOG (ID, AUTHOR, FILENAME, DATEEXECUTED, ORDEREXECUTED, MD5SUM, DESCRIPTION, COMMENTS, EXECTYPE, CONTEXTS, LABELS, LIQUIBASE, DEPLOYMENT_ID) VALUES ('create_holding_key_idx', 'R3.Corda', 'migration/fungible-token-schema.changelog-1.xml', NOW(), 116, '8:67e32a9250726807340c01844edeaf69', 'createIndex indexName=holding_key_idx, tableName=fungible_token', '', 'EXECUTED', NULL, NULL, '3.6.3', '1484692880') {changeSet=migration/fungible-token-schema.changelog-1.xml::create_holding_key_idx::R3.Corda, databaseChangeLog=master.changelog.json}
?[m?[37m[INFO] 18:18:12,894 [Test worker] changelog.ChangeSet. - null {changeSet=migration/fungible-token-schema.changelog-1.xml::map_owning_keys_from_transactionstore::R3.Corda, databaseChangeLog=master.changelog.json}
?[m?[37m[INFO] 18:18:12,894 [Test worker] changelog.ChangeSet. - ChangeSet migration/fungible-token-schema.changelog-1.xml::map_owning_keys_from_transactionstore::R3.Corda ran successfully in 0ms {changeSet=migration/fungible-token-schema.changelog-1.xml::map_owning_keys_from_transactionstore::R3.Corda, databaseChangeLog=master.changelog.json}
?[m?[37m[INFO] 18:18:12,895 [Test worker] jvm.JdbcExecutor. - INSERT INTO PUBLIC.DATABASECHANGELOG (ID, AUTHOR, FILENAME, DATEEXECUTED, ORDEREXECUTED, MD5SUM, DESCRIPTION, COMMENTS, EXECTYPE, CONTEXTS, LABELS, LIQUIBASE, DEPLOYMENT_ID) VALUES ('map_owning_keys_from_transactionstore', 'R3.Corda', 'migration/fungible-token-schema.changelog-1.xml', NOW(), 117, '8:df80639d10d7c4f59d49908643f4c85f', 'customChange', '', 'EXECUTED', NULL, NULL, '3.6.3', '1484692880') {changeSet=migration/fungible-token-schema.changelog-1.xml::map_owning_keys_from_transactionstore::R3.Corda, databaseChangeLog=master.changelog.json}
?[m?[37m[INFO] 18:18:12,895 [Test worker] jvm.JdbcExecutor. - CREATE TABLE PUBLIC.non_fungible_token (output_index INT NOT NULL, transaction_id NVARCHAR(64) NOT NULL, holder NVARCHAR(255) NOT NULL, issuer NVARCHAR(255) NOT NULL, token_class NVARCHAR(255) NOT NULL, token_identifier NVARCHAR(255)) {changeSet=migration/non-fungible-token-schema.changelog-init.xml::create_non_fungible_token_table_id::R3.Corda, databaseChangeLog=master.changelog.json}
?[m?[37m[INFO] 18:18:12,895 [Test worker] changelog.ChangeSet. - Table non_fungible_token created {changeSet=migration/non-fungible-token-schema.changelog-init.xml::create_non_fungible_token_table_id::R3.Corda, databaseChangeLog=master.changelog.json}
?[m?[37m[INFO] 18:18:12,895 [Test worker] changelog.ChangeSet. - ChangeSet migration/non-fungible-token-schema.changelog-init.xml::create_non_fungible_token_table_id::R3.Corda ran successfully in 0ms {changeSet=migration/non-fungible-token-schema.changelog-init.xml::create_non_fungible_token_table_id::R3.Corda, databaseChangeLog=master.changelog.json}
?[m?[37m[INFO] 18:18:12,896 [Test worker] jvm.JdbcExecutor. - INSERT INTO PUBLIC.DATABASECHANGELOG (ID, AUTHOR, FILENAME, DATEEXECUTED, ORDEREXECUTED, MD5SUM, DESCRIPTION, COMMENTS, EXECTYPE, CONTEXTS, LABELS, LIQUIBASE, DEPLOYMENT_ID) VALUES ('create_non_fungible_token_table_id', 'R3.Corda', 'migration/non-fungible-token-schema.changelog-init.xml', NOW(), 118, '8:537d4553becbc43bb11c0817e1639eae', 'createTable tableName=non_fungible_token', '', 'EXECUTED', NULL, NULL, '3.6.3', '1484692880') {changeSet=migration/non-fungible-token-schema.changelog-init.xml::create_non_fungible_token_table_id::R3.Corda, databaseChangeLog=master.changelog.json}
?[m?[37m[INFO] 18:18:12,896 [Test worker] jvm.JdbcExecutor. - ALTER TABLE PUBLIC.non_fungible_token ADD CONSTRAINT non_fungible_token_pkey PRIMARY KEY (output_index, transaction_id) {changeSet=migration/non-fungible-token-schema.changelog-init.xml::non_fungible_token_pkey_id::R3.Corda, databaseChangeLog=master.changelog.json}
?[m?[37m[INFO] 18:18:12,896 [Test worker] changelog.ChangeSet. - Primary key added to non_fungible_token (output_index, transaction_id) {changeSet=migration/non-fungible-token-schema.changelog-init.xml::non_fungible_token_pkey_id::R3.Corda, databaseChangeLog=master.changelog.json}
?[m?[37m[INFO] 18:18:12,896 [Test worker] changelog.ChangeSet. - ChangeSet migration/non-fungible-token-schema.changelog-init.xml::non_fungible_token_pkey_id::R3.Corda ran successfully in 0ms {changeSet=migration/non-fungible-token-schema.changelog-init.xml::non_fungible_token_pkey_id::R3.Corda, databaseChangeLog=master.changelog.json}
?[m?[37m[INFO] 18:18:12,897 [Test worker] jvm.JdbcExecutor. - INSERT INTO PUBLIC.DATABASECHANGELOG (ID, AUTHOR, FILENAME, DATEEXECUTED, ORDEREXECUTED, MD5SUM, DESCRIPTION, COMMENTS, EXECTYPE, CONTEXTS, LABELS, LIQUIBASE, DEPLOYMENT_ID) VALUES ('non_fungible_token_pkey_id', 'R3.Corda', 'migration/non-fungible-token-schema.changelog-init.xml', NOW(), 119, '8:d08935cf27a24a32cb4c14cec40b4c30', 'addPrimaryKey constraintName=non_fungible_token_pkey, tableName=non_fungible_token', '', 'EXECUTED', NULL, NULL, '3.6.3', '1484692880') {changeSet=migration/non-fungible-token-schema.changelog-init.xml::non_fungible_token_pkey_id::R3.Corda, databaseChangeLog=master.changelog.json}
?[m?[37m[INFO] 18:18:12,897 [Test worker] jvm.JdbcExecutor. - CREATE INDEX PUBLIC.held_token_idx ON PUBLIC.non_fungible_token(token_class, token_identifier) {changeSet=migration/non-fungible-token-schema.changelog-init.xml::held_token_idx_id::R3.Corda, databaseChangeLog=master.changelog.json}
?[m?[37m[INFO] 18:18:12,897 [Test worker] changelog.ChangeSet. - Index held_token_idx created {changeSet=migration/non-fungible-token-schema.changelog-init.xml::held_token_idx_id::R3.Corda, databaseChangeLog=master.changelog.json}
?[m?[37m[INFO] 18:18:12,897 [Test worker] changelog.ChangeSet. - ChangeSet migration/non-fungible-token-schema.changelog-init.xml::held_token_idx_id::R3.Corda ran successfully in 0ms {changeSet=migration/non-fungible-token-schema.changelog-init.xml::held_token_idx_id::R3.Corda, databaseChangeLog=master.changelog.json}
?[m?[37m[INFO] 18:18:12,898 [Test worker] jvm.JdbcExecutor. - INSERT INTO PUBLIC.DATABASECHANGELOG (ID, AUTHOR, FILENAME, DATEEXECUTED, ORDEREXECUTED, MD5SUM, DESCRIPTION, COMMENTS, EXECTYPE, CONTEXTS, LABELS, LIQUIBASE, DEPLOYMENT_ID) VALUES ('held_token_idx_id', 'R3.Corda', 'migration/non-fungible-token-schema.changelog-init.xml', NOW(), 120, '8:a13b131f129e2b15eeea3fd36b572fe4', 'createIndex indexName=held_token_idx, tableName=non_fungible_token', '', 'EXECUTED', NULL, NULL, '3.6.3', '1484692880') {changeSet=migration/non-fungible-token-schema.changelog-init.xml::held_token_idx_id::R3.Corda, databaseChangeLog=master.changelog.json}
?[m?[37m[INFO] 18:18:12,898 [Test worker] jvm.JdbcExecutor. - CREATE TABLE PUBLIC.distribution_record (id BIGINT NOT NULL, linear_id VARCHAR(255) NOT NULL, party NVARCHAR(255) NOT NULL) {changeSet=migration/distribution-record-schema.changelog-init.xml::create_distribution_record_table_id::R3.Corda, databaseChangeLog=master.changelog.json}
?[m?[37m[INFO] 18:18:12,898 [Test worker] changelog.ChangeSet. - Table distribution_record created {changeSet=migration/distribution-record-schema.changelog-init.xml::create_distribution_record_table_id::R3.Corda, databaseChangeLog=master.changelog.json}
?[m?[37m[INFO] 18:18:12,898 [Test worker] changelog.ChangeSet. - ChangeSet migration/distribution-record-schema.changelog-init.xml::create_distribution_record_table_id::R3.Corda ran successfully in 0ms {changeSet=migration/distribution-record-schema.changelog-init.xml::create_distribution_record_table_id::R3.Corda, databaseChangeLog=master.changelog.json}
?[m?[37m[INFO] 18:18:12,899 [Test worker] jvm.JdbcExecutor. - INSERT INTO PUBLIC.DATABASECHANGELOG (ID, AUTHOR, FILENAME, DATEEXECUTED, ORDEREXECUTED, MD5SUM, DESCRIPTION, COMMENTS, EXECTYPE, CONTEXTS, LABELS, LIQUIBASE, DEPLOYMENT_ID) VALUES ('create_distribution_record_table_id', 'R3.Corda', 'migration/distribution-record-schema.changelog-init.xml', NOW(), 121, '8:58bbe0f002fa9a550dbc9aa60a7fda96', 'createTable tableName=distribution_record', '', 'EXECUTED', NULL, NULL, '3.6.3', '1484692880') {changeSet=migration/distribution-record-schema.changelog-init.xml::create_distribution_record_table_id::R3.Corda, databaseChangeLog=master.changelog.json}
?[m?[37m[INFO] 18:18:12,899 [Test worker] jvm.JdbcExecutor. - ALTER TABLE PUBLIC.distribution_record ADD CONSTRAINT distribution_record_pkey PRIMARY KEY (id) {changeSet=migration/distribution-record-schema.changelog-init.xml::distribution_record_pkey_id::R3.Corda, databaseChangeLog=master.changelog.json}
?[m?[37m[INFO] 18:18:12,899 [Test worker] changelog.ChangeSet. - Primary key added to distribution_record (id) {changeSet=migration/distribution-record-schema.changelog-init.xml::distribution_record_pkey_id::R3.Corda, databaseChangeLog=master.changelog.json}
?[m?[37m[INFO] 18:18:12,899 [Test worker] changelog.ChangeSet. - ChangeSet migration/distribution-record-schema.changelog-init.xml::distribution_record_pkey_id::R3.Corda ran successfully in 0ms {changeSet=migration/distribution-record-schema.changelog-init.xml::distribution_record_pkey_id::R3.Corda, databaseChangeLog=master.changelog.json}
?[m?[37m[INFO] 18:18:12,900 [Test worker] jvm.JdbcExecutor. - INSERT INTO PUBLIC.DATABASECHANGELOG (ID, AUTHOR, FILENAME, DATEEXECUTED, ORDEREXECUTED, MD5SUM, DESCRIPTION, COMMENTS, EXECTYPE, CONTEXTS, LABELS, LIQUIBASE, DEPLOYMENT_ID) VALUES ('distribution_record_pkey_id', 'R3.Corda', 'migration/distribution-record-schema.changelog-init.xml', NOW(), 122, '8:0ac8470d7e72d959df72a2f31db8916f', 'addPrimaryKey constraintName=distribution_record_pkey, tableName=distribution_record', '', 'EXECUTED', NULL, NULL, '3.6.3', '1484692880') {changeSet=migration/distribution-record-schema.changelog-init.xml::distribution_record_pkey_id::R3.Corda, databaseChangeLog=master.changelog.json}
?[m?[37m[INFO] 18:18:12,900 [Test worker] jvm.JdbcExecutor. - CREATE INDEX PUBLIC.dist_record_idx ON PUBLIC.distribution_record(linear_id) {changeSet=migration/distribution-record-schema.changelog-init.xml::dist_record_idx_id::R3.Corda, databaseChangeLog=master.changelog.json}
?[m?[37m[INFO] 18:18:12,900 [Test worker] changelog.ChangeSet. - Index dist_record_idx created {changeSet=migration/distribution-record-schema.changelog-init.xml::dist_record_idx_id::R3.Corda, databaseChangeLog=master.changelog.json}
?[m?[37m[INFO] 18:18:12,900 [Test worker] changelog.ChangeSet. - ChangeSet migration/distribution-record-schema.changelog-init.xml::dist_record_idx_id::R3.Corda ran successfully in 0ms {changeSet=migration/distribution-record-schema.changelog-init.xml::dist_record_idx_id::R3.Corda, databaseChangeLog=master.changelog.json}
?[m?[37m[INFO] 18:18:12,901 [Test worker] jvm.JdbcExecutor. - INSERT INTO PUBLIC.DATABASECHANGELOG (ID, AUTHOR, FILENAME, DATEEXECUTED, ORDEREXECUTED, MD5SUM, DESCRIPTION, COMMENTS, EXECTYPE, CONTEXTS, LABELS, LIQUIBASE, DEPLOYMENT_ID) VALUES ('dist_record_idx_id', 'R3.Corda', 'migration/distribution-record-schema.changelog-init.xml', NOW(), 123, '8:0e8c85eaeb998b9c455afeaed17a20a8', 'createIndex indexName=dist_record_idx, tableName=distribution_record', '', 'EXECUTED', NULL, NULL, '3.6.3', '1484692880') {changeSet=migration/distribution-record-schema.changelog-init.xml::dist_record_idx_id::R3.Corda, databaseChangeLog=master.changelog.json}
?[m?[37m[INFO] 18:18:12,901 [Test worker] lockservice.StandardLockService. - Successfully released change log lock
?[m?[37m[INFO] 18:18:12,902 [Test worker] internal.InternalMockNetwork$MockNode. - Connected to H2 database.
?[m?[37m[INFO] 18:18:12,903 [Test worker] persistence.HibernateConfiguration. - Init HibernateConfiguration for schemas: [CommonSchemaV1(name=net.corda.core.schemas.CommonSchema, version=1), VaultSchemaV1(name=net.corda.node.services.vault.VaultSchema, version=1), NodeInfoSchemaV1(name=net.corda.node.internal.schemas.NodeInfoSchema, version=1), NodeCoreV1(name=net.corda.node.services.schema.NodeSchemaService$NodeCore, version=1), FungibleTokenSchemaV1(name=com.r3.corda.lib.tokens.contracts.internal.schemas.FungibleTokenSchema, version=1), NonFungibleTokenSchemaV1(name=com.r3.corda.lib.tokens.contracts.internal.schemas.NonFungibleTokenSchema, version=1), TokenSchemaV1(name=com.r3.corda.lib.tokens.contracts.schemas.TokenSchema, version=1), DistributionRecordSchemaV1(name=com.r3.corda.lib.tokens.workflows.internal.schemas.DistributionRecordSchema, version=1)]
?[m?[37m[INFO] 18:18:12,903 [Test worker] factory.BaseSessionFactoryFactory. - Creating session factory for schemas: [CommonSchemaV1(name=net.corda.core.schemas.CommonSchema, version=1), VaultSchemaV1(name=net.corda.node.services.vault.VaultSchema, version=1), NodeInfoSchemaV1(name=net.corda.node.internal.schemas.NodeInfoSchema, version=1), NodeCoreV1(name=net.corda.node.services.schema.NodeSchemaService$NodeCore, version=1), FungibleTokenSchemaV1(name=com.r3.corda.lib.tokens.contracts.internal.schemas.FungibleTokenSchema, version=1), NonFungibleTokenSchemaV1(name=com.r3.corda.lib.tokens.contracts.internal.schemas.NonFungibleTokenSchema, version=1), TokenSchemaV1(name=com.r3.corda.lib.tokens.contracts.schemas.TokenSchema, version=1), DistributionRecordSchemaV1(name=com.r3.corda.lib.tokens.workflows.internal.schemas.DistributionRecordSchema, version=1)]
?[m?[37m[INFO] 18:18:12,907 [Test worker] internal.ConnectionProviderInitiator. - HHH000130: Instantiating explicit connection provider: net.corda.nodeapi.internal.persistence.HibernateConfiguration$NodeDatabaseConnectionProvider
?[m?[37m[INFO] 18:18:12,908 [Test worker] dialect.Dialect. - HHH000400: Using dialect: org.hibernate.dialect.H2Dialect
?[m?[37m[INFO] 18:18:12,962 [Test worker] connections.access. - HHH10001501: Connection obtained from JdbcConnectionAccess [org.hibernate.engine.jdbc.env.internal.JdbcEnvironmentInitiator$ConnectionProviderJdbcConnectionAccess@55ead626] for (non-JTA) DDL execution was not in auto-commit mode; the Connection 'local transaction' will be committed and the Connection will be set into auto-commit mode.
?[m?[37m[INFO] 18:18:12,993 [Test worker] internal.JtaPlatformInitiator. - HHH000490: Using JtaPlatform implementation: [org.hibernate.engine.transaction.jta.platform.internal.NoJtaPlatform]
?[m?[37m[INFO] 18:18:12,993 [Test worker] factory.BaseSessionFactoryFactory. - Created session factory for schemas: [CommonSchemaV1(name=net.corda.core.schemas.CommonSchema, version=1), VaultSchemaV1(name=net.corda.node.services.vault.VaultSchema, version=1), NodeInfoSchemaV1(name=net.corda.node.internal.schemas.NodeInfoSchema, version=1), NodeCoreV1(name=net.corda.node.services.schema.NodeSchemaService$NodeCore, version=1), FungibleTokenSchemaV1(name=com.r3.corda.lib.tokens.contracts.internal.schemas.FungibleTokenSchema, version=1), NonFungibleTokenSchemaV1(name=com.r3.corda.lib.tokens.contracts.internal.schemas.NonFungibleTokenSchema, version=1), TokenSchemaV1(name=com.r3.corda.lib.tokens.contracts.schemas.TokenSchema, version=1), DistributionRecordSchemaV1(name=com.r3.corda.lib.tokens.workflows.internal.schemas.DistributionRecordSchema, version=1)]
?[m?[37m[INFO] 18:18:12,997 [Test worker] internal.InternalMockNetwork$MockNode. - Node-info has changed so submitting update. Old node-info was null
?[m?[37m[INFO] 18:18:12,999 [Test worker] network.PersistentNetworkMapCache. - Adding node with info: NodeInfo(addresses=[mock.node:1000], legalIdentitiesAndCerts=[O=Mock Company 2, L=London, C=GB], platformVersion=11, serial=1671484692997), owningKey=DLH1gpgeYqNJUwhaX45xa8rBxut9SNcVpp4ZnSoSKnv7kL
?[m?[37m[INFO] 18:18:12,999 [Test worker] network.PersistentNetworkMapCache. - No previous node found for O=Mock Company 2, L=London, C=GB
?[m?[37m[INFO] 18:18:13,003 [Test worker] internal.InternalMockNetwork$MockNode. - New node-info: NodeInfo(addresses=[mock.node:1000], legalIdentitiesAndCerts=[O=Mock Company 2, L=London, C=GB], platformVersion=11, serial=1671484692997)
?[m?[37m[INFO] 18:18:13,007 [Test worker] network.NetworkMapUpdater. - Auto-accept enabled for network parameter changes which modify only: [epoch, modifiedTime, packageOwnership, whitelistedContractImplementations]
?[m?[37m[INFO] 18:18:13,008 [Test worker] internal.MockNodeMessagingService. - Status change to true
?[m?[37m[INFO] 18:18:13,008 [Test worker] internal.InternalMockNetwork$MockNode. - MessagingService active change to: true
?[m?[37m[INFO] 18:18:13,019 [MockNode-6-2] network.PersistentNetworkMapCache. - Adding node with info: NodeInfo(addresses=[mock.node:1000], legalIdentitiesAndCerts=[O=Mock Company 2, L=London, C=GB], platformVersion=11, serial=1671484692997), owningKey=DLH1gpgeYqNJUwhaX45xa8rBxut9SNcVpp4ZnSoSKnv7kL
?[m?[37m[INFO] 18:18:13,019 [MockNode-6-2] network.PersistentNetworkMapCache. - Previous node was identical to incoming one - doing nothing
?[m?[37m[INFO] 18:18:13,025 [Test worker] ClassloaderUtils. - Contracts loading for 'C:\Users\diogo\AppData\Local\Temp\attachment640554971660756821.jar' took 3 msec
?[m?[37m[INFO] 18:18:13,030 [Test worker] persistence.NodeAttachmentService. - Stored new attachment: id=CE8DE26FD6C21FE1E3966284DEF8E748A454C21F0BD9836854DE4DA4544311BC uploader=app filename=tokenizedhouse CorDapp
?[m?[37m[INFO] 18:18:13,036 [Test worker] ClassloaderUtils. - Contracts loading for 'C:\Users\diogo\AppData\Local\Temp\attachment1428527417795629775.jar' took 4 msec
?[m?[37m[INFO] 18:18:13,047 [Test worker] persistence.NodeAttachmentService. - Stored new attachment: id=34705DC9A2C8599998BBDBA7C3D13609AF04D8B3A772F7134D685ECC926D8320 uploader=app filename=Token SDK Contracts
?[m?[37m[INFO] 18:18:13,049 [Test worker] internal.InternalMockNetwork$MockNode. - Installed com.r3.corda.lib.tokens.selection.memory.services.VaultMigratorService Corda service
?[m?[37m[INFO] 18:18:13,050 [Test worker] cordapp.CordappConfigFileProvider. - Found config for cordapp tokens-workflows-1.2 in build\mock-network\20221219-211810.886-6C3A4298C7E11A46\nodes\2\cordapps\config\tokens-workflows-1.2.conf
?[m?[31m[WARN] 18:18:13,050 [Test worker] inMemoryConfigSelectionLogger. - Did not detect a configuration for InMemory selection - enabling memory usage for token indexing. Please set stateSelection.inMemory.enabled to "false" to disable this
?[m?[31m[WARN] 18:18:13,050 [Test worker] inMemoryConfigSelectionLogger. - No indexing method specified. Indexes will be created at run-time for each invocation of selectTokens
?[m?[37m[INFO] 18:18:13,050 [Test worker] inMemoryConfigSelectionLogger. - Found in memory token selection configuration with values indexing strategy: [], cacheSize: 1024
?[m?[31m[WARN] 18:18:13,050 [Test worker] vault.NodeVaultService. - trackBy is called with an already existing, open DB transaction. As a result, there might be states missing from both the snapshot and observable, included in the returned data feed, because of race conditions.
?[m?[31m[WARN] 18:18:13,054 [Test worker] inMemoryConfigSelectionLogger. - Did not detect a configuration for InMemory selection - enabling memory usage for token indexing. Please set stateSelection.inMemory.enabled to "false" to disable this
?[m?[31m[WARN] 18:18:13,054 [Test worker] inMemoryConfigSelectionLogger. - No indexing method specified. Indexes will be created at run-time for each invocation of selectTokens
?[m?[37m[INFO] 18:18:13,054 [Test worker] inMemoryConfigSelectionLogger. - Found in memory token selection configuration with values indexing strategy: [], cacheSize: 1024
?[m?[37m[INFO] 18:18:13,054 [Test worker] services.VaultWatcherService. - Starting async token loading from vault
?[m?[37m[INFO] 18:18:13,055 [Test worker] internal.InternalMockNetwork$MockNode. - Installed com.r3.corda.lib.tokens.selection.memory.services.VaultWatcherService Corda service
?[m?[37m[INFO] 18:18:13,057 [pool-12-thread-1] services.VaultWatcherService. - publishing 0 to async state loading callback
?[m?[37m[INFO] 18:18:13,057 [pool-12-thread-1] services.VaultWatcherService. - received token vault update with 0 consumed states and: 0 produced states
?[m?[37m[INFO] 18:18:13,057 [pool-12-thread-1] services.VaultWatcherService. - finished token loading
?[m?[37m[INFO] 18:18:13,067 [Test worker] statemachine.SingleThreadedStateMachineManager. - Node ready, info: NodeInfo(addresses=[mock.node:1000], legalIdentitiesAndCerts=[O=Mock Company 2, L=London, C=GB], platformVersion=11, serial=1671484692997)
?[m?[37m[INFO] 18:18:13,069 [Test worker] network.PersistentNetworkMapCache. - Adding node with info: NodeInfo(addresses=[mock.node:1000], legalIdentitiesAndCerts=[O=Notary, L=London, C=GB], platformVersion=11, serial=1671484691626), owningKey=DL5EerrdNexawBUtwgmNijXcAGCq4d6pLSncotVR1SVjrD
?[m?[37m[INFO] 18:18:13,069 [Test worker] network.PersistentNetworkMapCache. - No previous node found for O=Notary, L=London, C=GB
?[m?[37m[INFO] 18:18:13,075 [Test worker] network.PersistentNetworkMapCache. - Adding node with info: NodeInfo(addresses=[mock.node:1000], legalIdentitiesAndCerts=[O=Mock Company 2, L=London, C=GB], platformVersion=11, serial=1671484692997), owningKey=DLH1gpgeYqNJUwhaX45xa8rBxut9SNcVpp4ZnSoSKnv7kL
?[m?[37m[INFO] 18:18:13,075 [Test worker] network.PersistentNetworkMapCache. - No previous node found for O=Mock Company 2, L=London, C=GB
?[m?[37m[INFO] 18:18:13,080 [Test worker] network.PersistentNetworkMapCache. - Adding node with info: NodeInfo(addresses=[mock.node:1000], legalIdentitiesAndCerts=[O=Mock Company 1, L=London, C=GB], platformVersion=11, serial=1671484692317), owningKey=DL8VPzqjks3tXBMqvAXhDQJmjLTChGuoXDoHXC91ALdiqW
?[m?[37m[INFO] 18:18:13,080 [Test worker] network.PersistentNetworkMapCache. - No previous node found for O=Mock Company 1, L=London, C=GB
?[m?[37m[INFO] 18:18:13,087 [Test worker] network.PersistentNetworkMapCache. - Adding node with info: NodeInfo(addresses=[mock.node:1000], legalIdentitiesAndCerts=[O=Mock Company 2, L=London, C=GB], platformVersion=11, serial=1671484692997), owningKey=DLH1gpgeYqNJUwhaX45xa8rBxut9SNcVpp4ZnSoSKnv7kL
?[m?[37m[INFO] 18:18:13,087 [Test worker] network.PersistentNetworkMapCache. - No previous node found for O=Mock Company 2, L=London, C=GB
?[m?[37m[INFO] 18:18:13,093 [Test worker] network.PersistentNetworkMapCache. - Adding node with info: NodeInfo(addresses=[mock.node:1000], legalIdentitiesAndCerts=[O=Mock Company 2, L=London, C=GB], platformVersion=11, serial=1671484692997), owningKey=DLH1gpgeYqNJUwhaX45xa8rBxut9SNcVpp4ZnSoSKnv7kL
?[m?[37m[INFO] 18:18:13,093 [Test worker] network.PersistentNetworkMapCache. - Previous node was identical to incoming one - doing nothing
?[m?[37m[INFO] 18:18:13,093 [Test worker] network.PersistentNetworkMapCache. - Adding node with info: NodeInfo(addresses=[mock.node:1000], legalIdentitiesAndCerts=[O=Mock Company 2, L=London, C=GB], platformVersion=11, serial=1671484692997), owningKey=DLH1gpgeYqNJUwhaX45xa8rBxut9SNcVpp4ZnSoSKnv7kL
?[m?[37m[INFO] 18:18:13,093 [Test worker] network.PersistentNetworkMapCache. - Previous node was identical to incoming one - doing nothing
?[m?[37m[INFO] 18:18:13,168 [Mock network] corda.flow. - No need to notarise this transaction. {actor_id=Only For Testing, actor_owning_identity=O=Mock Company 1, L=London, C=GB, actor_store_id=TEST, fiber-id=10000002, flow-id=4ff155b7-d383-4c83-a853-28b313eb95af, invocation_id=68d8158e-8b55-4a0b-9aa6-dbe6707bffe5, invocation_timestamp=2022-12-19T21:18:13.094Z, origin=Only For Testing, session_id=68d8158e-8b55-4a0b-9aa6-dbe6707bffe5, session_timestamp=2022-12-19T21:18:13.094Z, thread-id=669, tx_id=013DD566247C428B09BC1D78ADDF0D6F796F3618C29F6E8C4B015A33F59785C4}
?[m?[37m[INFO] 18:18:13,168 [Mock network] corda.flow. - Recording transaction locally. {actor_id=Only For Testing, actor_owning_identity=O=Mock Company 1, L=London, C=GB, actor_store_id=TEST, fiber-id=10000002, flow-id=4ff155b7-d383-4c83-a853-28b313eb95af, invocation_id=68d8158e-8b55-4a0b-9aa6-dbe6707bffe5, invocation_timestamp=2022-12-19T21:18:13.094Z, origin=Only For Testing, session_id=68d8158e-8b55-4a0b-9aa6-dbe6707bffe5, session_timestamp=2022-12-19T21:18:13.094Z, thread-id=669, tx_id=013DD566247C428B09BC1D78ADDF0D6F796F3618C29F6E8C4B015A33F59785C4}
?[m?[37m[INFO] 18:18:13,185 [Mock network] corda.flow. - Recorded transaction locally successfully. {actor_id=Only For Testing, actor_owning_identity=O=Mock Company 1, L=London, C=GB, actor_store_id=TEST, fiber-id=10000002, flow-id=4ff155b7-d383-4c83-a853-28b313eb95af, invocation_id=68d8158e-8b55-4a0b-9aa6-dbe6707bffe5, invocation_timestamp=2022-12-19T21:18:13.094Z, origin=Only For Testing, session_id=68d8158e-8b55-4a0b-9aa6-dbe6707bffe5, session_timestamp=2022-12-19T21:18:13.094Z, thread-id=669, tx_id=013DD566247C428B09BC1D78ADDF0D6F796F3618C29F6E8C4B015A33F59785C4}
?[m?[37m[INFO] 18:18:13,185 [Mock network] corda.flow. - All parties received the transaction successfully. {actor_id=Only For Testing, actor_owning_identity=O=Mock Company 1, L=London, C=GB, actor_store_id=TEST, fiber-id=10000002, flow-id=4ff155b7-d383-4c83-a853-28b313eb95af, invocation_id=68d8158e-8b55-4a0b-9aa6-dbe6707bffe5, invocation_timestamp=2022-12-19T21:18:13.094Z, origin=Only For Testing, session_id=68d8158e-8b55-4a0b-9aa6-dbe6707bffe5, session_timestamp=2022-12-19T21:18:13.094Z, thread-id=669, tx_id=013DD566247C428B09BC1D78ADDF0D6F796F3618C29F6E8C4B015A33F59785C4}
?[m?[37m[INFO] 18:18:13,456 [Mock network] corda.flow. - Sending transaction to notary: O=Notary, L=London, C=GB. {actor_id=Only For Testing, actor_owning_identity=O=Mock Company 1, L=London, C=GB, actor_store_id=TEST, fiber-id=10000003, flow-id=6b31c315-179c-4c8f-9857-b24837f3f308, invocation_id=c2a143e5-e24d-489d-9116-8e877999cfd8, invocation_timestamp=2022-12-19T21:18:13.194Z, origin=Only For Testing, session_id=c2a143e5-e24d-489d-9116-8e877999cfd8, session_timestamp=2022-12-19T21:18:13.194Z, thread-id=669, tx_id=301D15932868D362FA2C910A4006A748F5561399C9876941289C155E744C02C3}
?[m?[37m[INFO] 18:18:13,534 [Mock network] corda.flow. - Received a notarisation request for Tx [301D15932868D362FA2C910A4006A748F5561399C9876941289C155E744C02C3] from [O=Mock Company 1, L=London, C=GB] {fiber-id=10000004, flow-id=64dcc955-edb4-487e-9891-819691f59a78, invocation_id=c428c3b5-16d4-4549-9180-40fee6bcaa77, invocation_timestamp=2022-12-19T21:18:13.507Z, origin=O=Mock Company 1, L=London, C=GB, session_id=c428c3b5-16d4-4549-9180-40fee6bcaa77, session_timestamp=2022-12-19T21:18:13.507Z, thread-id=669}
?[m?[37m[INFO] 18:18:14,106 [Notary request queue processor] jpa.JPAUniquenessProvider. - Processing notarization requests with 0 input states and 1 references
?[m?[37m[INFO] 18:18:14,134 [Mock network] corda.flow. - Transaction [301D15932868D362FA2C910A4006A748F5561399C9876941289C155E744C02C3] successfully notarised, sending signature back to [O=Mock Company 1, L=London, C=GB] {fiber-id=10000004, flow-id=64dcc955-edb4-487e-9891-819691f59a78, invocation_id=c428c3b5-16d4-4549-9180-40fee6bcaa77, invocation_timestamp=2022-12-19T21:18:13.507Z, origin=O=Mock Company 1, L=London, C=GB, session_id=c428c3b5-16d4-4549-9180-40fee6bcaa77, session_timestamp=2022-12-19T21:18:13.507Z, thread-id=669}
?[m?[37m[INFO] 18:18:14,203 [Mock network] corda.flow. - Notary responded (O=Notary, L=London, C=GB). {actor_id=Only For Testing, actor_owning_identity=O=Mock Company 1, L=London, C=GB, actor_store_id=TEST, fiber-id=10000003, flow-id=6b31c315-179c-4c8f-9857-b24837f3f308, invocation_id=c2a143e5-e24d-489d-9116-8e877999cfd8, invocation_timestamp=2022-12-19T21:18:13.194Z, origin=Only For Testing, session_id=c2a143e5-e24d-489d-9116-8e877999cfd8, session_timestamp=2022-12-19T21:18:13.194Z, thread-id=669, tx_id=301D15932868D362FA2C910A4006A748F5561399C9876941289C155E744C02C3}
?[m?[37m[INFO] 18:18:14,204 [Mock network] corda.flow. - Recording transaction locally. {actor_id=Only For Testing, actor_owning_identity=O=Mock Company 1, L=London, C=GB, actor_store_id=TEST, fiber-id=10000003, flow-id=6b31c315-179c-4c8f-9857-b24837f3f308, invocation_id=c2a143e5-e24d-489d-9116-8e877999cfd8, invocation_timestamp=2022-12-19T21:18:13.194Z, origin=Only For Testing, session_id=c2a143e5-e24d-489d-9116-8e877999cfd8, session_timestamp=2022-12-19T21:18:13.194Z, thread-id=669, tx_id=301D15932868D362FA2C910A4006A748F5561399C9876941289C155E744C02C3}
?[m?[37m[INFO] 18:18:14,209 [Mock network] corda.flow. - Recorded transaction locally successfully. {actor_id=Only For Testing, actor_owning_identity=O=Mock Company 1, L=London, C=GB, actor_store_id=TEST, fiber-id=10000003, flow-id=6b31c315-179c-4c8f-9857-b24837f3f308, invocation_id=c2a143e5-e24d-489d-9116-8e877999cfd8, invocation_timestamp=2022-12-19T21:18:13.194Z, origin=Only For Testing, session_id=c2a143e5-e24d-489d-9116-8e877999cfd8, session_timestamp=2022-12-19T21:18:13.194Z, thread-id=669, tx_id=301D15932868D362FA2C910A4006A748F5561399C9876941289C155E744C02C3}
?[m?[37m[INFO] 18:18:14,232 [Mock network] corda.flow. - Received transaction acknowledgement request from party O=Mock Company 1, L=London, C=GB. {fiber-id=10000005, flow-id=2c0c1730-8214-412c-92ce-eaf26fd5fcff, invocation_id=1d1939ba-8120-473f-9abc-f87d990da399, invocation_timestamp=2022-12-19T21:18:13.591Z, origin=O=Mock Company 1, L=London, C=GB, session_id=1d1939ba-8120-473f-9abc-f87d990da399, session_timestamp=2022-12-19T21:18:13.591Z, thread-id=669, tx_id=301D15932868D362FA2C910A4006A748F5561399C9876941289C155E744C02C3}
?[m?[37m[INFO] 18:18:14,292 [Mock network] corda.flow. - Transaction dependencies resolution completed. {fiber-id=10000005, flow-id=2c0c1730-8214-412c-92ce-eaf26fd5fcff, invocation_id=1d1939ba-8120-473f-9abc-f87d990da399, invocation_timestamp=2022-12-19T21:18:13.591Z, origin=O=Mock Company 1, L=London, C=GB, session_id=1d1939ba-8120-473f-9abc-f87d990da399, session_timestamp=2022-12-19T21:18:13.591Z, thread-id=669, tx_id=301D15932868D362FA2C910A4006A748F5561399C9876941289C155E744C02C3}
?[m?[37m[INFO] 18:18:14,351 [Mock network] corda.flow. - Successfully received fully signed tx. Sending it to the vault for processing. {fiber-id=10000005, flow-id=2c0c1730-8214-412c-92ce-eaf26fd5fcff, invocation_id=1d1939ba-8120-473f-9abc-f87d990da399, invocation_timestamp=2022-12-19T21:18:13.591Z, origin=O=Mock Company 1, L=London, C=GB, session_id=1d1939ba-8120-473f-9abc-f87d990da399, session_timestamp=2022-12-19T21:18:13.591Z, thread-id=669, tx_id=301D15932868D362FA2C910A4006A748F5561399C9876941289C155E744C02C3}
?[m?[37m[INFO] 18:18:14,371 [Mock network] corda.flow. - Successfully recorded received transaction locally. {fiber-id=10000005, flow-id=2c0c1730-8214-412c-92ce-eaf26fd5fcff, invocation_id=1d1939ba-8120-473f-9abc-f87d990da399, invocation_timestamp=2022-12-19T21:18:13.591Z, origin=O=Mock Company 1, L=London, C=GB, session_id=1d1939ba-8120-473f-9abc-f87d990da399, session_timestamp=2022-12-19T21:18:13.591Z, thread-id=669, tx_id=301D15932868D362FA2C910A4006A748F5561399C9876941289C155E744C02C3}
?[m?[37m[INFO] 18:18:14,375 [Mock network] services.VaultWatcherService. - received token vault update with 0 consumed states and: 1 produced states {actor_id=Only For Testing, actor_owning_identity=O=Mock Company 1, L=London, C=GB, actor_store_id=TEST, fiber-id=10000005, flow-id=2c0c1730-8214-412c-92ce-eaf26fd5fcff, invocation_id=1d1939ba-8120-473f-9abc-f87d990da399, invocation_timestamp=2022-12-19T21:18:13.591Z, origin=O=Mock Company 1, L=London, C=GB, session_id=1d1939ba-8120-473f-9abc-f87d990da399, session_timestamp=2022-12-19T21:18:13.591Z, thread-id=669}
?[m?[37m[INFO] 18:18:14,386 [Mock network] corda.flow. - Party O=Mock Company 2, L=London, C=GB received the transaction. {actor_id=Only For Testing, actor_owning_identity=O=Mock Company 1, L=London, C=GB, actor_store_id=TEST, fiber-id=10000003, flow-id=6b31c315-179c-4c8f-9857-b24837f3f308, invocation_id=c2a143e5-e24d-489d-9116-8e877999cfd8, invocation_timestamp=2022-12-19T21:18:13.194Z, origin=Only For Testing, session_id=c2a143e5-e24d-489d-9116-8e877999cfd8, session_timestamp=2022-12-19T21:18:13.194Z, thread-id=669, tx_id=301D15932868D362FA2C910A4006A748F5561399C9876941289C155E744C02C3}
?[m?[37m[INFO] 18:18:14,386 [Mock network] corda.flow. - All parties received the transaction successfully. {actor_id=Only For Testing, actor_owning_identity=O=Mock Company 1, L=London, C=GB, actor_store_id=TEST, fiber-id=10000003, flow-id=6b31c315-179c-4c8f-9857-b24837f3f308, invocation_id=c2a143e5-e24d-489d-9116-8e877999cfd8, invocation_timestamp=2022-12-19T21:18:13.194Z, origin=Only For Testing, session_id=c2a143e5-e24d-489d-9116-8e877999cfd8, session_timestamp=2022-12-19T21:18:13.194Z, thread-id=669, tx_id=301D15932868D362FA2C910A4006A748F5561399C9876941289C155E744C02C3}
?[m?[37m[INFO] 18:18:14,413 [Test worker] persistence.CordaPersistence. - Closing HikariDataSource (HikariPool-4)
?[m?[37m[INFO] 18:18:14,413 [Test worker] hikari.HikariDataSource. - HikariPool-4 - Shutdown initiated...
?[m?[37m[INFO] 18:18:14,435 [Test worker] hikari.HikariDataSource. - HikariPool-4 - Shutdown completed.
?[m?[37m[INFO] 18:18:14,435 [Test worker] internal.MockNodeMessagingService. - Status change to false
?[m?[37m[INFO] 18:18:14,435 [Test worker] internal.InternalMockNetwork$MockNode. - MessagingService active change to: false
?[m?[37m[INFO] 18:18:14,437 [Test worker] persistence.CordaPersistence. - Closing HikariDataSource (HikariPool-5)
?[m?[37m[INFO] 18:18:14,437 [Test worker] hikari.HikariDataSource. - HikariPool-5 - Shutdown initiated...
?[m?[37m[INFO] 18:18:14,462 [Test worker] hikari.HikariDataSource. - HikariPool-5 - Shutdown completed.
?[m?[37m[INFO] 18:18:14,463 [Test worker] internal.MockNodeMessagingService. - Status change to false
?[m?[37m[INFO] 18:18:14,463 [Test worker] internal.InternalMockNetwork$MockNode. - MessagingService active change to: false
?[m?[37m[INFO] 18:18:14,464 [Test worker] persistence.CordaPersistence. - Closing HikariDataSource (HikariPool-6)
?[m?[37m[INFO] 18:18:14,464 [Test worker] hikari.HikariDataSource. - HikariPool-6 - Shutdown initiated...
?[m?[37m[INFO] 18:18:14,486 [Test worker] hikari.HikariDataSource. - HikariPool-6 - Shutdown completed.
?[m]]></system-out>
  <system-err><![CDATA[QUASAR WARNING: Assertions enabled. This may harm performance.
QUASAR WARNING: Fibers are set to verify instrumentation. This may *severely* harm performance.
[quasar] WARNING: Method not found in class - assuming suspendable: com/r3/corda/lib/tokens/testing/states/House#getValuation()Lnet/corda/core/contracts/Amount; (at TestFlows.kt:com/r3/corda/lib/tokens/workflows/internal/testflows/DvPFlow#call)
]]></system-err>
</testsuite>
